
% ------------ Model parameters -----------------------------------------
 Date            =  09-Feb-2023;
 Date_Time       = [  2023     2     9     4    12    52]
 Computer_type   =  GLNXA64;
 hostname        =  compute-0-46.local;
 Matlab version  =  9.2.0.538062 (R2017a);
 Input_file      =  ./model.input.wc_spinless;
 Output_dir      =  ./;
 Output_scratch  =  /state/partition1/Ne_3_Norb_35_eta_20.0000_alpha_-6.0000_parity_1_m_1024/;
 Molecule        =  WC_spinless;
 Chainlength     =     35;
 Filling         =  0.043;

 Total_momentum  =    NaN;
 E_FCI           =  [         0.000000000000  ];

 E_HF            =          0.000000000000;
 Eigval          =  [         1.000000000000  ];

 Ordering = [   1   2   3   4   5   6   7   8   9  10  11  12  13  14  15  16  17  18  19  20  21  22  23  24  25  26  27  28  29  30  31  32  33  34  35 ];

 CAS_orb   = [  35  34  33  32  31  30  29  28  27  26  25  24  23  22  21  20  19  18  17  16  15  14  13  12  11  10   9   8   7   6   5   4   3   2   1 ];

 State_tot = [   3   1];

 Eigval = [  1];

 M_max      = 1024;   
 M_min      = 1024;   
 Ml_start   = 512;   
 Mr_start   = 512;   
 TRE_max    =   1.000e-10;
 k_i_orig = [   2   2   2   2   2   2   2   2   2   2   2   2   2   2   2   2   2   2   2   2   2   2   2   2   2   2   2   2   2   2   2   2   2   2   2 ];

 k_i = [   2   2   2   2   2   2   2   2   2   2   2   2   2   2   2   2   2   2   2   2   2   2   2   2   2   2   2   2   2   2   2   2   2   2   2 ];

 e_k = [   0   0   0   0   0   0   0   0   0   0   0   0   0   0   0   0   0   0   0   0   0   0   0   0   0   0   0   0   0   0   0   0   0   0   0 ];


 s = 1;
 m = 60;
 h = 60*60;
 d = 60*60*24;
% ------------ DMRG parameters  -----------------------------------------

% StorageMode =     1
% Memoryopt =     0
% NumCores =     1
% Cont_data = 
% Datazip =     0
% Psi2disk =     1
% Optim_Mlist = 
% Optim_SWlist = 
% Optim_maxitlist = 
% Optim_PostDmrgFuns = 
% DMRGMODE = DMRG
% ModelTest =     0
% WorkSpaceInfo =     1
% M_max =  1024
% M_min =  1024
% ML_start =   512
% MR_start =   512
% DM_cut = 1.000000e-10
% DM_cutst = 1.000000e-10
% Trunc_proc =     3
% Turn_cond =     0
% Iter_ =     1
% Step_ =     1
% MAX_ITER = 
% MAX_SWEEP =     6
% SweepEThr =   NaN
% Eigval =     1
% p_n =     1
% Spectrum = SA
% Case_ = one
% sym_ud =     0
% Psi_parity =     0
% Enforce_Psi_ud_parity =     0
% Enforce_Psi_eh_parity =     0
% Enforce_Psi_lr_parity =     0
% StorageMemory =     0
% IOSparseOps =     0
% IOCompression =     0
% TMP = /state/partition1/Ne_3_Norb_35_eta_20.0000_alpha_-6.0000_parity_1_m_1024/
% DeleteTemp =     0
% Disk_info =     0
% HOME = /home/legeza/
% RES = ./
% NumWorkers =     1
% maxNumCompThreads =    52
% ParCluster = local
% mpiBroadcastedConstants =     0
% mpiPreprocess =     0
% mpiDataStructure =     2
% mpiIOScratch =     0
% mpiTMP = 
% mpiDiagOnlyOpsPrecalculate =     0
% mpiDEAS =     0
% Parallel =     0
% RenormVersion = blas
% mpiTocBytesInfo =     0
% mpiWorkerWorkSpaceInfo =     0
% mpiBroadcastedBytes =     0
% Debugmode =     1
% rev_enabled =     0
% rev_enabled_orig =     0
% AddDummySites2Chainends =     0
% SBlock_config = lqqr
% SBH_mult_config = LR
% SBH_mult_version = cpp
% symop =     0
% Diagfun = eigs
% Diagfig =     6
% Diagvecmax =   100
% itmax =    40
% StartVec_use =     2
% Diagfunst = dav03
% Diagfigst =     7
% Diagvecmaxst =   100
% itmaxst =     5
% StartVec_use_inf =     1
% Infalg =     0
% Hexpt =     1
% Hexpt_eig =     0
% Jexpt =     0
% Dexpt =     0
% Sexpt =     0
% Rexpt =     0
% Iexpt =     1
% Iexpt_opformat = opp
% Siexpt =     0
% Dimerord =     0
% fullH =     0
% fullHIter =     0
% EXACT =     0
% Rhoexpt_eig =     0
% QDCompr =     0
% Cuthill =     0
% DMeigvals =     0
% rho_0pt =     1
% rho_1pt =     1
% rho_2pt =     0
% flag_endtoend =     0
% spectral_function =     0
% pt_calculate_at = end
% pt_betweensameeigvals =     1
% pt_output = mat
% pt_parallel_cores =     1
% pt_parallel_pause =     5
% stringorder =     0
% MPS_form =     0
% MPS_cleartext =     0
% HF_test =     0
% V_symtest =     0
% sym_test =     0
% CI =     0
% DEAS_symop =     0
% DEAS_save_psi =     0
% deastest =     1
% Use_deas =     0
% ExcludeDEASfunctions =     0
% RASTurnCond =     0
% CASorb =     0
% TDVP_Iter =     0
% TDVP_Sweep =     0
% TDVP_SweepStart =   NaN
% TDVP_SweepEnd =   NaN
% TDVP_t =     01.000000e-01
% TDVP_Mode = imaginary
% TDVP_M_max =    32
% TDVP_M_min =    32
% TDVP_ML_start =    32
% TDVP_MR_start =    32
% TDVP_DebugMode =     0
% TDVP_FullForm =     0
% TDVP_CheckExactEvolution =     0
% TDVP_OdeRelTol = 1.000000e-08
% TDVP_OdeAbsTol = 1.000000e-10
% Debug_Vijkl =     0
% SU2DebugMode =     0
% mrcc =     0
% ModeTrafo_use =     0
% ModeTrafo =     0
% ModeTrafo_type =     0
% ModeTrafo_start =     3
% ModeTrafo_exluded = 
% ModeTrafo_Algorithm = Renyi
% ModeTrafoLocalRotationAccepted =     0
% ModeTrafoGlobalRotationAccepted =     0
% ModeTrafo_EnforceSameAngle =     1
% RDM =     0
% RDMDUMP =     0
% RDM_orig =     0
% RDM1 =     0
% RDM2 =     0
% RDM2_version =     2
% RDM2_ops =     0
% ModeTrafo_global_freq =     0
% ModeTrafo_global_sched = 
% ModeTrafo_global_ind =     0
% ModeTrafo_global_act_iters = 
% ModeTrafoGlobal =     0
% ModeTrafoGlobalNO =     0
% fciqmc_dump =     0
% V_case = triu
% terminate =     0
% middle =     0
% DM_cut_orig = 1.000000e-10
% DM_cut_isvector =     0
% Ml =     0
% Mr =     0
% op4_use = 
% f_0 =     0
% lqqr_not_deas =     0
% rev =     0
% aux_renorm =     0
% TDVP_Evec = 
% TDVP_Eval = 
% NNearest = 
% Spacemode =     3
% Machine = GLNXA64
% Inputfile = ./model.input.wc_spinless
% Input_function = model.input.wc_spinless
% ModelInput = 
% DmrgInput = 
% fid = 
% Input_function_orig = ./model.input.wc_spinless
% Iter__ =     1
% EOS =     0
% Input_fname = model.input.wc_spinless
% Sweep = 
% TRerror = 
% Iter =     1
% Hterms = 
% NFIG = 
% Resdir = 
% form_Hfull =     0
% Memorydefrag =     0
% I_mutual = 
% SymOp_jz =     0
% DM_cut_orig_exists = 
% Enforce_Psi_ud_parity_orig =     0
% Enforce_Psi_eh_parity_orig =     0
% dmrg_run =     1
% SU2Version =     0
% opa4_use =     0
% kblocking =     0
% Memory_use =     0
% IterStart =     1
% collect_RDMs =     0
% SweepEThr_conv =     0
% en_aux_vec = 
% time_START = 1675933967481411
% time_cpu_START = 1.248000e+01
% Complex =     0
% left =     1
% right =    32
% Step =     1
% Molecule_name = WC_spinless
% Outtext_ = WC_spinless
% Qnumbers_operator =  n par
% Qnumbers_type =  U(1) Z2
% n_u_tot =   NaN
% n_d_tot =   NaN
% N_tot =   NaN
% K_tot =   NaN
% jz_i =     0    0    0    0    0    0    0    0    0    0    0    0    0    0    0    0    0    0    0    0    0    0    0    0    0    0    0    0    0    0    0    0    0    0    0
% par_i =     1   -1    1   -1    1   -1    1   -1    1   -1    1   -1    1   -1    1   -1    1   -1    1   -1    1   -1    1   -1    1   -1    1   -1    1   -1    1   -1    1   -1    1
% level_shift =     0
% HF_ocu = 
% E_FCI =     0
% E_HF =     0
% Modelfile = model_chemistry_spinless
% FCIDUMP = ./FCIDUMP.dat
% FCIDUMPComplex =     0
% FCIDUMPFormat = Txt
% FCIDUMPWorkDir = ./
% FCIDUMPThreshold = 1.000000e-15
% core_excl = 
% virtual_excl = 
% active = 
% C4_to_C2 =     0
% V_sym =     0
% Spin = 5.000000e-01
% Hubbard =     0
% Spacemode =     3
% Operators_type =     1
% pt0_operators = {n,opp1,opp4};
% pt1_operators = {c,cp;cp,c;n,n;opp1,opp1;opp1,opp4;opp2,opp3;opp3,opp2;opp4,opp1;opp4,opp4};
% pt2_operators = {opp1,opp1,opp1;opp1,opp1,opp4;opp1,opp2,opp3;opp2,opp1,opp3;opp1,opp3,opp2;opp1,opp4,opp1;opp2,opp3,opp1;opp1,opp4,opp4;opp2,opp3,opp4;opp2,opp4,opp3;opp3,opp1,opp2;opp3,opp2,opp1;opp4,opp1,opp1;opp3,opp2,opp4;opp4,opp1,opp4;opp4,opp2,opp3;opp3,opp4,opp2;opp4,opp3,opp2;opp4,opp4,opp1;opp4,opp4,opp4};
% pt1_add_transponate =     0
% pt2_add_transponate =     0
% current_operators = 
% current_add_transponate =     0
% SU2DataBase = 
% V_setup_function =     3
% Infalg =     0
% L4 =     1
% R4 =     1
% L1R3 =     1
% L3R1 =     1
% L2R2 =     1
% TLR =     1
% TL =     1
% TR =     1
% T_nuc =     0
% Bethe =     0
% U = 
% t = 
% V_ = 
% NNearest = 
% fid =     3
% fullH =     0
% Complex =     0
% SiteOperators =  F1p1 F1m1 F1p1 F1m1 F1p1 F1m1 F1p1 F1m1 F1p1 F1m1 F1p1 F1m1 F1p1 F1m1 F1p1 F1m1 F1p1 F1m1 F1p1 F1m1 F1p1 F1m1 F1p1 F1m1 F1p1 F1m1 F1p1 F1m1 F1p1 F1m1 F1p1 F1m1 F1p1 F1m1 F1p1
% R_in = 
% deas_ops =  n
% spin_dep = 
% State_tot =     3    1
% NuclearShellVersion =     0
% NuclearShellOrder =     0
% mass_rescale =     1
% WignerCrystalCorrection =     0
% Hamilton11 =  opa1cp c
% Hamilton11_rev =  cp opa1c
% Hamilton31 =  opa31 c
% Hamilton13 =  cp opa33
% Hamilton22 =  opa2cpcp opa2cpc op2cc op2cpc
% Hamilton22_rev =  op2cpcp op2cpc opa2cc opa2cpc
% Hamilton_all =  opa4 id opa1cp opa31 cp opa2cpcp opa2cpc
% Hamilton_all_rev =  opa4 id cp opa31 cp op2cpcp op2cpc
% Hamilton_all_opreorder_L = 
% Hamilton_all_opreorder_R = 
% Hamilton_all_constructiondataR =  Size_act Size_act
% Hamilton_all_constructiondataL =  Size_act Size_act
% Hamilton_all_rev_constructiondataL =  Size_act Size_act
% Hamilton_all_rev_constructiondataR =  Size_act Size_act
% Hamilton_core_all = 
% Hamilton_core_all_constructiondataL = 
% Hamilton_opa4_1000 =  opa4 cp cp c c  
% Hamilton_op1_1100 = 
% Hamilton_opa1_1100 = 
% Hamilton_op2_1100 = 
% Hamilton_opa2_1100 =  opa2cpcp
% Hamilton_opa3_1100 = 
% Hamilton_opa4_1100 =  opa4V1 opa4V4 opa4V_id_op2cpc
% Hamilton_opa4_0001 =  opa4 cp cp c c  
% Hamilton_op1_0011 = 
% Hamilton_opa1_0011 = 
% Hamilton_op2_0011 = 
% Hamilton_opa2_0011 = 
% Hamilton_opa3_0011 = 
% Hamilton_opa4_0011 =  opa4Vop31 opa4Vop2cpcp opa4Vop2cpc opa4Vopa4 opa4V_cp_c
% Hamilton_all_logical = 
% Hamilton_all_rev_logical = 
% ModeTrafoUse = 
% fact_ =     1
% n_tot =     3
% par_tot =     1
% Operators = 
% Hamilton_all_opreorder = 
% Hamilton_opa1cp_1000 =  opa1cp cp
% Hamilton_opa1cp_new_1000 =  op1V_cp cp
% Table_opa1cp_1000 =  op1V_cp 
% Hamilton_opa2_1000 =  opa2cpcp opa2cpc opa2cpc
% Hamilton_opa2cpcp_1000 =  op2V_op2cpcp op2cpcp
% Hamilton_opa2cpc_1000 =  op2V_op2cpc op2V_op2cpc_tp op2cpc
% Table_opa2_1000 = 
% Hamilton_opa31_1000 =  opa31 cp cp c
% Hamilton_opa1c_0001 =  opa1c c
% Hamilton_opa1c_new_0001 =  op1V_c c
% Table_opa1c_0001 =  op1V_c 
% Hamilton_op2_0001 =  op2cc op2cpc c cp c
% Hamilton_opa2_0001 =  opa2cc opa2cpc opa2cpc
% Hamilton_opa2cc_0001 =  op2V_op2cc op2cc
% Hamilton_opa2cpc_0001 =  op2V_op2cpc op2V_op2cpc_tp op2cpc
% Table_opa2_0001 = 
% Hamilton_opa33_0001 =  opa33 cp c c
% opa33_0001_core = 
% Table_core_iclcjaka = 
% Table_opa4_core_v = 
% DeasCoreStateIndex =     2
% Hamilton_cp_1100 =  cp ph id cp
% Hamilton_c_1100 =  c ph id c
% Hamilton_opa1cp_1100 =  opa1cpV2 opa1cp ph id cp
% Table_opa1cp_1100 = 
% Hamilton_op2cpcp_1100 =  op2cpcp cp id cp
% Hamilton_op2cpc_1100 =  op2cpc cp id id
% Table_opa2_1100 = 
% Table_opa2core_1100 = 
% Hamilton_opa2cpcp_1100 =  op2V12 op2V12 opa2cpcp cp id id
% Hamilton_opa2cpc_1100 =  op2V53 op2V53 op2V53ji opa2cpc cp id
% Hamilton_opa2core =  opa2cpc_core opa2cpc_core opa2cpc_core
% Hamilton_opa2core_rev =  opa2cpc_core opa2cpc_core opa2cpc_core
% Hamilton_opa2core_lqqr =  op2V_cp_c_core op2V_cp_cp_tp_core op2V_id_op2cpc_core opa2cpc_core cp cp
% Hamilton_opa2core_rev_lqqr =  op2V_op2cpc_id_core op2V_op2cpc_id_tp_core op2V_cp_c_core op2V_cp_cp_tp_core op2V_id_op2cpc_core op2cpc op2cpc
% Hamilton_opa31_1100 =  op3V4 op3V3161 opa31 opa2cpc
% Hamilton_opa31_rev_1100 =  op3V_op2cpcp_c op3V_op2cpc_cp op3V_op2cpc_cp_tp op3V4 op3V3161 opa31
% Table_opa31_1100 = 
% Hamilton_opa4_rev_1100 =  opa4V1 opa4V_op2cpc_op2cpc opa4V_op2cpc_op2cpc_tp opa4V4 opa4V_cp_c
% Table_opa4_1100 = 
% Hamilton_cp_0011 =  id cp cp id ph
% Hamilton_c_0011 =  id c c id ph
% Hamilton_opa1c_0011 =  op1V_c_id id c opa1c id ph
% Table_opa1c_0011 =  op1V_c_id 
% Table_opa1cp_0011 = 
% Hamilton_op2cc_0011 =  op2cc c id id
% Hamilton_op2cpc_0011 =  op2cpc cp id id
% Table_opa2_0011 = 
% Hamilton_opa2cc_0011 =  op2V_c_c id c opa2cc c
% Hamilton_opa2cpc_0011 =  op2V_cp_c op2V_c_c_tp op2V_op2cpc_id id cp c
% Table_opa2core_0011 = 
% Hamilton_opa33_0011 =  op3V6162 op3V41 op3V21 op3V5152 op3V51b52b op3V5152core
% Hamilton_opa33_rev_0011 =  op3V6162 op3V41 op3V5152core id
% Table_opa33_0011 = 
% Table_opa33_core_0011 = 
% Hamilton_opa4_rev_0011 =  opa4Vop31 opa4Vopa4 opa4V_op2cpc_id
% Table_opa4_0011 = 
% Table_opa4_core_0011 = 
% L1R1 =     1
% Hamilton_id_1100 =  id id
% Hamilton_id_0011 =  id id
% Hamilton_ph_1100 =  ph ph
% Hamilton_ph_0011 =  ph ph
% Qnum_file = 
% V_case = triu
% ------------ Legend          -----------------------------------------
% Iter  ==  One renormaliztaion step in DMRG 
% Energy==  Dmrg energy
% E_rel ==  (E_FCI - E_DMRG)/E_FCI
% l*    ==  Length of left block + site
% *r    ==  Length of site + right block  
% E_tr  ==  Truncation error
% Time  ==  Total time
% Dim_n ==  Superblock Hilbert space dimension after State_tot restriction
% Dim_k ==  Superblock Hilbert space dimension after K_tot    restriction
% Dim_s ==  Superblock Hilbert space dimension after S_ud     symmetry
% NLC   ==  Number of Lanczos/Davidson calls   
% Diagt ==  Digonalization time
% 1-Stv0 ==  Fidelity error of the starting vector
% --------------------------------------------------------
%Iter         Energy        E_rel    l*  *r   Ml   Mr    E_tr     Time    Dim_n  Dim_k  Dim_s  NLC  Diagt  1-StvO  Ecorr  Parity
 A_in = [... 
    1      9.41798278037459       Inf    2   33     2   512  0.00e+00   13.9*s        365        365        365   90     0.9*s  1.0e+00   0.000  0.00  0.00
    2      9.41798269790420       Inf    3   32     4   512  1.11e-16   21.0*s        442        442        442    5     0.1*s  1.4e-14   0.000  0.00  0.00
    3      9.41735017587820       Inf    4   31     8   512  3.33e-16   26.0*s        521        521        521   51     0.3*s  2.8e-07   0.000  0.00  0.00
    4      9.41734990646472       Inf    5   30    16   512 -8.88e-16   30.0*s        617        617        617    7     0.1*s  7.8e-14   0.000  0.00  0.00
