%Lattice      Model       Dmrg       SBlock     SBlockLR    STORAGE
A_in = [...
    1         7.79        12.53         0.04        93.93         0.09         0.00%Lattice      Model       Dmrg       SBlock     SBlockLR    STORAGE
A_in = [...
    1         7.79        13.45         0.04        94.00       374.71         0.00%Lattice      Model       Dmrg       SBlock     SBlockLR    STORAGE
A_in = [...
    1         7.79        13.45         0.04        94.00       374.71         0.00%Lattice      Model       Dmrg       SBlock     SBlockLR    STORAGE
A_in = [...
    1         7.79        13.45         0.04         0.80         0.20         0.00%Lattice      Model       Dmrg       SBlock     SBlockLR    STORAGE
A_in = [...
    1         7.79        13.45         0.04         0.82         0.20         0.00
    2         7.79        13.45         0.04        94.36         0.09         0.00
    2         7.79        13.70         0.04        94.41       470.19         0.00
    2         7.79        13.70         0.04        94.41       470.19         0.00
    2         7.79        13.70         0.04         0.87         0.20         0.00
    2         7.79        13.70         0.04         0.98         0.20         0.00
    3         7.79        13.70         0.04        94.76         0.09         0.00
    3         7.79        14.00         0.04        94.84       378.96         0.00
    3         7.79        14.00         0.04        94.84       378.96         0.00
    3         7.79        14.00         0.04         1.12         0.21         0.00
    3         7.79        14.00         0.04         1.44         0.21         0.00
    4         7.79        14.00         0.04        95.47         0.09         0.00
    4         7.79        14.35         0.04        95.66       474.76         0.00
    4         7.79        14.35         0.04        95.66       474.76         0.00