
% ------------ Model parameters -----------------------------------------
 Date            =  23-Aug-2022;
 Date_Time       = [  2022     8    23     6     8    11]
 Computer_type   =  GLNXA64;
 hostname        =  compute-0-5.local;
 Matlab version  =  9.2.0.538062 (R2017a);
 Input_file      =  ./model.input.wc_spinless;
 Output_dir      =  ./;
 Output_scratch  =  /state/partition1/Ne_3_Norb_35_eta_20.0000_alpha_-6.0000_parity_1_m_1024/;
 Molecule        =  WC_spinless;
 Chainlength     =     35;
 Filling         =  0.043;

 Total_momentum  =    NaN;
 E_FCI           =  [         0.000000000000  ];

 E_HF            =          0.000000000000;
 Eigval          =  [         1.000000000000  ];

 Ordering = [   1   2   3   4   5   6   7   8   9  10  11  12  13  14  15  16  17  18  19  20  21  22  23  24  25  26  27  28  29  30  31  32  33  34  35 ];

 CAS_orb   = [  35  34  33  32  31  30  29  28  27  26  25  24  23  22  21  20  19  18  17  16  15  14  13  12  11  10   9   8   7   6   5   4   3   2   1 ];

 State_tot = [   3   1];

 Eigval = [  1];

 M_max      = 1024;   
 M_min      = 1024;   
 Ml_start   = 512;   
 Mr_start   = 512;   
 TRE_max    =   1.000e-10;
 k_i_orig = [   2   2   2   2   2   2   2   2   2   2   2   2   2   2   2   2   2   2   2   2   2   2   2   2   2   2   2   2   2   2   2   2   2   2   2 ];

 k_i = [   2   2   2   2   2   2   2   2   2   2   2   2   2   2   2   2   2   2   2   2   2   2   2   2   2   2   2   2   2   2   2   2   2   2   2 ];

 e_k = [   0   0   0   0   0   0   0   0   0   0   0   0   0   0   0   0   0   0   0   0   0   0   0   0   0   0   0   0   0   0   0   0   0   0   0 ];


 s = 1;
 m = 60;
 h = 60*60;
 d = 60*60*24;
% ------------ DMRG parameters  -----------------------------------------

% StorageMode =     1
% Memoryopt =     0
% NumCores =     1
% Cont_data = 
% Datazip =     0
% Psi2disk =     1
% Optim_Mlist = 
% Optim_SWlist = 
% Optim_maxitlist = 
% Optim_PostDmrgFuns = 
% DMRGMODE = DMRG
% ModelTest =     0
% WorkSpaceInfo =     1
% M_max =  1024
% M_min =  1024
% ML_start =   512
% MR_start =   512
% DM_cut = 1.000000e-10
% DM_cutst = 1.000000e-10
% Trunc_proc =     3
% Turn_cond =     0
% Iter_ =     1
% Step_ =     1
% MAX_ITER = 
% MAX_SWEEP =     6
% SweepEThr =   NaN
% Eigval =     1
% p_n =     1
% Spectrum = SA
% Case_ = one
% sym_ud =     0
% Psi_parity =     0
% Enforce_Psi_ud_parity =     0
% Enforce_Psi_eh_parity =     0
% Enforce_Psi_lr_parity =     0
% StorageMemory =     0
% IOSparseOps =     0
% IOCompression =     0
% TMP = /state/partition1/Ne_3_Norb_35_eta_20.0000_alpha_-6.0000_parity_1_m_1024/
% DeleteTemp =     0
% Disk_info =     0
% HOME = /home/legeza/
% RES = ./
% NumWorkers =     1
% maxNumCompThreads =    12
% ParCluster = local
% mpiBroadcastedConstants =     0
% mpiPreprocess =     0
% mpiDataStructure =     2
% mpiIOScratch =     0
% mpiTMP = 
% mpiDiagOnlyOpsPrecalculate =     0
% mpiDEAS =     0
% Parallel =     0
% RenormVersion = blas
% mpiTocBytesInfo =     0
% mpiWorkerWorkSpaceInfo =     0
% mpiBroadcastedBytes =     0
% Debugmode =     1
% rev_enabled =     0
% rev_enabled_orig =     0
% AddDummySites2Chainends =     0
% SBlock_config = lqqr
% SBH_mult_config = LR
% SBH_mult_version = cpp
% symop =     0
% Diagfun = eigs
% Diagfig =     6
% Diagvecmax =   100
% itmax =    40
% StartVec_use =     2
% Diagfunst = dav03
% Diagfigst =     7
% Diagvecmaxst =   100
% itmaxst =     5
% StartVec_use_inf =     1
% Infalg =     0
% Hexpt =     1
% Hexpt_eig =     0
% Jexpt =     0
% Dexpt =     0
% Sexpt =     0
% Rexpt =     0
% Iexpt =     1
% Iexpt_opformat = opp
% Siexpt =     0
% Dimerord =     0
% fullH =     0
% fullHIter =     0
% EXACT =     0
% Rhoexpt_eig =     0
% QDCompr =     0
% Cuthill =     0
% DMeigvals =     0
% rho_0pt =     1
% rho_1pt =     1
% rho_2pt =     0
% flag_endtoend =     0
% spectral_function =     0
% pt_calculate_at = end
% pt_betweensameeigvals =     1
% pt_output = mat
% pt_parallel_cores =     1
% pt_parallel_pause =     5
% stringorder =     0
% MPS_form =     0
% MPS_cleartext =     0
% HF_test =     0
% V_symtest =     0
% sym_test =     0
% CI =     0
% DEAS_symop =     0
% DEAS_save_psi =     0
% deastest =     1
% Use_deas =     0
% ExcludeDEASfunctions =     0
% RASTurnCond =     0
% CASorb =     0
% TDVP_Iter =     0
% TDVP_Sweep =     0
% TDVP_SweepStart =   NaN
% TDVP_SweepEnd =   NaN
% TDVP_t =     01.000000e-01
% TDVP_Mode = imaginary
% TDVP_M_max =    32
% TDVP_M_min =    32
% TDVP_ML_start =    32
% TDVP_MR_start =    32
% TDVP_DebugMode =     0
% TDVP_FullForm =     0
% TDVP_CheckExactEvolution =     0
% TDVP_OdeRelTol = 1.000000e-08
% TDVP_OdeAbsTol = 1.000000e-10
% Debug_Vijkl =     0
% SU2DebugMode =     0
% mrcc =     0
% ModeTrafo_use =     0
% ModeTrafo =     0
% ModeTrafo_type =     0
% ModeTrafo_start =     3
% ModeTrafo_exluded = 
% ModeTrafo_Algorithm = Renyi
% ModeTrafoLocalRotationAccepted =     0
% ModeTrafoGlobalRotationAccepted =     0
% ModeTrafo_EnforceSameAngle =     1
% RDM =     0
% RDMDUMP =     0
% RDM_orig =     0
% RDM1 =     0
% RDM2 =     0
% RDM2_version =     2
% RDM2_ops =     0
% ModeTrafo_global_freq =     0
% ModeTrafo_global_sched = 
% ModeTrafo_global_ind =     0
% ModeTrafo_global_act_iters = 
% ModeTrafoGlobal =     0
% ModeTrafoGlobalNO =     0
% fciqmc_dump =     0
% V_case = triu
% terminate =     0
% middle =     0
% DM_cut_orig = 1.000000e-10
% DM_cut_isvector =     0
% Ml =     0
% Mr =     0
% op4_use = 
% f_0 =     0
% lqqr_not_deas =     0
% rev =     0
% aux_renorm =     0
% TDVP_Evec = 
% TDVP_Eval = 
% NNearest = 
% Spacemode =     3
% Machine = GLNXA64
% Inputfile = ./model.input.wc_spinless
% Input_function = model.input.wc_spinless
% ModelInput = 
% DmrgInput = 
% fid = 
% Input_function_orig = ./model.input.wc_spinless
% Iter__ =     1
% EOS =     0
% Input_fname = model.input.wc_spinless
% Sweep = 
% TRerror = 
% Iter =     1
% Hterms = 
% NFIG = 
% Resdir = 
% form_Hfull =     0
% Memorydefrag =     0
% I_mutual = 
% SymOp_jz =     0
% DM_cut_orig_exists = 
% Enforce_Psi_ud_parity_orig =     0
% Enforce_Psi_eh_parity_orig =     0
% dmrg_run =     1
% SU2Version =     0
% opa4_use =     0
% kblocking =     0
% Memory_use =     0
% IterStart =     1
% collect_RDMs =     0
% SweepEThr_conv =     0
% en_aux_vec = 
% time_START = 1661249237371160
% time_cpu_START = 4.628827e+04
% Complex =     0
% left =     1
% right =    32
% Step =     1
% Molecule_name = WC_spinless
% Outtext_ = WC_spinless
% Qnumbers_operator =  n par
% Qnumbers_type =  U(1) Z2
% n_u_tot =   NaN
% n_d_tot =   NaN
% N_tot =   NaN
% K_tot =   NaN
% jz_i =     0    0    0    0    0    0    0    0    0    0    0    0    0    0    0    0    0    0    0    0    0    0    0    0    0    0    0    0    0    0    0    0    0    0    0
% par_i =     1   -1    1   -1    1   -1    1   -1    1   -1    1   -1    1   -1    1   -1    1   -1    1   -1    1   -1    1   -1    1   -1    1   -1    1   -1    1   -1    1   -1    1
% level_shift =     0
% HF_ocu = 
% E_FCI =     0
% E_HF =     0
% Modelfile = model_chemistry_spinless
% FCIDUMP = ./FCIDUMP.dat
% FCIDUMPComplex =     0
% FCIDUMPFormat = Txt
% FCIDUMPWorkDir = ./
% FCIDUMPThreshold = 1.000000e-15
% core_excl = 
% virtual_excl = 
% active = 
% C4_to_C2 =     0
% V_sym =     0
% Spin = 5.000000e-01
% Hubbard =     0
% Spacemode =     3
% Operators_type =     1
% pt0_operators = {n,opp1,opp4};
% pt1_operators = {c,cp;cp,c;n,n;opp1,opp1;opp1,opp4;opp2,opp3;opp3,opp2;opp4,opp1;opp4,opp4};
% pt2_operators = {opp1,opp1,opp1;opp1,opp1,opp4;opp1,opp2,opp3;opp2,opp1,opp3;opp1,opp3,opp2;opp1,opp4,opp1;opp2,opp3,opp1;opp1,opp4,opp4;opp2,opp3,opp4;opp2,opp4,opp3;opp3,opp1,opp2;opp3,opp2,opp1;opp4,opp1,opp1;opp3,opp2,opp4;opp4,opp1,opp4;opp4,opp2,opp3;opp3,opp4,opp2;opp4,opp3,opp2;opp4,opp4,opp1;opp4,opp4,opp4};
% pt1_add_transponate =     0
% pt2_add_transponate =     0
% current_operators = 
% current_add_transponate =     0
% SU2DataBase = 
% V_setup_function =     3
% Infalg =     0
% L4 =     1
% R4 =     1
% L1R3 =     1
% L3R1 =     1
% L2R2 =     1
% TLR =     1
% TL =     1
% TR =     1
% T_nuc =     0
% Bethe =     0
% U = 
% t = 
% V_ = 
% NNearest = 
% fid =     3
% fullH =     0
% Complex =     0
% SiteOperators =  F1p1 F1m1 F1p1 F1m1 F1p1 F1m1 F1p1 F1m1 F1p1 F1m1 F1p1 F1m1 F1p1 F1m1 F1p1 F1m1 F1p1 F1m1 F1p1 F1m1 F1p1 F1m1 F1p1 F1m1 F1p1 F1m1 F1p1 F1m1 F1p1 F1m1 F1p1 F1m1 F1p1 F1m1 F1p1
% R_in = 
% deas_ops =  n
% spin_dep = 
% State_tot =     3    1
% NuclearShellVersion =     0
% NuclearShellOrder =     0
% mass_rescale =     1
% WignerCrystalCorrection =     0
% Hamilton11 =  opa1cp c
% Hamilton11_rev =  cp opa1c
% Hamilton31 =  opa31 c
% Hamilton13 =  cp opa33
% Hamilton22 =  opa2cpcp opa2cpc op2cc op2cpc
% Hamilton22_rev =  op2cpcp op2cpc opa2cc opa2cpc
% Hamilton_all =  opa4 id opa1cp opa31 cp opa2cpcp opa2cpc
% Hamilton_all_rev =  opa4 id cp opa31 cp op2cpcp op2cpc
% Hamilton_all_opreorder_L = 
% Hamilton_all_opreorder_R = 
% Hamilton_all_constructiondataR =  Size_act Size_act
% Hamilton_all_constructiondataL =  Size_act Size_act
% Hamilton_all_rev_constructiondataL =  Size_act Size_act
% Hamilton_all_rev_constructiondataR =  Size_act Size_act
% Hamilton_core_all = 
% Hamilton_core_all_constructiondataL = 
% Hamilton_opa4_1000 =  opa4 cp cp c c  
% Hamilton_op1_1100 = 
% Hamilton_opa1_1100 = 
% Hamilton_op2_1100 = 
% Hamilton_opa2_1100 =  opa2cpcp
% Hamilton_opa3_1100 = 
% Hamilton_opa4_1100 =  opa4V1 opa4V4 opa4V_id_op2cpc
% Hamilton_opa4_0001 =  opa4 cp cp c c  
% Hamilton_op1_0011 = 
% Hamilton_opa1_0011 = 
% Hamilton_op2_0011 = 
% Hamilton_opa2_0011 = 
% Hamilton_opa3_0011 = 
% Hamilton_opa4_0011 =  opa4Vop31 opa4Vop2cpcp opa4Vop2cpc opa4Vopa4 opa4V_cp_c
% Hamilton_all_logical = 
% Hamilton_all_rev_logical = 
% ModeTrafoUse = 
% fact_ =     1
% n_tot =     3
% par_tot =     1
% Operators = 
% Hamilton_all_opreorder = 
% Hamilton_opa1cp_1000 =  opa1cp cp
% Hamilton_opa1cp_new_1000 =  op1V_cp cp
% Table_opa1cp_1000 =  op1V_cp 
% Hamilton_opa2_1000 =  opa2cpcp opa2cpc opa2cpc
% Hamilton_opa2cpcp_1000 =  op2V_op2cpcp op2cpcp
% Hamilton_opa2cpc_1000 =  op2V_op2cpc op2V_op2cpc_tp op2cpc
% Table_opa2_1000 = 
% Hamilton_opa31_1000 =  opa31 cp cp c
% Hamilton_opa1c_0001 =  opa1c c
% Hamilton_opa1c_new_0001 =  op1V_c c
% Table_opa1c_0001 =  op1V_c 
% Hamilton_op2_0001 =  op2cc op2cpc c cp c
% Hamilton_opa2_0001 =  opa2cc opa2cpc opa2cpc
% Hamilton_opa2cc_0001 =  op2V_op2cc op2cc
% Hamilton_opa2cpc_0001 =  op2V_op2cpc op2V_op2cpc_tp op2cpc
% Table_opa2_0001 = 
% Hamilton_opa33_0001 =  opa33 cp c c
% opa33_0001_core = 
% Table_core_iclcjaka = 
% Table_opa4_core_v = 
% DeasCoreStateIndex =     2
% Hamilton_cp_1100 =  cp ph id cp
% Hamilton_c_1100 =  c ph id c
% Hamilton_opa1cp_1100 =  opa1cpV2 opa1cp ph id cp
% Table_opa1cp_1100 = 
% Hamilton_op2cpcp_1100 =  op2cpcp cp id cp
% Hamilton_op2cpc_1100 =  op2cpc cp id id
% Table_opa2_1100 = 
% Table_opa2core_1100 = 
% Hamilton_opa2cpcp_1100 =  op2V12 op2V12 opa2cpcp cp id id
% Hamilton_opa2cpc_1100 =  op2V53 op2V53 op2V53ji opa2cpc cp id
% Hamilton_opa2core =  opa2cpc_core opa2cpc_core opa2cpc_core
% Hamilton_opa2core_rev =  opa2cpc_core opa2cpc_core opa2cpc_core
% Hamilton_opa2core_lqqr =  op2V_cp_c_core op2V_cp_cp_tp_core op2V_id_op2cpc_core opa2cpc_core cp cp
% Hamilton_opa2core_rev_lqqr =  op2V_op2cpc_id_core op2V_op2cpc_id_tp_core op2V_cp_c_core op2V_cp_cp_tp_core op2V_id_op2cpc_core op2cpc op2cpc
% Hamilton_opa31_1100 =  op3V4 op3V3161 opa31 opa2cpc
% Hamilton_opa31_rev_1100 =  op3V_op2cpcp_c op3V_op2cpc_cp op3V_op2cpc_cp_tp op3V4 op3V3161 opa31
% Table_opa31_1100 = 
% Hamilton_opa4_rev_1100 =  opa4V1 opa4V_op2cpc_op2cpc opa4V_op2cpc_op2cpc_tp opa4V4 opa4V_cp_c
% Table_opa4_1100 = 
% Hamilton_cp_0011 =  id cp cp id ph
% Hamilton_c_0011 =  id c c id ph
% Hamilton_opa1c_0011 =  op1V_c_id id c opa1c id ph
% Table_opa1c_0011 =  op1V_c_id 
% Table_opa1cp_0011 = 
% Hamilton_op2cc_0011 =  op2cc c id id
% Hamilton_op2cpc_0011 =  op2cpc cp id id
% Table_opa2_0011 = 
% Hamilton_opa2cc_0011 =  op2V_c_c id c opa2cc c
% Hamilton_opa2cpc_0011 =  op2V_cp_c op2V_c_c_tp op2V_op2cpc_id id cp c
% Table_opa2core_0011 = 
% Hamilton_opa33_0011 =  op3V6162 op3V41 op3V21 op3V5152 op3V51b52b op3V5152core
% Hamilton_opa33_rev_0011 =  op3V6162 op3V41 op3V5152core id
% Table_opa33_0011 = 
% Table_opa33_core_0011 = 
% Hamilton_opa4_rev_0011 =  opa4Vop31 opa4Vopa4 opa4V_op2cpc_id
% Table_opa4_0011 = 
% Table_opa4_core_0011 = 
% L1R1 =     1
% Hamilton_id_1100 =  id id
% Hamilton_id_0011 =  id id
% Hamilton_ph_1100 =  ph ph
% Hamilton_ph_0011 =  ph ph
% Qnum_file = 
% V_case = triu
% ------------ Legend          -----------------------------------------
% Iter  ==  One renormaliztaion step in DMRG 
% Energy==  Dmrg energy
% E_rel ==  (E_FCI - E_DMRG)/E_FCI
% l*    ==  Length of left block + site
% *r    ==  Length of site + right block  
% E_tr  ==  Truncation error
% Time  ==  Total time
% Dim_n ==  Superblock Hilbert space dimension after State_tot restriction
% Dim_k ==  Superblock Hilbert space dimension after K_tot    restriction
% Dim_s ==  Superblock Hilbert space dimension after S_ud     symmetry
% NLC   ==  Number of Lanczos/Davidson calls   
% Diagt ==  Digonalization time
% 1-Stv0 ==  Fidelity error of the starting vector
% --------------------------------------------------------
%Iter         Energy        E_rel    l*  *r   Ml   Mr    E_tr     Time    Dim_n  Dim_k  Dim_s  NLC  Diagt  1-StvO  Ecorr  Parity
 A_in = [... 
    1      9.41798278037561       Inf    2   33     2   512  0.00e+00    1.1*m        365        365        365   90     1.1*s  1.0e+00   0.000  0.00  0.00
    2      9.41798269790420       Inf    3   32     4   512  1.11e-16    1.2*m        442        442        442    5     0.1*s  1.4e-14   0.000  0.00  0.00
    3      9.41735017587807       Inf    4   31     8   512  1.11e-16    1.4*m        521        521        521   51     0.5*s  2.8e-07   0.000  0.00  0.00
    4      9.41734990646472       Inf    5   30    16   512  5.55e-16    1.5*m        617        617        617    7     0.1*s  7.8e-14   0.000  0.00  0.00
    5      9.41601974536420       Inf    6   29    32   512 -2.22e-16    1.7*m        715        715        715   55     0.6*s  8.6e-07   0.000  0.00  0.00
    6      9.41601900673717       Inf    7   28    64   512 -4.44e-16    1.8*m        832        832        832   17     0.2*s  4.0e-13   0.000  0.00  0.00
    7      9.41340919773546       Inf    8   27   128   512 -2.22e-16    1.9*m        951        951        951   58     0.8*s  2.5e-06   0.000  0.00  0.00
    8      9.41340726825377       Inf    9   26   256   512 -6.66e-16    2.1*m       1091       1091       1091   23     0.4*s  2.1e-12   0.000  0.00  0.00
    9      9.40826031060088       Inf   10   25   512   512  0.00e+00    2.3*m       1233       1233       1233   62     1.0*s  7.6e-06   0.000  0.00  0.00
   10      9.40825510011039       Inf   11   24   512   512  1.22e-15    2.5*m       1241       1241       1241   30     0.5*s  1.2e-11   0.000  0.00  0.00
   11      9.39744962740428       Inf   12   23   512   512 -1.55e-15    2.8*m       1295       1295       1295   66     1.1*s  2.6e-05   0.000  0.00  0.00
   12      9.39743403918902       Inf   13   22   512   512 -1.55e-15    3.0*m       1338       1338       1338   37     0.6*s  9.8e-11   0.000  0.00  0.00
   13      9.37193322031916       Inf   14   21   512   512 -4.44e-16    3.2*m       1405       1405       1405   71     1.2*s  1.1e-04   0.000  0.00  0.00
   14      9.37187742677134       Inf   15   20   512   512  1.22e-15    3.4*m       1480       1480       1480   47     0.8*s  1.3e-09   0.000  0.00  0.00
   15      9.29927713525143       Inf   16   19   512   512  2.22e-16    3.7*m       1534       1534       1534   78     1.3*s  6.2e-04   0.000  0.00  0.00
   16      9.29900726084525       Inf   17   18   512   512 -2.22e-15    3.9*m       1637       1637       1637   57     1.0*s  3.6e-08   0.000  0.00  0.00
   17      9.06639866413749       Inf   18   17   512   512  8.88e-16    4.1*m       1657       1657       1657   86     1.8*s  5.0e-03   0.000  0.00  0.00
   18      9.06006966029914       Inf   19   16   512   512 -2.00e-15    4.3*m       1727       1727       1727   78     1.7*s  6.7e-05   0.000  0.00  0.00
   19      6.45848044817999       Inf   20   15   512   470 -8.88e-16    4.5*m       1618       1618       1618  105     1.9*s  1.9e-01   0.000  0.00  0.00
   20      9.46034582839000       Inf   21   14   512   378 -3.11e-15    4.7*m       1498       1498       1498  101     1.9*s  1.9e-01   0.000  0.00  0.00
   21      9.44978310610422       Inf   22   13   512   299 -2.22e-16    4.8*m       1284       1284       1284   91     1.2*s  1.0e-03   0.000  0.00  0.00
   22      9.87895251620966       Inf   23   12   512   232 -8.88e-16    4.9*m       1153       1153       1153  112     1.5*s  7.6e-01   0.000  0.00  0.00
   23      8.75838300925114       Inf   24   11   512   176 -8.88e-16    5.0*m       1010       1010       1010   92     0.9*s  1.9e-01   0.000  0.00  0.00
   24      8.55476615428959       Inf   25   10   512   130 -6.66e-16    5.1*m        872        872        872   86     0.9*s  4.1e-01   0.000  0.00  0.00
   25      8.03234703673590       Inf   26    9   512    93 -2.44e-15    5.2*m        746        746        746   69     0.6*s  8.0e-02   0.000  0.00  0.00
   26      7.77065713452425       Inf   27    8   512    64 -2.00e-15    5.2*m        609        609        609   54     0.4*s  1.5e-02   0.000  0.00  0.00
   27      7.37459011713185       Inf   28    7   512    42 -6.66e-16    5.3*m        510        510        510   43     0.3*s  1.0e-02   0.000  0.00  0.00
   28      7.41671254107276       Inf   29    6   512    26 -1.78e-15    5.3*m        374        374        374   34     0.3*s  1.6e-03   0.000  0.00  0.00
   29      7.38424342930526       Inf   30    5   512    15  2.22e-16    5.3*m        267        267        267   28     0.2*s  7.1e-04   0.000  0.00  0.00
   30      7.38485631697299       Inf   31    4   512     8 -6.66e-16    5.3*m        179        179        179   23     0.1*s  2.2e-04   0.000  0.00  0.00
   31      7.38545513374222       Inf   32    3   512     4 -2.22e-16    5.4*m         96         96         96   18     0.1*s  4.7e-06   0.000  0.00  0.00
   32      7.38649273802526       Inf   33    2   512     2 -2.22e-16    5.4*m         53         53         53   67     0.4*s  1.2e-06   0.000  0.00  0.00
   33      7.38648361522212       Inf   32    3   512     4  1.44e-15    5.4*m         96         96         96  100     0.5*s  1.9e-07   0.000  0.00  0.00
   34      7.38630710105959       Inf   31    4   512     8  3.33e-15    5.5*m        179        179        179  259     1.2*s  3.2e-06   0.000  0.00  0.00
   35      7.38503838364850       Inf   30    5   512    16  2.33e-15    5.5*m        267        267        267  382     2.2*s  2.4e-05   0.000  0.00  0.00
   36      7.37937126349966       Inf   29    6   512    32 -2.22e-15    5.6*m        374        374        374  706     4.0*s  5.5e-04   0.000  0.00  0.00
   37      7.37127036154177       Inf   28    7   512    64  1.44e-15    5.7*m        510        510        510  820     4.8*s  3.0e-04   0.000  0.00  0.00
   38      7.33288829753110       Inf   27    8   512   128  4.11e-15    5.8*m        609        609        609  988     6.1*s  2.1e-03   0.000  0.00  0.00
   39      7.21442854185734       Inf   26    9   512   256 -8.88e-16    6.0*m        746        746        746 1267     9.0*s  8.3e-03   0.000  0.00  0.00
   40      7.19690423946273       Inf   25   10   512   512  2.78e-15    6.1*m        872        872        872  805     6.4*s  2.4e-04   0.000  0.00  0.00
   41      5.87533889546770       Inf   24   11   512  1024  7.77e-16    6.3*m       1010       1010       1010 1012     8.8*s  6.2e-02   0.000  0.00  0.00
   42      5.90771453790766       Inf   23   12   512  1024  8.22e-15    6.5*m        923        923        923  595     5.3*s  1.8e-04   0.000  0.00  0.00
   43      5.72414976731847       Inf   22   13   512  1024  3.89e-15    6.7*m        897        897        897  586     5.5*s  5.0e-03   0.000  0.00  0.00
   44      5.75513471805195       Inf   21   14   512  1024  1.22e-15    6.9*m        896        896        896  289     2.9*s  5.0e-06   0.000  0.00  0.00
   45      5.80422177722200       Inf   20   15   512  1024  1.11e-15    7.1*m        875        875        875  208     2.2*s  5.8e-06   0.000  0.00  0.00
   46      5.80808891657536       Inf   19   16   512  1024  1.11e-16    7.3*m        921        921        921  139     1.6*s  2.9e-07   0.000  0.00  0.00
   47      5.81330503584119       Inf   18   17   512  1024 -7.55e-15    7.5*m        917        917        917   97     1.2*s  3.0e-07   0.000  0.00  0.00
   48      5.81341774685249       Inf   17   18   512  1024 -5.77e-15    7.7*m        928        928        928   67     0.9*s  3.8e-09   0.000  0.00  0.00
   49      5.81354521179380       Inf   16   19   512  1024 -5.33e-15    7.9*m        884        884        884   52     0.7*s  2.7e-09   0.000  0.00  0.00
   50      5.81354621344705       Inf   15   20   512  1024 -2.22e-15    8.1*m        871        871        871   25     0.3*s  3.4e-11   0.000  0.00  0.00
   51      5.81354727591338       Inf   14   21   512  1024 -4.66e-15    8.4*m        849        849        849   28     0.4*s  3.3e-11   0.000  0.00  0.00
   52      5.81354728312925       Inf   13   22   512  1024 -4.44e-16    8.6*m        853        853        853   16     0.2*s  4.7e-12   0.000  0.00  0.00
   53      5.81354728977874       Inf   12   23   512  1024 -1.78e-15    8.9*m        870        870        870   16     0.3*s  4.5e-12   0.000  0.00  0.00
   54      5.81354729355193       Inf   11   24   512  1024 -1.33e-15    9.2*m        857        857        857   13     0.2*s  9.1e-13   0.000  0.00  0.00
   55      5.81354729749879       Inf   10   25   512  1024 -2.00e-15    9.6*m        931        931        931   13     0.2*s  8.6e-13   0.000  0.00  0.00
   56      5.81354729911882       Inf    9   26   256  1024 -2.22e-15    9.9*m        780        780        780   10     0.1*s  1.8e-13   0.000  0.00  0.00
   57      5.81354730074329       Inf    8   27   128  1024 -2.44e-15   10.2*m        662        662        662   10     0.1*s  1.7e-13   0.000  0.00  0.00
   58      5.81354730138273       Inf    7   28    64  1024 -6.66e-16   10.6*m        548        548        548    7     0.1*s  4.3e-14   0.000  0.00  0.00
   59      5.81354730201063       Inf    6   29    32  1024 -4.44e-16   10.9*m        443        443        443   10     0.1*s  4.2e-14   0.000  0.00  0.00
   60      5.81354730224125       Inf    5   30    16  1024  1.11e-16   11.3*m        276        276        276    7     0.1*s  9.5e-15   0.000  0.00  0.00
   61      5.81354730246312       Inf    4   31     8  1024 -1.11e-15   11.7*m        182        182        182    7     0.1*s  9.4e-15   0.000  0.00  0.00
   62      5.81354730252907       Inf    3   32     4  1024 -1.11e-15   12.1*m        100        100        100    7     0.1*s  2.1e-15   0.000  0.00  0.00
   63      5.81354730260312       Inf    2   33     2  1024  1.11e-16   12.7*m         58         58         58    7     0.0*s  1.7e-15   0.000  0.00  0.00
   64      5.81354730252906       Inf    3   32     4  1024 -4.44e-16   12.8*m        100        100        100    7     0.0*s  1.4e-15   0.000  0.00  0.00
   65      5.81354730246311       Inf    4   31     8  1024 -4.44e-16   13.0*m        182        182        182    7     0.1*s  1.1e-15   0.000  0.00  0.00
   66      5.81354730224124       Inf    5   30    16  1024 -8.88e-16   13.2*m        276        276        276    7     0.1*s  9.0e-15   0.000  0.00  0.00
   67      5.81354730201063       Inf    6   29    32  1024 -1.33e-15   13.3*m        443        443        443    7     0.1*s  9.5e-15   0.000  0.00  0.00
   68      5.81354730138273       Inf    7   28    64  1024 -6.66e-16   13.4*m        548        548        548    7     0.1*s  4.1e-14   0.000  0.00  0.00
   69      5.81354730074330       Inf    8   27   128  1024 -1.55e-15   13.6*m        662        662        662    7     0.1*s  4.2e-14   0.000  0.00  0.00
   70      5.81354729911882       Inf    9   26   256  1024 -1.78e-15   13.7*m        780        780        780   10     0.2*s  1.7e-13   0.000  0.00  0.00
   71      5.81354729749880       Inf   10   25   512  1024 -1.33e-15   14.0*m        931        931        931   10     0.2*s  1.8e-13   0.000  0.00  0.00
   72      5.81354729337156       Inf   11   24  1024  1024 -2.22e-15   14.5*m       1074       1074       1074   16     0.3*s  8.2e-13   0.000  0.00  0.00
   73      5.81354728939231       Inf   12   23  1024  1024 -8.88e-16   15.0*m       1008       1008       1008   13     0.2*s  8.3e-13   0.000  0.00  0.00
   74      5.81354728200630       Inf   13   22  1024  1024 -3.33e-15   15.5*m        952        952        952   19     0.3*s  4.3e-12   0.000  0.00  0.00
   75      5.81354727405077       Inf   14   21  1024  1024 -2.22e-15   16.1*m        933        933        933   19     0.3*s  4.3e-12   0.000  0.00  0.00
   76      5.81354620937503       Inf   15   20  1024  1024 -4.66e-15   16.6*m        941        941        941   28     0.4*s  3.2e-11   0.000  0.00  0.00
   77      5.81354520569818       Inf   16   19  1024  1024 -2.44e-15   17.0*m        959        959        959   31     0.4*s  3.3e-11   0.000  0.00  0.00
   78      5.81341773243792       Inf   17   18  1024  1024  0.00e+00   17.4*m        978        978        978   73     1.0*s  2.7e-09   0.000  0.00  0.00
   79      5.81330500913564       Inf   18   17  1024  1024 -6.66e-16   17.8*m        969        969        969   76     1.0*s  3.8e-09   0.000  0.00  0.00
   80      5.80808849916564       Inf   19   16  1024  1024  1.11e-16   18.2*m        903        903        903  139     1.5*s  3.0e-07   0.000  0.00  0.00
   81      5.80422100029610       Inf   20   15  1024  1024 -2.89e-15   18.5*m        811        811        811  169     1.8*s  2.9e-07   0.000  0.00  0.00
   82      5.75498737956674       Inf   21   14  1024  1024 -4.44e-16   18.9*m        787        787        787  292     2.9*s  5.9e-06   0.000  0.00  0.00
   83      5.72396562040475       Inf   22   13  1024  1024  2.22e-16   19.2*m        777        777        777  352     3.2*s  5.1e-06   0.000  0.00  0.00
   84      5.66560063194476       Inf   23   12  1024  1024  5.55e-16   19.5*m        799        799        799  604     5.5*s  7.1e-05   0.000  0.00  0.00
   85      5.61920851085709       Inf   24   11  1024  1024  7.44e-15   19.7*m        894        894        894  676     5.7*s  3.4e-05   0.000  0.00  0.00
   86      5.61303184172738       Inf   25   10  1024   512  2.78e-15   20.0*m        776        776        776  604     4.7*s  6.8e-06   0.000  0.00  0.00
   87      5.61493595187557       Inf   26    9  1024   256 -4.66e-15   20.1*m        665        665        665  538     3.8*s  1.7e-06   0.000  0.00  0.00
   88      5.61526384479037       Inf   27    8  1024   128 -3.55e-15   20.3*m        568        568        568  502     3.3*s  6.6e-07   0.000  0.00  0.00
   89      5.61489305935466       Inf   28    7  1024    64 -7.11e-15   20.4*m        466        466        466  394     2.3*s  2.4e-07   0.000  0.00  0.00
   90      5.61508330433970       Inf   29    6  1024    32 -5.55e-15   20.5*m        366        366        366  238     1.4*s  2.8e-08   0.000  0.00  0.00
   91      5.61507555675491       Inf   30    5  1024    16  6.33e-15   20.5*m        267        267        267  124     0.7*s  2.3e-09   0.000  0.00  0.00
   92      5.61508980983665       Inf   31    4  1024     8 -2.22e-15   20.6*m        157        157        157   82     0.4*s  5.4e-10   0.000  0.00  0.00
   93      5.61509646382857       Inf   32    3  1024     4  8.88e-16   20.6*m         97         97         97   46     0.2*s  8.4e-11   0.000  0.00  0.00
   94      5.61509640805801       Inf   33    2  1024     2 -2.00e-15   20.7*m         55         55         55   10     0.0*s  2.9e-13   0.000  0.00  0.00
   95      5.61509646382853       Inf   32    3  1024     4 -4.44e-16   20.7*m         97         97         97   13     0.1*s  2.8e-13   0.000  0.00  0.00
   96      5.61508980983655       Inf   31    4  1024     8 -4.44e-16   20.7*m        157        157        157   61     0.3*s  8.3e-11   0.000  0.00  0.00
   97      5.61507555675488       Inf   30    5  1024    16 -1.78e-15   20.8*m        267        267        267  118     0.7*s  5.4e-10   0.000  0.00  0.00
   98      5.61508330433966       Inf   29    6  1024    32 -1.78e-15   20.8*m        366        366        366  175     1.1*s  2.3e-09   0.000  0.00  0.00
   99      5.61489305935469       Inf   28    7  1024    64 -2.22e-15   20.9*m        466        466        466  265     1.5*s  2.8e-08   0.000  0.00  0.00
  100      5.61526384479028       Inf   27    8  1024   128  2.22e-16   21.0*m        568        568        568  436     2.7*s  2.4e-07   0.000  0.00  0.00
  101      5.61493595187532       Inf   26    9  1024   256 -6.66e-16   21.1*m        665        665        665  517     3.7*s  6.6e-07   0.000  0.00  0.00
  102      5.61303184172751       Inf   25   10  1024   512  3.77e-15   21.2*m        776        776        776  562     4.6*s  1.7e-06   0.000  0.00  0.00
  103      5.61920851085695       Inf   24   11  1024  1024 -3.11e-15   21.5*m        894        894        894  610     5.3*s  6.8e-06   0.000  0.00  0.00
  104      5.66485414156562       Inf   23   12  1024  1024  9.99e-15   21.7*m        798        798        798  583     5.0*s  1.3e-05   0.000  0.00  0.00
  105      5.72153529814221       Inf   22   13  1024  1024 -6.00e-15   21.9*m        742        742        742  424     3.7*s  1.2e-05   0.000  0.00  0.00
  106      5.75262553496173       Inf   21   14  1024  1024 -2.00e-15   22.2*m        778        778        778  286     2.8*s  5.3e-06   0.000  0.00  0.00
  107      5.80227142111414       Inf   20   15  1024  1024 -1.78e-15   22.4*m        777        777        777  211     2.1*s  3.9e-06   0.000  0.00  0.00
  108      5.80612968604887       Inf   19   16  1024  1024 -2.22e-15   22.7*m        873        873        873  145     1.6*s  4.0e-07   0.000  0.00  0.00
  109      5.81138596309592       Inf   18   17  1024  1024 -4.66e-15   23.0*m        940        940        940  103     1.3*s  4.2e-07   0.000  0.00  0.00
  110      5.81149883973279       Inf   17   18  1024  1024 -3.77e-15   23.3*m        959        959        959   58     0.8*s  2.3e-09   0.000  0.00  0.00
  111      5.81162680009360       Inf   16   19  1024  1024 -1.11e-15   23.6*m        951        951        951   52     0.7*s  2.3e-09   0.000  0.00  0.00
  112      5.81162778510162       Inf   15   20  1024  1024 -1.55e-15   23.9*m        958        958        958   25     0.3*s  3.3e-11   0.000  0.00  0.00
  113      5.81162887959668       Inf   14   21  1024  1024 -1.33e-15   24.3*m        963        963        963   28     0.4*s  3.1e-11   0.000  0.00  0.00
  114      5.81162888682103       Inf   13   22  1024  1024 -1.55e-15   24.7*m        952        952        952   19     0.3*s  4.3e-12   0.000  0.00  0.00
  115      5.81162889618722       Inf   12   23  1024  1024 -4.44e-16   25.1*m       1008       1008       1008   19     0.3*s  4.2e-12   0.000  0.00  0.00
  116      5.81162889979752       Inf   11   24  1024  1024 -6.66e-16   25.6*m       1080       1080       1080   16     0.3*s  8.5e-13   0.000  0.00  0.00
  117      5.81162890473294       Inf   10   25   512  1024 -1.33e-15   25.9*m        931        931        931   13     0.2*s  8.1e-13   0.000  0.00  0.00
  118      5.81162890625597       Inf    9   26   256  1024 -8.88e-16   26.2*m        795        795        795   10     0.2*s  1.8e-13   0.000  0.00  0.00
  119      5.81162890815395       Inf    8   27   128  1024 -1.11e-15   26.5*m        662        662        662   10     0.1*s  1.8e-13   0.000  0.00  0.00
  120      5.81162890877541       Inf    7   28    64  1024 -1.55e-15   26.9*m        539        539        539   10     0.1*s  4.4e-14   0.000  0.00  0.00
  121      5.81162890950537       Inf    6   29    32  1024 -2.22e-16   27.2*m        395        395        395    7     0.1*s  4.3e-14   0.000  0.00  0.00
  122      5.81162890973222       Inf    5   30    16  1024  2.22e-16   27.6*m        266        266        266    7     0.1*s  9.7e-15   0.000  0.00  0.00
  123      5.81162890998782       Inf    4   31     8  1024 -1.11e-15   28.0*m        163        163        163    7     0.1*s  1.0e-14   0.000  0.00  0.00
  124      5.81162891005343       Inf    3   32     4  1024 -2.22e-16   28.5*m         88         88         88    7     0.0*s  1.6e-15   0.000  0.00  0.00
  125      5.81162891014078       Inf    2   33     2  1024 -8.88e-16   29.0*m         51         51         51    7     0.0*s  1.9e-15   0.000  0.00  0.00
  126      5.81162891005343       Inf    3   32     4  1024 -2.22e-16   29.1*m         88         88         88    7     0.0*s  2.0e-15   0.000  0.00  0.00
  127      5.81162890998784       Inf    4   31     8  1024  5.55e-16   29.3*m        163        163        163    7     0.1*s  1.7e-15   0.000  0.00  0.00
  128      5.81162890973221       Inf    5   30    16  1024 -6.66e-16   29.4*m        266        266        266    7     0.1*s  1.0e-14   0.000  0.00  0.00
  129      5.81162890950535       Inf    6   29    32  1024  0.00e+00   29.6*m        395        395        395    7     0.1*s  1.0e-14   0.000  0.00  0.00
  130      5.81162890877543       Inf    7   28    64  1024 -4.44e-16   29.7*m        539        539        539    7     0.1*s  4.3e-14   0.000  0.00  0.00
  131      5.81162890815393       Inf    8   27   128  1024 -2.22e-16   29.9*m        662        662        662   10     0.1*s  4.3e-14   0.000  0.00  0.00
  132      5.81162890625598       Inf    9   26   256  1024 -6.66e-16   30.0*m        795        795        795   10     0.2*s  1.8e-13   0.000  0.00  0.00
  133      5.81162890473293       Inf   10   25   512  1024 -1.11e-15   30.2*m        931        931        931   10     0.2*s  1.8e-13   0.000  0.00  0.00
  134      5.81162889979754       Inf   11   24  1024  1024 -1.33e-15   30.7*m       1080       1080       1080   13     0.2*s  8.1e-13   0.000  0.00  0.00
  135      5.81162889618759       Inf   12   23  1024  1024 -1.11e-15   31.2*m       1022       1022       1022   13     0.2*s  8.4e-13   0.000  0.00  0.00
  136      5.81162888682076       Inf   13   22  1024  1024 -1.78e-15   31.8*m        945        945        945   19     0.3*s  4.2e-12   0.000  0.00  0.00
  137      5.81162887959585       Inf   14   21  1024  1024 -3.11e-15   32.3*m        918        918        918   19     0.3*s  4.3e-12   0.000  0.00  0.00
  138      5.81162778509587       Inf   15   20  1024  1024 -3.11e-15   32.8*m        904        904        904   28     0.4*s  3.1e-11   0.000  0.00  0.00
  139      5.81162680010059       Inf   16   19  1024  1024 -3.55e-15   33.3*m        909        909        909   31     0.4*s  3.3e-11   0.000  0.00  0.00
  140      5.81149883972834       Inf   17   18  1024  1024 -2.89e-15   33.7*m        911        911        911   61     0.8*s  2.3e-09   0.000  0.00  0.00
  141      5.81138596395188       Inf   18   17  1024  1024 -1.78e-15   34.0*m        874        874        874   70     0.8*s  2.3e-09   0.000  0.00  0.00
  142      5.80612968699253       Inf   19   16  1024  1024 -1.33e-15   34.4*m        909        909        909  133     1.5*s  4.2e-07   0.000  0.00  0.00
  143      5.80227142068398       Inf   20   15  1024  1024 -7.11e-15   34.7*m        852        852        852  178     1.9*s  4.0e-07   0.000  0.00  0.00
  144      5.75262553264429       Inf   21   14  1024  1024 -2.22e-15   35.0*m        798        798        798  301     2.9*s  3.9e-06   0.000  0.00  0.00
  145      5.72153526695511       Inf   22   13  1024  1024 -5.33e-15   35.3*m        817        817        817  346     3.1*s  5.3e-06   0.000  0.00  0.00
  146      5.66485426505093       Inf   23   12  1024  1024 -1.33e-15   35.6*m        846        846        846  637     5.3*s  1.2e-05   0.000  0.00  0.00
  147      5.61920646523371       Inf   24   11  1024  1024 -5.11e-15   35.8*m        954        954        954  676     5.9*s  1.3e-05   0.000  0.00  0.00
  148      5.61303069910755       Inf   25   10  1024   512 -6.88e-15   36.0*m        811        811        811  625     4.9*s  6.6e-06   0.000  0.00  0.00
  149      5.61493506264323       Inf   26    9  1024   256 -5.77e-15   36.2*m        685        685        685  553     3.8*s  1.7e-06   0.000  0.00  0.00
  150      5.61526311190908       Inf   27    8  1024   128  5.55e-15   36.3*m        590        590        590  523     3.2*s  6.5e-07   0.000  0.00  0.00
  151      5.61489247693392       Inf   28    7  1024    64 -7.11e-15   36.5*m        491        491        491  433     2.8*s  2.5e-07   0.000  0.00  0.00
  152      5.61508263401544       Inf   29    6  1024    32 -2.66e-15   36.5*m        404        404        404  241     1.5*s  3.4e-08   0.000  0.00  0.00
  153      5.61507489674376       Inf   30    5  1024    16 -1.55e-15   36.6*m        270        270        270  160     0.9*s  2.3e-09   0.000  0.00  0.00
  154      5.61508914511422       Inf   31    4  1024     8  2.78e-15   36.7*m        178        178        178  118     0.6*s  5.4e-10   0.000  0.00  0.00
  155      5.61509580193269       Inf   32    3  1024     4 -1.11e-15   36.7*m        100        100        100   79     0.4*s  9.9e-11   0.000  0.00  0.00
  156      5.61509574614536       Inf   33    2  1024     2  1.11e-16   36.7*m         53         53         53   10     0.0*s  2.9e-13   0.000  0.00  0.00
  157      5.61509580193267       Inf   32    3  1024     4  2.22e-16   36.8*m        100        100        100   19     0.1*s  3.0e-13   0.000  0.00  0.00
  158      5.61508914511416       Inf   31    4  1024     8 -8.88e-16   36.8*m        178        178        178   97     0.5*s  9.8e-11   0.000  0.00  0.00
  159      5.61507489674403       Inf   30    5  1024    16 -1.33e-15   36.8*m        270        270        270  136     0.7*s  5.4e-10   0.000  0.00  0.00
  160      5.61508263401496       Inf   29    6  1024    32  2.33e-15   36.9*m        404        404        404  178     1.0*s  2.3e-09   0.000  0.00  0.00
  161      5.61489247693412       Inf   28    7  1024    64  2.55e-15   36.9*m        491        491        491  295     1.7*s  3.4e-08   0.000  0.00  0.00
  162      5.61526311190903       Inf   27    8  1024   128 -1.33e-15   37.0*m        590        590        590  445     2.7*s  2.5e-07   0.000  0.00  0.00
  163      5.61493506264316       Inf   26    9  1024   256  2.22e-16   37.1*m        685        685        685  541     3.6*s  6.5e-07   0.000  0.00  0.00
  164      5.61303069910781       Inf   25   10  1024   512  2.22e-16   37.3*m        811        811        811  574     4.8*s  1.7e-06   0.000  0.00  0.00
  165      5.61920646523350       Inf   24   11  1024  1024 -3.11e-15   37.5*m        954        954        954  628     5.6*s  6.6e-06   0.000  0.00  0.00
  166      5.66486702546129       Inf   23   12  1024  1024 -2.22e-16   37.7*m        814        814        814  553     4.4*s  1.2e-05   0.000  0.00  0.00
  167      5.72153882871357       Inf   22   13  1024  1024 -3.55e-15   37.9*m        804        804        804  367     3.3*s  1.4e-05   0.000  0.00  0.00
  168      5.75263512420412       Inf   21   14  1024  1024 -1.11e-15   38.2*m        795        795        795  274     2.6*s  5.3e-06   0.000  0.00  0.00
  169      5.80226937683395       Inf   20   15  1024  1024  3.33e-15   38.4*m        858        858        858  199     2.1*s  5.2e-06   0.000  0.00  0.00
  170      5.80614394317843       Inf   19   16  1024  1024 -2.66e-15   38.7*m        897        897        897  109     1.2*s  2.4e-07   0.000  0.00  0.00
  171      5.81140136716959       Inf   18   17  1024  1024 -6.00e-15   38.9*m        871        871        871  100     1.2*s  2.8e-07   0.000  0.00  0.00
  172      5.81151459600236       Inf   17   18  1024  1024 -2.89e-15   39.2*m        892        892        892   52     0.6*s  3.0e-09   0.000  0.00  0.00
