\BOOKMARK [1][-]{section.1}{\376\377\000P\000a\000t\000h\000\040\000i\000n\000t\000e\000g\000r\000a\000l}{}% 1
\BOOKMARK [2][-]{subsection.1.1}{\376\377\000G\000a\000u\000s\000s\000i\000a\000n\000\040\000i\000n\000t\000e\000g\000r\000a\000l\000s}{section.1}% 2
\BOOKMARK [3][-]{subsubsection.1.1.1}{\376\377\000o\000n\000e\000\040\000d\000i\000m\000e\000n\000s\000i\000o\000n\000a\000l\000\040\000c\000a\000s\000e}{subsection.1.1}% 3
\BOOKMARK [3][-]{subsubsection.1.1.2}{\376\377\000m\000o\000r\000e\000\040\000t\000h\000a\000n\000\040\000o\000n\000e\000\040\000d\000i\000m\000e\000n\000s\000i\000o\000n\000a\000l\000\040\000c\000a\000s\000e\000s\000:}{subsection.1.1}% 4
\BOOKMARK [2][-]{subsection.1.2}{\376\377\000F\000r\000e\000e\000\040\000p\000a\000r\000t\000i\000c\000l\000e}{section.1}% 5
\BOOKMARK [2][-]{subsection.1.3}{\376\377\000Q\000u\000a\000n\000t\000u\000m\000\040\000p\000a\000r\000t\000i\000c\000l\000e\000\040\000i\000n\000\040\000a\000\040\000w\000e\000l\000l\000\040\000-\000\040\000H\000a\000r\000m\000o\000n\000i\000c\000\040\000o\000s\000c\000i\000l\000l\000a\000t\000o\000r}{section.1}% 6
\BOOKMARK [1][-]{section.2}{\376\377\000I\000n\000s\000t\000a\000n\000t\000o\000n}{}% 7
\BOOKMARK [2][-]{subsection.2.1}{\376\377\000T\000h\000e\000\040\000i\000n\000s\000t\000a\000n\000t\000o\000n\000\040\000s\000o\000l\000u\000t\000i\000o\000n}{section.2}% 8
\BOOKMARK [2][-]{subsection.2.2}{\376\377\000A\000c\000t\000i\000o\000n\000\040\000i\000n\000t\000e\000g\000r\000a\000l\000\040\000c\000a\000l\000c\000u\000l\000a\000t\000i\000o\000n\000\040\000f\000o\000r\000\040\0001\000\040\000p\000a\000r\000t\000i\000c\000l\000e\000\040\000I\000n\000s\000t\000a\000n\000t\000o\000n\000\040\000t\000u\000n\000n\000e\000l\000i\000n\000g}{section.2}% 9
\BOOKMARK [2][-]{subsection.2.3}{\376\377\000T\000u\000n\000n\000e\000l\000i\000n\000g\000\040\000c\000a\000l\000c\000u\000l\000a\000t\000i\000o\000n}{section.2}% 10
\BOOKMARK [2][-]{subsection.2.4}{\376\377\000R\000e\000p\000a\000r\000a\000m\000e\000t\000r\000i\000z\000a\000t\000i\000o\000n\000\040\000o\000f\000\040\000t\000i\000m\000e}{section.2}% 11
\BOOKMARK [2][-]{subsection.2.5}{\376\377\000I\000n\000s\000t\000a\000n\000t\000o\000n\000\040\000f\000l\000u\000c\000t\000u\000a\000t\000i\000o\000n\000\040\000d\000e\000t\000e\000r\000m\000i\000n\000a\000n\000t}{section.2}% 12
\BOOKMARK [3][-]{subsubsection.2.5.1}{\376\377\000C\000o\000n\000t\000i\000n\000u\000o\000u\000s\000\040\000s\000p\000e\000c\000t\000r\000a}{subsection.2.5}% 13
\BOOKMARK [3][-]{subsubsection.2.5.2}{\376\377\000D\000i\000s\000c\000r\000e\000t\000e\000\040\000s\000p\000e\000c\000t\000r\000a}{subsection.2.5}% 14
\BOOKMARK [3][-]{subsubsection.2.5.3}{\376\377\000Z\000e\000r\000o\000\040\000m\000o\000d\000e}{subsection.2.5}% 15
\BOOKMARK [3][-]{subsubsection.2.5.4}{\376\377\000T\000h\000e\000\040\000c\000o\000m\000p\000l\000e\000t\000e\000\040\000i\000n\000s\000t\000a\000n\000t\000o\000n\000\040\000d\000e\000t\000e\000r\000m\000i\000n\000a\000n\000t}{subsection.2.5}% 16
\BOOKMARK [2][-]{subsection.2.6}{\376\377\0001\000\040\000p\000a\000r\000t\000i\000c\000l\000e\000\040\000i\000n\000s\000t\000a\000n\000t\000o\000n\000\040\000d\000e\000t\000e\000r\000m\000i\000n\000a\000n\000t\000\040\000i\000n\000\040\000a\000\040\000d\000i\000f\000f\000e\000r\000e\000n\000t\000\040\000w\000a\000y\000\040\000-\000\040\000C\000h\000e\000m\000i\000c\000a\000l\000\040\000p\000h\000y\000s\000i\000c\000s}{section.2}% 17
\BOOKMARK [1][-]{section.3}{\376\377\000D\000i\000m\000e\000n\000s\000i\000o\000n\000l\000e\000s\000s\000\040\000h\000a\000m\000i\000l\000t\000o\000n\000i\000a\000n}{}% 18
\BOOKMARK [2][-]{subsection.3.1}{\376\377\000A\000c\000t\000i\000o\000n\000\040\000i\000n\000t\000e\000g\000r\000a\000l\000\040\000w\000i\000t\000h\000\040\000t\000h\000e\000\040\000i\000n\000t\000e\000r\000a\000c\000t\000i\000o\000n}{section.3}% 19
\BOOKMARK [2][-]{subsection.3.2}{\376\377\000T\000u\000n\000n\000e\000l\000i\000n\000g\000\040\000d\000i\000s\000t\000a\000n\000c\000e}{section.3}% 20
\BOOKMARK [2][-]{subsection.3.3}{\376\377\000T\000u\000n\000n\000e\000l\000i\000n\000g\000\040\000t\000i\000m\000e\000\040\000s\000c\000a\000l\000e}{section.3}% 21
\BOOKMARK [1][-]{section.4}{\376\377\000S\000c\000a\000l\000i\000n\000g}{}% 22
\BOOKMARK [2][-]{subsection.4.1}{\376\377\000M\000e\000a\000s\000u\000r\000e\000m\000e\000n\000t\000s\000\040\000a\000n\000d\000\040\000c\000o\000n\000s\000t\000a\000n\000t\000s}{section.4}% 23
\BOOKMARK [3][-]{subsubsection.4.1.1}{\376\377\000e\000f\000f\000e\000c\000t\000i\000v\000e\000\040\000m\000a\000s\000s}{subsection.4.1}% 24
\BOOKMARK [3][-]{subsubsection.4.1.2}{\376\377\000B\000o\000h\000r\000\040\000r\000a\000d\000i\000u\000s}{subsection.4.1}% 25
\BOOKMARK [2][-]{subsection.4.2}{\376\377\000P\000o\000t\000e\000n\000t\000i\000a\000l}{section.4}% 26
\BOOKMARK [2][-]{subsection.4.3}{\376\377\000E\000l\000e\000c\000t\000r\000o\000n\000\040\000i\000n\000t\000e\000r\000a\000c\000t\000i\000o\000n\000\040\000p\000a\000r\000a\000m\000e\000t\000e\000r\000s\000.}{section.4}% 27
\BOOKMARK [2][-]{subsection.4.4}{\376\377\000\326\000s\000s\000z\000e\000f\000o\000g\000l\000a\000l\000\363\000\040\000a\000z\000\040\000\366\000s\000s\000z\000e\000s\000\040\000k\000i\000s\000\351\000r\000l\000e\000t\000i\000\040\000p\000a\000r\000a\000m\000\351\000t\000e\000r\000r\001\121\000l\000.}{section.4}% 28
\BOOKMARK [1][-]{section.5}{\376\377\000D\000e\000t\000e\000r\000m\000i\000n\000a\000n\000t\000\040\000n\000u\000m\000e\000r\000i\000c\000a\000l\000\040\000c\000a\000l\000c\000u\000l\000a\000t\000i\000o\000n}{}% 29
\BOOKMARK [2][-]{subsection.5.1}{\376\377\000c\000l\000a\000s\000s\000i\000c\000a\000l\000\040\000o\000s\000c\000i\000l\000l\000a\000t\000i\000o\000n\000\040\000F\000r\000e\000q\000u\000e\000n\000c\000i\000e\000s\000\040\0003\000p\000a\000r\000t\000i\000c\000l\000e}{section.5}% 30
\BOOKMARK [2][-]{subsection.5.2}{\376\377\000C\000l\000a\000s\000s\000i\000c\000a\000l\000\040\000o\000s\000c\000i\000l\000l\000a\000t\000i\000o\000n\000\040\000f\000r\000e\000q\000u\000e\000n\000c\000i\000e\000s\000\040\000f\000o\000r\000\040\0001\000\040\000p\000a\000r\000t\000i\000c\000l\000e}{section.5}% 31
\BOOKMARK [2][-]{subsection.5.3}{\376\377\0003\000\040\000p\000a\000r\000t\000i\000c\000l\000e\000\040\000p\000r\000o\000p\000a\000g\000a\000t\000o\000r}{section.5}% 32
\BOOKMARK [1][-]{section.6}{\376\377\000C\000o\000d\000e\000s}{}% 33
\BOOKMARK [2][-]{subsection.6.1}{\376\377\000E\000q\000u\000l\000i\000b\000r\000i\000u\000m\000\040\000p\000o\000s\000i\000t\000i\000o\000n\000s\000\040\000i\000n\000\040\000t\000h\000e\000\040\000d\000o\000u\000b\000l\000e\000\040\000w\000e\000l\000l\000\040\000p\000o\000t\000e\000n\000t\000i\000a\000l\000\040\000-\000\040\000M\000a\000t\000l\000a\000b\000,\000\040\000S\000i\000m\000u\000l\000a\000t\000e\000d\000\040\000a\000n\000n\000e\000a\000l\000i\000n\000g}{section.6}% 34
\BOOKMARK [2][-]{subsection.6.2}{\376\377\0001\000\040\000p\000a\000r\000t\000i\000c\000l\000e\000\040\000a\000c\000t\000i\000o\000n\000\040\000i\000n\000t\000e\000g\000r\000a\000l\000\040\000c\000a\000l\000c\000u\000l\000a\000t\000i\000o\000n\000s}{section.6}% 35
\BOOKMARK [2][-]{subsection.6.3}{\376\377\0001\000\040\000p\000a\000r\000t\000i\000c\000l\000e\000\040\000t\000u\000n\000n\000e\000l\000i\000n\000g\000\040\000p\000a\000t\000h\000\040\000-\000\040\000M\000a\000t\000l\000a\000b\000,\000\040\000S\000i\000m\000u\000l\000a\000t\000e\000d\000\040\000a\000n\000n\000e\000l\000a\000i\000n\000g}{section.6}% 36
\BOOKMARK [2][-]{subsection.6.4}{\376\377\0003\000\040\000p\000a\000r\000t\000i\000c\000l\000e\000\040\000t\000u\000n\000n\000e\000l\000i\000n\000g\000\040\000p\000a\000t\000h\000\040\000-\000\040\000M\000a\000t\000l\000a\000b\000,\000\040\000S\000i\000m\000u\000l\000a\000t\000e\000d\000\040\000a\000n\000n\000e\000l\000a\000i\000n\000g}{section.6}% 37
\BOOKMARK [2][-]{subsection.6.5}{\376\377\040\042}{section.6}% 38
\BOOKMARK [1][-]{section.7}{\376\377\000P\000r\000o\000o\000f\000s}{}% 39
\BOOKMARK [2][-]{subsection.7.1}{\376\377\000B\000e\000s\000e\000l\000\040\000p\000r\000o\000b\000l\000e\000m}{section.7}% 40
