\BOOKMARK [0][-]{section*.2}{\376\377\000W\000i\000g\000n\000e\000r\000\040\000C\000r\000y\000s\000t\000a\000l\000\040\000C\000o\000l\000l\000e\000c\000t\000i\000v\000e\000\040\000t\000u\000n\000n\000e\000l\000i\000n\000g\000\040\000-\000\040\000A\000\040\000t\000h\000e\000o\000r\000e\000t\000i\000c\000a\000l\000\040\000i\000n\000v\000e\000s\000t\000i\000g\000a\000t\000i\000o\000n}{}% 2
\BOOKMARK [1][-]{section*.1}{\376\377\000A\000b\000s\000t\000r\000a\000c\000t}{section*.2}% 1
\BOOKMARK [1][-]{section*.3}{\376\377\000C\000o\000n\000t\000e\000n\000t\000s}{section*.2}% 3
\BOOKMARK [1][-]{section*.4}{\376\377\000W\000i\000g\000n\000e\000r\000\040\000C\000r\000y\000s\000t\000a\000l}{section*.2}% 4
\BOOKMARK [1][-]{section*.5}{\376\377\000P\000a\000t\000h\000\040\000I\000n\000t\000e\000g\000r\000a\000l\000\040\000F\000o\000r\000m\000a\000l\000i\000s\000m}{section*.2}% 5
\BOOKMARK [2][-]{section*.6}{\376\377\000F\000r\000e\000e\000\040\000P\000a\000r\000t\000i\000c\000l\000e}{section*.5}% 6
\BOOKMARK [2][-]{section*.7}{\376\377\000H\000a\000r\000m\000o\000n\000i\000c\000\040\000O\000s\000c\000i\000l\000l\000a\000t\000o\000r}{section*.5}% 7
\BOOKMARK [2][-]{section*.8}{\376\377\000O\000n\000e\000\040\000P\000a\000r\000t\000i\000c\000l\000e\000\040\000T\000u\000n\000n\000e\000l\000i\000n\000g}{section*.5}% 8
\BOOKMARK [3][-]{section*.9}{\376\377\000O\000n\000e\000\040\000P\000a\000r\000t\000i\000c\000l\000e\000\040\000H\000a\000m\000i\000l\000t\000o\000n\000i\000a\000n}{section*.8}% 9
\BOOKMARK [3][-]{section*.10}{\376\377\000A\000c\000t\000i\000o\000n\000\040\000I\000n\000t\000e\000g\000r\000a\000l\000\040\000C\000a\000l\000c\000u\000l\000a\000t\000i\000o\000n}{section*.8}% 10
\BOOKMARK [3][-]{section*.11}{\376\377\000T\000u\000n\000n\000e\000l\000i\000n\000g\000\040\000c\000a\000l\000c\000u\000l\000a\000t\000i\000o\000n\000\040\000i\000n\000\040\000q\000u\000a\000r\000t\000i\000c\000\040\000p\000o\000t\000e\000n\000t\000i\000a\000l\000s}{section*.8}% 11
\BOOKMARK [1][-]{section*.12}{\376\377\000E\000x\000p\000e\000r\000i\000m\000e\000n\000t\000a\000l\000\040\000C\000o\000n\000s\000i\000d\000e\000r\000a\000t\000i\000o\000n\000s}{section*.2}% 12
\BOOKMARK [2][-]{section*.13}{\376\377\000M\000o\000d\000e\000l\000i\000n\000g\000\040\000t\000h\000e\000\040\000P\000o\000t\000e\000n\000t\000i\000a\000l\000\040\000a\000n\000d\000\040\000F\000i\000t\000t\000i\000n\000g}{section*.12}% 13
\BOOKMARK [2][-]{section*.14}{\376\377\000P\000o\000l\000a\000r\000i\000z\000a\000t\000i\000o\000n\000\040\000d\000a\000t\000a}{section*.12}% 14
\BOOKMARK [2][-]{section*.15}{\376\377\000S\000c\000a\000l\000i\000n\000g}{section*.12}% 15
\BOOKMARK [1][-]{section*.16}{\376\377\000M\000a\000n\000y\000\040\000B\000o\000d\000y\000\040\000T\000u\000n\000n\000e\000l\000i\000n\000g\000\040\000C\000a\000l\000c\000u\000l\000a\000t\000i\000o\000n\000s\000\040\000-\000\040\000I\000n\000s\000t\000a\000n\000t\000o\000n}{section*.2}% 16
\BOOKMARK [2][-]{section*.17}{\376\377\000Q\000u\000a\000r\000t\000i\000c\000\040\000H\000a\000m\000i\000l\000t\000o\000n\000i\000a\000n\000\040\000m\000o\000d\000e\000l}{section*.16}% 17
\BOOKMARK [3][-]{section*.18}{\376\377\000R\000e\000s\000c\000a\000l\000i\000n\000g\000\040\000a\000n\000d\000\040\000D\000i\000m\000e\000n\000s\000i\000o\000n\000l\000e\000s\000s\000\040\000H\000a\000m\000i\000l\000t\000o\000n\000i\000a\000n}{section*.17}% 18
\BOOKMARK [2][-]{section*.19}{\376\377\000M\000i\000l\000n\000i\000k\000o\000v\000\040\000m\000e\000t\000h\000o\000d}{section*.16}% 19
\BOOKMARK [2][-]{section*.20}{\376\377\000C\000l\000a\000s\000s\000i\000c\000a\000l\000\040\000E\000q\000u\000i\000l\000i\000b\000r\000i\000u\000m\000\040\000P\000o\000s\000i\000t\000i\000o\000n\000s}{section*.16}% 20
\BOOKMARK [2][-]{section*.21}{\376\377\000H\000a\000r\000m\000o\000n\000i\000c\000\040\000O\000s\000c\000i\000l\000l\000a\000t\000o\000r\000\040\000E\000i\000g\000e\000n\000f\000r\000e\000q\000u\000e\000n\000c\000i\000e\000s\000\040\000a\000d\000n\000\040\000E\000i\000g\000e\000n\000m\000o\000d\000e\000s}{section*.16}% 21
\BOOKMARK [2][-]{section*.22}{\376\377\000T\000r\000a\000j\000e\000c\000t\000o\000r\000y\000\040\000C\000a\000l\000c\000u\000l\000a\000t\000i\000o\000n}{section*.16}% 22
\BOOKMARK [2][-]{section*.23}{\376\377\000A\000r\000c\000\040\000L\000e\000n\000g\000t\000\040\000P\000a\000r\000a\000m\000t\000e\000r\000i\000z\000a\000t\000i\000o\000n}{section*.16}% 23
\BOOKMARK [2][-]{section*.24}{\376\377\000E\000g\000z\000a\000c\000t\000\040\000D\000i\000a\000g\000o\000n\000a\000l\000i\000z\000a\000t\000i\000o\000n\000\040\000\050\000E\000D\000\051}{section*.16}% 24
\BOOKMARK [1][-]{section*.25}{\376\377\000P\000o\000l\000a\000r\000i\000z\000a\000t\000i\000o\000n}{section*.2}% 25
\BOOKMARK [2][-]{section*.26}{\376\377\000C\000l\000a\000s\000s\000i\000c\000a\000l\000\040\000P\000o\000l\000a\000r\000i\000z\000a\000t\000i\000o\000n\000\040\000C\000a\000l\000c\000u\000l\000a\000t\000i\000o\000n}{section*.25}% 26
\BOOKMARK [2][-]{section*.27}{\376\377\000P\000o\000l\000a\000r\000i\000z\000a\000t\000i\000o\000n\000\040\000u\000s\000i\000n\000g\000\040\000E\000D}{section*.25}% 27
\BOOKMARK [1][-]{section*.28}{\376\377\000O\000p\000e\000n\000\040\000Q\000u\000e\000s\000t\000i\000o\000n\000s}{section*.2}% 28
\BOOKMARK [1][-]{section*.29}{\376\377\000M\000a\000t\000h\000e\000m\000a\000t\000i\000c\000s}{section*.2}% 29
\BOOKMARK [2][-]{section*.30}{\376\377\000G\000a\000u\000s\000s\000i\000a\000n\000\040\000I\000n\000t\000e\000g\000r\000a\000l\000s}{section*.29}% 30
\BOOKMARK [2][-]{section*.31}{\376\377\000C\000a\000u\000c\000h\000y\000'\000s\000\040\000R\000e\000s\000i\000u\000d\000e\000\040\000T\000h\000e\000o\000r\000e\000m}{section*.29}% 31
\BOOKMARK [2][-]{section*.32}{\376\377\000B\000e\000s\000e\000l\000\040\000P\000r\000o\000b\000l\000e\000m}{section*.29}% 32
\BOOKMARK [1][-]{section*.33}{\376\377\000A\000l\000g\000o\000r\000i\000t\000h\000m\000s\000\040\000a\000n\000d\000\040\000M\000e\000t\000h\000o\000d\000s}{section*.2}% 33
\BOOKMARK [2][-]{section*.34}{\376\377\000M\000o\000n\000t\000e\000\040\000C\000a\000r\000l\000o\000\040\000a\000n\000d\000\040\000S\000i\000m\000u\000l\000a\000t\000e\000d\000\040\000A\000n\000n\000e\000a\000l\000i\000n\000g}{section*.33}% 34
\BOOKMARK [2][-]{section*.35}{\376\377\000M\000i\000n\000i\000m\000a\000l\000i\000z\000a\000t\000i\000o\000n\000\040\000b\000y\000\040\000N\000e\000l\000d\000e\000r\000-\000M\000e\000a\000d\000\040\000a\000l\000g\000o\000r\000i\000t\000h\000m}{section*.33}% 35
\BOOKMARK [1][-]{section*.36}{\376\377\000L\000i\000n\000k\000s\000,\000\040\000D\000a\000t\000a\000\040\000a\000n\000d\000\040\000o\000t\000h\000e\000r\000\040\000s\000t\000u\000f\000f}{section*.2}% 36
\BOOKMARK [1][-]{section*.37}{\376\377\000R\000e\000f\000e\000r\000e\000n\000c\000e\000s}{section*.2}% 37
