
%==============================================================================================================================================================%
%
% This file shows time spent on main funtions of a dmrg iteration step measured in seconds (real time so speedup due to parallalizetion, number of cores
% etc can also be monitored.
% Variables used below:
% M number of block states/bond dimension
% N NUmber of sites/orbitals
%
%
% Iter     Dmrg iteration number. The corresponding size of left and right block can be taken from file Eexpt.out
%
% psi_ind  Function to construct 2,3, or 4 index tensor representation of the wavefunction in quantum number sector decomposed form. This scales with M.
%
% vsum     Function to collect terms from the V and T integrals for pre-summations. This scales with N. The time is basically the same for all iteration
%          steps.
%
% hamtab   Function to form the subsystem operator decompostion of the Hamiltonian. For most of the models this is determined for Iter = 1 and only some
%          slight modifications are performed for later steps. In case of condensed matter and more complex applications this is recaluclated in every
%          iteration step. This function also performs partiall summations to generate auxiliary operators. This scales with N and M.
%
% tasktab  Function to form Tasktable for each row of the subsystem decomposed Hamiltonian. All parallelizations are based on these Tasktables.
%          In case if site operators decompose into one-dimensional sectors only, this also precalualte contributions of site operators
%          when Heff*Psi is performed in order to reduce computational complexity.
%          This scales with number of sectors, proportional to M and number of symmetries.
%
% LBlock   This form kronecker product of left block and site. This is used only when code is executed with LR mode. This is a very old version
%          kept only for developing purposes.
%
% lrenorm  This form kronecker product of left block and site and transorms it to a new basis during the renormalization step. This is basically
%          A*BxC*D where D=A'. This is done sector-wise and for each operator compinaton there is a TaskTable so fully paralleized. This is the
%          time for left block renormalization.
%
% rrenorm  This is same as lrenorm but for the right block. This is kept separately just because in the old version different functions were developed
%          for the left and right renormalization and for debugging reasons.
%

%         number of subsystems (LR, lqr, lqqr, etc modes) and with size of TaskTable, i.e. with M. 80-95
%         spent on this funtion.
%
% set_DM  This form reduced density matrix used to do svd. There is also a function to do svd directly. In the future this will be replaced.
%         Now this is kept for debugging and development reasons.
%
% diag_D  Diagonalization of DM as part of the svd step. In the future this will be replaced with the direct svd function.
%         Now this is kept for debugging and development reasons.
%
% deas   Function to form initial mps, operators etc for the warmup half-sweep of DMRG. This scales with N and M.
%
% other  All other functions, to calculate expectations values, symmetry tests, new features under developments etc.
%
% clear  Time spent on deleting unused scratch files.
%
% IO     Time spent on IO.
%
% Bcast  Time spent on broadcasting data for mpi parallelization.
%
% Overh  Time spent redundantly on functions on workers and headnode for mpi parallelization.
%
% total   Total time of the full dmrg iteration step.
%==============================================================================================================================================================%
%Iter  psi_ind   vsum  hamtab tasktab  LBlock  RBlock lrenorm rrenorm   diag_H   set_DM  diag_D      deas     stvec   IO     funtest    Bcast    Overh    other   total
A_in = [...
    1    0.15    0.47    0.00    0.00    0.53    0.78    0.38    0.00     1.05     0.03     0.08     8.01     0.00     0.10     0.00     0.01     0.00    1.99    13.59
    2    0.05    0.09    0.00    0.00    0.08    0.69    0.19    0.00     0.47     0.02     0.04     7.07     0.16     0.10     0.00     0.00     0.00    0.26     9.22
    3    0.03    0.08    0.00    0.00    0.10    0.62    0.19    0.00     0.58     0.01     0.01     6.48     0.09     0.11     0.00     0.00     0.00    0.22     8.54
    4    0.01    0.05    0.00    0.00    0.07    0.61    0.17    0.00     0.52     0.00     0.01     6.85     0.09     0.11     0.00     0.00     0.00    0.17     8.66
    5    0.04    0.07    0.00    0.00    0.11    0.65    0.24    0.00     0.74     0.01     0.04     6.95     0.09     0.16     0.00     0.00     0.00    0.40     9.51
    6    0.01    0.04    0.00    0.00    0.10    0.61    0.35    0.00     0.73     0.01     0.01     6.45     0.11     0.30     0.00     0.00     0.00    0.17     8.91
    7    0.02    0.05    0.00    0.00    0.17    0.62    0.66    0.00     0.87     0.01     0.01     6.94     0.14     0.46     0.00     0.00     0.00    0.21    10.15
    8    0.02    0.05    0.00    0.00    0.47    0.65    1.92    0.00     0.88     0.01     0.02     6.89     0.10     1.92     0.00     0.00     0.00    0.21    13.13
    9    0.02    0.06    0.00    0.00    1.29    0.62    2.93    0.00     1.13     0.01     0.02     6.65     0.15     1.78     0.00     0.00     0.00    0.25    14.91
   10    0.01    0.05    0.00    0.00    1.18    0.63    2.66    0.00     0.88     0.01     0.02     6.81     0.12     1.83     0.00     0.00     0.00    0.22    14.42
   11    0.01    0.05    0.00    0.00    1.27    0.62    2.49    0.00     0.97     0.01     0.02     6.50     0.13     1.75     0.00     0.00     0.00    0.21    14.03
   12    0.01    0.05    0.00    0.00    1.24    0.63    2.17    0.00     0.96     0.01     0.02     6.47     0.13     1.55     0.00     0.00     0.00    0.20    13.44
   13    0.01    0.05    0.00    0.00    1.23    0.62    2.13    0.00     1.29     0.01     0.02     6.47     0.12     1.25     0.00     0.00     0.00    0.21    13.41
   14    0.01    0.05    0.00    0.00    1.26    0.65    1.93    0.00     1.26     0.01     0.02     6.94     0.14     1.22     0.00     0.00     0.00    0.23    13.73
   15    0.01    0.05    0.00    0.00    1.16    0.62    1.63    0.00     1.30     0.01     0.02     6.69     0.10     0.96     0.00     0.00     0.00    0.19    12.74
   16    0.01    0.05    0.00    0.00    1.15    0.65    1.72    0.00     1.42     0.01     0.02     6.69     0.12     1.03     0.00     0.00     0.00    0.21    13.09
   17    0.01    0.05    0.00    0.00    1.16    0.66    1.34    0.00     1.71     0.01     0.02     6.33     0.15     0.70     0.00     0.00     0.00    0.21    12.35
   18    0.01    0.06    0.00    0.00    1.19    0.69    1.40    0.00     1.81     0.01     0.02     6.52     0.14     0.72     0.00     0.00     0.00    0.22    12.79
   19    0.01    0.06    0.00    0.00    1.07    0.48    1.18    0.00     2.19     0.01     0.02     6.56     0.10     0.65     0.00     0.00     0.00    0.18    12.51
   20    0.01    0.06    0.00    0.00    0.99    0.32    1.11    0.00     1.85     0.01     0.02     4.55     0.11     0.73     0.00     0.00     0.00    0.18     9.94
   21    0.01    0.05    0.00    0.00    0.86    0.19    0.95    0.00     1.26     0.01     0.02     3.51     0.07     0.54     0.00     0.00     0.00    0.14     7.62
   22    0.01    0.06    0.00    0.00    0.81    0.13    0.94    0.00     1.36     0.01     0.02     2.67     0.07     0.63     0.00     0.00     0.00    0.15     6.87
   23    0.01    0.06    0.00    0.00    0.74    0.09    0.84    0.00     0.95     0.01     0.02     2.00     0.07     0.46     0.00     0.00     0.00    0.13     5.39
   24    0.01    0.05    0.00    0.00    0.63    0.07    0.78    0.00     0.81     0.01     0.02     1.29     0.08     0.51     0.00     0.00     0.00    0.13     4.39
   25    0.01    0.06    0.00    0.00    0.58    0.06    0.70    0.00     0.56     0.01     0.02     1.04     0.05     0.39     0.00     0.00     0.00    0.11     3.61
   26    0.01    0.06    0.00    0.00    0.48    0.05    0.58    0.00     0.43     0.01     0.02     0.75     0.05     0.35     0.00     0.00     0.00    0.11     2.89
   27    0.01    0.06    0.00    0.00    0.42    0.05    0.53    0.00     0.33     0.01     0.02     0.50     0.04     0.32     0.00     0.00     0.00    0.10     2.40
   28    0.01    0.06    0.00    0.00    0.37    0.05    0.48    0.00     0.25     0.01     0.02     0.34     0.04     0.30     0.00     0.00     0.00    0.10     2.03
   29    0.01    0.06    0.00    0.00    0.32    0.05    0.39    0.00     0.23     0.01     0.02     0.23     0.04     0.30     0.00     0.00     0.00    0.09     1.74
   30    0.01    0.06    0.00    0.00    0.30    0.06    0.38    0.00     0.13     0.01     0.02     0.18     0.04     0.26     0.00     0.00     0.00    0.09     1.54
   31    0.02    0.06    0.00    0.00    0.26    0.04    0.35    0.00     0.14     0.01     0.02     0.11     0.04     0.27     0.00     0.00     0.00    0.10     1.43
   32    0.01    0.06    0.00    0.00    0.25    0.04    0.00    0.07     0.34     0.00     0.01     0.18     0.04     0.19     0.00     0.00     0.00    0.09     1.28
   33    0.01    0.06    0.00    0.00    0.28    0.05    0.00    0.09     0.40     0.01     0.01     0.00     0.04     0.19     0.00     0.00     0.00    0.08     1.24
   34    0.01    0.06    0.00    0.00    0.29    0.06    0.00    0.13     0.95     0.00     0.01     0.00     0.04     0.21     0.00     0.00     0.00    0.08     1.85
   35    0.01    0.06    0.00    0.00    0.32    0.05    0.00    0.12     2.48     0.00     0.01     0.00     0.04     0.21     0.00     0.00     0.00    0.09     3.41
   36    0.01    0.06    0.00    0.00    0.37    0.06    0.00    0.11     3.01     0.01     0.01     0.00     0.04     0.24     0.00     0.00     0.00    0.10     4.03
   37    0.01    0.06    0.00    0.00    0.42    0.07    0.00    0.13     4.17     0.01     0.01     0.00     0.05     0.26     0.00     0.00     0.00    0.10     5.31
   38    0.01    0.06    0.00    0.00    0.48    0.10    0.00    0.18     4.86     0.01     0.01     0.00     0.05     0.33     0.00     0.00     0.00    0.11     6.20
   39    0.01    0.06    0.00    0.00    0.56    0.17    0.00    0.31     6.38     0.01     0.01     0.00     0.06     0.52     0.00     0.00     0.00    0.11     8.23
   40    0.01    0.06    0.00    0.00    0.65    0.42    0.00    0.75     4.64     0.01     0.02     0.00     0.08     1.55     0.00     0.00     0.00    0.13     8.35
   41    0.01    0.08    0.00    0.00    0.85    1.53    0.00    1.21     6.93     0.01     0.03     0.00     0.17     1.80     0.00     0.00     0.00    0.14    12.78
   42    0.01    0.06    0.00    0.00    0.79    1.65    0.00    1.25     5.62     0.01     0.03     0.00     0.20     2.34     0.00     0.00     0.00    0.16    12.16
   43    0.02    0.06    0.00    0.00    0.89    1.81    0.00    1.27     5.34     0.01     0.03     0.00     0.15     2.60     0.00     0.00     0.00    0.16    12.37
   44    0.02    0.06    0.00    0.00    1.04    2.03    0.00    1.56     2.53     0.01     0.03     0.00     0.18     3.42     0.00     0.00     0.00    0.17    11.07
   45    0.01    0.06    0.00    0.00    1.06    2.13    0.00    1.37     2.59     0.01     0.03     0.00     0.15     3.26     0.00     0.00     0.00    0.17    10.88
   46    0.01    0.06    0.00    0.00    1.20    2.42    0.00    1.57     1.35     0.01     0.03     0.00     0.22     3.78     0.00     0.00     0.00    0.20    10.88
   47    0.01    0.06    0.00    0.00    1.31    2.66    0.00    1.59     1.26     0.01     0.03     0.00     0.18     4.59     0.00     0.00     0.00    0.20    11.95
   48    0.02    0.06    0.00    0.00    1.45    2.85    0.00    1.70     0.72     0.01     0.03     0.00     0.20     4.67     0.00     0.00     0.00    0.25    11.99
   49    0.02    0.06    0.00    0.00    1.55    3.15    0.00    1.81     0.64     0.01     0.03     0.00     0.16     5.94     0.00     0.00     0.00    0.25    13.66
   50    0.01    0.06    0.00    0.00    1.95    3.38    0.00    1.98     0.46     0.01     0.03     0.00     0.14     5.86     0.00     0.00     0.00    0.25    14.17
   51    0.01    0.06    0.00    0.00    1.98    3.68    0.00    2.11     0.39     0.01     0.03     0.00     0.25     7.00     0.00     0.00     0.00    0.27    15.84
   52    0.02    0.06    0.00    0.00    2.68    4.21    0.00    2.13     0.29     0.01     0.03     0.00     0.17     7.81     0.00     0.00     0.00    0.34    17.80
   53    0.02    0.06    0.00    0.00    2.44    4.31    0.00    2.23     0.23     0.01     0.03     0.00     0.22     8.95     0.00     0.00     0.00    0.31    18.85
   54    0.02    0.06    0.00    0.00    2.33    4.57    0.00    2.43     0.20     0.01     0.03     0.00     0.13     9.66     0.00     0.00     0.00    0.30    19.77
   55    0.02    0.06    0.00    0.00    2.33    4.70    0.00    2.70     0.27     0.01     0.03     0.00     0.19    10.00     0.00     0.00     0.00    0.31    20.67
   56    0.02    0.06    0.00    0.00    0.90    5.33    0.00    2.79     0.15     0.01     0.03     0.00     0.15    10.54     0.00     0.00     0.00    0.28    20.29
   57    0.01    0.06    0.00    0.00    0.27    5.41    0.00    2.69     0.14     0.01     0.03     0.00     0.11    11.12     0.00     0.00     0.00    0.25    20.11
   58    0.01    0.06    0.00    0.00    0.14    5.63    0.00    2.93     0.14     0.01     0.03     0.00     0.09    11.05     0.00     0.00     0.00    0.25    20.35
   59    0.01    0.05    0.00    0.00    0.11    6.39    0.00    3.23     0.09     0.01     0.03     0.00     0.08    12.16     0.00     0.00     0.00    0.25    22.43
   60    0.01    0.05    0.00    0.00    0.07    6.50    0.00    3.52     0.07     0.01     0.03     0.00     0.05    12.90     0.00     0.00     0.00    0.25    23.47
   61    0.01    0.06    0.00    0.00    0.06    7.32    0.00    3.74     0.07     0.01     0.03     0.00     0.06    14.20     0.00     0.00     0.00    0.28    25.84
   62    0.01    0.05    0.00    0.00    0.05    7.55    0.00    4.03     0.06     0.01     0.03     0.00     0.05    15.62     0.00     0.00     0.00    0.24    27.70
   63    0.01    0.05    0.00    0.00    0.04    7.66    0.06    0.00     0.03     0.00     0.01     0.00     0.07     2.21     0.00     0.00     0.00    0.17    10.30
   64    0.01    0.04    0.00    0.00    0.04    7.55    0.08    0.00     0.05     0.00     0.01     0.00     0.04     1.96     0.00     0.00     0.00    0.22    10.22
   65    0.01    0.04    0.00    0.00    0.04    6.99    0.09    0.00     0.07     0.00     0.01     0.00     0.04     1.80     0.00     0.00     0.00    0.26     9.57
   66    0.01    0.05    0.00    0.00    0.06    6.42    0.11    0.00     0.07     0.00     0.01     0.00     0.05     1.73     0.00     0.00     0.00    0.24     8.93
   67    0.01    0.05    0.00    0.00    0.08    6.12    0.15    0.00     0.09     0.00     0.01     0.00     0.04     1.63     0.00     0.00     0.00    0.24     8.60
   68    0.01    0.05    0.00    0.00    0.12    5.87    0.30    0.00     0.15     0.01     0.02     0.00     0.06     1.80     0.00     0.00     0.00    0.28     8.83
   69    0.02    0.06    0.00    0.00    0.27    5.77    0.65    0.00     0.16     0.01     0.01     0.00     0.09     1.89     0.00     0.00     0.00    0.27     9.36
   70    0.01    0.08    0.00    0.00    0.81    4.83    1.80    0.00     0.15     0.01     0.01     0.00     0.11     3.37     0.00     0.00     0.00    0.26    11.61
   71    0.02    0.06    0.00    0.00    2.52    5.25    4.77    0.00     0.17     0.01     0.02     0.00     0.13    10.40     0.00     0.00     0.00    0.34    23.82
   72    0.02    0.06    0.00    0.00    8.96    4.69    7.59    0.00     0.27     0.01     0.03     0.00     1.25    10.72     0.00     0.00     0.00    0.63    34.38
   73    0.02    0.06    0.00    0.00    9.11    4.50    8.04    0.00     0.21     0.01     0.04     0.00     0.26    11.44     0.00     0.00     0.00    0.74    34.58
   74    0.02    0.06    0.00    0.00    8.61    3.86    8.08    0.00     0.29     0.01     0.03     0.00     0.26    11.61     0.00     0.00     0.00    0.62    33.56
   75    0.02    0.06    0.00    0.00    8.15    3.66    7.69    0.00     0.28     0.01     0.03     0.00     0.41     9.59     0.00     0.00     0.00    0.62    30.63
   76    0.02    0.06    0.00    0.00    7.69    3.30    7.12    0.00     0.47     0.01     0.03     0.00     0.27     8.96     0.00     0.00     0.00    0.53    28.53
   77    0.02    0.06    0.00    0.00    6.75    3.06    6.22    0.00     0.40     0.01     0.03     0.00     0.29     7.78     0.00     0.00     0.00    0.53    25.26
   78    0.02    0.06    0.00    0.00    6.46    2.88    5.89    0.00     0.86     0.01     0.03     0.00     0.31     7.67     0.00     0.00     0.00    0.49    24.78
   79    0.02    0.06    0.00    0.00    5.46    2.48    5.13    0.00     0.87     0.01     0.03     0.00     0.39     5.56     0.00     0.00     0.00    0.35    20.44
   80    0.02    0.07    0.00    0.00    4.70    2.29    4.36    0.00     1.34     0.01     0.03     0.00     0.26     5.42     0.00     0.00     0.00    0.32    18.89
   81    0.02    0.06    0.00    0.00    4.13    2.07    4.02    0.00     2.03     0.01     0.03     0.00     0.25     5.63     0.00     0.00     0.00    0.28    18.59
   82    0.02    0.07    0.00    0.00    3.76    1.92    3.53    0.00     2.72     0.01     0.03     0.00     0.31     5.87     0.00     0.00     0.00    0.31    18.60
   83    0.02    0.07    0.00    0.00    3.53    1.79    3.25    0.00     4.38     0.01     0.03     0.00     0.34     4.24     0.00     0.00     0.00    0.29    17.98
   84    0.02    0.06    0.00    0.00    3.01    1.64    2.57    0.00     5.55     0.01     0.03     0.00     0.27     3.69     0.00     0.00     0.00    0.23    17.12
   85    0.02    0.06    0.00    0.00    2.63    1.47    2.41    0.00     5.70     0.01     0.03     0.00     0.41     2.74     0.00     0.00     0.00    0.25    15.76
   86    0.01    0.06    0.00    0.00    2.20    0.44    2.12    0.00     4.75     0.01     0.03     0.00     0.25     1.97     0.00     0.00     0.00    0.20    12.09
   87    0.02    0.07    0.00    0.00    1.98    0.19    1.66    0.00     4.46     0.01     0.03     0.00     0.13     1.54     0.00     0.00     0.00    0.22    10.32
   88    0.02    0.06    0.00    0.00    1.67    0.10    1.55    0.00     2.95     0.01     0.03     0.00     0.10     1.45     0.00     0.00     0.00    0.16     8.10
   89    0.01    0.06    0.00    0.00    1.48    0.07    1.30    0.00     2.43     0.01     0.03     0.00     0.07     1.07     0.00     0.00     0.00    0.15     6.69
   90    0.01    0.06    0.00    0.00    1.19    0.06    1.02    0.00     1.69     0.01     0.03     0.00     0.05     0.87     0.00     0.00     0.00    0.13     5.14
   91    0.02    0.07    0.00    0.00    0.99    0.05    1.08    0.00     0.67     0.01     0.03     0.00     0.05     0.81     0.00     0.00     0.00    0.12     3.91
   92    0.01    0.06    0.00    0.00    1.00    0.05    0.74    0.00     0.61     0.01     0.03     0.00     0.05     0.82     0.00     0.00     0.00    0.12     3.50
   93    0.02    0.07    0.00    0.00    0.78    0.04    0.64    0.00     0.14     0.01     0.03     0.00     0.05     0.73     0.00     0.00     0.00    0.11     2.61
   94    0.01    0.06    0.00    0.00    0.61    0.04    0.00    0.06     0.08     0.00     0.01     0.00     0.04     0.33     0.00     0.00     0.00    0.09     1.32
   95    0.01    0.06    0.00    0.00    0.72    0.04    0.00    0.07     0.12     0.00     0.01     0.00     0.05     0.31     0.00     0.00     0.00    0.09     1.51
   96    0.01    0.06    0.00    0.00    0.81    0.04    0.00    0.07     0.20     0.00     0.01     0.00     0.05     0.33     0.00     0.00     0.00    0.09     1.69
   97    0.01    0.05    0.00    0.00    0.96    0.05    0.00    0.07     0.65     0.00     0.01     0.00     0.05     0.36     0.00     0.00     0.00    0.10     2.33
   98    0.01    0.05    0.00    0.00    1.12    0.05    0.00    0.08     1.34     0.00     0.01     0.00     0.05     0.42     0.00     0.00     0.00    0.11     3.27
   99    0.01    0.05    0.00    0.00    1.33    0.07    0.00    0.11     1.90     0.01     0.01     0.00     0.06     0.55     0.00     0.00     0.00    0.12     4.25
  100    0.01    0.06    0.00    0.00    1.57    0.09    0.00    0.16     2.87     0.01     0.01     0.00     0.08     0.72     0.00     0.00     0.00    0.15     5.77
  101    0.01    0.06    0.00    0.00    1.96    0.18    0.00    0.34     3.73     0.01     0.02     0.00     0.09     1.08     0.00     0.00     0.00    0.22     7.73
  102    0.02    0.07    0.00    0.00    2.58    0.50    0.00    0.76     5.40     0.01     0.02     0.00     0.17     2.21     0.00     0.00     0.00    0.23    12.01
  103    0.01    0.06    0.00    0.00    2.73    1.70    0.00    1.24     5.20     0.01     0.03     0.00     0.36     2.62     0.00     0.00     0.00    0.23    14.26
  104    0.01    0.06    0.00    0.00    3.07    1.82    0.00    1.22     4.82     0.01     0.03     0.00     0.32     3.24     0.00     0.00     0.00    0.24    14.91
  105    0.01    0.06    0.00    0.00    3.21    1.87    0.00    1.28     4.54     0.01     0.03     0.00     0.29     3.81     0.00     0.00     0.00    0.25    15.44
  106    0.01    0.08    0.00    0.00    4.01    2.44    0.00    1.45     2.66     0.01     0.03     0.00     0.47     4.47     0.00     0.00     0.00    0.28    15.99
  107    0.01    0.06    0.00    0.00    4.62    2.42    0.00    1.74     2.14     0.01     0.03     0.00     0.28     4.94     0.00     0.00     0.00    0.32    16.69
  108    0.01    0.06    0.00    0.00    5.01    2.47    0.00    1.65     1.57     0.01     0.03     0.00     0.29     5.31     0.00     0.00     0.00    0.38    16.91
  109    0.02    0.09    0.00    0.00    5.59    2.59    0.00    1.75     1.42     0.01     0.03     0.00     0.43     5.88     0.00     0.00     0.00    0.38    18.28
  110    0.02    0.06    0.00    0.00    5.93    2.80    0.00    1.71     0.90     0.01     0.03     0.00     0.41     5.81     0.00     0.00     0.00    0.39    18.18
  111    0.01    0.06    0.00    0.00    6.47    2.99    0.00    1.77     0.69     0.01     0.03     0.00     0.27     7.12     0.00     0.00     0.00    0.41    19.95
  112    0.01    0.06    0.00    0.00    7.42    3.42    0.00    1.98     0.50     0.01     0.03     0.00     0.44     7.05     0.00     0.00     0.00    0.46    21.52
  113    0.01    0.06    0.00    0.00    8.22    3.59    0.00    2.04     0.49     0.01     0.03     0.00     0.43     8.48     0.00     0.00     0.00    0.59    24.10
  114    0.02    0.06    0.00    0.00    8.77    4.14    0.00    2.56     0.30     0.01     0.03     0.00     0.32     9.15     0.00     0.00     0.00    0.69    26.20
  115    0.02    0.06    0.00    0.00    9.22    4.41    0.00    2.30     0.29     0.01     0.03     0.00     0.40     9.38     0.00     0.00     0.00    0.64    26.93
  116    0.02    0.06    0.00    0.00    8.59    4.59    0.00    2.34     0.27     0.01     0.03     0.00     0.30    10.82     0.00     0.00     0.00    0.58    27.76
  117    0.02    0.06    0.00    0.00    2.47    4.70    0.00    2.45     0.22     0.01     0.03     0.00     0.22    10.55     0.00     0.00     0.00    0.33    21.19
  118    0.01    0.06    0.00    0.00    0.80    5.02    0.00    2.62     0.16     0.01     0.03     0.00     0.13    10.38     0.00     0.00     0.00    0.26    19.53
  119    0.01    0.06    0.00    0.00    0.29    5.26    0.00    2.87     0.14     0.01     0.03     0.00     0.11    11.94     0.00     0.00     0.00    0.24    20.99
  120    0.01    0.06    0.00    0.00    0.14    5.57    0.00    2.84     0.14     0.01     0.03     0.00     0.08    12.32     0.00     0.00     0.00    0.27    21.47
  121    0.01    0.06    0.00    0.00    0.10    6.06    0.00    2.98     0.08     0.01     0.03     0.00     0.06    11.75     0.00     0.00     0.00    0.25    21.40
  122    0.01    0.05    0.00    0.00    0.16    6.41    0.00    3.51     0.08     0.01     0.03     0.00     0.06    14.17     0.00     0.00     0.00    0.25    24.75
  123    0.01    0.05    0.00    0.00    0.05    7.01    0.00    3.68     0.06     0.01     0.03     0.00     0.05    14.88     0.00     0.00     0.00    0.24    26.08
  124    0.01    0.05    0.00    0.00    0.04    7.78    0.00    4.29     0.05     0.01     0.03     0.00     0.07    16.94     0.00     0.00     0.00    0.26    29.55
  125    0.01    0.05    0.00    0.00    0.04    8.27    0.06    0.00     0.03     0.00     0.01     0.00     0.06     2.62     0.00     0.00     0.00    0.18    11.33
  126    0.01    0.05    0.00    0.00    0.04    7.63    0.07    0.00     0.05     0.00     0.01     0.00     0.04     2.10     0.00     0.00     0.00    0.24    10.49
  127    0.01    0.05    0.00    0.00    0.05    7.03    0.09    0.00     0.06     0.00     0.01     0.00     0.06     1.93     0.00     0.00     0.00    0.26     9.76
  128    0.01    0.05    0.00    0.00    0.06    6.49    0.11    0.00     0.08     0.00     0.01     0.00     0.05     1.78     0.00     0.00     0.00    0.26     9.10
  129    0.01    0.05    0.00    0.00    0.08    6.07    0.15    0.00     0.09     0.00     0.01     0.00     0.05     1.79     0.00     0.00     0.00    0.26     8.72
  130    0.01    0.05    0.00    0.00    0.12    5.45    0.27    0.00     0.09     0.00     0.01     0.00     0.05     1.78     0.00     0.00     0.00    0.23     8.25
  131    0.01    0.05    0.00    0.00    0.24    5.09    0.62    0.00     0.14     0.01     0.01     0.00     0.07     1.84     0.00     0.00     0.00    0.26     8.52
  132    0.01    0.05    0.00    0.00    0.77    4.94    1.83    0.00     0.16     0.01     0.01     0.00     0.11     3.17     0.00     0.00     0.00    0.25    11.46
  133    0.01    0.06    0.00    0.00    2.48    4.55    4.48    0.00     0.17     0.01     0.02     0.00     0.12    10.40     0.00     0.00     0.00    0.31    22.77
  134    0.02    0.06    0.00    0.00    8.68    4.48    7.71    0.00     0.27     0.01     0.03     0.00     0.22    12.77     0.00     0.00     0.00    0.54    34.93
  135    0.02    0.06    0.00    0.00    8.08    4.19    7.53    0.00     0.24     0.01     0.03     0.00     0.39    11.72     0.00     0.00     0.00    0.52    32.90
  136    0.01    0.06    0.00    0.00    8.30    3.87    7.24    0.00     0.28     0.01     0.03     0.00     0.26    10.77     0.00     0.00     0.00    0.51    31.47
  137    0.01    0.06    0.00    0.00    7.69    3.56    6.91    0.00     0.27     0.01     0.03     0.00     0.29    10.10     0.00     0.00     0.00    0.47    29.52
  138    0.01    0.06    0.00    0.00    7.23    3.36    6.75    0.00     0.50     0.01     0.03     0.00     0.40     8.64     0.00     0.00     0.00    0.45    27.53
  139    0.01    0.06    0.00    0.00    6.90    3.00    6.04    0.00     0.53     0.01     0.03     0.00     0.27     8.02     0.00     0.00     0.00    0.43    25.39
  140    0.01    0.06    0.00    0.00    5.92    2.84    5.57    0.00     1.03     0.01     0.03     0.00     0.41     7.42     0.00     0.00     0.00    0.39    23.79
  141    0.01    0.06    0.00    0.00    5.12    2.46    5.02    0.00     0.78     0.01     0.03     0.00     0.32     5.86     0.00     0.00     0.00    0.33    20.09
  142    0.01    0.06    0.00    0.00    4.96    2.32    4.28    0.00     1.61     0.01     0.03     0.00     0.26     5.52     0.00     0.00     0.00    0.32    19.47
  143    0.01    0.06    0.00    0.00    4.10    2.11    3.78    0.00     2.01     0.01     0.03     0.00     0.29     5.59     0.00     0.00     0.00    0.29    18.35
  144    0.01    0.07    0.00    0.00    3.86    1.98    3.24    0.00     2.82     0.01     0.03     0.00     0.36     5.06     0.00     0.00     0.00    0.31    17.83
  145    0.01    0.06    0.00    0.00    3.18    1.75    3.02    0.00     3.98     0.01     0.03     0.00     0.25     4.30     0.00     0.00     0.00    0.24    16.90
  146    0.01    0.06    0.00    0.00    2.85    1.61    2.72    0.00     4.81     0.01     0.03     0.00     0.29     3.66     0.00     0.00     0.00    0.21    16.32
  147    0.01    0.06    0.00    0.00    2.42    1.48    2.41    0.00     5.30     0.01     0.03     0.00     0.41     2.68     0.00     0.00     0.00    0.20    15.05
  148    0.01    0.06    0.00    0.00    2.14    0.42    2.22    0.00     4.24     0.01     0.03     0.00     0.28     1.74     0.00     0.00     0.00    0.17    11.35
  149    0.01    0.06    0.00    0.00    1.88    0.18    1.65    0.00     3.88     0.01     0.03     0.00     0.11     1.34     0.00     0.00     0.00    0.16     9.32
  150    0.01    0.06    0.00    0.00    1.60    0.09    1.44    0.00     2.44     0.01     0.03     0.00     0.08     1.15     0.00     0.00     0.00    0.14     7.07
  151    0.01    0.06    0.00    0.00    1.36    0.07    1.18    0.00     2.23     0.01     0.03     0.00     0.07     0.86     0.00     0.00     0.00    0.13     6.01
  152    0.01    0.05    0.00    0.00    1.21    0.05    1.07    0.00     1.51     0.01     0.03     0.00     0.06     0.82     0.00     0.00     0.00    0.11     4.96
  153    0.01    0.06    0.00    0.00    1.00    0.05    0.88    0.00     0.89     0.01     0.03     0.00     0.05     0.67     0.00     0.00     0.00    0.11     3.76
  154    0.01    0.05    0.00    0.00    0.83    0.04    0.72    0.00     0.36     0.01     0.03     0.00     0.04     0.59     0.00     0.00     0.00    0.09     2.77
  155    0.01    0.06    0.00    0.00    0.72    0.04    0.62    0.00     0.12     0.01     0.03     0.00     0.04     0.62     0.00     0.00     0.00    0.09     2.37
  156    0.01    0.06    0.00    0.00    0.59    0.03    0.00    0.05     0.05     0.00     0.01     0.00     0.04     0.32     0.00     0.00     0.00    0.08     1.24
  157    0.01    0.06    0.00    0.00    0.71    0.04    0.00    0.06     0.14     0.00     0.01     0.00     0.05     0.32     0.00     0.00     0.00    0.09     1.50
  158    0.01    0.06    0.00    0.00    0.83    0.04    0.00    0.07     0.16     0.00     0.01     0.00     0.05     0.35     0.00     0.00     0.00    0.09     1.70
  159    0.01    0.06    0.00    0.00    1.01    0.05    0.00    0.07     0.75     0.00     0.01     0.00     0.06     0.39     0.00     0.00     0.00    0.11     2.55
  160    0.01    0.06    0.00    0.00    1.18    0.06    0.00    0.08     1.33     0.00     0.01     0.00     0.06     0.46     0.00     0.00     0.00    0.12     3.41
  161    0.01    0.06    0.00    0.00    1.37    0.07    0.00    0.11     1.49     0.00     0.01     0.00     0.06     0.57     0.00     0.00     0.00    0.12     3.89
  162    0.01    0.06    0.00    0.00    1.59    0.09    0.00    0.15     2.74     0.01     0.01     0.00     0.07     0.72     0.00     0.00     0.00    0.14     5.62
  163    0.01    0.06    0.00    0.00    1.86    0.17    0.00    0.28     3.26     0.01     0.01     0.00     0.10     0.96     0.00     0.00     0.00    0.15     6.90
  164    0.01    0.05    0.00    0.00    2.12    0.44    0.00    0.64     4.56     0.01     0.02     0.00     0.12     1.89     0.00     0.00     0.00    0.17    10.08
  165    0.01    0.06    0.00    0.00    2.43    1.42    0.00    1.12     4.74     0.01     0.03     0.00     0.22     2.45     0.00     0.00     0.00    0.19    12.73
  166    0.01    0.06    0.00    0.00    2.80    1.57    0.00    1.14     3.55     0.01     0.02     0.00     0.27     3.03     0.00     0.00     0.00    0.20    12.71
  167    0.01    0.06    0.00    0.00    3.12    1.74    0.00    1.25     3.69     0.01     0.03     0.00     0.40     3.72     0.00     0.00     0.00    0.24    14.33
  168    0.01    0.06    0.00    0.00    3.66    1.92    0.00    1.41     2.88     0.01     0.03     0.00     0.41     4.30     0.00     0.00     0.00    0.26    15.02
  169    0.01    0.06    0.00    0.00    4.04    2.16    0.00    1.40     2.47     0.01     0.03     0.00     0.28     4.39     0.00     0.00     0.00    0.28    15.22
  170    0.01    0.06    0.00    0.00    4.91    2.86    0.00    1.68     1.52     0.01     0.03     0.00     0.29     4.52     0.00     0.00     0.00    0.32    16.31
  171    0.01    0.09    0.00    0.00    5.74    2.66    0.00    1.75     1.38     0.01     0.03     0.00     0.30     5.16     0.00     0.00     0.00    0.36    17.58
  172    0.01    0.07    0.00    0.00    6.32    2.91    0.00    0.00     0.92     0.00     0.00     0.00     0.29     1.34     0.00     0.00     0.00    0.48    12.35
