
% ------------ Model parameters -----------------------------------------
 Date            =  23-Aug-2022;
 Date_Time       = [  2022     8    23     6     8    15]
 Computer_type   =  GLNXA64;
 hostname        =  compute-0-27.local;
 Matlab version  =  9.2.0.538062 (R2017a);
 Input_file      =  ./model.input.wc_spinless;
 Output_dir      =  ./;
 Output_scratch  =  /state/partition1/Ne_3_Norb_35_eta_20.0000_alpha_-6.0000_parity_-1_m_1024/;
 Molecule        =  WC_spinless;
 Chainlength     =     35;
 Filling         =  0.043;

 Total_momentum  =    NaN;
 E_FCI           =  [         0.000000000000  ];

 E_HF            =          0.000000000000;
 Eigval          =  [         1.000000000000  ];

 Ordering = [   1   2   3   4   5   6   7   8   9  10  11  12  13  14  15  16  17  18  19  20  21  22  23  24  25  26  27  28  29  30  31  32  33  34  35 ];

 CAS_orb   = [  35  34  33  32  31  30  29  28  27  26  25  24  23  22  21  20  19  18  17  16  15  14  13  12  11  10   9   8   7   6   5   4   3   2   1 ];

 State_tot = [   3  -1];

 Eigval = [  1];

 M_max      = 1024;   
 M_min      = 1024;   
 Ml_start   = 512;   
 Mr_start   = 512;   
 TRE_max    =   1.000e-10;
 k_i_orig = [   2   2   2   2   2   2   2   2   2   2   2   2   2   2   2   2   2   2   2   2   2   2   2   2   2   2   2   2   2   2   2   2   2   2   2 ];

 k_i = [   2   2   2   2   2   2   2   2   2   2   2   2   2   2   2   2   2   2   2   2   2   2   2   2   2   2   2   2   2   2   2   2   2   2   2 ];

 e_k = [   0   0   0   0   0   0   0   0   0   0   0   0   0   0   0   0   0   0   0   0   0   0   0   0   0   0   0   0   0   0   0   0   0   0   0 ];


 s = 1;
 m = 60;
 h = 60*60;
 d = 60*60*24;
% ------------ DMRG parameters  -----------------------------------------

% StorageMode =     1
% Memoryopt =     0
% NumCores =     1
% Cont_data = 
% Datazip =     0
% Psi2disk =     1
% Optim_Mlist = 
% Optim_SWlist = 
% Optim_maxitlist = 
% Optim_PostDmrgFuns = 
% DMRGMODE = DMRG
% ModelTest =     0
% WorkSpaceInfo =     1
% M_max =  1024
% M_min =  1024
% ML_start =   512
% MR_start =   512
% DM_cut = 1.000000e-10
% DM_cutst = 1.000000e-10
% Trunc_proc =     3
% Turn_cond =     0
% Iter_ =     1
% Step_ =     1
% MAX_ITER = 
% MAX_SWEEP =     6
% SweepEThr =   NaN
% Eigval =     1
% p_n =     1
% Spectrum = SA
% Case_ = one
% sym_ud =     0
% Psi_parity =     0
% Enforce_Psi_ud_parity =     0
% Enforce_Psi_eh_parity =     0
% Enforce_Psi_lr_parity =     0
% StorageMemory =     0
% IOSparseOps =     0
% IOCompression =     0
% TMP = /state/partition1/Ne_3_Norb_35_eta_20.0000_alpha_-6.0000_parity_-1_m_1024/
% DeleteTemp =     0
% Disk_info =     0
% HOME = /home/legeza/
% RES = ./
% NumWorkers =     1
% maxNumCompThreads =    12
% ParCluster = local
% mpiBroadcastedConstants =     0
% mpiPreprocess =     0
% mpiDataStructure =     2
% mpiIOScratch =     0
% mpiTMP = 
% mpiDiagOnlyOpsPrecalculate =     0
% mpiDEAS =     0
% Parallel =     0
% RenormVersion = blas
% mpiTocBytesInfo =     0
% mpiWorkerWorkSpaceInfo =     0
% mpiBroadcastedBytes =     0
% Debugmode =     1
% rev_enabled =     0
% rev_enabled_orig =     0
% AddDummySites2Chainends =     0
% SBlock_config = lqqr
% SBH_mult_config = LR
% SBH_mult_version = cpp
% symop =     0
% Diagfun = eigs
% Diagfig =     6
% Diagvecmax =   100
% itmax =    40
% StartVec_use =     2
% Diagfunst = dav03
% Diagfigst =     7
% Diagvecmaxst =   100
% itmaxst =     5
% StartVec_use_inf =     1
% Infalg =     0
% Hexpt =     1
% Hexpt_eig =     0
% Jexpt =     0
% Dexpt =     0
% Sexpt =     0
% Rexpt =     0
% Iexpt =     1
% Iexpt_opformat = opp
% Siexpt =     0
% Dimerord =     0
% fullH =     0
% fullHIter =     0
% EXACT =     0
% Rhoexpt_eig =     0
% QDCompr =     0
% Cuthill =     0
% DMeigvals =     0
% rho_0pt =     1
% rho_1pt =     1
% rho_2pt =     0
% flag_endtoend =     0
% spectral_function =     0
% pt_calculate_at = end
% pt_betweensameeigvals =     1
% pt_output = mat
% pt_parallel_cores =     1
% pt_parallel_pause =     5
% stringorder =     0
% MPS_form =     0
% MPS_cleartext =     0
% HF_test =     0
% V_symtest =     0
% sym_test =     0
% CI =     0
% DEAS_symop =     0
% DEAS_save_psi =     0
% deastest =     1
% Use_deas =     0
% ExcludeDEASfunctions =     0
% RASTurnCond =     0
% CASorb =     0
% TDVP_Iter =     0
% TDVP_Sweep =     0
% TDVP_SweepStart =   NaN
% TDVP_SweepEnd =   NaN
% TDVP_t =     01.000000e-01
% TDVP_Mode = imaginary
% TDVP_M_max =    32
% TDVP_M_min =    32
% TDVP_ML_start =    32
% TDVP_MR_start =    32
% TDVP_DebugMode =     0
% TDVP_FullForm =     0
% TDVP_CheckExactEvolution =     0
% TDVP_OdeRelTol = 1.000000e-08
% TDVP_OdeAbsTol = 1.000000e-10
% Debug_Vijkl =     0
% SU2DebugMode =     0
% mrcc =     0
% ModeTrafo_use =     0
% ModeTrafo =     0
% ModeTrafo_type =     0
% ModeTrafo_start =     3
% ModeTrafo_exluded = 
% ModeTrafo_Algorithm = Renyi
% ModeTrafoLocalRotationAccepted =     0
% ModeTrafoGlobalRotationAccepted =     0
% ModeTrafo_EnforceSameAngle =     1
% RDM =     0
% RDMDUMP =     0
% RDM_orig =     0
% RDM1 =     0
% RDM2 =     0
% RDM2_version =     2
% RDM2_ops =     0
% ModeTrafo_global_freq =     0
% ModeTrafo_global_sched = 
% ModeTrafo_global_ind =     0
% ModeTrafo_global_act_iters = 
% ModeTrafoGlobal =     0
% ModeTrafoGlobalNO =     0
% fciqmc_dump =     0
% V_case = triu
% terminate =     0
% middle =     0
% DM_cut_orig = 1.000000e-10
% DM_cut_isvector =     0
% Ml =     0
% Mr =     0
% op4_use = 
% f_0 =     0
% lqqr_not_deas =     0
% rev =     0
% aux_renorm =     0
% TDVP_Evec = 
% TDVP_Eval = 
% NNearest = 
% Spacemode =     3
% Machine = GLNXA64
% Inputfile = ./model.input.wc_spinless
% Input_function = model.input.wc_spinless
% ModelInput = 
% DmrgInput = 
% fid = 
% Input_function_orig = ./model.input.wc_spinless
% Iter__ =     1
% EOS =     0
% Input_fname = model.input.wc_spinless
% Sweep = 
% TRerror = 
% Iter =     1
% Hterms = 
% NFIG = 
% Resdir = 
% form_Hfull =     0
% Memorydefrag =     0
% I_mutual = 
% SymOp_jz =     0
% DM_cut_orig_exists = 
% Enforce_Psi_ud_parity_orig =     0
% Enforce_Psi_eh_parity_orig =     0
% dmrg_run =     1
% SU2Version =     0
% opa4_use =     0
% kblocking =     0
% Memory_use =     0
% IterStart =     1
% collect_RDMs =     0
% SweepEThr_conv =     0
% en_aux_vec = 
% time_START = 1661249241581813
% time_cpu_START = 4.626442e+04
% Complex =     0
% left =     1
% right =    32
% Step =     1
% Molecule_name = WC_spinless
% Outtext_ = WC_spinless
% Qnumbers_operator =  n par
% Qnumbers_type =  U(1) Z2
% n_u_tot =   NaN
% n_d_tot =   NaN
% N_tot =   NaN
% K_tot =   NaN
% jz_i =     0    0    0    0    0    0    0    0    0    0    0    0    0    0    0    0    0    0    0    0    0    0    0    0    0    0    0    0    0    0    0    0    0    0    0
% par_i =     1   -1    1   -1    1   -1    1   -1    1   -1    1   -1    1   -1    1   -1    1   -1    1   -1    1   -1    1   -1    1   -1    1   -1    1   -1    1   -1    1   -1    1
% level_shift =     0
% HF_ocu = 
% E_FCI =     0
% E_HF =     0
% Modelfile = model_chemistry_spinless
% FCIDUMP = ./FCIDUMP.dat
% FCIDUMPComplex =     0
% FCIDUMPFormat = Txt
% FCIDUMPWorkDir = ./
% FCIDUMPThreshold = 1.000000e-15
% core_excl = 
% virtual_excl = 
% active = 
% C4_to_C2 =     0
% V_sym =     0
% Spin = 5.000000e-01
% Hubbard =     0
% Spacemode =     3
% Operators_type =     1
% pt0_operators = {n,opp1,opp4};
% pt1_operators = {c,cp;cp,c;n,n;opp1,opp1;opp1,opp4;opp2,opp3;opp3,opp2;opp4,opp1;opp4,opp4};
% pt2_operators = {opp1,opp1,opp1;opp1,opp1,opp4;opp1,opp2,opp3;opp2,opp1,opp3;opp1,opp3,opp2;opp1,opp4,opp1;opp2,opp3,opp1;opp1,opp4,opp4;opp2,opp3,opp4;opp2,opp4,opp3;opp3,opp1,opp2;opp3,opp2,opp1;opp4,opp1,opp1;opp3,opp2,opp4;opp4,opp1,opp4;opp4,opp2,opp3;opp3,opp4,opp2;opp4,opp3,opp2;opp4,opp4,opp1;opp4,opp4,opp4};
% pt1_add_transponate =     0
% pt2_add_transponate =     0
% current_operators = 
% current_add_transponate =     0
% SU2DataBase = 
% V_setup_function =     3
% Infalg =     0
% L4 =     1
% R4 =     1
% L1R3 =     1
% L3R1 =     1
% L2R2 =     1
% TLR =     1
% TL =     1
% TR =     1
% T_nuc =     0
% Bethe =     0
% U = 
% t = 
% V_ = 
% NNearest = 
% fid =     3
% fullH =     0
% Complex =     0
% SiteOperators =  F1p1 F1m1 F1p1 F1m1 F1p1 F1m1 F1p1 F1m1 F1p1 F1m1 F1p1 F1m1 F1p1 F1m1 F1p1 F1m1 F1p1 F1m1 F1p1 F1m1 F1p1 F1m1 F1p1 F1m1 F1p1 F1m1 F1p1 F1m1 F1p1 F1m1 F1p1 F1m1 F1p1 F1m1 F1p1
% R_in = 
% deas_ops =  n
% spin_dep = 
% State_tot =     3   -1
% NuclearShellVersion =     0
% NuclearShellOrder =     0
% mass_rescale =     1
% WignerCrystalCorrection =     0
% Hamilton11 =  opa1cp c
% Hamilton11_rev =  cp opa1c
% Hamilton31 =  opa31 c
% Hamilton13 =  cp opa33
% Hamilton22 =  opa2cpcp opa2cpc op2cc op2cpc
% Hamilton22_rev =  op2cpcp op2cpc opa2cc opa2cpc
% Hamilton_all =  opa4 id opa1cp opa31 cp opa2cpcp opa2cpc
% Hamilton_all_rev =  opa4 id cp opa31 cp op2cpcp op2cpc
% Hamilton_all_opreorder_L = 
% Hamilton_all_opreorder_R = 
% Hamilton_all_constructiondataR =  Size_act Size_act
% Hamilton_all_constructiondataL =  Size_act Size_act
% Hamilton_all_rev_constructiondataL =  Size_act Size_act
% Hamilton_all_rev_constructiondataR =  Size_act Size_act
% Hamilton_core_all = 
% Hamilton_core_all_constructiondataL = 
% Hamilton_opa4_1000 =  opa4 cp cp c c  
% Hamilton_op1_1100 = 
% Hamilton_opa1_1100 = 
% Hamilton_op2_1100 = 
% Hamilton_opa2_1100 =  opa2cpcp
% Hamilton_opa3_1100 = 
% Hamilton_opa4_1100 =  opa4V1 opa4V4 opa4V_id_op2cpc
% Hamilton_opa4_0001 =  opa4 cp cp c c  
% Hamilton_op1_0011 = 
% Hamilton_opa1_0011 = 
% Hamilton_op2_0011 = 
% Hamilton_opa2_0011 = 
% Hamilton_opa3_0011 = 
% Hamilton_opa4_0011 =  opa4Vop31 opa4Vop2cpcp opa4Vop2cpc opa4Vopa4 opa4V_cp_c
% Hamilton_all_logical = 
% Hamilton_all_rev_logical = 
% ModeTrafoUse = 
% fact_ =     1
% n_tot =     3
% par_tot =    -1
% Operators = 
% Hamilton_all_opreorder = 
% Hamilton_opa1cp_1000 =  opa1cp cp
% Hamilton_opa1cp_new_1000 =  op1V_cp cp
% Table_opa1cp_1000 =  op1V_cp 
% Hamilton_opa2_1000 =  opa2cpcp opa2cpc opa2cpc
% Hamilton_opa2cpcp_1000 =  op2V_op2cpcp op2cpcp
% Hamilton_opa2cpc_1000 =  op2V_op2cpc op2V_op2cpc_tp op2cpc
% Table_opa2_1000 = 
% Hamilton_opa31_1000 =  opa31 cp cp c
% Hamilton_opa1c_0001 =  opa1c c
% Hamilton_opa1c_new_0001 =  op1V_c c
% Table_opa1c_0001 =  op1V_c 
% Hamilton_op2_0001 =  op2cc op2cpc c cp c
% Hamilton_opa2_0001 =  opa2cc opa2cpc opa2cpc
% Hamilton_opa2cc_0001 =  op2V_op2cc op2cc
% Hamilton_opa2cpc_0001 =  op2V_op2cpc op2V_op2cpc_tp op2cpc
% Table_opa2_0001 = 
% Hamilton_opa33_0001 =  opa33 cp c c
% opa33_0001_core = 
% Table_core_iclcjaka = 
% Table_opa4_core_v = 
% DeasCoreStateIndex =     2
% Hamilton_cp_1100 =  cp ph id cp
% Hamilton_c_1100 =  c ph id c
% Hamilton_opa1cp_1100 =  opa1cpV2 opa1cp ph id cp
% Table_opa1cp_1100 = 
% Hamilton_op2cpcp_1100 =  op2cpcp cp id cp
% Hamilton_op2cpc_1100 =  op2cpc cp id id
% Table_opa2_1100 = 
% Table_opa2core_1100 = 
% Hamilton_opa2cpcp_1100 =  op2V12 op2V12 opa2cpcp cp id id
% Hamilton_opa2cpc_1100 =  op2V53 op2V53 op2V53ji opa2cpc cp id
% Hamilton_opa2core =  opa2cpc_core opa2cpc_core opa2cpc_core
% Hamilton_opa2core_rev =  opa2cpc_core opa2cpc_core opa2cpc_core
% Hamilton_opa2core_lqqr =  op2V_cp_c_core op2V_cp_cp_tp_core op2V_id_op2cpc_core opa2cpc_core cp cp
% Hamilton_opa2core_rev_lqqr =  op2V_op2cpc_id_core op2V_op2cpc_id_tp_core op2V_cp_c_core op2V_cp_cp_tp_core op2V_id_op2cpc_core op2cpc op2cpc
% Hamilton_opa31_1100 =  op3V4 op3V3161 opa31 opa2cpc
% Hamilton_opa31_rev_1100 =  op3V_op2cpcp_c op3V_op2cpc_cp op3V_op2cpc_cp_tp op3V4 op3V3161 opa31
% Table_opa31_1100 = 
% Hamilton_opa4_rev_1100 =  opa4V1 opa4V_op2cpc_op2cpc opa4V_op2cpc_op2cpc_tp opa4V4 opa4V_cp_c
% Table_opa4_1100 = 
% Hamilton_cp_0011 =  id cp cp id ph
% Hamilton_c_0011 =  id c c id ph
% Hamilton_opa1c_0011 =  op1V_c_id id c opa1c id ph
% Table_opa1c_0011 =  op1V_c_id 
% Table_opa1cp_0011 = 
% Hamilton_op2cc_0011 =  op2cc c id id
% Hamilton_op2cpc_0011 =  op2cpc cp id id
% Table_opa2_0011 = 
% Hamilton_opa2cc_0011 =  op2V_c_c id c opa2cc c
% Hamilton_opa2cpc_0011 =  op2V_cp_c op2V_c_c_tp op2V_op2cpc_id id cp c
% Table_opa2core_0011 = 
% Hamilton_opa33_0011 =  op3V6162 op3V41 op3V21 op3V5152 op3V51b52b op3V5152core
% Hamilton_opa33_rev_0011 =  op3V6162 op3V41 op3V5152core id
% Table_opa33_0011 = 
% Table_opa33_core_0011 = 
% Hamilton_opa4_rev_0011 =  opa4Vop31 opa4Vopa4 opa4V_op2cpc_id
% Table_opa4_0011 = 
% Table_opa4_core_0011 = 
% L1R1 =     1
% Hamilton_id_1100 =  id id
% Hamilton_id_0011 =  id id
% Hamilton_ph_1100 =  ph ph
% Hamilton_ph_0011 =  ph ph
% Qnum_file = 
% V_case = triu
% ------------ Legend          -----------------------------------------
% Iter  ==  One renormaliztaion step in DMRG 
% Energy==  Dmrg energy
% E_rel ==  (E_FCI - E_DMRG)/E_FCI
% l*    ==  Length of left block + site
% *r    ==  Length of site + right block  
% E_tr  ==  Truncation error
% Time  ==  Total time
% Dim_n ==  Superblock Hilbert space dimension after State_tot restriction
% Dim_k ==  Superblock Hilbert space dimension after K_tot    restriction
% Dim_s ==  Superblock Hilbert space dimension after S_ud     symmetry
% NLC   ==  Number of Lanczos/Davidson calls   
% Diagt ==  Digonalization time
% 1-Stv0 ==  Fidelity error of the starting vector
% --------------------------------------------------------
%Iter         Energy        E_rel    l*  *r   Ml   Mr    E_tr     Time    Dim_n  Dim_k  Dim_s  NLC  Diagt  1-StvO  Ecorr  Parity
 A_in = [... 
    1      8.45625882781106       Inf    2   33     2   512  0.00e+00    1.1*m        377        377        377   81     1.0*s  1.0e+00   0.000  0.00  0.00
    2      8.45623323191641       Inf    3   32     4   512 -1.33e-15    1.3*m        448        448        448   40     0.5*s  8.0e-09   0.000  0.00  0.00
    3      8.45556334847333       Inf    4   31     8   512 -3.55e-15    1.4*m        535        535        535   48     0.6*s  3.0e-07   0.000  0.00  0.00
    4      8.45550181580380       Inf    5   30    16   512 -1.78e-15    1.6*m        624        624        624   45     0.5*s  2.7e-08   0.000  0.00  0.00
    5      8.45410719299114       Inf    6   29    32   512  7.77e-16    1.7*m        731        731        731   51     0.7*s  8.9e-07   0.000  0.00  0.00
    6      8.45398785780516       Inf    7   28    64   512 -2.00e-15    1.9*m        840        840        840   48     0.7*s  7.5e-08   0.000  0.00  0.00
    7      8.45128895744139       Inf    8   27   128   512 -1.55e-15    2.0*m        969        969        969   54     0.9*s  2.5e-06   0.000  0.00  0.00
    8      8.45107859789849       Inf    9   26   256   512  3.33e-16    2.2*m       1100       1100       1100   52     0.9*s  1.9e-07   0.000  0.00  0.00
    9      8.44585059825854       Inf   10   25   512   512 -2.22e-15    2.4*m       1253       1253       1253   57     1.1*s  7.6e-06   0.000  0.00  0.00
   10      8.44548604355999       Inf   11   24   512   512 -1.55e-15    2.7*m       1266       1266       1266   55     0.9*s  5.1e-07   0.000  0.00  0.00
   11      8.43475024509250       Inf   12   23   512   512 -8.88e-16    2.9*m       1302       1302       1302   62     1.0*s  2.5e-05   0.000  0.00  0.00
   12      8.43407664022257       Inf   13   22   512   512 -2.89e-15    3.1*m       1368       1368       1368   59     1.0*s  1.5e-06   0.000  0.00  0.00
   13      8.40938252613370       Inf   14   21   512   512 -2.00e-15    3.4*m       1426       1426       1426   67     1.3*s  1.0e-04   0.000  0.00  0.00
   14      8.40788053121841       Inf   15   20   512   512 -2.22e-16    3.6*m       1488       1488       1488   64     1.3*s  6.2e-06   0.000  0.00  0.00
   15      8.33967951066144       Inf   16   19   512   512 -4.44e-16    3.8*m       1564       1564       1564   75     1.3*s  5.7e-04   0.000  0.00  0.00
   16      8.33456806515066       Inf   17   18   512   512 -6.66e-16    4.0*m       1629       1629       1629   71     1.4*s  4.8e-05   0.000  0.00  0.00
   17      8.12462058871163       Inf   18   17   512   512 -6.66e-16    4.3*m       1696       1696       1696   86     1.7*s  4.2e-03   0.000  0.00  0.00
   18      8.07347520073804       Inf   19   16   512   512 -6.66e-16    4.5*m       1759       1759       1759   89     1.8*s  2.8e-03   0.000  0.00  0.00
   19      5.20525411254782       Inf   20   15   512   470 -1.11e-15    4.7*m       1648       1648       1648  123     2.2*s  2.5e-01   0.000  0.00  0.00
   20      6.07087966507988       Inf   21   14   512   378 -2.44e-15    4.8*m       1489       1489       1489  114     1.8*s  4.1e-02   0.000  0.00  0.00
   21      4.05449173066095       Inf   22   13   512   299 -2.22e-15    5.0*m       1355       1355       1355   99     1.3*s  6.6e-02   0.000  0.00  0.00
   22      6.21150525955000       Inf   23   12   512   232  7.77e-16    5.1*m       1189       1189       1189  101     1.4*s  3.6e-02   0.000  0.00  0.00
   23      4.11766059559772       Inf   24   11   512   176  4.44e-16    5.2*m       1009       1009       1009   86     1.0*s  7.5e-02   0.000  0.00  0.00
   24      5.41494733670048       Inf   25   10   512   130 -2.22e-16    5.3*m        867        867        867   77     0.8*s  3.9e-02   0.000  0.00  0.00
   25      5.32868053275299       Inf   26    9   512    93 -1.33e-15    5.3*m        741        741        741   63     0.6*s  6.0e-03   0.000  0.00  0.00
   26      5.20071320593958       Inf   27    8   512    64 -1.33e-15    5.4*m        625        625        625   52     0.4*s  4.7e-03   0.000  0.00  0.00
   27      5.06544708229503       Inf   28    7   512    42 -8.88e-16    5.4*m        522        522        522   44     0.3*s  6.0e-03   0.000  0.00  0.00
   28      5.12315768715418       Inf   29    6   512    26  4.44e-16    5.4*m        398        398        398   34     0.3*s  2.4e-04   0.000  0.00  0.00
   29      5.10537287594562       Inf   30    5   512    15 -8.88e-16    5.5*m        251        251        251   36     0.2*s  1.5e-03   0.000  0.00  0.00
   30      5.11368741227535       Inf   31    4   512     8  0.00e+00    5.5*m        148        148        148   21     0.1*s  6.3e-05   0.000  0.00  0.00
   31      5.11201250859852       Inf   32    3   512     4 -2.22e-16    5.5*m         90         90         90   20     0.1*s  2.0e-05   0.000  0.00  0.00
   32      5.11107238007761       Inf   33    2   512     2  1.11e-16    5.6*m         55         55         55   46     0.3*s  1.3e-06   0.000  0.00  0.00
   33      5.11104809983350       Inf   32    3   512     4  6.66e-16    5.6*m         90         90         90   82     0.4*s  5.1e-07   0.000  0.00  0.00
   34      5.11096505388648       Inf   31    4   512     8  9.99e-16    5.6*m        148        148        148  178     0.9*s  2.7e-06   0.000  0.00  0.00
   35      5.11002614197623       Inf   30    5   512    16  1.44e-15    5.7*m        251        251        251  442     2.5*s  3.5e-05   0.000  0.00  0.00
   36      5.10952205942421       Inf   29    6   512    32  2.22e-16    5.7*m        398        398        398  496     3.0*s  1.8e-05   0.000  0.00  0.00
   37      5.10510964935915       Inf   28    7   512    64  2.55e-15    5.8*m        522        522        522  676     4.2*s  1.1e-04   0.000  0.00  0.00
   38      5.10375444269035       Inf   27    8   512   128  2.33e-15    5.9*m        625        625        625  757     4.9*s  7.1e-05   0.000  0.00  0.00
   39      5.06679644670198       Inf   26    9   512   256 -1.11e-15    6.1*m        741        741        741  877     6.4*s  1.0e-03   0.000  0.00  0.00
   40      5.06573852448937       Inf   25   10   512   512  5.55e-16    6.2*m        867        867        867  568     4.6*s  5.0e-05   0.000  0.00  0.00
   41      5.04037817583534       Inf   24   11   512  1024  7.77e-16    6.4*m       1009       1009       1009  796     6.9*s  5.9e-04   0.000  0.00  0.00
   42      5.08862186992245       Inf   23   12   512  1024  4.22e-15    6.6*m        962        962        962  607     5.6*s  9.9e-06   0.000  0.00  0.00
   43      5.15217932102897       Inf   22   13   512  1024  9.99e-16    6.8*m        935        935        935  559     5.3*s  2.2e-05   0.000  0.00  0.00
   44      5.17427267079264       Inf   21   14   512  1024  2.22e-16    6.9*m        886        886        886  250     2.5*s  2.9e-06   0.000  0.00  0.00
   45      5.22105300897614       Inf   20   15   512  1024 -2.66e-15    7.1*m        898        898        898  244     2.6*s  4.2e-06   0.000  0.00  0.00
   46      5.22324072942709       Inf   19   16   512  1024  1.11e-16    7.3*m        880        880        880  121     1.3*s  1.7e-07   0.000  0.00  0.00
   47      5.22763265198426       Inf   18   17   512  1024 -1.33e-15    7.5*m        908        908        908  100     1.3*s  2.2e-07   0.000  0.00  0.00
   48      5.22768695704970       Inf   17   18   512  1024 -4.00e-15    7.7*m        917        917        917   55     0.7*s  1.6e-09   0.000  0.00  0.00
   49      5.22778441486688       Inf   16   19   512  1024 -2.22e-15    7.9*m        909        909        909   49     0.6*s  1.6e-09   0.000  0.00  0.00
   50      5.22778492621000       Inf   15   20   512  1024 -1.33e-15    8.1*m        901        901        901   34     0.5*s  3.3e-11   0.000  0.00  0.00
   51      5.22778573564433       Inf   14   21   512  1024 -4.44e-16    8.4*m        864        864        864   28     0.4*s  3.5e-11   0.000  0.00  0.00
   52      5.22778574339506       Inf   13   22   512  1024 -4.22e-15    8.6*m        894        894        894   19     0.3*s  4.8e-12   0.000  0.00  0.00
   53      5.22778575290910       Inf   12   23   512  1024 -4.44e-16    8.9*m        868        868        868   16     0.2*s  4.6e-12   0.000  0.00  0.00
   54      5.22778575737435       Inf   11   24   512  1024 -3.33e-15    9.2*m        868        868        868   13     0.2*s  9.0e-13   0.000  0.00  0.00
   55      5.22778576224515       Inf   10   25   512  1024 -3.11e-15    9.6*m        930        930        930   16     0.3*s  8.9e-13   0.000  0.00  0.00
   56      5.22778576411895       Inf    9   26   256  1024 -2.44e-15    9.9*m        793        793        793   10     0.2*s  2.0e-13   0.000  0.00  0.00
   57      5.22778576604300       Inf    8   27   128  1024 -2.00e-15   10.2*m        675        675        675   10     0.1*s  1.9e-13   0.000  0.00  0.00
   58      5.22778576679658       Inf    7   28    64  1024  2.22e-16   10.6*m        560        560        560   10     0.1*s  4.7e-14   0.000  0.00  0.00
   59      5.22778576753887       Inf    6   29    32  1024 -6.66e-16   10.9*m        412        412        412    7     0.1*s  4.6e-14   0.000  0.00  0.00
   60      5.22778576781231       Inf    5   30    16  1024 -1.11e-15   11.3*m        273        273        273    7     0.1*s  1.1e-14   0.000  0.00  0.00
   61      5.22778576807321       Inf    4   31     8  1024  3.33e-16   11.7*m        175        175        175    7     0.1*s  1.1e-14   0.000  0.00  0.00
   62      5.22778576815192       Inf    3   32     4  1024 -6.66e-16   12.1*m         91         91         91    7     0.1*s  2.3e-15   0.000  0.00  0.00
   63      5.22778576824395       Inf    2   33     2  1024  4.44e-16   12.6*m         53         53         53    7     0.0*s  2.0e-15   0.000  0.00  0.00
   64      5.22778576815192       Inf    3   32     4  1024  0.00e+00   12.8*m         91         91         91    7     0.0*s  2.0e-15   0.000  0.00  0.00
   65      5.22778576807320       Inf    4   31     8  1024 -2.22e-16   13.0*m        175        175        175    7     0.1*s  1.6e-15   0.000  0.00  0.00
   66      5.22778576781232       Inf    5   30    16  1024 -1.11e-15   13.1*m        273        273        273    7     0.1*s  1.0e-14   0.000  0.00  0.00
   67      5.22778576753884       Inf    6   29    32  1024 -8.88e-16   13.2*m        412        412        412    7     0.1*s  1.1e-14   0.000  0.00  0.00
   68      5.22778576679660       Inf    7   28    64  1024  5.55e-16   13.4*m        560        560        560   10     0.1*s  4.6e-14   0.000  0.00  0.00
   69      5.22778576604298       Inf    8   27   128  1024 -2.22e-15   13.5*m        675        675        675   10     0.2*s  4.7e-14   0.000  0.00  0.00
   70      5.22778576411895       Inf    9   26   256  1024 -1.11e-15   13.7*m        793        793        793   10     0.2*s  1.9e-13   0.000  0.00  0.00
   71      5.22778576224516       Inf   10   25   512  1024 -6.66e-16   13.9*m        930        930        930   10     0.2*s  2.0e-13   0.000  0.00  0.00
   72      5.22778575732908       Inf   11   24  1024  1024 -8.88e-16   14.4*m       1062       1062       1062   16     0.3*s  8.8e-13   0.000  0.00  0.00
   73      5.22778575280244       Inf   12   23  1024  1024 -2.89e-15   15.0*m        982        982        982   13     0.2*s  9.1e-13   0.000  0.00  0.00
   74      5.22778574316374       Inf   13   22  1024  1024 -2.00e-15   15.5*m        938        938        938   19     0.3*s  4.6e-12   0.000  0.00  0.00
   75      5.22778573498556       Inf   14   21  1024  1024 -2.00e-15   16.1*m        934        934        934   19     0.3*s  4.6e-12   0.000  0.00  0.00
   76      5.22778492430564       Inf   15   20  1024  1024 -2.89e-15   16.6*m        967        967        967   34     0.5*s  3.4e-11   0.000  0.00  0.00
   77      5.22778440806879       Inf   16   19  1024  1024 -3.77e-15   17.0*m        941        941        941   31     0.4*s  3.2e-11   0.000  0.00  0.00
   78      5.22768693905905       Inf   17   18  1024  1024 -1.55e-15   17.5*m        938        938        938   64     0.9*s  1.6e-09   0.000  0.00  0.00
   79      5.22763261275402       Inf   18   17  1024  1024 -4.66e-15   17.8*m        900        900        900   73     0.9*s  1.6e-09   0.000  0.00  0.00
   80      5.22324068093379       Inf   19   16  1024  1024 -3.77e-15   18.2*m        865        865        865  118     1.3*s  2.2e-07   0.000  0.00  0.00
   81      5.22105258058609       Inf   20   15  1024  1024 -6.66e-16   18.5*m        842        842        842  196     2.0*s  1.7e-07   0.000  0.00  0.00
   82      5.17427143384076       Inf   21   14  1024  1024  1.22e-15   18.8*m        825        825        825  283     2.7*s  4.2e-06   0.000  0.00  0.00
   83      5.15216772183802       Inf   22   13  1024  1024 -1.78e-15   19.1*m        841        841        841  475     4.4*s  2.9e-06   0.000  0.00  0.00
   84      5.08837629936805       Inf   23   12  1024  1024 -6.88e-15   19.4*m        844        844        844  634     5.6*s  2.0e-05   0.000  0.00  0.00
   85      5.03999836192135       Inf   24   11  1024  1024  1.67e-15   19.7*m        923        923        923  646     5.7*s  8.8e-06   0.000  0.00  0.00
   86      5.03758599068189       Inf   25   10  1024   512  5.77e-15   19.9*m        804        804        804  589     4.7*s  3.4e-06   0.000  0.00  0.00
   87      5.03637596827349       Inf   26    9  1024   256  3.33e-15   20.1*m        678        678        678  628     4.5*s  8.4e-06   0.000  0.00  0.00
   88      5.03590154114319       Inf   27    8  1024   128 -3.77e-15   20.3*m        559        559        559  442     2.9*s  2.6e-07   0.000  0.00  0.00
   89      5.03544408611822       Inf   28    7  1024    64  2.22e-16   20.4*m        466        466        466  370     2.4*s  2.0e-07   0.000  0.00  0.00
   90      5.03539179649675       Inf   29    6  1024    32 -8.88e-16   20.5*m        370        370        370  274     1.7*s  8.7e-09   0.000  0.00  0.00
   91      5.03539979536160       Inf   30    5  1024    16 -2.22e-16   20.5*m        246        246        246  118     0.7*s  3.2e-09   0.000  0.00  0.00
   92      5.03544151530880       Inf   31    4  1024     8 -4.44e-16   20.6*m        168        168        168  112     0.6*s  1.0e-09   0.000  0.00  0.00
   93      5.03544185394235       Inf   32    3  1024     4 -1.78e-15   20.6*m        104        104        104   28     0.1*s  1.3e-11   0.000  0.00  0.00
   94      5.03544403162022       Inf   33    2  1024     2  2.22e-16   20.7*m         54         54         54   22     0.1*s  1.7e-11   0.000  0.00  0.00
   95      5.03544185394251       Inf   32    3  1024     4  1.22e-15   20.7*m        104        104        104   28     0.1*s  1.7e-11   0.000  0.00  0.00
   96      5.03544151530865       Inf   31    4  1024     8  1.11e-15   20.7*m        168        168        168   43     0.2*s  1.3e-11   0.000  0.00  0.00
   97      5.03539979536158       Inf   30    5  1024    16  7.77e-16   20.8*m        246        246        246  127     0.6*s  1.0e-09   0.000  0.00  0.00
   98      5.03539179649675       Inf   29    6  1024    32 -6.66e-16   20.8*m        370        370        370  244     1.3*s  3.2e-09   0.000  0.00  0.00
   99      5.03544408611816       Inf   28    7  1024    64  0.00e+00   20.9*m        466        466        466  289     1.9*s  8.7e-09   0.000  0.00  0.00
  100      5.03590154114309       Inf   27    8  1024   128 -2.22e-15   21.0*m        559        559        559  412     2.9*s  1.9e-07   0.000  0.00  0.00
  101      5.03637596827331       Inf   26    9  1024   256  2.89e-15   21.1*m        678        678        678  493     3.7*s  2.6e-07   0.000  0.00  0.00
  102      5.03758599068217       Inf   25   10  1024   512  3.22e-15   21.3*m        804        804        804  646     5.4*s  8.4e-06   0.000  0.00  0.00
  103      5.03999836192121       Inf   24   11  1024  1024  2.22e-16   21.5*m        923        923        923  589     5.2*s  3.4e-06   0.000  0.00  0.00
  104      5.08837207882064       Inf   23   12  1024  1024  9.21e-15   21.8*m        797        797        797  562     4.8*s  1.0e-05   0.000  0.00  0.00
  105      5.15218637125285       Inf   22   13  1024  1024  1.11e-16   22.0*m        814        814        814  502     4.5*s  1.6e-05   0.000  0.00  0.00
  106      5.17421860062819       Inf   21   14  1024  1024 -6.22e-15   22.3*m        810        810        810  268     2.7*s  5.5e-06   0.000  0.00  0.00
  107      5.22090832035833       Inf   20   15  1024  1024 -1.55e-15   22.5*m        842        842        842  199     2.1*s  3.8e-06   0.000  0.00  0.00
  108      5.22309959986558       Inf   19   16  1024  1024  1.11e-16   22.8*m        864        864        864  136     1.6*s  1.3e-07   0.000  0.00  0.00
  109      5.22747665302090       Inf   18   17  1024  1024 -3.55e-15   23.1*m        883        883        883  118     1.4*s  2.3e-07   0.000  0.00  0.00
  110      5.22753043524127       Inf   17   18  1024  1024 -3.33e-15   23.4*m        917        917        917   70     0.9*s  1.5e-09   0.000  0.00  0.00
  111      5.22762743965570       Inf   16   19  1024  1024 -6.66e-15   23.7*m        947        947        947   52     0.7*s  2.5e-09   0.000  0.00  0.00
  112      5.22762796597073       Inf   15   20  1024  1024 -8.88e-16   24.1*m        934        934        934   37     0.5*s  3.3e-11   0.000  0.00  0.00
  113      5.22762877542076       Inf   14   21  1024  1024 -8.88e-16   24.5*m        947        947        947   34     0.5*s  3.2e-11   0.000  0.00  0.00
  114      5.22762878375500       Inf   13   22  1024  1024 -2.44e-15   24.9*m        910        910        910   19     0.3*s  4.6e-12   0.000  0.00  0.00
  115      5.22762879330898       Inf   12   23  1024  1024  2.22e-16   25.3*m        970        970        970   19     0.3*s  4.4e-12   0.000  0.00  0.00
  116      5.22762879819085       Inf   11   24  1024  1024 -1.11e-15   25.8*m       1080       1080       1080   16     0.3*s  9.0e-13   0.000  0.00  0.00
  117      5.22762880312380       Inf   10   25   512  1024 -1.78e-15   26.1*m        943        943        943   13     0.2*s  8.9e-13   0.000  0.00  0.00
  118      5.22762880516924       Inf    9   26   256  1024 -6.66e-16   26.4*m        812        812        812   10     0.2*s  2.0e-13   0.000  0.00  0.00
  119      5.22762880710588       Inf    8   27   128  1024 -2.44e-15   26.7*m        678        678        678   10     0.1*s  2.0e-13   0.000  0.00  0.00
  120      5.22762880793432       Inf    7   28    64  1024 -6.66e-16   27.1*m        561        561        561   10     0.1*s  4.6e-14   0.000  0.00  0.00
  121      5.22762880868510       Inf    6   29    32  1024 -1.11e-15   27.5*m        408        408        408    7     0.1*s  4.7e-14   0.000  0.00  0.00
  122      5.22762880898605       Inf    5   30    16  1024 -4.44e-16   27.8*m        297        297        297    7     0.1*s  1.1e-14   0.000  0.00  0.00
  123      5.22762880925075       Inf    4   31     8  1024 -2.22e-16   28.2*m        171        171        171    7     0.1*s  1.1e-14   0.000  0.00  0.00
  124      5.22762880933744       Inf    3   32     4  1024 -6.66e-16   28.7*m        102        102        102    7     0.1*s  1.9e-15   0.000  0.00  0.00
  125      5.22762880943226       Inf    2   33     2  1024 -6.66e-16   29.2*m         54         54         54    7     0.0*s  1.9e-15   0.000  0.00  0.00
  126      5.22762880933744       Inf    3   32     4  1024 -4.44e-16   29.4*m        102        102        102    7     0.1*s  1.8e-15   0.000  0.00  0.00
  127      5.22762880925074       Inf    4   31     8  1024 -4.44e-16   29.6*m        171        171        171    7     0.1*s  2.1e-15   0.000  0.00  0.00
  128      5.22762880898605       Inf    5   30    16  1024 -4.44e-16   29.7*m        297        297        297    7     0.1*s  1.1e-14   0.000  0.00  0.00
  129      5.22762880868509       Inf    6   29    32  1024  1.11e-16   29.9*m        408        408        408    7     0.1*s  1.1e-14   0.000  0.00  0.00
  130      5.22762880793432       Inf    7   28    64  1024 -6.66e-16   30.0*m        561        561        561    7     0.1*s  4.6e-14   0.000  0.00  0.00
  131      5.22762880710588       Inf    8   27   128  1024 -4.44e-16   30.1*m        678        678        678   10     0.1*s  4.6e-14   0.000  0.00  0.00
  132      5.22762880516923       Inf    9   26   256  1024 -1.11e-15   30.3*m        812        812        812   10     0.2*s  1.9e-13   0.000  0.00  0.00
  133      5.22762880312379       Inf   10   25   512  1024 -2.22e-15   30.5*m        943        943        943   10     0.2*s  2.0e-13   0.000  0.00  0.00
  134      5.22762879819085       Inf   11   24  1024  1024 -1.33e-15   31.0*m       1080       1080       1080   16     0.3*s  8.9e-13   0.000  0.00  0.00
  135      5.22762879331000       Inf   12   23  1024  1024 -2.00e-15   31.5*m        992        992        992   16     0.2*s  9.0e-13   0.000  0.00  0.00
  136      5.22762878375577       Inf   13   22  1024  1024 -8.88e-16   32.1*m        910        910        910   19     0.3*s  4.4e-12   0.000  0.00  0.00
  137      5.22762877542038       Inf   14   21  1024  1024 -1.11e-15   32.6*m        949        949        949   19     0.3*s  4.6e-12   0.000  0.00  0.00
  138      5.22762796597886       Inf   15   20  1024  1024 -1.55e-15   33.1*m        933        933        933   37     0.5*s  3.2e-11   0.000  0.00  0.00
  139      5.22762743984152       Inf   16   19  1024  1024 -2.22e-16   33.5*m        947        947        947   40     0.5*s  3.2e-11   0.000  0.00  0.00
  140      5.22753043536351       Inf   17   18  1024  1024 -3.55e-15   33.9*m        923        923        923   79     1.0*s  2.5e-09   0.000  0.00  0.00
  141      5.22747665322662       Inf   18   17  1024  1024 -4.88e-15   34.3*m        857        857        857   73     0.8*s  1.5e-09   0.000  0.00  0.00
  142      5.22309960015947       Inf   19   16  1024  1024 -2.22e-15   34.7*m        858        858        858  139     1.6*s  2.3e-07   0.000  0.00  0.00
  143      5.22090832060947       Inf   20   15  1024  1024  2.11e-15   35.0*m        836        836        836  184     2.0*s  1.3e-07   0.000  0.00  0.00
  144      5.17421859652397       Inf   21   14  1024  1024 -4.00e-15   35.3*m        793        793        793  289     2.8*s  3.8e-06   0.000  0.00  0.00
  145      5.15218635088299       Inf   22   13  1024  1024 -1.55e-15   35.6*m        755        755        755  445     4.0*s  5.5e-06   0.000  0.00  0.00
  146      5.08837204967714       Inf   23   12  1024  1024 -2.89e-15   35.9*m        749        749        749  562     4.8*s  1.6e-05   0.000  0.00  0.00
  147      5.03999834946694       Inf   24   11  1024  1024  1.78e-15   36.1*m        891        891        891  610     5.3*s  1.0e-05   0.000  0.00  0.00
  148      5.03758628458351       Inf   25   10  1024   512  2.78e-15   36.3*m        778        778        778  538     4.2*s  3.4e-06   0.000  0.00  0.00
  149      5.03637643388351       Inf   26    9  1024   256  8.88e-16   36.5*m        633        633        633  574     3.9*s  8.4e-06   0.000  0.00  0.00
  150      5.03590224031812       Inf   27    8  1024   128 -1.55e-15   36.6*m        531        531        531  400     2.4*s  2.6e-07   0.000  0.00  0.00
  151      5.03544438622341       Inf   28    7  1024    64  7.77e-16   36.7*m        437        437        437  349     2.2*s  2.5e-07   0.000  0.00  0.00
  152      5.03539225610168       Inf   29    6  1024    32 -2.22e-16   36.8*m        330        330        330  250     1.5*s  8.9e-09   0.000  0.00  0.00
  153      5.03540025362161       Inf   30    5  1024    16  4.44e-15   36.9*m        224        224        224  157     0.9*s  3.3e-09   0.000  0.00  0.00
  154      5.03544208466939       Inf   31    4  1024     8 -1.11e-15   36.9*m        147        147        147   76     0.4*s  1.1e-09   0.000  0.00  0.00
  155      5.03544242301177       Inf   32    3  1024     4  2.44e-15   37.0*m         89         89         89   25     0.1*s  1.6e-11   0.000  0.00  0.00
  156      5.03544460612854       Inf   33    2  1024     2 -6.66e-16   37.0*m         46         46         46   16     0.1*s  1.8e-11   0.000  0.00  0.00
  157      5.03544242301171       Inf   32    3  1024     4 -8.88e-16   37.0*m         89         89         89   28     0.1*s  1.8e-11   0.000  0.00  0.00
  158      5.03544208466931       Inf   31    4  1024     8 -4.44e-16   37.1*m        147        147        147   34     0.2*s  1.6e-11   0.000  0.00  0.00
  159      5.03540025362168       Inf   30    5  1024    16 -1.55e-15   37.1*m        224        224        224  142     0.7*s  1.1e-09   0.000  0.00  0.00
  160      5.03539225610164       Inf   29    6  1024    32 -2.22e-15   37.2*m        330        330        330  220     1.3*s  3.3e-09   0.000  0.00  0.00
  161      5.03544438622324       Inf   28    7  1024    64  2.66e-15   37.2*m        437        437        437  259     1.5*s  8.9e-09   0.000  0.00  0.00
  162      5.03590224031813       Inf   27    8  1024   128  2.00e-15   37.3*m        531        531        531  388     2.7*s  2.5e-07   0.000  0.00  0.00
  163      5.03637643388330       Inf   26    9  1024   256 -2.22e-15   37.4*m        633        633        633  451     3.3*s  2.6e-07   0.000  0.00  0.00
  164      5.03758628458355       Inf   25   10  1024   512  2.55e-15   37.6*m        778        778        778  610     4.6*s  8.4e-06   0.000  0.00  0.00
  165      5.03999834946684       Inf   24   11  1024  1024 -6.44e-15   37.8*m        891        891        891  544     4.7*s  3.4e-06   0.000  0.00  0.00
  166      5.08837502856770       Inf   23   12  1024  1024  2.78e-15   38.0*m        758        758        758  439     3.5*s  9.5e-06   0.000  0.00  0.00
  167      5.15219072242407       Inf   22   13  1024  1024  5.00e-15   38.2*m        744        744        744  415     3.7*s  1.6e-05   0.000  0.00  0.00
  168      5.17425289274663       Inf   21   14  1024  1024 -4.22e-15   38.5*m        810        810        810  289     2.9*s  2.9e-06   0.000  0.00  0.00
  169      5.22098235902492       Inf   20   15  1024  1024 -2.89e-15   38.7*m        826        826        826  232     2.5*s  6.7e-06   0.000  0.00  0.00
  170      5.22315511240625       Inf   19   16  1024  1024 -1.78e-15   39.0*m        895        895        895  130     1.5*s  1.8e-07   0.000  0.00  0.00
  171      5.22754221386211       Inf   18   17  1024  1024 -6.66e-15   39.3*m        883        883        883  115     1.4*s  2.3e-07   0.000  0.00  0.00
  172      5.22759599934012       Inf   17   18  1024  1024 -2.66e-15   39.6*m        933        933        933   70     0.9*s  1.3e-09   0.000  0.00  0.00
