
% Iter, left* *right     MemuseL     MemuseR     MemuseLR   DavsonSpace
A_in = [...
      1      2     33         0.011    374.390    374.401       0.687
      2      3     32         0.041    469.819    469.860       0.801
      3      4     31         0.138    378.475    378.613       0.941
      4      5     30         0.492    473.904    474.396       1.084
      5      6     29         1.828    382.560    384.387       1.256
      6      7     28         6.938    477.989    484.926       1.432
      7      8     27        26.602    386.644    413.246       1.639
      8      9     26       102.572    482.074    584.645       1.850
      9     10     25       396.909    390.729    787.638       2.096
     10     11     24       415.265    486.158    901.424       2.117
     11     12     23       439.032    394.814    833.846       2.174
     12     13     22       449.504    490.243    939.748       2.281
     13     14     21       456.243    398.899    855.142       2.374
     14     15     20       450.586    494.328    944.914       2.474
     15     16     19       446.156    402.983    849.140       2.596
     16     17     18       444.518    498.413    942.931       2.700
     17     18     17       443.433    407.068    850.501       2.808
     18     19     16       445.472    502.497    947.969       2.909
     19     20     15       399.495    310.765    710.260       2.731
     20     21     14       357.851    220.519    578.370       2.475
     21     22     13       316.716    100.550    417.266       2.260
     22     23     12       281.452     65.453    346.905       1.993
     23     24     11       252.729     27.320    280.049       1.703
     24     25     10       220.144     15.813    235.958       1.475
     25     26      9       191.569      5.872    197.441       1.272
     26     27      8       161.998      2.880    164.878       1.086
     27     28      7       137.850      0.917    138.767       0.920
     28     29      6       117.233      0.359    117.592       0.721
     29     30      5       103.021      0.100    103.122       0.484
     30     31      4        89.908      0.034     89.942       0.319
     31     32      3        77.903      0.011     77.914       0.196
     32     33      2        69.539      0.005     69.544
     33     32      3        77.903      0.012     77.915
     34     31      4        89.908      0.035     89.943
     35     30      5       103.021      0.123    103.144
     36     29      6       117.233      0.496    117.729
     37     28      7       137.850      2.136    139.986
     38     27      8       161.998      9.428    171.426
     39     26      9       191.569     41.889    233.458
     40     25     10       220.144    186.125    406.269
     41     24     11       252.729    824.917   1077.646
     42     23     12       281.452    947.529   1228.981
     43     22     13       316.716   1075.661   1392.378
     44     21     14       357.851   1213.246   1571.097
     45     20     15       399.495   1358.292   1757.787
     46     19     16       445.472   1514.797   1960.269
     47     18     17       492.218   1675.045   2167.263
     48     17     18       545.352   1844.306   2389.658
     49     16     19       602.542   2026.825   2629.367
     50     15     20       667.344   2215.005   2882.349
     51     14     21       738.440   2422.066   3160.505
     52     13     22       792.718   2623.688   3416.406
     53     12     23       841.190   2843.522   3684.712
     54     11     24       862.376   3082.027   3944.404
     55     10     25       890.925   3315.194   4206.119
     56      9     26       247.948   3563.192   3811.140
     57      8     27        69.046   3809.655   3878.701
     58      7     28        19.261   4070.847   4090.108
     59      6     29         5.395   4368.082   4373.477
     60      5     30         1.525   4687.149   4688.674
     61      4     31         0.438   5023.992   5024.430
     62      3     32         0.128   5419.101   5419.229
     63      2     33         0.031   5789.076   5789.108
     64      3     32         0.128   5419.101   5419.229
     65      4     31         0.438   5023.992   5024.430
     66      5     30         1.525   4687.149   4688.674
     67      6     29         5.395   4368.082   4373.477
     68      7     28        19.261   4070.847   4090.108
     69      8     27        69.046   3809.655   3878.701
     70      9     26       247.948   3563.192   3811.140
     71     10     25       890.925   3315.194   4206.119
     72     11     24      3200.869   3082.027   6282.896
     73     12     23      3113.208   2843.522   5956.729
     74     13     22      3073.520   2623.688   5697.208
     75     14     21      2911.623   2422.066   5333.689
     76     15     20      2732.650   2215.005   4947.656
     77     16     19      2470.913   2026.825   4497.738
     78     17     18      2232.575   1844.306   4076.881
     79     18     17      1988.380   1675.045   3663.425
     80     19     16      1797.733   1514.797   3312.530
     81     20     15      1598.521   1358.292   2956.813
     82     21     14      1427.908   1213.246   2641.154
     83     22     13      1261.419   1075.661   2337.081
     84     23     12      1127.079    947.529   2074.607
     85     24     11       992.743    824.917   1817.660
     86     25     10       866.130    186.125   1052.254
     87     26      9       748.972     41.889    790.861
     88     27      8       644.142      9.428    653.570
     89     28      7       549.433      2.136    551.569
     90     29      6       467.500      0.496    467.995
     91     30      5       398.401      0.123    398.523
     92     31      4       342.482      0.035    342.517
     93     32      3       299.097      0.012    299.109
     94     33      2       266.415      0.005    266.420
     95     32      3       299.097      0.012    299.109
     96     31      4       342.482      0.035    342.517
     97     30      5       398.401      0.123    398.523
     98     29      6       467.500      0.496    467.995
     99     28      7       549.433      2.136    551.569
    100     27      8       644.142      9.428    653.570
    101     26      9       748.972     41.889    790.861
    102     25     10       866.130    186.125   1052.254
    103     24     11       992.743    824.917   1817.660
    104     23     12      1127.079    953.693   2080.772
    105     22     13      1261.419   1082.465   2343.885
    106     21     14      1427.908   1220.127   2648.035
    107     20     15      1598.521   1363.495   2962.016
    108     19     16      1797.733   1520.612   3318.344
    109     18     17      1988.380   1683.559   3671.939
    110     17     18      2232.575   1855.693   4088.269
    111     16     19      2470.913   2033.285   4504.198
    112     15     20      2732.650   2231.418   4964.068
    113     14     21      2911.623   2428.262   5339.884
    114     13     22      3073.520   2641.631   5715.151
    115     12     23      3113.208   2859.396   5972.604
    116     11     24      3200.869   3088.008   6288.877
    117     10     25       890.925   3321.878   4212.803
    118      9     26       247.948   3562.395   3810.343
    119      8     27        69.046   3822.022   3891.068
    120      7     28        19.261   4081.880   4101.142
    121      6     29         5.395   4376.672   4382.068
    122      5     30         1.525   4681.099   4682.624
    123      4     31         0.438   5050.422   5050.860
    124      3     32         0.128   5420.081   5420.209
    125      2     33         0.031   5813.942   5813.973
    126      3     32         0.128   5420.081   5420.209
    127      4     31         0.438   5050.422   5050.860
    128      5     30         1.525   4681.099   4682.624
    129      6     29         5.395   4376.672   4382.068
    130      7     28        19.261   4081.880   4101.142
    131      8     27        69.046   3822.022   3891.068
    132      9     26       247.948   3562.395   3810.343
    133     10     25       890.925   3321.878   4212.803
    134     11     24      3200.869   3088.008   6288.877
    135     12     23      3104.251   2859.396   5963.646
    136     13     22      3095.917   2641.631   5737.548
    137     14     21      2912.496   2428.262   5340.758
    138     15     20      2726.090   2231.418   4957.508
    139     16     19      2472.975   2033.285   4506.260
    140     17     18      2248.774   1855.693   4104.468
    141     18     17      1999.165   1683.559   3682.724
    142     19     16      1800.157   1520.612   3320.768
    143     20     15      1605.775   1363.495   2969.271
    144     21     14      1431.143   1220.127   2651.270
    145     22     13      1267.035   1082.465   2349.500
    146     23     12      1120.892    953.693   2074.585
    147     24     11       981.942    824.917   1806.859
    148     25     10       860.194    186.125   1046.319
    149     26      9       747.725     41.889    789.614
    150     27      8       645.512      9.428    654.940
    151     28      7       550.594      2.136    552.730
    152     29      6       470.017      0.496    470.512
    153     30      5       403.036      0.123    403.159
    154     31      4       346.296      0.035    346.331
    155     32      3       300.297      0.012    300.309
    156     33      2       266.751      0.005    266.756
    157     32      3       300.297      0.012    300.309
    158     31      4       346.296      0.035    346.331
    159     30      5       403.036      0.123    403.159
    160     29      6       470.017      0.496    470.512
    161     28      7       550.594      2.136    552.730
    162     27      8       645.512      9.428    654.940
    163     26      9       747.725     41.889    789.614
    164     25     10       860.194    186.125   1046.319
    165     24     11       981.942    824.917   1806.859
    166     23     12      1120.892    953.084   2073.976
    167     22     13      1267.035   1084.365   2351.400
    168     21     14      1431.143   1219.920   2651.063
    169     20     15      1605.775   1366.628   2972.403
    170     19     16      1800.157   1517.605   3317.762
    171     18     17      1999.165   1682.243   3681.408
    172     17     18      2248.774   1856.563   4105.337