%Lattice      Model       Dmrg       SBlock     SBlockLR    STORAGE
A_in = [...
    1         7.79        12.53         0.04        93.93         0.09         0.00%Lattice      Model       Dmrg       SBlock     SBlockLR    STORAGE
A_in = [...
    1         7.79        13.45         0.04        94.00       374.72         0.00%Lattice      Model       Dmrg       SBlock     SBlockLR    STORAGE
A_in = [...
    1         7.79        13.45         0.04        94.00       374.72         0.00%Lattice      Model       Dmrg       SBlock     SBlockLR    STORAGE
A_in = [...
    1         7.79        13.45         0.04         0.80         0.20         0.00%Lattice      Model       Dmrg       SBlock     SBlockLR    STORAGE
A_in = [...
    1         7.79        13.45         0.04         0.83         0.20         0.00
    2         7.79        13.45         0.04        94.36         0.09         0.00
    2         7.79        13.70         0.04        94.41       470.19         0.00
    2         7.79        13.70         0.04        94.41       470.19         0.00
    2         7.79        13.70         0.04         0.87         0.20         0.00
    2         7.79        13.70         0.04         0.98         0.20         0.00
    3         7.79        13.70         0.04        94.76         0.09         0.00
    3         7.79        14.00         0.04        94.84       378.96         0.00
    3         7.79        14.00         0.04        94.84       378.96         0.00
    3         7.79        14.00         0.04         1.12         0.21         0.00
    3         7.79        14.00         0.04         1.44         0.21         0.00
    4         7.79        14.00         0.04        95.48         0.09         0.00
    4         7.79        14.35         0.04        95.67       474.76         0.00
    4         7.79        14.35         0.04        95.67       474.76         0.00
    4         7.79        14.35         0.04         1.87         0.22         0.00
    4         7.79        14.35         0.04         2.97         0.22         0.00
    5         7.79        14.35         0.04        97.25         0.09         0.00
    5         7.79        14.75         0.04        97.83       384.77         0.00
    5         7.79        14.75         0.04        97.83       384.77         0.00
    5         7.79        14.75         0.04         4.42         0.23         0.00
    5         7.79        14.75         0.04         8.31         0.23         0.00
    6         7.79        14.75         0.04       102.85         0.09         0.00
    6         7.79        15.22         0.04       104.88       485.33         0.00
    6         7.79        15.22         0.04       104.88       485.33         0.00
    6         7.79        15.22         0.04        13.50         0.25         0.00
    6         7.79        15.22         0.04        27.40         0.25         0.00
    7         7.79        15.22         0.04       122.19         0.09         0.00
    7         7.79        15.74         0.04       129.75       413.67         0.00
    7         7.79        15.74         0.04       129.75       413.67         0.00
    7         7.79        15.74         0.04        46.22         0.27         0.00
    7         7.79        15.74         0.04        96.11         0.27         0.00
    8         7.79        15.74         0.04       191.14         0.09         0.00
    8         7.79        16.34         0.04       219.92       585.11         0.00
    8         7.79        16.34         0.04       219.92       585.11         0.00
    8         7.79        16.34         0.04       164.83         0.30         0.00
    8         7.79        16.34         0.04       344.07         0.30         0.00
    9         7.79        16.34         0.04       439.36         0.09         0.00
    9         7.79        17.01         0.04       549.86       788.16         0.00
    9         7.79        17.01         0.04       549.86       788.16         0.00
    9         7.79        17.01         0.04       595.93         0.35         0.00
    9         7.79        17.01         0.04       589.82         0.35         0.00
   10         7.79        17.01         0.04       685.36         0.09         0.00
   10         7.79        17.76         0.04       800.90       901.93         0.00
   10         7.79        17.76         0.04       800.90       901.93         0.00
   10         7.79        17.76         0.04       587.71         0.35         0.00
   10         7.79        17.76         0.04       583.75         0.35         0.00
   11         7.79        17.76         0.04       679.54         0.09         0.00
   11         7.79        18.59         0.04       801.87       834.36         0.00
   11         7.79        18.59         0.04       801.87       834.36         0.00
   11         7.79        18.59         0.04       585.68         0.35         0.00
   11         7.79        18.59         0.04       573.25         0.35         0.00
   12         7.79        18.59         0.04       669.29         0.09         0.00
   12         7.79        19.51         0.04       794.37       940.25         0.00
   12         7.79        19.51         0.04       794.37       940.25         0.00
   12         7.79        19.51         0.04       563.17         0.35         0.00
   12         7.79        19.51         0.04       548.61         0.35         0.00
   13         7.79        19.51         0.04       644.89         0.09         0.00
   13         7.79        20.52         0.04       771.49       855.65         0.00
   13         7.79        20.52         0.04       771.49       855.65         0.00
   13         7.79        20.52         0.04       535.33         0.35         0.00
   13         7.79        20.52         0.04       515.40         0.35         0.00
   14         7.79        20.52         0.04       611.93         0.09         0.00
   14         7.79        21.63         0.04       736.35       945.42         0.00
   14         7.79        21.63         0.04       736.35       945.42         0.00
   14         7.79        21.63         0.04       493.55         0.36         0.00
   14         7.79        21.63         0.04       475.42         0.36         0.00
   15         7.79        21.63         0.04       572.21         0.09         0.00
   15         7.79        22.85         0.04       694.84       849.65         0.00
   15         7.79        22.85         0.04       694.84       849.65         0.00
   15         7.79        22.85         0.04       455.77         0.36         0.00
   15         7.79        22.85         0.04       439.88         0.36         0.00
   16         7.79        22.85         0.04       536.92         0.09         0.00
   16         7.79        24.18         0.04       658.61       943.44         0.00
   16         7.79        24.18         0.04       658.61       943.44         0.00
   16         7.79        24.18         0.04       423.21         0.36         0.00
   16         7.79        24.18         0.04       408.49         0.36         0.00
   17         7.79        24.18         0.04       505.78         0.09         0.00
   17         7.79        25.63         0.04       626.73       851.02         0.00
   17         7.79        25.63         0.04       626.73       851.02         0.00
   17         7.79        25.63         0.04       393.15         0.37         0.00
   17         7.79        25.63         0.04       380.28         0.37         0.00
   18         7.79        25.63         0.04       477.82         0.09         0.00
   18         7.79        27.20         0.04       598.95       948.49         0.00
   18         7.79        27.20         0.04       598.95       948.49         0.00
   18         7.79        27.20         0.04       367.59         0.37         0.00
   18         7.79        27.20         0.04       354.82         0.37         0.00
   19         7.79        27.20         0.04       428.13         0.09         0.00
   19         7.79        27.13         0.04       536.13       710.77         0.00
   19         7.79        27.13         0.04       536.13       710.77         0.00
   19         7.79        27.13         0.04       329.77         0.36         0.00
   19         7.79        27.13         0.04       318.19         0.36         0.00
   20         7.79        27.13         0.04       359.53         0.09         0.00
   20         7.79        27.02         0.04       455.54       578.86         0.00
   20         7.79        27.02         0.04       455.54       578.86         0.00
   20         7.79        27.02         0.04       295.35         0.33         0.00
   20         7.79        27.02         0.04       283.79         0.33         0.00
   21         7.79        27.02         0.04       306.21         0.09         0.00
   21         7.79        26.89         0.04       390.35       417.73         0.00
   21         7.79        26.89         0.04       390.35       417.73         0.00
   21         7.79        26.89         0.04       261.22         0.31         0.00
   21         7.79        26.89         0.04       251.39         0.31         0.00
   22         7.79        26.89         0.04       263.05         0.09         0.00
   22         7.79        26.74         0.04       336.94       347.35         0.00
   22         7.79        26.74         0.04       336.94       347.35         0.00
   22         7.79        26.74         0.04       232.02         0.29         0.00
   22         7.79        26.74         0.04       224.16         0.29         0.00
   23         7.79        26.74         0.04       229.95         0.09         0.00
   23         7.79        26.56         0.04       295.33       280.48         0.00
   23         7.79        26.56         0.04       295.33       280.48         0.00
   23         7.79        26.56         0.04       208.32         0.27         0.00
   23         7.79        26.56         0.04       199.04         0.27         0.00
   24         7.79        26.56         0.04       201.78         0.09         0.00
   24         7.79        26.36         0.04       257.52       236.38         0.00
   24         7.79        26.36         0.04       257.52       236.38         0.00
   24         7.79        26.36         0.04       180.93         0.26         0.00
   24         7.79        26.36         0.04       172.76         0.26         0.00
   25         7.79        26.36         0.04       173.99         0.09         0.00
   25         7.79        26.15         0.04       221.17       197.85         0.00
   25         7.79        26.15         0.04       221.17       197.85         0.00
   25         7.79        26.15         0.04       156.79         0.25         0.00
   25         7.79        26.15         0.04       148.10         0.25         0.00
   26         7.79        26.15         0.04       148.64         0.09         0.00
   26         7.79        25.93         0.04       187.04       165.28         0.00
   26         7.79        25.93         0.04       187.04       165.28         0.00
   26         7.79        25.93         0.04       131.60         0.23         0.00
   26         7.79        25.93         0.04       124.47         0.23         0.00
   27         7.79        25.93         0.04       124.72         0.09         0.00
   27         7.79        25.70         0.04       155.76       139.16         0.00
   27         7.79        25.70         0.04       155.76       139.16         0.00
   27         7.79        25.70         0.04       110.85         0.22         0.00
   27         7.79        25.70         0.04       104.74         0.22         0.00
   28         7.79        25.70         0.04       104.87         0.09         0.00
   28         7.79        25.48         0.04       129.48       117.98         0.00
   28         7.79        25.48         0.04       129.48       117.98         0.00
   28         7.79        25.48         0.04        92.99         0.22         0.00
   28         7.79        25.48         0.04        88.80         0.22         0.00
   29         7.79        25.48         0.04        88.89         0.09         0.00
   29         7.79        25.26         0.04       108.52       103.50         0.00
   29         7.79        25.26         0.04       108.52       103.50         0.00
   29         7.79        25.26         0.04        80.21         0.20         0.00
   29         7.79        25.26         0.04        76.25         0.20         0.00
   30         7.79        25.26         0.04        76.32         0.09         0.00
   30         7.79        25.06         0.04        91.24        90.31         0.00
   30         7.79        25.06         0.04        91.24        90.31         0.00
   30         7.79        25.06         0.04        68.22         0.20         0.00
   30         7.79        25.06         0.04        64.42         0.20         0.00
   31         7.79        25.06         0.04        64.47         0.09         0.00
   31         7.79        24.88         0.04        75.07        78.28         0.00
   31         7.79        24.88         0.04        75.07        78.28         0.00
   31         7.79        24.88         0.04        57.04         0.19         0.00
   31         7.79        24.88         0.04        54.22         0.19         0.00
   32         7.79        24.88         0.04        54.27         0.09         0.00
   32         7.79        24.74         0.04        61.30        69.89         0.00
   32         7.79        24.74         0.04        61.30        69.89         0.00
   32         7.79        24.74         0.04        33.06         0.19         0.00
   32         7.79        24.74         0.04        33.07         0.19         0.00
   33         7.79        24.74         0.04        57.09         0.09         0.00
   33         7.79        24.88         0.04        67.70        78.28         0.00
   33         7.79        24.88         0.04        67.70        78.28         0.00
   33         7.79        24.88         0.04        33.07         0.19         0.00
   33         7.79        24.88         0.04        33.09         0.19         0.00
   34         7.79        24.88         0.04        60.91         0.09         0.00
   34         7.79        25.06         0.04        75.85        90.31         0.00
   34         7.79        25.06         0.04        75.85        90.31         0.00
   34         7.79        25.06         0.04        33.08         0.20         0.00
   34         7.79        25.06         0.04        33.11         0.20         0.00
   35         7.79        25.06         0.04        64.92         0.09         0.00
   35         7.79        25.26         0.04        84.57       103.52         0.00
   35         7.79        25.26         0.04        84.57       103.52         0.00
   35         7.79        25.26         0.04        33.09         0.21         0.00
   35         7.79        25.26         0.04        33.19         0.21         0.00
   36         7.79        25.26         0.04        69.22         0.09         0.00
   36         7.79        25.48         0.04        93.86       118.13         0.00
   36         7.79        25.48         0.04        93.86       118.13         0.00
   36         7.79        25.48         0.04        33.21         0.22         0.00
   36         7.79        25.48         0.04        33.61         0.22         0.00
   37         7.79        25.48         0.04        75.75         0.09         0.00
   37         7.79        25.70         0.04       106.81       140.41         0.00
   37         7.79        25.70         0.04       106.81       140.41         0.00
   37         7.79        25.70         0.04        33.63         0.23         0.00
   37         7.79        25.70         0.04        35.31         0.23         0.00
   38         7.79        25.70         0.04        84.57         0.09         0.00
   38         7.79        25.93         0.04       122.98       171.87         0.00
   38         7.79        25.93         0.04       122.98       171.87         0.00
   38         7.79        25.93         0.04        35.36         0.25         0.00
   38         7.79        25.93         0.04        42.75         0.25         0.00
   39         7.79        25.93         0.04       100.67         0.09         0.00
   39         7.79        26.15         0.04       147.87       233.94         0.00
   39         7.79        26.15         0.04       147.87       233.94         0.00
   39         7.79        26.15         0.04        42.78         0.28         0.00
   39         7.79        26.15         0.04        75.57         0.28         0.00
   40         7.79        26.15         0.04       141.65         0.09         0.00
   40         7.79        26.36         0.04       197.42       406.80         0.00
   40         7.79        26.36         0.04       197.42       406.80         0.00
   40         7.79        26.36         0.04        75.60         0.33         0.00
   40         7.79        26.36         0.04       221.00         0.33         0.00
   41         7.79        26.36         0.04       296.35         0.09         0.00
   41         7.79        26.56         0.04       361.76      1078.28         0.00
   41         7.79        26.56         0.04       361.76      1078.28         0.00
   41         7.79        26.56         0.04       221.00         0.43         0.00
   41         7.79        26.56         0.04       251.59         0.43         0.00
   42         7.79        26.56         0.04       334.81         0.09         0.00
   42         7.79        26.74         0.04       408.71      1229.61         0.00
   42         7.79        26.74         0.04       408.71      1229.61         0.00
   42         7.79        26.74         0.04       251.56         0.42         0.00
   42         7.79        26.74         0.04       282.22         0.42         0.00
   43         7.79        26.74         0.04       375.28         0.09         0.00
   43         7.79        26.89         0.04       459.43      1393.01         0.00
   43         7.79        26.89         0.04       459.43      1393.01         0.00
   43         7.79        26.89         0.04       282.21         0.42         0.00
   43         7.79        26.89         0.04       315.32         0.42         0.00
   44         7.79        26.89         0.04       419.94         0.09         0.00
   44         7.79        27.02         0.04       515.96      1571.72         0.00
   44         7.79        27.02         0.04       515.96      1571.72         0.00
   44         7.79        27.02         0.04       315.32         0.42         0.00
   44         7.79        27.02         0.04       350.36         0.42         0.00
   45         7.79        27.02         0.04       466.57         0.09         0.00
   45         7.79        27.13         0.04       574.58      1758.41         0.00
   45         7.79        27.13         0.04       574.58      1758.41         0.00
   45         7.79        27.13         0.04       350.36         0.42         0.00
   45         7.79        27.13         0.04       388.36         0.42         0.00
   46         7.79        27.13         0.04       517.33         0.09         0.00
   46         7.79        27.20         0.04       638.46      1960.90         0.00
   46         7.79        27.20         0.04       638.46      1960.90         0.00
   46         7.79        27.20         0.04       388.36         0.42         0.00
   46         7.79        27.20         0.04       427.37         0.42         0.00
   47         7.79        27.20         0.04       569.20         0.09         0.00
   47         7.79        27.24         0.04       703.59      2167.89         0.00
   47         7.79        27.24         0.04       703.59      2167.89         0.00
   47         7.79        27.24         0.04       427.38         0.42         0.00
   47         7.79        27.24         0.04       468.66         0.42         0.00
   48         7.79        27.24         0.04       625.21         0.09         0.00
   48         7.79        27.25         0.04       774.65      2390.29         0.00
   48         7.79        27.25         0.04       774.65      2390.29         0.00
   48         7.79        27.25         0.04       468.67         0.42         0.00
   48         7.79        27.25         0.04       513.43         0.42         0.00
   49         7.79        27.25         0.04       685.86         0.09         0.00
   49         7.79        27.23         0.04       851.49      2629.99         0.00
   49         7.79        27.23         0.04       851.49      2629.99         0.00
   49         7.79        27.23         0.04       513.45         0.42         0.00
   49         7.79        27.23         0.04       559.66         0.42         0.00
   50         7.79        27.23         0.04       750.19         0.09         0.00
   50         7.79        27.18         0.04       934.21      2882.98         0.00
   50         7.79        27.18         0.04       934.21      2882.98         0.00
   50         7.79        27.18         0.04       559.68         0.42         0.00
   50         7.79        27.18         0.04       610.77         0.42         0.00
   51         7.79        27.18         0.04       821.22         0.09         0.00
   51         7.79        27.09         0.04      1025.46      3161.13         0.00
   51         7.79        27.09         0.04      1025.46      3161.13         0.00
   51         7.79        27.09         0.04       610.76         0.42         0.00
   51         7.79        27.09         0.04       660.48         0.42         0.00
   52         7.79        27.09         0.04       885.50         0.09         0.00
   52         7.79        26.98         0.04      1104.84      3417.03         0.00
   52         7.79        26.98         0.04      1104.84      3417.03         0.00
   52         7.79        26.98         0.04       660.46         0.42         0.00
   52         7.79        26.98         0.04       714.86         0.42         0.00
   53         7.79        26.98         0.04       952.33         0.09         0.00
   53         7.79        26.83         0.04      1184.72      3685.35         0.00
   53         7.79        26.83         0.04      1184.72      3685.35         0.00
   53         7.79        26.83         0.04       714.79         0.42         0.00
   53         7.79        26.83         0.04       774.09         0.42         0.00
   54         7.79        26.83         0.04      1015.60         0.09         0.00
   54         7.79        26.67         0.04      1252.71      3945.04         0.00
   54         7.79        26.67         0.04      1252.71      3945.04         0.00
   54         7.79        26.67         0.04       774.06         0.42         0.00
   54         7.79        26.67         0.04       831.94         0.42         0.00
   55         7.79        26.67         0.04      1079.58         0.09         0.00
   55         7.79        26.48         0.04      1323.81      4206.77         0.00
   55         7.79        26.48         0.04      1323.81      4206.77         0.00
   55         7.79        26.48         0.04       831.53         0.43         0.00
   55         7.79        26.48         0.04       893.31         0.43         0.00
   56         7.79        26.48         0.04       962.14         0.09         0.00
   56         7.79        26.28         0.04      1030.31      3811.73         0.00
   56         7.79        26.28         0.04      1030.31      3811.73         0.00
   56         7.79        26.28         0.04       892.97         0.38         0.00
   56         7.79        26.28         0.04       954.22         0.38         0.00
   57         7.79        26.28         0.04       973.48         0.09         0.00
   57         7.79        26.06         0.04       992.55      3879.26         0.00
   57         7.79        26.06         0.04       992.55      3879.26         0.00
   57         7.79        26.06         0.04       954.10         0.35         0.00
   57         7.79        26.06         0.04      1019.27         0.35         0.00
   58         7.79        26.06         0.04      1024.72         0.09         0.00
   58         7.79        25.83         0.04      1030.08      4090.64         0.00
   58         7.79        25.83         0.04      1030.08      4090.64         0.00
   58         7.79        25.83         0.04      1019.21         0.33         0.00
   58         7.79        25.83         0.04      1093.47         0.33         0.00
   59         7.79        25.83         0.04      1095.06         0.09         0.00
   59         7.79        25.61         0.04      1096.59      4373.99         0.00
   59         7.79        25.61         0.04      1096.59      4373.99         0.00
   59         7.79        25.61         0.04      1093.43         0.31         0.00
   59         7.79        25.61         0.04      1173.14         0.31         0.00
   60         7.79        25.61         0.04      1173.64         0.09         0.00
   60         7.79        25.38         0.04      1174.10      4689.16         0.00
   60         7.79        25.38         0.04      1174.10      4689.16         0.00
   60         7.79        25.38         0.04      1173.11         0.30         0.00
   60         7.79        25.38         0.04      1257.57         0.30         0.00
   61         7.79        25.38         0.04      1257.75         0.09         0.00
   61         7.79        25.17         0.04      1257.90      5024.90         0.00
   61         7.79        25.17         0.04      1257.90      5024.90         0.00
   61         7.79        25.17         0.04      1257.55         0.29         0.00
   61         7.79        25.17         0.04      1357.45         0.29         0.00
   62         7.79        25.17         0.04      1357.54         0.09         0.00
   62         7.79        24.97         0.04      1357.59      5419.69         0.00
   62         7.79        24.97         0.04      1357.59      5419.69         0.00
   62         7.79        24.97         0.04      1357.43         0.28         0.00
   62         7.79        24.97         0.04      1451.09         0.28         0.00
   63         7.79        24.97         0.04      1451.13         0.09         0.00
   63         7.79        24.80         0.04      1451.15      5789.55         0.00
   63         7.79        24.80         0.04      1451.15      5789.55         0.00
   63         7.79        24.80         0.04        35.32         0.27         0.00
   63         7.79        24.80         0.04        35.35         0.27         0.00
   64         7.79        24.80         0.04      1357.52         0.09         0.00
   64         7.79        24.97         0.04      1357.59      5419.69         0.00
   64         7.79        24.97         0.04      1357.59      5419.69         0.00
   64         7.79        24.97         0.04        35.36         0.28         0.00
   64         7.79        24.97         0.04        35.40         0.28         0.00
   65         7.79        24.97         0.04      1257.72         0.09         0.00
   65         7.79        25.17         0.04      1257.89      5024.90         0.00
   65         7.79        25.17         0.04      1257.89      5024.90         0.00
   65         7.79        25.17         0.04        35.52         0.29         0.00
   65         7.79        25.17         0.04        35.69         0.29         0.00
   66         7.79        25.17         0.04      1173.61         0.09         0.00
   66         7.79        25.38         0.04      1174.09      4689.16         0.00
   66         7.79        25.38         0.04      1174.09      4689.16         0.00
   66         7.79        25.38         0.04        36.15         0.30         0.00
   66         7.79        25.38         0.04        36.78         0.30         0.00
   67         7.79        25.38         0.04      1095.02         0.09         0.00
   67         7.79        25.61         0.04      1096.58      4373.99         0.00
   67         7.79        25.61         0.04      1096.58      4373.99         0.00
   67         7.79        25.61         0.04        38.33         0.31         0.00
   67         7.79        25.61         0.04        40.68         0.31         0.00
   68         7.79        25.61         0.04      1024.68         0.09         0.00
   68         7.79        25.83         0.04      1030.07      4090.64         0.00
   68         7.79        25.83         0.04      1030.07      4090.64         0.00
   68         7.79        25.83         0.04        46.08         0.33         0.00
   68         7.79        25.83         0.04        54.61         0.33         0.00
   69         7.79        25.83         0.04       973.45         0.09         0.00
   69         7.79        26.06         0.04       992.54      3879.26         0.00
   69         7.79        26.06         0.04       992.54      3879.26         0.00
   69         7.79        26.06         0.04        73.72         0.35         0.00
   69         7.79        26.06         0.04       104.53         0.35         0.00
   70         7.79        26.06         0.04       962.10         0.09         0.00
   70         7.79        26.28         0.04      1030.30      3811.73         0.00
   70         7.79        26.28         0.04      1030.30      3811.73         0.00
   70         7.79        26.28         0.04       172.74         0.38         0.00
   70         7.79        26.28         0.04       283.79         0.38         0.00
   71         7.79        26.28         0.04      1079.57         0.09         0.00
   71         7.79        26.48         0.04      1323.81      4206.77         0.00
   71         7.79        26.48         0.04      1323.81      4206.77         0.00
   71         7.79        26.48         0.04       528.04         0.43         0.00
   71         7.79        26.48         0.04       927.97         0.43         0.00
   72         7.79        26.48         0.04      1665.86         0.09         0.00
   72         7.79        26.67         0.04      2541.12      6283.64         0.00
   72         7.79        26.67         0.04      2541.12      6283.64         0.00
   72         7.79        26.67         0.04      1803.23         0.52         0.00
   72         7.79        26.67         0.04       910.62         0.52         0.00
   73         7.79        26.67         0.04      1589.21         0.09         0.00
   73         7.79        26.83         0.04      2443.07      5957.46         0.00
   73         7.79        26.83         0.04      2443.07      5957.46         0.00
   73         7.79        26.83         0.04      1764.47         0.51         0.00
   73         7.79        26.83         0.04       907.39         0.51         0.00
   74         7.79        26.83         0.04      1531.58         0.09         0.00
   74         7.79        26.98         0.04      2378.75      5697.94         0.00
   74         7.79        26.98         0.04      2378.75      5697.94         0.00
   74         7.79        26.98         0.04      1754.56         0.51         0.00
   74         7.79        26.98         0.04       866.91         0.51         0.00
   75         7.79        26.98         0.04      1441.37         0.09         0.00
   75         7.79        27.09         0.04      2245.20      5334.41         0.00
   75         7.79        27.09         0.04      2245.20      5334.41         0.00
   75         7.79        27.09         0.04      1670.74         0.51         0.00
   75         7.79        27.09         0.04       820.24         0.51         0.00
   76         7.79        27.09         0.04      1343.61         0.09         0.00
   76         7.79        27.18         0.04      2098.19      4948.38         0.00
   76         7.79        27.18         0.04      2098.19      4948.38         0.00
   76         7.79        27.18         0.04      1574.82         0.51         0.00
   76         7.79        27.18         0.04       747.18         0.51         0.00
   77         7.79        27.18         0.04      1224.34         0.09         0.00
   77         7.79        27.23         0.04      1904.47      4498.46         0.00
   77         7.79        27.23         0.04      1904.47      4498.46         0.00
   77         7.79        27.23         0.04      1427.31         0.51         0.00
   77         7.79        27.23         0.04       680.64         0.51         0.00
   78         7.79        27.23         0.04      1113.04         0.09         0.00
   78         7.79        27.25         0.04      1725.49      4077.60         0.00
   78         7.79        27.25         0.04      1725.49      4077.60         0.00
   78         7.79        27.25         0.04      1293.09         0.51         0.00
   78         7.79        27.25         0.04       611.89         0.51         0.00
   79         7.79        27.25         0.04      1003.00         0.09         0.00
   79         7.79        27.24         0.04      1545.90      3664.15         0.00
   79         7.79        27.24         0.04      1545.90      3664.15         0.00
   79         7.79        27.24         0.04      1154.80         0.50         0.00
   79         7.79        27.24         0.04       559.23         0.50         0.00
   80         7.79        27.24         0.04       911.32         0.09         0.00
   80         7.79        27.20         0.04      1400.02      3313.25         0.00
   80         7.79        27.20         0.04      1400.02      3313.25         0.00
   80         7.79        27.20         0.04      1047.93         0.50         0.00
   80         7.79        27.20         0.04       503.34         0.50         0.00
   81         7.79        27.20         0.04       817.43         0.09         0.00
   81         7.79        27.13         0.04      1249.19      2957.53         0.00
   81         7.79        27.13         0.04      1249.19      2957.53         0.00
   81         7.79        27.13         0.04       935.10         0.50         0.00
   81         7.79        27.13         0.04       455.76         0.50         0.00
   82         7.79        27.13         0.04       734.80         0.09         0.00
   82         7.79        27.02         0.04      1117.59      2641.87         0.00
   82         7.79        27.02         0.04      1117.59      2641.87         0.00
   82         7.79        27.02         0.04       838.53         0.50         0.00
   82         7.79        27.02         0.04       408.94         0.50         0.00
   83         7.79        27.02         0.04       654.90         0.09         0.00
   83         7.79        26.89         0.04       989.72      2337.80         0.00
   83         7.79        26.89         0.04       989.72      2337.80         0.00
   83         7.79        26.89         0.04       743.74         0.50         0.00
   83         7.79        26.89         0.04       371.71         0.50         0.00
   84         7.79        26.89         0.04       587.04         0.09         0.00
   84         7.79        26.74         0.04       882.69      2075.33         0.00
   84         7.79        26.74         0.04       882.69      2075.33         0.00
   84         7.79        26.74         0.04       667.32         0.50         0.00
   84         7.79        26.74         0.04       333.94         0.50         0.00
   85         7.79        26.74         0.04       518.72         0.09         0.00
   85         7.79        26.56         0.04       775.00      1818.38         0.00
   85         7.79        26.56         0.04       775.00      1818.38         0.00
   85         7.79        26.56         0.04       588.78         0.51         0.00
   85         7.79        26.56         0.04       296.55         0.51         0.00
   86         7.79        26.56         0.04       337.37         0.09         0.00
   86         7.79        26.36         0.04       556.24      1052.88         0.00
   86         7.79        26.36         0.04       556.24      1052.88         0.00
   86         7.79        26.36         0.04       514.24         0.41         0.00
   86         7.79        26.36         0.04       261.75         0.41         0.00
   87         7.79        26.36         0.04       270.94         0.09         0.00
   87         7.79        26.15         0.04       454.93       791.43         0.00
   87         7.79        26.15         0.04       454.93       791.43         0.00
   87         7.79        26.15         0.04       445.40         0.36         0.00
   87         7.79        26.15         0.04       231.06         0.36         0.00
   88         7.79        26.15         0.04       233.18         0.09         0.00
   88         7.79        25.93         0.04       385.55       654.10         0.00
   88         7.79        25.93         0.04       385.55       654.10         0.00
   88         7.79        25.93         0.04       383.33         0.33         0.00
   88         7.79        25.93         0.04       203.21         0.33         0.00
   89         7.79        25.93         0.04       203.75         0.09         0.00
   89         7.79        25.70         0.04       327.26       552.08         0.00
   89         7.79        25.70         0.04       327.26       552.08         0.00
   89         7.79        25.70         0.04       326.68         0.32         0.00
   89         7.79        25.70         0.04       178.87         0.32         0.00
   90         7.79        25.70         0.04       179.04         0.09         0.00
   90         7.79        25.48         0.04       277.03       468.49         0.00
   90         7.79        25.48         0.04       277.03       468.49         0.00
   90         7.79        25.48         0.04       276.84         0.30         0.00
   90         7.79        25.48         0.04       158.06         0.30         0.00
   91         7.79        25.48         0.04       158.15         0.09         0.00
   91         7.79        25.26         0.04       233.91       399.01         0.00
   91         7.79        25.26         0.04       233.91       399.01         0.00
   91         7.79        25.26         0.04       233.81         0.29         0.00
   91         7.79        25.26         0.04       140.88         0.29         0.00
   92         7.79        25.26         0.04       140.94         0.09         0.00
   92         7.79        25.06         0.04       197.66       342.99         0.00
   92         7.79        25.06         0.04       197.66       342.99         0.00
   92         7.79        25.06         0.04       197.59         0.28         0.00
   92         7.79        25.06         0.04       127.16         0.28         0.00
   93         7.79        25.06         0.04       127.20         0.09         0.00
   93         7.79        24.88         0.04       167.72       299.57         0.00
   93         7.79        24.88         0.04       167.72       299.57         0.00
   93         7.79        24.88         0.04       167.67         0.28         0.00
   93         7.79        24.88         0.04       116.22         0.28         0.00
   94         7.79        24.88         0.04       116.26         0.09         0.00
   94         7.79        24.74         0.04       143.02       266.86         0.00
   94         7.79        24.74         0.04       143.02       266.86         0.00
   94         7.79        24.74         0.04        35.71         0.27         0.00
   94         7.79        24.74         0.04        35.73         0.27         0.00
   95         7.79        24.74         0.04       127.18         0.09         0.00
   95         7.79        24.88         0.04       167.72       299.57         0.00
   95         7.79        24.88         0.04       167.72       299.57         0.00
   95         7.79        24.88         0.04        35.65         0.28         0.00
   95         7.79        24.88         0.04        35.67         0.28         0.00
   96         7.79        24.88         0.04       140.92         0.09         0.00
   96         7.79        25.06         0.04       197.65       342.99         0.00
   96         7.79        25.06         0.04       197.65       342.99         0.00
   96         7.79        25.06         0.04        35.63         0.28         0.00
   96         7.79        25.06         0.04        35.67         0.28         0.00
   97         7.79        25.06         0.04       158.12         0.09         0.00
   97         7.79        25.26         0.04       233.90       399.01         0.00
   97         7.79        25.26         0.04       233.90       399.01         0.00
   97         7.79        25.26         0.04        35.68         0.29         0.00
   97         7.79        25.26         0.04        35.78         0.29         0.00
   98         7.79        25.26         0.04       179.01         0.09         0.00
   98         7.79        25.48         0.04       277.02       468.49         0.00
   98         7.79        25.48         0.04       277.02       468.49         0.00
   98         7.79        25.48         0.04        35.80         0.30         0.00
   98         7.79        25.48         0.04        36.20         0.30         0.00
   99         7.79        25.48         0.04       203.72         0.09         0.00
   99         7.79        25.70         0.04       327.25       552.08         0.00
   99         7.79        25.70         0.04       327.25       552.08         0.00
   99         7.79        25.70         0.04        36.25         0.32         0.00
   99         7.79        25.70         0.04        37.93         0.32         0.00
  100         7.79        25.70         0.04       233.15         0.09         0.00
  100         7.79        25.93         0.04       385.54       654.10         0.00
  100         7.79        25.93         0.04       385.54       654.10         0.00
  100         7.79        25.93         0.04        37.97         0.33         0.00
  100         7.79        25.93         0.04        45.37         0.33         0.00
  101         7.79        25.93         0.04       270.90         0.09         0.00
  101         7.79        26.15         0.04       454.92       791.43         0.00
  101         7.79        26.15         0.04       454.92       791.43         0.00
  101         7.79        26.15         0.04        45.43         0.36         0.00
  101         7.79        26.15         0.04        78.22         0.36         0.00
  102         7.79        26.15         0.04       337.33         0.09         0.00
  102         7.79        26.36         0.04       556.23      1052.88         0.00
  102         7.79        26.36         0.04       556.23      1052.88         0.00
  102         7.79        26.36         0.04        78.26         0.41         0.00
  102         7.79        26.36         0.04       223.67         0.41         0.00
  103         7.79        26.36         0.04       518.71         0.09         0.00
  103         7.79        26.56         0.04       775.00      1818.38         0.00
  103         7.79        26.56         0.04       775.00      1818.38         0.00
  103         7.79        26.56         0.04       223.68         0.51         0.00
  103         7.79        26.56         0.04       255.81         0.51         0.00
  104         7.79        26.56         0.04       588.60         0.09         0.00
  104         7.79        26.74         0.04       884.24      2081.49         0.00
  104         7.79        26.74         0.04       884.24      2081.49         0.00
  104         7.79        26.74         0.04       255.75         0.50         0.00
  104         7.79        26.74         0.04       286.62         0.50         0.00
  105         7.79        26.74         0.04       656.67         0.09         0.00
  105         7.79        26.89         0.04       991.49      2344.60         0.00
  105         7.79        26.89         0.04       991.49      2344.60         0.00
  105         7.79        26.89         0.04       286.65         0.50         0.00
  105         7.79        26.89         0.04       319.79         0.50         0.00
  106         7.79        26.89         0.04       736.61         0.09         0.00
  106         7.79        27.02         0.04      1119.39      2648.75         0.00
  106         7.79        27.02         0.04      1119.39      2648.75         0.00
  106         7.79        27.02         0.04       319.80         0.50         0.00
  106         7.79        27.02         0.04       354.47         0.50         0.00
  107         7.79        27.02         0.04       818.84         0.09         0.00
  107         7.79        27.13         0.04      1250.61      2962.73         0.00
  107         7.79        27.13         0.04      1250.61      2962.73         0.00
  107         7.79        27.13         0.04       354.53         0.50         0.00
  107         7.79        27.13         0.04       392.69         0.50         0.00
  108         7.79        27.13         0.04       912.89         0.09         0.00
  108         7.79        27.20         0.04      1401.60      3319.06         0.00
  108         7.79        27.20         0.04      1401.60      3319.06         0.00
  108         7.79        27.20         0.04       392.70         0.50         0.00
  108         7.79        27.20         0.04       432.44         0.50         0.00
  109         7.79        27.20         0.04      1005.30         0.09         0.00
  109         7.79        27.24         0.04      1548.19      3672.66         0.00
  109         7.79        27.24         0.04      1548.19      3672.66         0.00
  109         7.79        27.24         0.04       432.52         0.50         0.00
  109         7.79        27.24         0.04       474.63         0.50         0.00
  110         7.79        27.24         0.04      1116.16         0.09         0.00
  110         7.79        27.25         0.04      1728.62      4088.99         0.00
  110         7.79        27.25         0.04      1728.62      4088.99         0.00
  110         7.79        27.25         0.04       474.66         0.50         0.00
  110         7.79        27.25         0.04       518.24         0.50         0.00
  111         7.79        27.25         0.04      1226.29         0.09         0.00
  111         7.79        27.23         0.04      1906.42      4504.92         0.00
  111         7.79        27.23         0.04      1906.42      4504.92         0.00
  111         7.79        27.23         0.04       518.38         0.51         0.00
  111         7.79        27.23         0.04       567.11         0.51         0.00
  112         7.79        27.23         0.04      1348.08         0.09         0.00
  112         7.79        27.18         0.04      2102.66      4964.79         0.00
  112         7.79        27.18         0.04      2102.66      4964.79         0.00
  112         7.79        27.18         0.04       567.00         0.51         0.00
  112         7.79        27.18         0.04       615.54         0.51         0.00
  113         7.79        27.18         0.04      1443.30         0.09         0.00
  113         7.79        27.09         0.04      2247.13      5340.61         0.00
  113         7.79        27.09         0.04      2247.13      5340.61         0.00
  113         7.79        27.09         0.04       615.38         0.51         0.00
  113         7.79        27.09         0.04       668.08         0.51         0.00
  114         7.79        27.09         0.04      1536.48         0.09         0.00
  114         7.79        26.98         0.04      2383.65      5715.88         0.00
  114         7.79        26.98         0.04      2383.65      5715.88         0.00
  114         7.79        26.98         0.04       667.74         0.51         0.00
  114         7.79        26.98         0.04       721.73         0.51         0.00
  115         7.79        26.98         0.04      1593.69         0.09         0.00
  115         7.79        26.83         0.04      2447.56      5973.34         0.00
  115         7.79        26.83         0.04      2447.56      5973.34         0.00
  115         7.79        26.83         0.04       721.54         0.51         0.00
  115         7.79        26.83         0.04       778.29         0.51         0.00
  116         7.79        26.83         0.04      1667.81         0.09         0.00
  116         7.79        26.67         0.04      2543.07      6289.63         0.00
  116         7.79        26.67         0.04      2543.07      6289.63         0.00
  116         7.79        26.67         0.04       776.78         0.52         0.00
  116         7.79        26.67         0.04       834.88         0.52         0.00
  117         7.79        26.67         0.04      1081.78         0.09         0.00
  117         7.79        26.48         0.04      1325.98      4213.45         0.00
  117         7.79        26.48         0.04      1325.98      4213.45         0.00
  117         7.79        26.48         0.04       833.69         0.43         0.00
  117         7.79        26.48         0.04       893.39         0.43         0.00
  118         7.79        26.48         0.04       962.21         0.09         0.00
  118         7.79        26.28         0.04      1030.38      3810.94         0.00
  118         7.79        26.28         0.04      1030.38      3810.94         0.00
  118         7.79        26.28         0.04       893.04         0.38         0.00
  118         7.79        26.28         0.04       957.90         0.38         0.00
  119         7.79        26.28         0.04       977.17         0.09         0.00
  119         7.79        26.06         0.04       996.23      3891.62         0.00
  119         7.79        26.06         0.04       996.23      3891.62         0.00
  119         7.79        26.06         0.04       957.79         0.35         0.00
  119         7.79        26.06         0.04      1022.59         0.35         0.00
  120         7.79        26.06         0.04      1028.05         0.09         0.00
  120         7.79        25.83         0.04      1033.41      4101.67         0.00
  120         7.79        25.83         0.04      1033.41      4101.67         0.00
  120         7.79        25.83         0.04      1022.54         0.33         0.00
  120         7.79        25.83         0.04      1096.15         0.33         0.00
  121         7.79        25.83         0.04      1097.74         0.09         0.00
  121         7.79        25.61         0.04      1099.27      4382.58         0.00
  121         7.79        25.61         0.04      1099.27      4382.58         0.00
  121         7.79        25.61         0.04      1096.11         0.31         0.00
  121         7.79        25.61         0.04      1172.25         0.31         0.00
  122         7.79        25.61         0.04      1172.76         0.09         0.00
  122         7.79        25.38         0.04      1173.21      4683.11         0.00
  122         7.79        25.38         0.04      1173.21      4683.11         0.00
  122         7.79        25.38         0.04      1172.23         0.30         0.00
  122         7.79        25.38         0.04      1265.39         0.30         0.00
  123         7.79        25.38         0.04      1265.58         0.09         0.00
  123         7.79        25.17         0.04      1265.72      5051.33         0.00
  123         7.79        25.17         0.04      1265.72      5051.33         0.00
  123         7.79        25.17         0.04      1265.37         0.29         0.00
  123         7.79        25.17         0.04      1358.34         0.29         0.00
  124         7.79        25.17         0.04      1358.43         0.09         0.00
  124         7.79        24.97         0.04      1358.49      5420.67         0.00
  124         7.79        24.97         0.04      1358.49      5420.67         0.00
  124         7.79        24.97         0.04      1358.33         0.28         0.00
  124         7.79        24.97         0.04      1458.07         0.28         0.00
  125         7.79        24.97         0.04      1458.11         0.09         0.00
  125         7.79        24.80         0.04      1458.13      5814.42         0.00
  125         7.79        24.80         0.04      1458.13      5814.42         0.00
  125         7.79        24.80         0.04        35.32         0.27         0.00
  125         7.79        24.80         0.04        35.34         0.27         0.00
  126         7.79        24.80         0.04      1358.41         0.09         0.00
  126         7.79        24.97         0.04      1358.48      5420.67         0.00
  126         7.79        24.97         0.04      1358.48      5420.67         0.00
  126         7.79        24.97         0.04        35.36         0.28         0.00
  126         7.79        24.97         0.04        35.41         0.28         0.00
  127         7.79        24.97         0.04      1265.55         0.09         0.00
  127         7.79        25.17         0.04      1265.72      5051.33         0.00
  127         7.79        25.17         0.04      1265.72      5051.33         0.00
  127         7.79        25.17         0.04        35.52         0.29         0.00
  127         7.79        25.17         0.04        35.69         0.29         0.00
  128         7.79        25.17         0.04      1172.72         0.09         0.00
  128         7.79        25.38         0.04      1173.20      4683.11         0.00
  128         7.79        25.38         0.04      1173.20      4683.11         0.00
  128         7.79        25.38         0.04        36.15         0.30         0.00
  128         7.79        25.38         0.04        36.79         0.30         0.00
  129         7.79        25.38         0.04      1097.71         0.09         0.00
  129         7.79        25.61         0.04      1099.26      4382.58         0.00
  129         7.79        25.61         0.04      1099.26      4382.58         0.00
  129         7.79        25.61         0.04        38.34         0.31         0.00
  129         7.79        25.61         0.04        40.69         0.31         0.00
  130         7.79        25.61         0.04      1028.01         0.09         0.00
  130         7.79        25.83         0.04      1033.40      4101.67         0.00
  130         7.79        25.83         0.04      1033.40      4101.67         0.00
  130         7.79        25.83         0.04        46.08         0.33         0.00
  130         7.79        25.83         0.04        54.61         0.33         0.00
  131         7.79        25.83         0.04       977.13         0.09         0.00
  131         7.79        26.06         0.04       996.22      3891.62         0.00
  131         7.79        26.06         0.04       996.22      3891.62         0.00
  131         7.79        26.06         0.04        73.72         0.35         0.00
  131         7.79        26.06         0.04       104.53         0.35         0.00
  132         7.79        26.06         0.04       962.17         0.09         0.00
  132         7.79        26.28         0.04      1030.37      3810.94         0.00
  132         7.79        26.28         0.04      1030.37      3810.94         0.00
  132         7.79        26.28         0.04       172.73         0.38         0.00
  132         7.79        26.28         0.04       283.78         0.38         0.00
  133         7.79        26.28         0.04      1081.73         0.09         0.00
  133         7.79        26.48         0.04      1325.97      4213.45         0.00
  133         7.79        26.48         0.04      1325.97      4213.45         0.00
  133         7.79        26.48         0.04       528.04         0.43         0.00
  133         7.79        26.48         0.04       927.97         0.43         0.00
  134         7.79        26.48         0.04      1667.80         0.09         0.00
  134         7.79        26.67         0.04      2543.06      6289.63         0.00
  134         7.79        26.67         0.04      2543.06      6289.63         0.00
  134         7.79        26.67         0.04      1803.24         0.52         0.00
  134         7.79        26.67         0.04       907.98         0.52         0.00
  135         7.79        26.67         0.04      1591.06         0.09         0.00
  135         7.79        26.83         0.04      2442.33      5964.38         0.00
  135         7.79        26.83         0.04      2442.33      5964.38         0.00
  135         7.79        26.83         0.04      1759.26         0.51         0.00
  135         7.79        26.83         0.04       914.18         0.51         0.00
  136         7.79        26.83         0.04      1543.25         0.09         0.00
  136         7.79        26.98         0.04      2396.96      5738.27         0.00
  136         7.79        26.98         0.04      2396.96      5738.27         0.00
  136         7.79        26.98         0.04      1767.88         0.51         0.00
  136         7.79        26.98         0.04       867.07         0.51         0.00
  137         7.79        26.98         0.04      1443.45         0.09         0.00
  137         7.79        27.09         0.04      2247.42      5341.48         0.00
  137         7.79        27.09         0.04      2247.42      5341.48         0.00
  137         7.79        27.09         0.04      1671.05         0.51         0.00
  137         7.79        27.09         0.04       818.18         0.51         0.00
  138         7.79        27.09         0.04      1346.00         0.09         0.00
  138         7.79        27.18         0.04      2098.58      4958.23         0.00
  138         7.79        27.18         0.04      2098.58      4958.23         0.00
  138         7.79        27.18         0.04      1570.75         0.51         0.00
  138         7.79        27.18         0.04       747.79         0.51         0.00
  139         7.79        27.18         0.04      1226.88         0.09         0.00
  139         7.79        27.23         0.04      1907.60      4506.98         0.00
  139         7.79        27.23         0.04      1907.60      4506.98         0.00
  139         7.79        27.23         0.04      1428.51         0.51         0.00
  139         7.79        27.23         0.04       685.79         0.51         0.00
  140         7.79        27.23         0.04      1121.30         0.09         0.00
  140         7.79        27.25         0.04      1738.56      4105.19         0.00
  140         7.79        27.25         0.04      1738.56      4105.19         0.00
  140         7.79        27.25         0.04      1303.06         0.51         0.00
  140         7.79        27.25         0.04       615.28         0.51         0.00
  141         7.79        27.25         0.04      1008.67         0.09         0.00
  141         7.79        27.24         0.04      1554.65      3683.44         0.00
  141         7.79        27.24         0.04      1554.65      3683.44         0.00
  141         7.79        27.24         0.04      1161.27         0.50         0.00
  141         7.79        27.24         0.04       560.03         0.50         0.00
  142         7.79        27.24         0.04       913.68         0.09         0.00
  142         7.79        27.20         0.04      1403.09      3321.49         0.00
  142         7.79        27.20         0.04      1403.09      3321.49         0.00
  142         7.79        27.20         0.04      1049.43         0.50         0.00
  142         7.79        27.20         0.04       505.66         0.50         0.00
  143         7.79        27.20         0.04       821.16         0.09         0.00
  143         7.79        27.13         0.04      1255.01      2969.99         0.00
  143         7.79        27.13         0.04      1255.01      2969.99         0.00
  143         7.79        27.13         0.04       939.51         0.50         0.00
  143         7.79        27.13         0.04       456.87         0.50         0.00
  144         7.79        27.13         0.04       737.70         0.09         0.00
  144         7.79        27.02         0.04      1121.44      2651.99         0.00
  144         7.79        27.02         0.04      1121.44      2651.99         0.00
  144         7.79        27.02         0.04       840.59         0.50         0.00
  144         7.79        27.02         0.04       410.77         0.50         0.00
  145         7.79        27.02         0.04       658.47         0.09         0.00
  145         7.79        26.89         0.04       994.87      2350.21         0.00
  145         7.79        26.89         0.04       994.87      2350.21         0.00
  145         7.79        26.89         0.04       747.15         0.50         0.00
  145         7.79        26.89         0.04       369.73         0.50         0.00
  146         7.79        26.89         0.04       586.58         0.09         0.00
  146         7.79        26.74         0.04       880.50      2075.30         0.00
  146         7.79        26.74         0.04       880.50      2075.30         0.00
  146         7.79        26.74         0.04       663.60         0.50         0.00
  146         7.79        26.74         0.04       330.41         0.50         0.00
  147         7.79        26.74         0.04       515.18         0.09         0.00
  147         7.79        26.56         0.04       768.54      1807.58         0.00
  147         7.79        26.56         0.04       768.54      1807.58         0.00
  147         7.79        26.56         0.04       582.32         0.50         0.00
  147         7.79        26.56         0.04       294.52         0.50         0.00
  148         7.79        26.56         0.04       335.34         0.09         0.00
  148         7.79        26.36         0.04       552.63      1046.94         0.00
  148         7.79        26.36         0.04       552.63      1046.94         0.00
  148         7.79        26.36         0.04       510.64         0.41         0.00
  148         7.79        26.36         0.04       261.28         0.41         0.00
  149         7.79        26.36         0.04       270.47         0.09         0.00
  149         7.79        26.15         0.04       454.13       790.19         0.00
  149         7.79        26.15         0.04       454.13       790.19         0.00
  149         7.79        26.15         0.04       444.61         0.36         0.00
  149         7.79        26.15         0.04       231.47         0.36         0.00
  150         7.79        26.15         0.04       233.60         0.09         0.00
  150         7.79        25.93         0.04       386.30       655.47         0.00
  150         7.79        25.93         0.04       386.30       655.47         0.00
  150         7.79        25.93         0.04       384.08         0.33         0.00
  150         7.79        25.93         0.04       203.58         0.33         0.00
  151         7.79        25.93         0.04       204.12         0.09         0.00
  151         7.79        25.70         0.04       327.89       553.24         0.00
  151         7.79        25.70         0.04       327.89       553.24         0.00
  151         7.79        25.70         0.04       327.32         0.32         0.00
  151         7.79        25.70         0.04       179.72         0.32         0.00
  152         7.79        25.70         0.04       179.89         0.09         0.00
  152         7.79        25.48         0.04       278.42       471.01         0.00
  152         7.79        25.48         0.04       278.42       471.01         0.00
  152         7.79        25.48         0.04       278.23         0.30         0.00
  152         7.79        25.48         0.04       159.63         0.30         0.00
  153         7.79        25.48         0.04       159.72         0.09         0.00
  153         7.79        25.26         0.04       236.36       403.64         0.00
  153         7.79        25.26         0.04       236.36       403.64         0.00
  153         7.79        25.26         0.04       236.26         0.29         0.00
  153         7.79        25.26         0.04       142.21         0.29         0.00
  154         7.79        25.26         0.04       142.27         0.09         0.00
  154         7.79        25.06         0.04       199.61       346.80         0.00
  154         7.79        25.06         0.04       199.61       346.80         0.00
  154         7.79        25.06         0.04       199.54         0.28         0.00
  154         7.79        25.06         0.04       127.58         0.28         0.00
  155         7.79        25.06         0.04       127.63         0.09         0.00
  155         7.79        24.88         0.04       168.31       300.77         0.00
  155         7.79        24.88         0.04       168.31       300.77         0.00
  155         7.79        24.88         0.04       168.26         0.28         0.00
  155         7.79        24.88         0.04       116.34         0.28         0.00
  156         7.79        24.88         0.04       116.38         0.09         0.00
  156         7.79        24.74         0.04       143.17       267.20         0.00
  156         7.79        24.74         0.04       143.17       267.20         0.00
  156         7.79        24.74         0.04        35.72         0.27         0.00
  156         7.79        24.74         0.04        35.74         0.27         0.00
  157         7.79        24.74         0.04       127.61         0.09         0.00
  157         7.79        24.88         0.04       168.31       300.77         0.00
  157         7.79        24.88         0.04       168.31       300.77         0.00
  157         7.79        24.88         0.04        35.69         0.28         0.00
  157         7.79        24.88         0.04        35.71         0.28         0.00
  158         7.79        24.88         0.04       142.25         0.09         0.00
  158         7.79        25.06         0.04       199.61       346.80         0.00
  158         7.79        25.06         0.04       199.61       346.80         0.00
  158         7.79        25.06         0.04        35.70         0.28         0.00
  158         7.79        25.06         0.04        35.73         0.28         0.00
  159         7.79        25.06         0.04       159.70         0.09         0.00
  159         7.79        25.26         0.04       236.35       403.64         0.00
  159         7.79        25.26         0.04       236.35       403.64         0.00
  159         7.79        25.26         0.04        35.72         0.29         0.00
  159         7.79        25.26         0.04        35.83         0.29         0.00
  160         7.79        25.26         0.04       179.86         0.09         0.00
  160         7.79        25.48         0.04       278.42       471.01         0.00
  160         7.79        25.48         0.04       278.42       471.01         0.00
  160         7.79        25.48         0.04        35.82         0.30         0.00
  160         7.79        25.48         0.04        36.22         0.30         0.00
  161         7.79        25.48         0.04       204.09         0.09         0.00
  161         7.79        25.70         0.04       327.88       553.24         0.00
  161         7.79        25.70         0.04       327.88       553.24         0.00
  161         7.79        25.70         0.04        36.25         0.32         0.00
  161         7.79        25.70         0.04        37.94         0.32         0.00
  162         7.79        25.70         0.04       233.57         0.09         0.00
  162         7.79        25.93         0.04       386.30       655.47         0.00
  162         7.79        25.93         0.04       386.30       655.47         0.00
  162         7.79        25.93         0.04        37.96         0.33         0.00
  162         7.79        25.93         0.04        45.36         0.33         0.00
  163         7.79        25.93         0.04       270.43         0.09         0.00
  163         7.79        26.15         0.04       454.12       790.19         0.00
  163         7.79        26.15         0.04       454.12       790.19         0.00
  163         7.79        26.15         0.04        45.38         0.36         0.00
  163         7.79        26.15         0.04        78.18         0.36         0.00
  164         7.79        26.15         0.04       335.30         0.09         0.00
  164         7.79        26.36         0.04       552.62      1046.94         0.00
  164         7.79        26.36         0.04       552.62      1046.94         0.00
  164         7.79        26.36         0.04        78.17         0.41         0.00
  164         7.79        26.36         0.04       223.57         0.41         0.00
  165         7.79        26.36         0.04       515.18         0.09         0.00
  165         7.79        26.56         0.04       768.54      1807.58         0.00
  165         7.79        26.56         0.04       768.54      1807.58         0.00
  165         7.79        26.56         0.04       223.62         0.50         0.00
  165         7.79        26.56         0.04       255.60         0.50         0.00
  166         7.79        26.56         0.04       586.45         0.09         0.00
  166         7.79        26.74         0.04       880.36      2074.69         0.00
  166         7.79        26.74         0.04       880.36      2074.69         0.00
  166         7.79        26.74         0.04       255.60         0.50         0.00
  166         7.79        26.74         0.04       287.11         0.50         0.00
  167         7.79        26.74         0.04       658.96         0.09         0.00
  167         7.79        26.89         0.04       995.36      2352.11         0.00
  167         7.79        26.89         0.04       995.36      2352.11         0.00
  167         7.79        26.89         0.04       287.15         0.50         0.00
  167         7.79        26.89         0.04       319.81         0.50         0.00
  168         7.79        26.89         0.04       737.70         0.09         0.00
  168         7.79        27.02         0.04      1121.44      2651.78         0.00
  168         7.79        27.02         0.04      1121.44      2651.78         0.00
  168         7.79        27.02         0.04       319.84         0.50         0.00
  168         7.79        27.02         0.04       355.34         0.50         0.00
  169         7.79        27.02         0.04       822.00         0.09         0.00
  169         7.79        27.13         0.04      1255.85      2973.12         0.00
  169         7.79        27.13         0.04      1255.85      2973.12         0.00
  169         7.79        27.13         0.04       355.40         0.50         0.00
  169         7.79        27.13         0.04       392.06         0.50         0.00
  170         7.79        27.13         0.04       913.03         0.09         0.00
  170         7.79        27.20         0.04      1402.44      3318.48         0.00
  170         7.79        27.20         0.04      1402.44      3318.48         0.00
  170         7.79        27.20         0.04       392.08         0.50         0.00
  170         7.79        27.20         0.04       432.28         0.50         0.00
  171         7.79        27.20         0.04      1008.48         0.09         0.00
  171         7.79        27.24         0.04      1554.47      3682.13         0.00
  171         7.79        27.24         0.04      1554.47      3682.13         0.00
  171         7.79        27.24         0.04       432.38         0.50         0.00
  171         7.79        27.24         0.04       475.02         0.50         0.00
  172         7.79        27.24         0.04      1121.63         0.09         0.00
  172         7.79        27.25         0.04      1738.89      4106.06         0.00
  172         7.79        27.25         0.04      1738.89      4106.06         0.00
  172         7.79        27.25         0.04       475.03         0.51         0.00
  172         7.79        27.25         0.04       475.03         0.51         0.00
  172         7.79        27.25         0.04        39.19         0.51         0.00