This is pdfTeX, Version 3.141592653-2.6-1.40.25 (MiKTeX 23.4) (preloaded format=pdflatex 2023.5.3)  28 JUL 2023 15:40
entering extended mode
 restricted \write18 enabled.
 %&-line parsing enabled.
**./WCCT_v15_cpm.tex
(WCCT_v15_cpm.tex
LaTeX2e <2022-11-01> patch level 1
L3 programming layer <2023-03-30>
(C:\Installs\Latex\MikTex\tex/latex/revtex\revtex4-2.cls
Document Class: revtex4-2 2020/10/03 4.2e (https://journals.aps.org/revtex/ for
 documentation)
 Copyright (c) 2019 American Physical Society.
 mailto:revtex@aps.org
 Licensed under the LPPL:
http://www.ctan.org/tex-archive/macros/latex/base/lppl.txt
 Arthur Ogawa <arthur_ogawa at sbcglobal dot net>
 Based on work by David Carlisle <david at dcarlisle.demon.co.uk>
 Version (4.2d,4.2e): Modified by Mark Doyle and Phelype Oleinik
 .
ltxutil[2020/10/03 4.2e utilities package (portions licensed from W. E. Baxter 
web at superscript.com)]
LaTeX Info: Redefining \@centercr on input line 356.
Class revtex4-2 Info: Repairing hyperref-unfriendly LaTeX definition of \mpfoot
note on input line 481.
Class revtex4-2 Info: Repairing broken LateX \@sect on input line 803.
\intertabularlinepenalty=\count185
\@tbpen=\count186
\@arstrutbox@hline=\box51
Class revtex4-2 Info: Repairing broken LaTeX \@xbitor on input line 1834.
Class revtex4-2 Info: Making \typeout \long on input line 2099.
ltxfront[2020/10/03 4.2e frontmatter package (AO,DPC,MD)]
\c@affil=\count187
\c@collab=\count188
\absbox=\box52
ltxgrid[2020/10/03 4.2e page grid package (portions licensed from W. E. Baxter 
web at superscript.com)]
\c@linecount=\count189
\output@latex=\toks16
\box@size@1=\box53
\box@size@2=\box54
\@protection@box=\box55
\@topmark@saved=\toks17
\footins@saved=\box56
\footins@recovered=\box57
\column@recovered=\box58
\pagesofar=\box59
\footsofar=\box60
\pagegrid@col=\count190
Class revtex4-2 Info: Overriding \@vspace, \@vspacer, \@no@pgbk, \@newline, and
 \\  on input line 5665.
\c@part=\count191
\c@section=\count192
\c@subsection=\count193
\c@subsubsection=\count194
\c@paragraph=\count195
\c@subparagraph=\count196
\abovecaptionskip=\skip48
\belowcaptionskip=\skip49
\c@figure=\count197
\fbox@1=\box61
\c@table=\count198
\fbox@2=\box62
\c@video=\count199
\fbox@4=\box63
\@bibdataout=\write3
\widetext@top=\box64
\widetext@bot=\box65
Class revtex4-2 Info: Selecting society aps on input line 7658.
(C:\Installs\Latex\MikTex\tex/latex/revtex\aps4-2.rtx
File: aps4-2 2020/10/03 4.2e (https://journals.aps.org/revtex/ for documentatio
n)
Class revtex4-2 Info: RevTeX society APS selected on input line 40.
)
Class revtex4-2 Info: Selecting journal prb on input line 7660.
Class revtex4-2 Info: APS journal PRB selected on input line 7661.

(C:\Installs\Latex\MikTex\tex/latex/revtex\aps10pt4-2.rtx
File: aps10pt4-2 2020/10/03 4.2e (https://journals.aps.org/revtex/ for document
ation)
Class revtex4-2 Info: RevTeX pointsize 10pt selected on input line 39.
)
(C:\Installs\Latex\MikTex\tex/latex/textcase\textcase.sty
Package: textcase 2022/07/10 v1.03 Text only upper/lower case changing (DPC)
Package textcase Info: Defining Legacy names on input line 20.
)
(C:\Installs\Latex\MikTex\tex/latex/url\url.sty
\Urlmuskip=\muskip16
Package: url 2013/09/16  ver 3.4  Verb mode for urls, etc.
)
(C:\Installs\Latex\MikTex\tex/latex/natbib\natbib.sty
Package: natbib 2010/09/13 8.31b (PWD, AO)
\bibhang=\skip50
\bibsep=\skip51
LaTeX Info: Redefining \cite on input line 694.
\c@NAT@ctr=\count266
)
Class revtex4-2 Info: Repairing natbib's \BibitemShut on input line 7665.

(C:\Installs\Latex\MikTex\tex/latex/revtex\revsymb4-2.sty
Package: revsymb4-2 2020/10/03 4.2e (https://journals.aps.org/revtex/ for docum
entation)
LaTeX Info: Redefining \REV@mathfrak on input line 128.
))
(C:\Installs\Latex\MikTex\tex/latex/xcolor\xcolor.sty
Package: xcolor 2022/06/12 v2.14 LaTeX color extensions (UK)

(C:\Installs\Latex\MikTex\tex/latex/graphics-cfg\color.cfg
File: color.cfg 2016/01/02 v1.6 sample color configuration
)
Package xcolor Info: Driver file: pdftex.def on input line 227.

(C:\Installs\Latex\MikTex\tex/latex/graphics-def\pdftex.def
File: pdftex.def 2022/09/22 v1.2b Graphics/color driver for pdftex
)
(C:\Installs\Latex\MikTex\tex/latex/graphics\mathcolor.ltx)
Package xcolor Info: Model `cmy' substituted by `cmy0' on input line 1353.
Package xcolor Info: Model `hsb' substituted by `rgb' on input line 1357.
Package xcolor Info: Model `RGB' extended on input line 1369.
Package xcolor Info: Model `HTML' substituted by `rgb' on input line 1371.
Package xcolor Info: Model `Hsb' substituted by `hsb' on input line 1372.
Package xcolor Info: Model `tHsb' substituted by `hsb' on input line 1373.
Package xcolor Info: Model `HSB' substituted by `hsb' on input line 1374.
Package xcolor Info: Model `Gray' substituted by `gray' on input line 1375.
Package xcolor Info: Model `wave' substituted by `hsb' on input line 1376.
)
(C:\Installs\Latex\MikTex\tex/latex/amsmath\amsmath.sty
Package: amsmath 2022/04/08 v2.17n AMS math features
\@mathmargin=\skip52

For additional information on amsmath, use the `?' option.
(C:\Installs\Latex\MikTex\tex/latex/amsmath\amstext.sty
Package: amstext 2021/08/26 v2.01 AMS text

(C:\Installs\Latex\MikTex\tex/latex/amsmath\amsgen.sty
File: amsgen.sty 1999/11/30 v2.0 generic functions
\@emptytoks=\toks18
\ex@=\dimen140
)
LaTeX Info: Redefining \text on input line 28.
)
(C:\Installs\Latex\MikTex\tex/latex/amsmath\amsbsy.sty
Package: amsbsy 1999/11/29 v1.2d Bold Symbols
\pmbraise@=\dimen141
)
(C:\Installs\Latex\MikTex\tex/latex/amsmath\amsopn.sty
Package: amsopn 2022/04/08 v2.04 operator names
)
\inf@bad=\count267
LaTeX Info: Redefining \frac on input line 234.
\uproot@=\count268
\leftroot@=\count269
LaTeX Info: Redefining \overline on input line 399.
LaTeX Info: Redefining \colon on input line 410.
\classnum@=\count270
\DOTSCASE@=\count271
LaTeX Info: Redefining \ldots on input line 496.
LaTeX Info: Redefining \dots on input line 499.
LaTeX Info: Redefining \cdots on input line 620.
\Mathstrutbox@=\box66
\strutbox@=\box67
LaTeX Info: Redefining \big on input line 722.
LaTeX Info: Redefining \Big on input line 723.
LaTeX Info: Redefining \bigg on input line 724.
LaTeX Info: Redefining \Bigg on input line 725.
\big@size=\dimen142
LaTeX Font Info:    Redeclaring font encoding OML on input line 743.
LaTeX Font Info:    Redeclaring font encoding OMS on input line 744.
\macc@depth=\count272
LaTeX Info: Redefining \bmod on input line 905.
LaTeX Info: Redefining \pmod on input line 910.
LaTeX Info: Redefining \smash on input line 940.
LaTeX Info: Redefining \relbar on input line 970.
LaTeX Info: Redefining \Relbar on input line 971.
\c@MaxMatrixCols=\count273
\dotsspace@=\muskip17
\c@parentequation=\count274
\dspbrk@lvl=\count275
\tag@help=\toks19
\row@=\count276
\column@=\count277
\maxfields@=\count278
\andhelp@=\toks20
\eqnshift@=\dimen143
\alignsep@=\dimen144
\tagshift@=\dimen145
\tagwidth@=\dimen146
\totwidth@=\dimen147
\lineht@=\dimen148
\@envbody=\toks21
\multlinegap=\skip53
\multlinetaggap=\skip54
\mathdisplay@stack=\toks22
LaTeX Info: Redefining \[ on input line 2953.
LaTeX Info: Redefining \] on input line 2954.
)
(C:\Installs\Latex\MikTex\tex/latex/amscls\amsthm.sty
Package: amsthm 2020/05/29 v2.20.6
\thm@style=\toks23
\thm@bodyfont=\toks24
\thm@headfont=\toks25
\thm@notefont=\toks26
\thm@headpunct=\toks27
\thm@preskip=\skip55
\thm@postskip=\skip56
\thm@headsep=\skip57
\dth@everypar=\toks28
)
(C:\Installs\Latex\MikTex\tex/latex/amsfonts\amssymb.sty
Package: amssymb 2013/01/14 v3.01 AMS font symbols

(C:\Installs\Latex\MikTex\tex/latex/amsfonts\amsfonts.sty
Package: amsfonts 2013/01/14 v3.01 Basic AMSFonts support
\symAMSa=\mathgroup4
\symAMSb=\mathgroup5
LaTeX Font Info:    Redeclaring math symbol \hbar on input line 98.
LaTeX Font Info:    Overwriting math alphabet `\mathfrak' in version `bold'
(Font)                  U/euf/m/n --> U/euf/b/n on input line 106.
LaTeX Info: Redefining \frak on input line 111.
LaTeX Info: Redefining \Bbb on input line 113.
))
(C:\Installs\Latex\MikTex\tex/latex/bbold\bbold.sty
Package: bbold 1994/04/06 Bbold symbol package
LaTeX Font Info:    Redeclaring math alphabet \mathbb on input line 42.
)
(C:\Installs\Latex\MikTex\tex/latex/ulem\ulem.sty
\UL@box=\box68
\UL@hyphenbox=\box69
\UL@skip=\skip58
\UL@hook=\toks29
\UL@height=\dimen149
\UL@pe=\count279
\UL@pixel=\dimen150
\ULC@box=\box70
Package: ulem 2019/11/18
\ULdepth=\dimen151
)
(C:\Installs\Latex\MikTex\tex/latex/cancel\cancel.sty
Package: cancel 2013/04/12 v2.2 Cancel math terms
)
(C:\Installs\Latex\MikTex\tex/latex/tools\bm.sty
Package: bm 2022/01/05 v1.2f Bold Symbol Support (DPC/FMi)
\symboldoperators=\mathgroup6
\symboldletters=\mathgroup7
\symboldsymbols=\mathgroup8
Package bm Info: No bold for \OMX/cmex/m/n, using \pmb.
Package bm Info: No bold for \U/msa/m/n, using \pmb.
Package bm Info: No bold for \U/msb/m/n, using \pmb.
LaTeX Font Info:    Redeclaring math alphabet \mathbf on input line 149.
LaTeX Info: Redefining \bm on input line 219.
)
(C:\Installs\Latex\MikTex\tex/latex/microtype\microtype.sty
Package: microtype 2023/03/13 v3.1a Micro-typographical refinements (RS)

(C:\Installs\Latex\MikTex\tex/latex/graphics\keyval.sty
Package: keyval 2022/05/29 v1.15 key=value parser (DPC)
\KV@toks@=\toks30
)
(C:\Installs\Latex\MikTex\tex/latex/etoolbox\etoolbox.sty
Package: etoolbox 2020/10/05 v2.5k e-TeX tools for LaTeX (JAW)
\etb@tempcnta=\count280
)
\MT@toks=\toks31
\MT@tempbox=\box71
\MT@count=\count281
LaTeX Info: Redefining \noprotrusionifhmode on input line 1059.
LaTeX Info: Redefining \leftprotrusion on input line 1060.
\MT@prot@toks=\toks32
LaTeX Info: Redefining \rightprotrusion on input line 1078.
LaTeX Info: Redefining \textls on input line 1368.
\MT@outer@kern=\dimen152
LaTeX Info: Redefining \textmicrotypecontext on input line 1988.
\MT@listname@count=\count282

(C:\Installs\Latex\MikTex\tex/latex/microtype\microtype-pdftex.def
File: microtype-pdftex.def 2023/03/13 v3.1a Definitions specific to pdftex (RS)

LaTeX Info: Redefining \lsstyle on input line 902.
LaTeX Info: Redefining \lslig on input line 902.
\MT@outer@space=\skip59
)
Package microtype Info: Loading configuration file microtype.cfg.

(C:\Installs\Latex\MikTex\tex/latex/microtype\microtype.cfg
File: microtype.cfg 2023/03/13 v3.1a microtype main configuration file (RS)
))
(C:\Installs\Latex\MikTex\tex/latex/hyperref\hyperref.sty
Package: hyperref 2023-02-07 v7.00v Hypertext links for LaTeX

(C:\Installs\Latex\MikTex\tex/generic/ltxcmds\ltxcmds.sty
Package: ltxcmds 2020-05-10 v1.25 LaTeX kernel commands for general use (HO)
)
(C:\Installs\Latex\MikTex\tex/generic/iftex\iftex.sty
Package: iftex 2022/02/03 v1.0f TeX engine tests
)
(C:\Installs\Latex\MikTex\tex/generic/pdftexcmds\pdftexcmds.sty
Package: pdftexcmds 2020-06-27 v0.33 Utility functions of pdfTeX for LuaTeX (HO
)

(C:\Installs\Latex\MikTex\tex/generic/infwarerr\infwarerr.sty
Package: infwarerr 2019/12/03 v1.5 Providing info/warning/error messages (HO)
)
Package pdftexcmds Info: \pdf@primitive is available.
Package pdftexcmds Info: \pdf@ifprimitive is available.
Package pdftexcmds Info: \pdfdraftmode found.
)
(C:\Installs\Latex\MikTex\tex/latex/kvsetkeys\kvsetkeys.sty
Package: kvsetkeys 2022-10-05 v1.19 Key value parser (HO)
)
(C:\Installs\Latex\MikTex\tex/generic/kvdefinekeys\kvdefinekeys.sty
Package: kvdefinekeys 2019-12-19 v1.6 Define keys (HO)
)
(C:\Installs\Latex\MikTex\tex/generic/pdfescape\pdfescape.sty
Package: pdfescape 2019/12/09 v1.15 Implements pdfTeX's escape features (HO)
)
(C:\Installs\Latex\MikTex\tex/latex/hycolor\hycolor.sty
Package: hycolor 2020-01-27 v1.10 Color options for hyperref/bookmark (HO)
)
(C:\Installs\Latex\MikTex\tex/latex/letltxmacro\letltxmacro.sty
Package: letltxmacro 2019/12/03 v1.6 Let assignment for LaTeX macros (HO)
)
(C:\Installs\Latex\MikTex\tex/latex/auxhook\auxhook.sty
Package: auxhook 2019-12-17 v1.6 Hooks for auxiliary files (HO)
)
(C:\Installs\Latex\MikTex\tex/latex/hyperref\nameref.sty
Package: nameref 2022-05-17 v2.50 Cross-referencing by name of section

(C:\Installs\Latex\MikTex\tex/latex/refcount\refcount.sty
Package: refcount 2019/12/15 v3.6 Data extraction from label references (HO)
)
(C:\Installs\Latex\MikTex\tex/generic/gettitlestring\gettitlestring.sty
Package: gettitlestring 2019/12/15 v1.6 Cleanup title references (HO)

(C:\Installs\Latex\MikTex\tex/latex/kvoptions\kvoptions.sty
Package: kvoptions 2022-06-15 v3.15 Key value format for package options (HO)
))
\c@section@level=\count283
)
\@linkdim=\dimen153
\Hy@linkcounter=\count284
\Hy@pagecounter=\count285

(C:\Installs\Latex\MikTex\tex/latex/hyperref\pd1enc.def
File: pd1enc.def 2023-02-07 v7.00v Hyperref: PDFDocEncoding definition (HO)
Now handling font encoding PD1 ...
... no UTF-8 mapping file for font encoding PD1
)
(C:\Installs\Latex\MikTex\tex/generic/intcalc\intcalc.sty
Package: intcalc 2019/12/15 v1.3 Expandable calculations with integers (HO)
)
(C:\Installs\Latex\MikTex\tex/generic/etexcmds\etexcmds.sty
Package: etexcmds 2019/12/15 v1.7 Avoid name clashes with e-TeX commands (HO)
)
\Hy@SavedSpaceFactor=\count286

(C:\Installs\Latex\MikTex\tex/latex/hyperref\puenc.def
File: puenc.def 2023-02-07 v7.00v Hyperref: PDF Unicode definition (HO)
Now handling font encoding PU ...
... no UTF-8 mapping file for font encoding PU
)
Package hyperref Info: Hyper figures OFF on input line 4177.
Package hyperref Info: Link nesting OFF on input line 4182.
Package hyperref Info: Hyper index ON on input line 4185.
Package hyperref Info: Plain pages OFF on input line 4192.
Package hyperref Info: Backreferencing OFF on input line 4197.
Package hyperref Info: Implicit mode ON; LaTeX internals redefined.
Package hyperref Info: Bookmarks ON on input line 4425.
LaTeX Info: Redefining \href on input line 4674.
\c@Hy@tempcnt=\count287
LaTeX Info: Redefining \url on input line 4763.
\XeTeXLinkMargin=\dimen154

(C:\Installs\Latex\MikTex\tex/generic/bitset\bitset.sty
Package: bitset 2019/12/09 v1.3 Handle bit-vector datatype (HO)

(C:\Installs\Latex\MikTex\tex/generic/bigintcalc\bigintcalc.sty
Package: bigintcalc 2019/12/15 v1.5 Expandable calculations on big integers (HO
)
))
\Fld@menulength=\count288
\Field@Width=\dimen155
\Fld@charsize=\dimen156
Package hyperref Info: Hyper figures OFF on input line 6042.
Package hyperref Info: Link nesting OFF on input line 6047.
Package hyperref Info: Hyper index ON on input line 6050.
Package hyperref Info: backreferencing OFF on input line 6057.
Package hyperref Info: Link coloring OFF on input line 6062.
Package hyperref Info: Link coloring with OCG OFF on input line 6067.
Package hyperref Info: PDF/A mode OFF on input line 6072.

(C:\Installs\Latex\MikTex\tex/latex/base\atbegshi-ltx.sty
Package: atbegshi-ltx 2021/01/10 v1.0c Emulation of the original atbegshi
package with kernel methods
)
\Hy@abspage=\count289
\c@Item=\count290
\c@Hfootnote=\count291
)
Package hyperref Info: Driver (autodetected): hpdftex.

(C:\Installs\Latex\MikTex\tex/latex/hyperref\hpdftex.def
File: hpdftex.def 2023-02-07 v7.00v Hyperref driver for pdfTeX

(C:\Installs\Latex\MikTex\tex/latex/base\atveryend-ltx.sty
Package: atveryend-ltx 2020/08/19 v1.0a Emulation of the original atveryend pac
kage
with kernel methods
)
\Fld@listcount=\count292
\c@bookmark@seq@number=\count293

(C:\Installs\Latex\MikTex\tex/latex/rerunfilecheck\rerunfilecheck.sty
Package: rerunfilecheck 2022-07-10 v1.10 Rerun checks for auxiliary files (HO)

(C:\Installs\Latex\MikTex\tex/generic/uniquecounter\uniquecounter.sty
Package: uniquecounter 2019/12/15 v1.4 Provide unlimited unique counter (HO)
)
Package uniquecounter Info: New unique counter `rerunfilecheck' on input line 2
85.
)
\Hy@SectionHShift=\skip60
)
(C:\Installs\Latex\MikTex\tex/latex/setspace\setspace.sty
Package: setspace 2022/12/04 v6.7b set line spacing
)
Package hyperref Info: Option `colorlinks' set `true' on input line 11.

(C:\Installs\Latex\MikTex\tex/latex/graphics\graphicx.sty
Package: graphicx 2021/09/16 v1.2d Enhanced LaTeX Graphics (DPC,SPQR)

(C:\Installs\Latex\MikTex\tex/latex/graphics\graphics.sty
Package: graphics 2022/03/10 v1.4e Standard LaTeX Graphics (DPC,SPQR)

(C:\Installs\Latex\MikTex\tex/latex/graphics\trig.sty
Package: trig 2021/08/11 v1.11 sin cos tan (DPC)
)
(C:\Installs\Latex\MikTex\tex/latex/graphics-cfg\graphics.cfg
File: graphics.cfg 2016/06/04 v1.11 sample graphics configuration
)
Package graphics Info: Driver file: pdftex.def on input line 107.
)
\Gin@req@height=\dimen157
\Gin@req@width=\dimen158
)
(C:\Installs\Latex\MikTex\tex/latex/tools\verbatim.sty
Package: verbatim 2022-07-02 v1.5u LaTeX2e package for verbatim enhancements
\every@verbatim=\toks33
\verbatim@line=\toks34
\verbatim@in@stream=\read2
)
(C:\Installs\Latex\MikTex\tex/latex/fixmath\fixmath.sty
Package: fixmath 2022/10/06 v0.9.1 (WaS)
LaTeX Font Info:    Redeclaring math symbol \Gamma on input line 27.
LaTeX Font Info:    Redeclaring math symbol \Delta on input line 28.
LaTeX Font Info:    Redeclaring math symbol \Theta on input line 29.
LaTeX Font Info:    Redeclaring math symbol \Lambda on input line 30.
LaTeX Font Info:    Redeclaring math symbol \Xi on input line 31.
LaTeX Font Info:    Redeclaring math symbol \Pi on input line 32.
LaTeX Font Info:    Redeclaring math symbol \Sigma on input line 33.
LaTeX Font Info:    Redeclaring math symbol \Upsilon on input line 34.
LaTeX Font Info:    Redeclaring math symbol \Phi on input line 35.
LaTeX Font Info:    Redeclaring math symbol \Psi on input line 36.
LaTeX Font Info:    Redeclaring math symbol \Omega on input line 37.
LaTeX Font Info:    Redeclaring math symbol \alpha on input line 38.
LaTeX Font Info:    Redeclaring math symbol \beta on input line 39.
LaTeX Font Info:    Redeclaring math symbol \gamma on input line 40.
LaTeX Font Info:    Redeclaring math symbol \delta on input line 41.
LaTeX Font Info:    Redeclaring math symbol \epsilon on input line 42.
LaTeX Font Info:    Redeclaring math symbol \zeta on input line 43.
LaTeX Font Info:    Redeclaring math symbol \eta on input line 44.
LaTeX Font Info:    Redeclaring math symbol \theta on input line 45.
LaTeX Font Info:    Redeclaring math symbol \iota on input line 46.
LaTeX Font Info:    Redeclaring math symbol \kappa on input line 47.
LaTeX Font Info:    Redeclaring math symbol \lambda on input line 48.
LaTeX Font Info:    Redeclaring math symbol \mu on input line 49.
LaTeX Font Info:    Redeclaring math symbol \nu on input line 50.
LaTeX Font Info:    Redeclaring math symbol \xi on input line 51.
LaTeX Font Info:    Redeclaring math symbol \pi on input line 52.
LaTeX Font Info:    Redeclaring math symbol \rho on input line 53.
LaTeX Font Info:    Redeclaring math symbol \sigma on input line 54.
LaTeX Font Info:    Redeclaring math symbol \tau on input line 55.
LaTeX Font Info:    Redeclaring math symbol \upsilon on input line 56.
LaTeX Font Info:    Redeclaring math symbol \phi on input line 57.
LaTeX Font Info:    Redeclaring math symbol \chi on input line 58.
LaTeX Font Info:    Redeclaring math symbol \psi on input line 59.
LaTeX Font Info:    Redeclaring math symbol \omega on input line 60.
LaTeX Font Info:    Redeclaring math symbol \varepsilon on input line 61.
LaTeX Font Info:    Redeclaring math symbol \vartheta on input line 62.
LaTeX Font Info:    Redeclaring math symbol \varpi on input line 63.
LaTeX Font Info:    Redeclaring math symbol \varphi on input line 64.
LaTeX Font Info:    Redeclaring math symbol \varrho on input line 65.
LaTeX Font Info:    Redeclaring math symbol \varsigma on input line 66.
)
(C:\Installs\Latex\MikTex\tex/latex/enumitem\enumitem.sty
Package: enumitem 2019/06/20 v3.9 Customized lists
\labelindent=\skip61
\enit@outerparindent=\dimen159
\enit@toks=\toks35
\enit@inbox=\box72
\enit@count@id=\count294
\enitdp@description=\count295
)
(C:\Installs\Latex\MikTex\tex/latex/doublestroke\dsfont.sty
Package: dsfont 1995/08/01 v0.1 Double stroke roman fonts
)
Package hyperref Info: Option `colorlinks' set `true' on input line 36.
Class revtex4-2 Info: Unrecognized LaTeX tabular. Please update this document c
lass! (Proceeding with fingers crossed.) on input line 161.
Class revtex4-2 Info: cite was not loaded (OK!) on input line 161.
Class revtex4-2 Info: mcite was not loaded (OK!) on input line 161.
Class revtex4-2 Info: multicol was not loaded (OK!) on input line 161.

(C:\Installs\Latex\MikTex\tex/latex/l3backend\l3backend-pdftex.def
File: l3backend-pdftex.def 2023-03-30 L3 backend support: PDF output (pdfTeX)
\l__color_backend_stack_int=\count296
\l__pdf_internal_box=\box73
)
(WCCT_v15_cpm.aux)
\openout1 = `WCCT_v15_cpm.aux'.

LaTeX Font Info:    Checking defaults for OML/cmm/m/it on input line 161.
LaTeX Font Info:    ... okay on input line 161.
LaTeX Font Info:    Checking defaults for OMS/cmsy/m/n on input line 161.
LaTeX Font Info:    ... okay on input line 161.
LaTeX Font Info:    Checking defaults for OT1/cmr/m/n on input line 161.
LaTeX Font Info:    ... okay on input line 161.
LaTeX Font Info:    Checking defaults for T1/cmr/m/n on input line 161.
LaTeX Font Info:    ... okay on input line 161.
LaTeX Font Info:    Checking defaults for TS1/cmr/m/n on input line 161.
LaTeX Font Info:    ... okay on input line 161.
LaTeX Font Info:    Checking defaults for OMX/cmex/m/n on input line 161.
LaTeX Font Info:    ... okay on input line 161.
LaTeX Font Info:    Checking defaults for U/cmr/m/n on input line 161.
LaTeX Font Info:    ... okay on input line 161.
LaTeX Font Info:    Checking defaults for PD1/pdf/m/n on input line 161.
LaTeX Font Info:    ... okay on input line 161.
LaTeX Font Info:    Checking defaults for PU/pdf/m/n on input line 161.
LaTeX Font Info:    ... okay on input line 161.

(C:\Installs\Latex\MikTex\tex/context/base/mkii\supp-pdf.mkii
[Loading MPS to PDF converter (version 2006.09.02).]
\scratchcounter=\count297
\scratchdimen=\dimen160
\scratchbox=\box74
\nofMPsegments=\count298
\nofMParguments=\count299
\everyMPshowfont=\toks36
\MPscratchCnt=\count300
\MPscratchDim=\dimen161
\MPnumerator=\count301
\makeMPintoPDFobject=\count302
\everyMPtoPDFconversion=\toks37
) (C:\Installs\Latex\MikTex\tex/latex/epstopdf-pkg\epstopdf-base.sty
Package: epstopdf-base 2020-01-24 v2.11 Base part for package epstopdf
Package epstopdf-base Info: Redefining graphics rule for `.eps' on input line 4
85.

(C:\Installs\Latex\MikTex\tex/latex/00miktex\epstopdf-sys.cfg
File: epstopdf-sys.cfg 2021/03/18 v2.0 Configuration of epstopdf for MiKTeX
))
LaTeX Info: Redefining \microtypecontext on input line 161.
Package microtype Info: Applying patch `item' on input line 161.
Package microtype Info: Applying patch `toc' on input line 161.
Package microtype Info: Applying patch `eqnum' on input line 161.


Package microtype Warning: Unable to apply patch `footnote' on input line 161.

Package microtype Info: Applying patch `verbatim' on input line 161.
Package microtype Info: Generating PDF output.
Package microtype Info: Character protrusion enabled (level 2).
Package microtype Info: Using default protrusion set `alltext'.
Package microtype Info: Automatic font expansion enabled (level 2),
(microtype)             stretch: 20, shrink: 20, step: 1, non-selected.
Package microtype Info: Using default expansion set `alltext-nott'.
LaTeX Info: Redefining \showhyphens on input line 161.
Package microtype Info: No adjustment of tracking.
Package microtype Info: No adjustment of interword spacing.
Package microtype Info: No adjustment of character kerning.
(C:\Installs\Latex\MikTex\tex/latex/microtype\mt-cmr.cfg
File: mt-cmr.cfg 2013/05/19 v2.2 microtype config. file: Computer Modern Roman 
(RS)
)
Package hyperref Info: Link coloring ON on input line 161.
 (WCCT_v15_cpm.out)
(WCCT_v15_cpm.out)
\@outlinefile=\write4
\openout4 = `WCCT_v15_cpm.out'.

Class revtex4-2 Info: Taking \maketitle back from hyperref on input line 161.
\openout3 = `WCCT_v15_cpmNotes.bib'.

LaTeX Font Info:    Trying to load font information for U+msa on input line 196
.
 (C:\Installs\Latex\MikTex\tex/latex/amsfonts\umsa.fd
File: umsa.fd 2013/01/14 v3.01 AMS symbols A
)
(C:\Installs\Latex\MikTex\tex/latex/microtype\mt-msa.cfg
File: mt-msa.cfg 2006/02/04 v1.1 microtype config. file: AMS symbols (a) (RS)
)
LaTeX Font Info:    Trying to load font information for U+msb on input line 196
.

(C:\Installs\Latex\MikTex\tex/latex/amsfonts\umsb.fd
File: umsb.fd 2013/01/14 v3.01 AMS symbols B
)
(C:\Installs\Latex\MikTex\tex/latex/microtype\mt-msb.cfg
File: mt-msb.cfg 2005/06/01 v1.0 microtype config. file: AMS symbols (b) (RS)
)

Package amsmath Warning: Foreign command \over;
(amsmath)                \frac or \genfrac should be used instead
(amsmath)                 on input line 247.



pdfTeX warning: pdflatex (file ./sketch_experiment_v2.pdf): PDF inclusion: foun
d PDF version <1.6>, but at most version <1.5> allowed
<sketch_experiment_v2.pdf, id=72, 607.26875pt x 253.94875pt>
File: sketch_experiment_v2.pdf Graphic file (type pdf)
<use sketch_experiment_v2.pdf>
Package pdftex.def Info: sketch_experiment_v2.pdf  used on input line 253.
(pdftex.def)             Requested size: 221.3985pt x 92.58395pt.
<Fig_WaveFunction_Potential_NegEps_normalized.pdf, id=73, 447.6725pt x 375.4025
pt>
File: Fig_WaveFunction_Potential_NegEps_normalized.pdf Graphic file (type pdf)
<use Fig_WaveFunction_Potential_NegEps_normalized.pdf>
Package pdftex.def Info: Fig_WaveFunction_Potential_NegEps_normalized.pdf  used
 on input line 254.
(pdftex.def)             Requested size: 120.54135pt x 101.07935pt.
<Fig_WaveFunction_Potential_PosEps_normalized.pdf, id=74, 447.6725pt x 375.4025
pt>
File: Fig_WaveFunction_Potential_PosEps_normalized.pdf Graphic file (type pdf)
<use Fig_WaveFunction_Potential_PosEps_normalized.pdf>
Package pdftex.def Info: Fig_WaveFunction_Potential_PosEps_normalized.pdf  used
 on input line 255.
(pdftex.def)             Requested size: 120.54135pt x 101.07935pt.
[1{C:/Users/szomb/AppData/Local/MiKTeX/fonts/map/pdftex/pdftex.map}]

LaTeX Warning: A float is stuck (cannot be placed) on input line 282.


LaTeX Warning: A float is stuck (cannot be placed) on input line 282.


Class revtex4-2 Warning: Deferred float stuck during \clearpage processing.

[2 <./sketch_experiment_v2.pdf> <./Fig_WaveFunction_Potential_NegEps_normalized
.pdf> <./Fig_WaveFunction_Potential_PosEps_normalized.pdf>]
Overfull \hbox (3.67819pt too wide) detected at line 377
[]
 []

<Fig_Freqs.pdf, id=167, 578.16pt x 433.62pt>
File: Fig_Freqs.pdf Graphic file (type pdf)
<use Fig_Freqs.pdf>
Package pdftex.def Info: Fig_Freqs.pdf  used on input line 409.
(pdftex.def)             Requested size: 221.3985pt x 166.04767pt.
[3 <./Fig_Freqs.pdf>]
<Fig_3Particle_Trajectory.pdf, id=198, 519.9425pt x 375.4025pt>
File: Fig_3Particle_Trajectory.pdf Graphic file (type pdf)
<use Fig_3Particle_Trajectory.pdf>
Package pdftex.def Info: Fig_3Particle_Trajectory.pdf  used on input line 479.
(pdftex.def)             Requested size: 233.69925pt x 168.72906pt.
<Fig_perpfactors.pdf, id=200, 519.9425pt x 375.4025pt>
File: Fig_perpfactors.pdf Graphic file (type pdf)
<use Fig_perpfactors.pdf>
Package pdftex.def Info: Fig_perpfactors.pdf  used on input line 513.
(pdftex.def)             Requested size: 233.69925pt x 168.72906pt.
 [4 <./Fig_3Particle_Trajectory.pdf> <./Fig_perpfactors.pdf>]
<Fig_spectral_gap_exp_fitted_2.pdf, id=240, 519.9425pt x 447.6725pt>
File: Fig_spectral_gap_exp_fitted_2.pdf Graphic file (type pdf)
<use Fig_spectral_gap_exp_fitted_2.pdf>
Package pdftex.def Info: Fig_spectral_gap_exp_fitted_2.pdf  used on input line 
613.
(pdftex.def)             Requested size: 233.69925pt x 201.21167pt.
<Fig_spectral_gap_exp_log_lin_shahal_scaling_log_v2.pdf, id=241, 519.9425pt x 3
03.1325pt>
File: Fig_spectral_gap_exp_log_lin_shahal_scaling_log_v2.pdf Graphic file (type
 pdf)
<use Fig_spectral_gap_exp_log_lin_shahal_scaling_log_v2.pdf>
Package pdftex.def Info: Fig_spectral_gap_exp_log_lin_shahal_scaling_log_v2.pdf
  used on input line 614.
(pdftex.def)             Requested size: 233.69925pt x 136.24648pt.
 [5 <./Fig_spectral_gap_exp_fitted_2.pdf> <./Fig_spectral_gap_exp_log_lin_shaha
l_scaling_log_v2.pdf>]
<Fig_Polarization_3D_theor_1part_line.pdf, id=621, 505.89pt x 433.62pt>
File: Fig_Polarization_3D_theor_1part_line.pdf Graphic file (type pdf)
<use Fig_Polarization_3D_theor_1part_line.pdf>
Package pdftex.def Info: Fig_Polarization_3D_theor_1part_line.pdf  used on inpu
t line 678.
(pdftex.def)             Requested size: 120.54135pt x 103.31664pt.
<Fig_Polarization_3D_theor_3part_line.pdf, id=622, 505.89pt x 433.62pt>
File: Fig_Polarization_3D_theor_3part_line.pdf Graphic file (type pdf)
<use Fig_Polarization_3D_theor_3part_line.pdf>
Package pdftex.def Info: Fig_Polarization_3D_theor_3part_line.pdf  used on inpu
t line 679.
(pdftex.def)             Requested size: 120.54135pt x 103.31664pt.
<Fig_Polarization_3D_theor_1part.pdf, id=623, 505.89pt x 433.62pt>
File: Fig_Polarization_3D_theor_1part.pdf Graphic file (type pdf)
<use Fig_Polarization_3D_theor_1part.pdf>
Package pdftex.def Info: Fig_Polarization_3D_theor_1part.pdf  used on input lin
e 680.
(pdftex.def)             Requested size: 120.54135pt x 103.31664pt.
<Fig_Polarization_3D_theor_3part.pdf, id=624, 505.89pt x 433.62pt>
File: Fig_Polarization_3D_theor_3part.pdf Graphic file (type pdf)
<use Fig_Polarization_3D_theor_3part.pdf>
Package pdftex.def Info: Fig_Polarization_3D_theor_3part.pdf  used on input lin
e 681.
(pdftex.def)             Requested size: 120.54135pt x 103.31664pt.
<FiveParticleDensitySeriesv2.pdf, id=634, 848.4197pt x 740.5168pt>
File: FiveParticleDensitySeriesv2.pdf Graphic file (type pdf)
<use FiveParticleDensitySeriesv2.pdf>
Package pdftex.def Info: FiveParticleDensitySeriesv2.pdf  used on input line 78
8.
(pdftex.def)             Requested size: 246.0pt x 214.71048pt.
 [6 <./Fig_Polarization_3D_theor_1part_line.pdf> <./Fig_Polarization_3D_theor_3
part_line.pdf> <./Fig_Polarization_3D_theor_1part.pdf> <./Fig_Polarization_3D_t
heor_3part.pdf>]

LaTeX Warning: A float is stuck (cannot be placed) on input line 804.


LaTeX Warning: A float is stuck (cannot be placed) on input line 804.


Class revtex4-2 Warning: Deferred float stuck during \clearpage processing.

<Fig_WaveFunction_difference_3_part.pdf, id=4074, 505.89pt x 433.62pt>
File: Fig_WaveFunction_difference_3_part.pdf Graphic file (type pdf)
<use Fig_WaveFunction_difference_3_part.pdf>
Package pdftex.def Info: Fig_WaveFunction_difference_3_part.pdf  used on input 
line 822.
(pdftex.def)             Requested size: 120.54135pt x 103.31664pt.
<Fig_WaveFunction_difference_N_5.pdf, id=4075, 505.89pt x 433.62pt>
File: Fig_WaveFunction_difference_N_5.pdf Graphic file (type pdf)
<use Fig_WaveFunction_difference_N_5.pdf>
Package pdftex.def Info: Fig_WaveFunction_difference_N_5.pdf  used on input lin
e 823.
(pdftex.def)             Requested size: 120.54135pt x 103.31664pt.
<SupMatFig_DensitySeries.pdf, id=4079, 1084.05pt x 794.97pt>
File: SupMatFig_DensitySeries.pdf Graphic file (type pdf)
<use SupMatFig_DensitySeries.pdf>
Package pdftex.def Info: SupMatFig_DensitySeries.pdf  used on input line 848.
(pdftex.def)             Requested size: 393.6015pt x 288.6393pt.
[7 <./FiveParticleDensitySeriesv2.pdf> <./Fig_WaveFunction_difference_3_part.pd
f> <./Fig_WaveFunction_difference_N_5.pdf>] [8 <./SupMatFig_DensitySeries.pdf>]
(WCCT_v15_cpm.bbl [9] [10]) [11] (WCCT_v15_cpm.aux)
Package rerunfilecheck Info: File `WCCT_v15_cpm.out' has not changed.
(rerunfilecheck)             Checksum: 0EBF0E3B59C933BD3A091614E6331B51;3013.
 ) 
Here is how much of TeX's memory you used:
 15584 strings out of 476331
 240171 string characters out of 5797146
 1889660 words of memory out of 5000000
 35440 multiletter control sequences out of 15000+600000
 531196 words of font info for 196 fonts, out of 8000000 for 9000
 1141 hyphenation exceptions out of 8191
 75i,12n,76p,1404b,721s stack positions out of 10000i,1000n,20000p,200000b,200000s
<C:/Installs/Latex/MikTex/fonts/type1/public/amsfonts/cm/cmbx10.pfb><C:/Insta
lls/Latex/MikTex/fonts/type1/public/amsfonts/cm/cmbx12.pfb><C:/Installs/Latex/M
ikTex/fonts/type1/public/amsfonts/cm/cmbx7.pfb><C:/Installs/Latex/MikTex/fonts/
type1/public/amsfonts/cm/cmbx9.pfb><C:/Installs/Latex/MikTex/fonts/type1/public
/amsfonts/cm/cmex10.pfb><C:/Installs/Latex/MikTex/fonts/type1/public/amsfonts/c
m/cmmi10.pfb><C:/Installs/Latex/MikTex/fonts/type1/public/amsfonts/cm/cmmi5.pfb
><C:/Installs/Latex/MikTex/fonts/type1/public/amsfonts/cm/cmmi6.pfb><C:/Install
s/Latex/MikTex/fonts/type1/public/amsfonts/cm/cmmi7.pfb><C:/Installs/Latex/MikT
ex/fonts/type1/public/amsfonts/cm/cmmi9.pfb><C:/Installs/Latex/MikTex/fonts/typ
e1/public/amsfonts/cm/cmmib10.pfb><C:/Installs/Latex/MikTex/fonts/type1/public/
amsfonts/cm/cmr10.pfb><C:/Installs/Latex/MikTex/fonts/type1/public/amsfonts/cm/
cmr5.pfb><C:/Installs/Latex/MikTex/fonts/type1/public/amsfonts/cm/cmr6.pfb><C:/
Installs/Latex/MikTex/fonts/type1/public/amsfonts/cm/cmr7.pfb><C:/Installs/Late
x/MikTex/fonts/type1/public/amsfonts/cm/cmr9.pfb><C:/Installs/Latex/MikTex/font
s/type1/public/amsfonts/cm/cmsy10.pfb><C:/Installs/Latex/MikTex/fonts/type1/pub
lic/amsfonts/cm/cmsy7.pfb><C:/Installs/Latex/MikTex/fonts/type1/public/amsfonts
/cm/cmsy9.pfb><C:/Installs/Latex/MikTex/fonts/type1/public/amsfonts/cm/cmti10.p
fb><C:/Installs/Latex/MikTex/fonts/type1/public/amsfonts/cm/cmti9.pfb><C:/Insta
lls/Latex/MikTex/fonts/type1/public/amsfonts/symbols/msam10.pfb><C:/Installs/La
tex/MikTex/fonts/type1/public/amsfonts/symbols/msbm10.pfb>
Output written on WCCT_v15_cpm.pdf (11 pages, 6131989 bytes).
PDF statistics:
 4396 PDF objects out of 5155 (max. 8388607)
 106 named destinations out of 1000 (max. 500000)
 32969 words of extra memory for PDF output out of 35830 (max. 10000000)

