
%==============================================================================================================================================================%
%
% This file shows time spent on main funtions of a dmrg iteration step measured in seconds (real time so speedup due to parallalizetion, number of cores
% etc can also be monitored.
% Variables used below:
% M number of block states/bond dimension
% N NUmber of sites/orbitals
%
%
% Iter     Dmrg iteration number. The corresponding size of left and right block can be taken from file Eexpt.out
%
% psi_ind  Function to construct 2,3, or 4 index tensor representation of the wavefunction in quantum number sector decomposed form. This scales with M.
%
% vsum     Function to collect terms from the V and T integrals for pre-summations. This scales with N. The time is basically the same for all iteration
%          steps.
%
% hamtab   Function to form the subsystem operator decompostion of the Hamiltonian. For most of the models this is determined for Iter = 1 and only some
%          slight modifications are performed for later steps. In case of condensed matter and more complex applications this is recaluclated in every
%          iteration step. This function also performs partiall summations to generate auxiliary operators. This scales with N and M.
%
% tasktab  Function to form Tasktable for each row of the subsystem decomposed Hamiltonian. All parallelizations are based on these Tasktables.
%          In case if site operators decompose into one-dimensional sectors only, this also precalualte contributions of site operators
%          when Heff*Psi is performed in order to reduce computational complexity.
%          This scales with number of sectors, proportional to M and number of symmetries.
%
% LBlock   This form kronecker product of left block and site. This is used only when code is executed with LR mode. This is a very old version
%          kept only for developing purposes.
%
% lrenorm  This form kronecker product of left block and site and transorms it to a new basis during the renormalization step. This is basically
%          A*BxC*D where D=A'. This is done sector-wise and for each operator compinaton there is a TaskTable so fully paralleized. This is the
%          time for left block renormalization.
%
% rrenorm  This is same as lrenorm but for the right block. This is kept separately just because in the old version different functions were developed
%          for the left and right renormalization and for debugging reasons.
%

%         number of subsystems (LR, lqr, lqqr, etc modes) and with size of TaskTable, i.e. with M. 80-95
%         spent on this funtion.
%
% set_DM  This form reduced density matrix used to do svd. There is also a function to do svd directly. In the future this will be replaced.
%         Now this is kept for debugging and development reasons.
%
% diag_D  Diagonalization of DM as part of the svd step. In the future this will be replaced with the direct svd function.
%         Now this is kept for debugging and development reasons.
%
% deas   Function to form initial mps, operators etc for the warmup half-sweep of DMRG. This scales with N and M.
%
% other  All other functions, to calculate expectations values, symmetry tests, new features under developments etc.
%
% clear  Time spent on deleting unused scratch files.
%
% IO     Time spent on IO.
%
% Bcast  Time spent on broadcasting data for mpi parallelization.
%
% Overh  Time spent redundantly on functions on workers and headnode for mpi parallelization.
%
% total   Total time of the full dmrg iteration step.
%==============================================================================================================================================================%
%Iter  psi_ind   vsum  hamtab tasktab  LBlock  RBlock lrenorm rrenorm   diag_H   set_DM  diag_D      deas     stvec   IO     funtest    Bcast    Overh    other   total
A_in = [...
    1    0.15    0.47    0.00    0.00    0.52    0.77    0.36    0.00     1.10     0.03     0.07     7.88     0.00     0.10     0.00     0.01     0.00    1.89    13.35
    2    0.05    0.10    0.00    0.00    0.09    0.68    0.18    0.00     0.08     0.02     0.04     6.60     0.16     0.09     0.00     0.00     0.00    0.23     8.34
    3    0.03    0.07    0.00    0.00    0.09    0.58    0.17    0.00     0.50     0.01     0.01     6.58     0.09     0.10     0.00     0.00     0.00    0.19     8.42
    4    0.01    0.05    0.00    0.00    0.06    0.59    0.16    0.00     0.07     0.00     0.01     6.36     0.09     0.10     0.00     0.00     0.00    0.16     7.68
    5    0.04    0.08    0.00    0.00    0.08    0.62    0.22    0.00     0.64     0.01     0.04     6.21     0.08     0.16     0.00     0.00     0.00    0.38     8.56
    6    0.01    0.04    0.00    0.00    0.09    0.59    0.29    0.00     0.20     0.00     0.01     6.19     0.10     0.19     0.00     0.00     0.00    0.15     7.89
    7    0.01    0.04    0.00    0.00    0.14    0.59    0.66    0.00     0.80     0.01     0.01     6.08     0.10     0.45     0.00     0.00     0.00    0.14     9.03
    8    0.01    0.04    0.00    0.00    0.40    0.61    1.69    0.00     0.37     0.01     0.01     6.17     0.11     1.87     0.00     0.00     0.00    0.17    11.47
    9    0.01    0.04    0.00    0.00    1.24    0.58    3.03    0.00     0.97     0.01     0.02     6.34     0.10     1.72     0.00     0.00     0.00    0.18    14.26
   10    0.02    0.05    0.00    0.00    1.24    0.62    2.32    0.00     0.46     0.01     0.02     6.46     0.12     1.80     0.00     0.00     0.00    0.20    13.32
   11    0.01    0.05    0.00    0.00    1.25    0.63    2.74    0.00     1.07     0.01     0.02     6.34     0.13     1.65     0.00     0.00     0.00    0.22    14.13
   12    0.01    0.05    0.00    0.00    1.31    0.66    2.31    0.00     0.62     0.01     0.02     6.56     0.15     1.52     0.00     0.00     0.00    0.22    13.43
   13    0.01    0.05    0.00    0.00    1.33    0.65    2.31    0.00     1.15     0.02     0.02     6.56     0.12     1.25     0.00     0.00     0.00    0.22    13.71
   14    0.01    0.05    0.00    0.00    1.33    0.62    2.04    0.00     0.79     0.01     0.02     6.61     0.12     1.27     0.00     0.00     0.00    0.22    13.09
   15    0.01    0.05    0.00    0.00    1.25    0.64    1.75    0.00     1.30     0.01     0.02     6.34     0.12     0.91     0.00     0.00     0.00    0.18    12.59
   16    0.01    0.06    0.00    0.00    1.25    0.65    1.66    0.00     1.00     0.01     0.02     6.49     0.10     0.91     0.00     0.00     0.00    0.20    12.36
   17    0.01    0.05    0.00    0.00    1.21    0.68    1.71    0.00     1.77     0.01     0.02     6.30     0.14     0.90     0.00     0.00     0.00    0.21    13.01
   18    0.01    0.06    0.00    0.00    1.27    0.67    1.46    0.00     1.68     0.01     0.02     6.59     0.13     0.78     0.00     0.00     0.00    0.21    12.89
   19    0.01    0.06    0.00    0.00    1.10    0.52    1.28    0.00     1.90     0.01     0.02     6.70     0.13     0.65     0.00     0.00     0.00    0.18    12.57
   20    0.01    0.06    0.00    0.00    0.97    0.29    1.14    0.00     1.86     0.01     0.02     4.65     0.09     0.78     0.00     0.00     0.00    0.16    10.05
   21    0.01    0.05    0.00    0.00    0.90    0.19    1.06    0.00     1.22     0.01     0.02     3.44     0.08     0.70     0.00     0.00     0.00    0.14     7.82
   22    0.01    0.06    0.00    0.00    0.79    0.13    0.88    0.00     1.53     0.01     0.02     2.61     0.07     0.49     0.00     0.00     0.00    0.14     6.74
   23    0.01    0.05    0.00    0.00    0.67    0.08    0.82    0.00     0.92     0.01     0.02     1.84     0.05     0.55     0.00     0.00     0.00    0.12     5.16
   24    0.01    0.05    0.00    0.00    0.63    0.06    0.76    0.00     0.90     0.01     0.02     1.35     0.07     0.53     0.00     0.00     0.00    0.12     4.52
   25    0.01    0.06    0.00    0.00    0.54    0.06    0.61    0.00     0.61     0.01     0.02     1.02     0.05     0.38     0.00     0.00     0.00    0.11     3.48
   26    0.01    0.05    0.00    0.00    0.46    0.05    0.54    0.00     0.44     0.01     0.02     0.69     0.04     0.49     0.00     0.00     0.00    0.10     2.91
   27    0.01    0.06    0.00    0.00    0.40    0.05    0.48    0.00     0.31     0.01     0.02     0.48     0.04     0.29     0.00     0.00     0.00    0.09     2.25
   28    0.01    0.05    0.00    0.00    0.34    0.04    0.40    0.00     0.26     0.01     0.02     0.29     0.04     0.29     0.00     0.00     0.00    0.09     1.85
   29    0.01    0.06    0.00    0.00    0.30    0.04    0.37    0.00     0.18     0.01     0.02     0.22     0.04     0.27     0.00     0.00     0.00    0.09     1.60
   30    0.02    0.06    0.00    0.00    0.27    0.06    0.35    0.00     0.15     0.01     0.02     0.17     0.04     0.36     0.00     0.00     0.00    0.09     1.59
   31    0.01    0.06    0.00    0.00    0.25    0.04    0.30    0.00     0.11     0.01     0.02     0.11     0.04     0.24     0.00     0.00     0.00    0.08     1.27
   32    0.01    0.07    0.00    0.00    0.22    0.04    0.00    0.07     0.41     0.00     0.01     0.18     0.04     0.19     0.00     0.00     0.00    0.08     1.32
   33    0.01    0.06    0.00    0.00    0.25    0.04    0.00    0.09     0.45     0.01     0.01     0.00     0.04     0.19     0.00     0.00     0.00    0.08     1.24
   34    0.01    0.06    0.00    0.00    0.28    0.05    0.00    0.12     1.24     0.00     0.01     0.00     0.04     0.19     0.00     0.00     0.00    0.08     2.10
   35    0.01    0.05    0.00    0.00    0.32    0.05    0.00    0.10     2.17     0.00     0.01     0.00     0.04     0.20     0.00     0.00     0.00    0.08     3.05
   36    0.01    0.06    0.00    0.00    0.36    0.06    0.00    0.10     3.99     0.00     0.01     0.00     0.04     0.23     0.00     0.00     0.00    0.10     4.98
   37    0.01    0.05    0.00    0.00    0.40    0.07    0.00    0.12     4.84     0.00     0.01     0.00     0.05     0.24     0.00     0.00     0.00    0.09     5.89
   38    0.01    0.05    0.00    0.00    0.47    0.09    0.00    0.15     6.09     0.01     0.01     0.00     0.05     0.29     0.00     0.00     0.00    0.10     7.32
   39    0.01    0.05    0.00    0.00    0.53    0.16    0.00    0.29     9.01     0.01     0.01     0.00     0.05     0.47     0.00     0.00     0.00    0.10    10.71
   40    0.01    0.05    0.00    0.00    0.60    0.42    0.00    0.66     6.39     0.01     0.02     0.00     0.08     1.51     0.00     0.00     0.00    0.12     9.88
   41    0.01    0.06    0.00    0.00    0.68    1.54    0.00    1.11     8.79     0.01     0.03     0.00     0.13     1.71     0.00     0.00     0.00    0.13    14.21
   42    0.01    0.06    0.00    0.00    0.76    1.61    0.00    1.14     5.28     0.01     0.03     0.00     0.13     1.85     0.00     0.00     0.00    0.14    11.02
   43    0.02    0.06    0.00    0.00    0.88    1.80    0.00    1.30     5.51     0.01     0.03     0.00     0.15     2.83     0.00     0.00     0.00    0.15    12.76
   44    0.01    0.06    0.00    0.00    1.00    2.05    0.00    1.43     2.89     0.01     0.03     0.00     0.19     3.36     0.00     0.00     0.00    0.16    11.21
   45    0.01    0.06    0.00    0.00    1.06    2.13    0.00    1.43     2.22     0.01     0.03     0.00     0.14     3.63     0.00     0.00     0.00    0.17    10.93
   46    0.01    0.06    0.00    0.00    1.42    2.75    0.00    1.56     1.63     0.01     0.03     0.00     0.19     3.94     0.00     0.00     0.00    0.19    11.81
   47    0.01    0.06    0.00    0.00    1.35    2.64    0.00    1.62     1.15     0.01     0.03     0.00     0.15     4.59     0.00     0.00     0.00    0.21    11.85
   48    0.02    0.07    0.00    0.00    1.86    3.33    0.00    1.98     0.89     0.01     0.03     0.00     0.22     5.33     0.00     0.00     0.00    0.29    14.05
   49    0.02    0.07    0.00    0.00    1.70    3.23    0.00    1.84     0.68     0.01     0.03     0.00     0.20     5.07     0.00     0.00     0.00    0.26    13.14
   50    0.02    0.07    0.00    0.00    1.81    3.41    0.00    2.03     0.33     0.01     0.03     0.00     0.14     6.36     0.00     0.00     0.00    0.26    14.51
   51    0.01    0.06    0.00    0.00    1.95    3.69    0.00    1.97     0.39     0.01     0.03     0.00     0.18     7.21     0.00     0.00     0.00    0.31    15.84
   52    0.02    0.06    0.00    0.00    2.18    4.00    0.00    2.09     0.23     0.01     0.03     0.00     0.15     7.97     0.00     0.00     0.00    0.32    17.09
   53    0.02    0.06    0.00    0.00    2.61    4.53    0.00    2.57     0.29     0.01     0.04     0.00     0.21     8.10     0.00     0.00     0.00    0.37    18.86
   54    0.02    0.06    0.00    0.00    2.42    4.53    0.00    2.38     0.20     0.01     0.03     0.00     0.13     9.53     0.00     0.00     0.00    0.31    19.66
   55    0.02    0.06    0.00    0.00    2.46    4.93    0.00    3.01     0.23     0.01     0.03     0.00     0.23     9.21     0.00     0.00     0.00    0.33    20.55
   56    0.02    0.06    0.00    0.00    0.81    5.12    0.00    2.86     0.15     0.01     0.03     0.00     0.17    10.14     0.00     0.00     0.00    0.27    19.68
   57    0.01    0.06    0.00    0.00    0.29    5.39    0.00    2.86     0.14     0.01     0.03     0.00     0.11    11.33     0.00     0.00     0.00    0.26    20.49
   58    0.01    0.05    0.00    0.00    0.14    5.57    0.00    3.01     0.09     0.01     0.03     0.00     0.07    12.36     0.00     0.00     0.00    0.27    21.62
   59    0.01    0.05    0.00    0.00    0.09    6.00    0.00    2.97     0.14     0.01     0.03     0.00     0.07    12.07     0.00     0.00     0.00    0.27    21.72
   60    0.01    0.05    0.00    0.00    0.06    6.40    0.00    3.29     0.07     0.01     0.03     0.00     0.06    12.86     0.00     0.00     0.00    0.27    23.13
   61    0.01    0.05    0.00    0.00    0.05    7.02    0.00    3.69     0.06     0.01     0.03     0.00     0.06    15.35     0.00     0.00     0.00    0.27    26.61
   62    0.01    0.05    0.00    0.00    0.05    7.69    0.00    4.00     0.05     0.01     0.03     0.00     0.06    16.32     0.00     0.00     0.00    0.23    28.51
   63    0.01    0.04    0.00    0.00    0.06    8.37    0.06    0.00     0.03     0.00     0.01     0.00     0.08     2.20     0.00     0.00     0.00    0.18    11.05
   64    0.01    0.05    0.00    0.00    0.05    7.78    0.08    0.00     0.05     0.00     0.01     0.00     0.04     2.12     0.00     0.00     0.00    0.24    10.67
   65    0.01    0.04    0.00    0.00    0.05    7.22    0.09    0.00     0.06     0.00     0.01     0.00     0.04     1.90     0.00     0.00     0.00    0.26     9.91
   66    0.01    0.05    0.00    0.00    0.07    6.69    0.12    0.00     0.07     0.00     0.01     0.00     0.04     1.84     0.00     0.00     0.00    0.24     9.32
   67    0.02    0.06    0.00    0.00    0.11    6.04    0.17    0.00     0.10     0.00     0.01     0.00     0.05     2.01     0.00     0.00     0.00    0.29     9.03
   68    0.01    0.05    0.00    0.00    0.17    5.80    0.28    0.00     0.11     0.01     0.01     0.00     0.07     1.95     0.00     0.00     0.00    0.28     8.94
   69    0.01    0.05    0.00    0.00    0.28    5.33    0.62    0.00     0.09     0.01     0.01     0.00     0.07     1.91     0.00     0.00     0.00    0.25     8.79
   70    0.01    0.05    0.00    0.00    0.90    5.12    1.72    0.00     0.15     0.01     0.02     0.00     0.10     3.09     0.00     0.00     0.00    0.26    11.57
   71    0.02    0.08    0.00    0.00    2.77    4.87    4.05    0.00     0.17     0.01     0.02     0.00     0.12    10.32     0.00     0.00     0.00    0.36    22.93
   72    0.02    0.07    0.00    0.00    9.10    4.55    7.49    0.00     0.27     0.01     0.03     0.00     0.32    10.53     0.00     0.00     0.00    0.61    33.15
   73    0.02    0.06    0.00    0.00    8.25    4.28    7.46    0.00     0.20     0.01     0.03     0.00     0.41    11.44     0.00     0.00     0.00    0.55    32.84
   74    0.02    0.06    0.00    0.00    9.15    4.17    7.74    0.00     0.29     0.01     0.03     0.00     0.30    10.19     0.00     0.00     0.00    0.64    32.74
   75    0.02    0.06    0.00    0.00    8.27    3.91    7.58    0.00     0.28     0.01     0.03     0.00     0.29     9.80     0.00     0.00     0.00    0.54    30.91
   76    0.02    0.06    0.00    0.00    7.54    3.53    6.76    0.00     0.37     0.01     0.03     0.00     0.40     8.93     0.00     0.00     0.00    0.49    28.22
   77    0.01    0.06    0.00    0.00    6.95    3.30    6.27    0.00     0.41     0.01     0.03     0.00     0.31     7.67     0.00     0.00     0.00    0.46    25.59
   78    0.02    0.07    0.00    0.00    6.38    3.00    5.54    0.00     0.98     0.01     0.03     0.00     0.30     7.15     0.00     0.00     0.00    0.45    23.99
   79    0.02    0.06    0.00    0.00    5.91    2.69    5.08    0.00     0.98     0.01     0.03     0.00     0.29     6.42     0.00     0.00     0.00    0.40    21.97
   80    0.02    0.06    0.00    0.00    4.97    2.57    4.83    0.00     1.55     0.01     0.03     0.00     0.40     6.58     0.00     0.00     0.00    0.38    21.47
   81    0.02    0.07    0.00    0.00    4.94    2.33    4.28    0.00     1.79     0.01     0.04     0.00     0.41     5.25     0.00     0.00     0.00    0.39    19.58
   82    0.02    0.06    0.00    0.00    3.93    1.92    3.76    0.00     2.85     0.01     0.03     0.00     0.27     5.35     0.00     0.00     0.00    0.30    18.56
   83    0.02    0.06    0.00    0.00    3.39    1.77    3.31    0.00     3.15     0.01     0.03     0.00     0.27     4.29     0.00     0.00     0.00    0.24    16.59
   84    0.01    0.06    0.00    0.00    2.89    1.59    2.86    0.00     5.47     0.01     0.03     0.00     0.24     3.86     0.00     0.00     0.00    0.23    17.30
   85    0.01    0.06    0.00    0.00    2.47    1.49    2.25    0.00     5.73     0.01     0.03     0.00     0.39     2.59     0.00     0.00     0.00    0.20    15.27
   86    0.01    0.06    0.00    0.00    2.15    0.43    2.22    0.00     4.71     0.01     0.03     0.00     0.22     1.74     0.00     0.00     0.00    0.18    11.80
   87    0.01    0.06    0.00    0.00    1.84    0.16    1.95    0.00     3.80     0.01     0.03     0.00     0.17     1.46     0.00     0.00     0.00    0.18     9.69
   88    0.01    0.06    0.00    0.00    1.59    0.09    1.53    0.00     3.28     0.01     0.03     0.00     0.10     1.23     0.00     0.00     0.00    0.14     8.09
   89    0.01    0.06    0.00    0.00    1.37    0.07    1.21    0.00     2.31     0.01     0.03     0.00     0.06     1.06     0.00     0.00     0.00    0.13     6.33
   90    0.01    0.06    0.00    0.00    1.15    0.06    1.04    0.00     1.37     0.01     0.03     0.00     0.05     0.95     0.00     0.00     0.00    0.12     4.85
   91    0.01    0.06    0.00    0.00    1.01    0.05    0.84    0.00     0.70     0.01     0.03     0.00     0.05     0.83     0.00     0.00     0.00    0.11     3.71
   92    0.01    0.06    0.00    0.00    0.84    0.05    0.71    0.00     0.43     0.01     0.03     0.00     0.05     0.77     0.00     0.00     0.00    0.10     3.07
   93    0.01    0.06    0.00    0.00    0.70    0.04    0.61    0.00     0.21     0.01     0.03     0.00     0.04     0.70     0.00     0.00     0.00    0.09     2.51
   94    0.01    0.06    0.00    0.00    0.63    0.04    0.00    0.05     0.04     0.00     0.01     0.00     0.05     0.32     0.00     0.00     0.00    0.08     1.28
   95    0.01    0.06    0.00    0.00    0.87    0.04    0.00    0.07     0.06     0.00     0.01     0.00     0.06     0.32     0.00     0.00     0.00    0.09     1.62
   96    0.01    0.06    0.00    0.00    0.89    0.04    0.00    0.08     0.32     0.00     0.01     0.00     0.05     0.37     0.00     0.00     0.00    0.10     1.95
   97    0.01    0.06    0.00    0.00    0.97    0.05    0.00    0.08     0.68     0.00     0.01     0.00     0.06     0.39     0.00     0.00     0.00    0.11     2.44
   98    0.01    0.06    0.00    0.00    1.18    0.06    0.00    0.09     1.06     0.00     0.01     0.00     0.06     0.46     0.00     0.00     0.00    0.12     3.14
   99    0.01    0.06    0.00    0.00    1.36    0.06    0.00    0.10     1.54     0.00     0.01     0.00     0.06     0.55     0.00     0.00     0.00    0.12     3.91
  100    0.01    0.05    0.00    0.00    1.59    0.08    0.00    0.15     2.67     0.01     0.01     0.00     0.08     0.66     0.00     0.00     0.00    0.13     5.47
  101    0.01    0.06    0.00    0.00    1.85    0.17    0.00    0.28     3.66     0.01     0.01     0.00     0.12     0.97     0.00     0.00     0.00    0.15     7.33
  102    0.01    0.06    0.00    0.00    2.10    0.41    0.00    0.74     4.63     0.01     0.02     0.00     0.18     2.12     0.00     0.00     0.00    0.18    10.50
  103    0.01    0.06    0.00    0.00    2.48    1.46    0.00    1.14     5.26     0.01     0.03     0.00     0.24     2.59     0.00     0.00     0.00    0.21    13.53
  104    0.01    0.06    0.00    0.00    2.84    1.61    0.00    1.29     5.02     0.01     0.03     0.00     0.29     3.14     0.00     0.00     0.00    0.22    14.58
  105    0.01    0.06    0.00    0.00    3.34    1.69    0.00    1.21     3.68     0.01     0.03     0.00     0.29     3.55     0.00     0.00     0.00    0.23    14.16
  106    0.01    0.09    0.00    0.00    4.17    1.92    0.00    1.54     2.81     0.01     0.03     0.00     0.32     4.49     0.00     0.00     0.00    0.26    15.73
  107    0.01    0.06    0.00    0.00    4.16    2.08    0.00    1.60     2.13     0.01     0.03     0.00     0.30     4.56     0.00     0.00     0.00    0.29    15.31
  108    0.01    0.06    0.00    0.00    4.80    2.37    0.00    1.56     1.60     0.01     0.03     0.00     0.44     5.27     0.00     0.00     0.00    0.39    16.64
  109    0.01    0.06    0.00    0.00    5.16    2.50    0.00    1.55     1.28     0.01     0.03     0.00     0.29     5.72     0.00     0.00     0.00    0.34    17.06
  110    0.01    0.06    0.00    0.00    5.95    2.78    0.00    1.69     0.76     0.01     0.03     0.00     0.32     6.11     0.00     0.00     0.00    0.38    18.21
  111    0.01    0.06    0.00    0.00    6.54    3.08    0.00    1.83     0.68     0.01     0.03     0.00     0.30     6.59     0.00     0.00     0.00    0.41    19.65
  112    0.01    0.06    0.00    0.00    7.43    3.40    0.00    1.87     0.34     0.01     0.03     0.00     0.30     7.49     0.00     0.00     0.00    0.54    21.62
  113    0.01    0.06    0.00    0.00    7.87    3.62    0.00    2.00     0.42     0.01     0.03     0.00     0.32     8.04     0.00     0.00     0.00    0.49    23.01
  114    0.02    0.06    0.00    0.00    8.46    3.81    0.00    2.13     0.28     0.01     0.03     0.00     0.29     8.89     0.00     0.00     0.00    0.61    24.74
  115    0.02    0.06    0.00    0.00    8.85    4.50    0.00    2.62     0.30     0.01     0.03     0.00     0.40     9.66     0.00     0.00     0.00    0.66    27.27
  116    0.02    0.06    0.00    0.00    9.50    4.56    0.00    2.36     0.28     0.01     0.03     0.00     0.27    10.41     0.00     0.00     0.00    0.66    28.31
  117    0.01    0.06    0.00    0.00    2.62    4.72    0.00    2.45     0.22     0.01     0.03     0.00     0.28     9.77     0.00     0.00     0.00    0.32    20.64
  118    0.01    0.06    0.00    0.00    0.83    5.01    0.00    2.55     0.15     0.01     0.03     0.00     0.14    10.40     0.00     0.00     0.00    0.27    19.50
  119    0.01    0.06    0.00    0.00    0.27    5.19    0.00    2.75     0.14     0.01     0.03     0.00     0.11    11.07     0.00     0.00     0.00    0.24    19.89
  120    0.01    0.05    0.00    0.00    0.14    5.52    0.00    2.80     0.13     0.01     0.03     0.00     0.08    12.06     0.00     0.00     0.00    0.23    21.08
  121    0.01    0.06    0.00    0.00    0.09    5.88    0.00    3.02     0.08     0.01     0.03     0.00     0.06    12.30     0.00     0.00     0.00    0.27    21.82
  122    0.01    0.06    0.00    0.00    0.06    6.43    0.00    3.48     0.06     0.01     0.02     0.00     0.05    13.22     0.00     0.00     0.00    0.24    23.66
  123    0.01    0.05    0.00    0.00    0.05    6.89    0.00    3.46     0.06     0.01     0.03     0.00     0.05    15.28     0.00     0.00     0.00    0.24    26.14
  124    0.01    0.05    0.00    0.00    0.04    7.54    0.00    3.75     0.04     0.01     0.03     0.00     0.05    16.25     0.00     0.00     0.00    0.21    28.00
  125    0.00    0.04    0.00    0.00    0.03    7.83    0.05    0.00     0.03     0.00     0.01     0.00     0.05     2.23     0.00     0.00     0.00    0.16    10.42
  126    0.01    0.04    0.00    0.00    0.03    7.74    0.07    0.00     0.04     0.00     0.01     0.00     0.04     1.92     0.00     0.00     0.00    0.23    10.38
  127    0.01    0.04    0.00    0.00    0.04    7.15    0.09    0.00     0.06     0.00     0.01     0.00     0.04     2.14     0.00     0.00     0.00    0.24    10.05
  128    0.01    0.05    0.00    0.00    0.06    6.39    0.10    0.00     0.06     0.00     0.01     0.00     0.04     1.76     0.00     0.00     0.00    0.24     8.93
  129    0.01    0.05    0.00    0.00    0.08    5.89    0.14    0.00     0.08     0.00     0.01     0.00     0.04     1.76     0.00     0.00     0.00    0.26     8.49
  130    0.01    0.05    0.00    0.00    0.12    5.65    0.30    0.00     0.09     0.00     0.01     0.00     0.06     1.73     0.00     0.00     0.00    0.25     8.44
  131    0.01    0.05    0.00    0.00    0.27    5.29    0.58    0.00     0.14     0.01     0.01     0.00     0.08     1.85     0.00     0.00     0.00    0.24     8.69
  132    0.01    0.05    0.00    0.00    0.78    4.85    1.80    0.00     0.15     0.01     0.01     0.00     0.08     2.97     0.00     0.00     0.00    0.24    11.11
  133    0.01    0.06    0.00    0.00    2.66    4.67    4.29    0.00     0.16     0.01     0.02     0.00     0.13    10.29     0.00     0.00     0.00    0.35    22.80
  134    0.02    0.06    0.00    0.00    8.48    4.46    7.81    0.00     0.22     0.01     0.03     0.00     0.32    11.64     0.00     0.00     0.00    0.55    33.73
  135    0.02    0.06    0.00    0.00    8.21    4.15    7.53    0.00     0.20     0.01     0.03     0.00     0.25    11.06     0.00     0.00     0.00    0.52    32.14
  136    0.01    0.06    0.00    0.00    8.13    3.82    7.85    0.00     0.28     0.01     0.03     0.00     0.27    11.55     0.00     0.00     0.00    0.49    32.62
  137    0.01    0.06    0.00    0.00    8.09    3.60    7.21    0.00     0.27     0.01     0.03     0.00     0.25     9.59     0.00     0.00     0.00    0.48    29.72
  138    0.01    0.06    0.00    0.00    7.40    3.32    6.81    0.00     0.37     0.01     0.03     0.00     0.27     9.16     0.00     0.00     0.00    0.45    28.00
  139    0.01    0.06    0.00    0.00    6.81    3.08    6.11    0.00     0.39     0.01     0.03     0.00     0.29     8.33     0.00     0.00     0.00    0.49    25.73
  140    0.01    0.06    0.00    0.00    5.86    2.87    5.36    0.00     0.77     0.01     0.03     0.00     0.27     7.14     0.00     0.00     0.00    0.41    22.89
  141    0.01    0.06    0.00    0.00    5.14    2.48    4.69    0.00     0.76     0.01     0.03     0.00     0.24     6.32     0.00     0.00     0.00    0.33    20.13
  142    0.01    0.06    0.00    0.00    4.56    2.38    4.16    0.00     1.50     0.01     0.03     0.00     0.30     6.20     0.00     0.00     0.00    0.31    19.59
  143    0.01    0.06    0.00    0.00    4.01    2.08    3.89    0.00     1.91     0.01     0.03     0.00     0.28     5.24     0.00     0.00     0.00    0.28    17.86
  144    0.01    0.06    0.00    0.00    3.60    1.94    3.35    0.00     2.91     0.01     0.03     0.00     0.33     5.10     0.00     0.00     0.00    0.26    17.65
  145    0.01    0.06    0.00    0.00    3.10    1.71    2.96    0.00     3.13     0.01     0.03     0.00     0.25     3.97     0.00     0.00     0.00    0.23    15.51
  146    0.01    0.06    0.00    0.00    2.74    1.60    2.65    0.00     5.28     0.01     0.03     0.00     0.25     3.28     0.00     0.00     0.00    0.21    16.17
  147    0.01    0.06    0.00    0.00    2.44    1.45    2.39    0.00     5.91     0.01     0.03     0.00     0.26     2.44     0.00     0.00     0.00    0.19    15.22
  148    0.01    0.06    0.00    0.00    2.15    0.41    2.08    0.00     4.94     0.01     0.03     0.00     0.23     1.69     0.00     0.00     0.00    0.17    11.81
  149    0.01    0.06    0.00    0.00    1.89    0.17    1.69    0.00     3.79     0.01     0.03     0.00     0.11     1.28     0.00     0.00     0.00    0.15     9.21
  150    0.01    0.06    0.00    0.00    1.60    0.09    1.59    0.00     3.21     0.01     0.03     0.00     0.08     1.06     0.00     0.00     0.00    0.14     7.88
  151    0.01    0.06    0.00    0.00    1.37    0.07    1.19    0.00     2.75     0.01     0.03     0.00     0.07     0.86     0.00     0.00     0.00    0.13     6.55
  152    0.01    0.05    0.00    0.00    1.12    0.06    1.06    0.00     1.45     0.01     0.03     0.00     0.05     0.80     0.00     0.00     0.00    0.11     4.76
  153    0.01    0.06    0.00    0.00    0.96    0.05    0.86    0.00     0.91     0.01     0.03     0.00     0.05     0.72     0.00     0.00     0.00    0.10     3.77
  154    0.01    0.06    0.00    0.00    0.83    0.04    0.72    0.00     0.63     0.01     0.03     0.00     0.04     0.64     0.00     0.00     0.00    0.09     3.10
  155    0.01    0.06    0.00    0.00    0.70    0.04    0.60    0.00     0.35     0.01     0.03     0.00     0.04     0.59     0.00     0.00     0.00    0.09     2.51
  156    0.01    0.06    0.00    0.00    0.59    0.03    0.00    0.05     0.03     0.00     0.01     0.00     0.04     0.31     0.00     0.00     0.00    0.08     1.20
  157    0.01    0.05    0.00    0.00    0.66    0.03    0.00    0.05     0.07     0.00     0.01     0.00     0.05     0.28     0.00     0.00     0.00    0.08     1.30
  158    0.01    0.05    0.00    0.00    0.80    0.04    0.00    0.06     0.45     0.00     0.01     0.00     0.05     0.31     0.00     0.00     0.00    0.08     1.87
  159    0.01    0.05    0.00    0.00    0.94    0.04    0.00    0.06     0.68     0.00     0.01     0.00     0.05     0.35     0.00     0.00     0.00    0.09     2.30
  160    0.01    0.05    0.00    0.00    1.09    0.05    0.00    0.07     0.95     0.00     0.01     0.00     0.05     0.41     0.00     0.00     0.00    0.10     2.82
  161    0.01    0.05    0.00    0.00    1.31    0.06    0.00    0.09     1.69     0.00     0.01     0.00     0.06     0.50     0.00     0.00     0.00    0.11     3.93
  162    0.01    0.05    0.00    0.00    1.55    0.08    0.00    0.13     2.72     0.00     0.01     0.00     0.07     0.61     0.00     0.00     0.00    0.13     5.40
  163    0.01    0.05    0.00    0.00    1.85    0.16    0.00    0.28     3.57     0.01     0.01     0.00     0.08     0.88     0.00     0.00     0.00    0.14     7.08
  164    0.01    0.05    0.00    0.00    2.10    0.41    0.00    0.67     4.78     0.01     0.02     0.00     0.13     1.90     0.00     0.00     0.00    0.16    10.28
  165    0.01    0.06    0.00    0.00    2.40    1.46    0.00    1.17     5.56     0.01     0.02     0.00     0.24     2.25     0.00     0.00     0.00    0.19    13.42
  166    0.01    0.06    0.00    0.00    2.70    1.58    0.00    1.15     4.44     0.01     0.03     0.00     0.27     2.74     0.00     0.00     0.00    0.21    13.25
  167    0.01    0.06    0.00    0.00    3.07    1.69    0.00    1.27     3.32     0.01     0.03     0.00     0.33     3.84     0.00     0.00     0.00    0.22    13.92
  168    0.01    0.06    0.00    0.00    3.55    1.88    0.00    1.33     2.60     0.01     0.03     0.00     0.41     4.15     0.00     0.00     0.00    0.26    14.37
  169    0.01    0.06    0.00    0.00    3.94    2.12    0.00    1.36     2.09     0.01     0.03     0.00     0.42     4.42     0.00     0.00     0.00    0.28    14.82
  170    0.01    0.06    0.00    0.00    4.69    2.34    0.00    1.59     1.23     0.01     0.03     0.00     0.28     4.54     0.00     0.00     0.00    0.31    15.18
  171    0.01    0.06    0.00    0.00    5.14    2.57    0.00    1.57     1.22     0.01     0.03     0.00     0.28     5.72     0.00     0.00     0.00    0.35    17.07
  172    0.01    0.06    0.00    0.00    5.83    2.80    0.00    0.00     0.65     0.00     0.00     0.00     0.29     1.17     0.00     0.00     0.00    0.38    11.20
