
% Iter, left* *right     Memusel     Memuser     Psi_ind_SB    XMs    DavsonSpace
A_in = [...
      1      2     33       0.010     93.226      0.016      0.015
      2      3     32       0.048     93.476      0.020      0.018
      3      4     31       0.168     93.726      0.024      0.021
      4      5     30       0.582     93.976      0.028      0.025
      5      6     29       2.050     94.226      0.032      0.029
      6      7     28       7.367     94.477      0.037      0.034
      7      8     27      26.756     94.727      0.041      0.039
      8      9     26      97.752     94.977      0.047      0.044
      9     10     25     358.374     95.227      0.053      0.050
     10     11     24     346.022     95.478      0.053      0.050
     11     12     23     358.863     95.728      0.055      0.052
     12     13     22     350.862     95.978      0.057      0.054
     13     14     21     336.269     96.228      0.059      0.057
     14     15     20     315.801     96.478      0.062      0.060
     15     16     19     294.593     96.729      0.065      0.062
     16     17     18     274.544     96.979      0.069      0.066
     17     18     17     259.966     97.229      0.070      0.067
     18     19     16     248.051     97.479      0.072      0.070
     19     20     15     224.278     73.248      0.068      0.065
     20     21     14     201.827     41.282      0.063      0.061
     21     22     13     181.829     22.359      0.055      0.052
     22     23     12     157.422     11.603      0.049      0.047
     23     24     11     138.465      5.730      0.044      0.041
     24     25     10     121.070      2.680      0.038      0.036
     25     26      9     102.947      1.180      0.033      0.030
     26     27      8      87.525      0.484      0.028      0.025
     27     28      7      73.574      0.187      0.024      0.021
     28     29      6      60.972      0.068      0.018      0.016
     29     30      5      50.414      0.026      0.014      0.011
     30     31      4      41.240      0.011      0.010      0.008
     31     32      3      34.028      0.004      0.006      0.004
     32     33      2      27.804      0.002      0.004      0.002
     33     32      3      34.028      0.005      0.006      0.004
     34     31      4      41.240      0.012      0.010      0.008
     35     30      5      50.414      0.035      0.014      0.011
     36     29      6      60.972      0.123      0.018      0.016
     37     28      7      73.574      0.496      0.024      0.021
     38     27      8      87.525      2.136      0.028      0.025
     39     26      9     102.947      9.428      0.033      0.030
     40     25     10     121.070     41.889      0.038      0.036
     41     24     11     138.465    186.125      0.044      0.041
     42     23     12     157.422    215.544      0.040      0.038
     43     22     13     181.829    245.703      0.039      0.037
     44     21     14     201.827    279.131      0.039      0.036
     45     20     15     224.278    313.981      0.038      0.036
     46     19     16     248.051    350.819      0.040      0.037
     47     18     17     273.271    390.735      0.040      0.037
     48     17     18     301.943    432.846      0.040      0.038
     49     16     19     337.556    477.060      0.039      0.036
     50     15     20     375.612    524.972      0.038      0.035
     51     14     21     413.781    574.725      0.037      0.035
     52     13     22     445.354    624.882      0.037      0.035
     53     12     23     468.676    679.363      0.038      0.035
     54     11     24     463.912    736.762      0.038      0.035
     55     10     25     492.109    795.138      0.040      0.038
     56      9     26     137.173    858.611      0.034      0.032
     57      8     27      38.293    921.099      0.030      0.027
     58      7     28      10.728    985.807      0.025      0.023
     59      6     29       3.029   1052.712      0.021      0.018
     60      5     30       0.868   1137.832      0.014      0.012
     61      4     31       0.252   1220.843      0.010      0.008
     62      3     32       0.071   1316.238      0.007      0.005
     63      2     33       0.013   1410.474      0.004      0.003
     64      3     32       0.071   1316.238      0.007      0.005
     65      4     31       0.252   1220.843      0.010      0.008
     66      5     30       0.868   1137.832      0.014      0.012
     67      6     29       3.029   1052.712      0.021      0.018
     68      7     28      10.728    985.807      0.025      0.023
     69      8     27      38.293    921.099      0.030      0.027
     70      9     26     137.173    858.611      0.034      0.032
     71     10     25     492.109    795.138      0.040      0.038
     72     11     24    1766.105    736.762      0.046      0.044
     73     12     23    1718.650    679.363      0.044      0.041
     74     13     22    1716.111    624.882      0.041      0.039
     75     14     21    1645.068    574.725      0.041      0.038
     76     15     20    1531.423    524.972      0.041      0.038
     77     16     19    1386.561    477.060      0.042      0.039
     78     17     18    1249.056    432.846      0.042      0.040
     79     18     17    1122.260    390.735      0.042      0.039
     80     19     16    1003.275    350.819      0.039      0.037
     81     20     15     907.595    313.981      0.036      0.033
     82     21     14     814.980    279.131      0.035      0.032
     83     22     13     729.336    245.703      0.034      0.032
     84     23     12     634.565    215.544      0.035      0.033
     85     24     11     548.305    186.125      0.039      0.036
     86     25     10     471.687     41.889      0.034      0.032
     87     26      9     406.431      9.428      0.030      0.027
     88     27      8     341.898      2.136      0.026      0.023
     89     28      7     291.091      0.496      0.022      0.019
     90     29      6     241.539      0.123      0.018      0.015
     91     30      5     199.399      0.035      0.014      0.011
     92     31      4     164.657      0.012      0.009      0.007
     93     32      3     132.607      0.005      0.007      0.004
     94     33      2     106.734      0.001      0.004      0.002
     95     32      3     132.607      0.005      0.007      0.004
     96     31      4     164.657      0.012      0.009      0.007
     97     30      5     199.399      0.035      0.014      0.011
     98     29      6     241.539      0.123      0.018      0.015
     99     28      7     291.091      0.496      0.022      0.019
    100     27      8     341.898      2.136      0.026      0.023
    101     26      9     406.431      9.428      0.030      0.027
    102     25     10     471.687     41.889      0.034      0.032
    103     24     11     548.305    186.125      0.039      0.036
    104     23     12     634.565    215.546      0.035      0.033
    105     22     13     729.336    246.519      0.033      0.030
    106     21     14     814.980    279.490      0.034      0.032
    107     20     15     907.595    315.033      0.034      0.032
    108     19     16    1003.275    352.194      0.038      0.036
    109     18     17    1122.260    391.764      0.041      0.038
    110     17     18    1249.056    433.695      0.042      0.039
    111     16     19    1386.561    477.980      0.041      0.039
    112     15     20    1531.423    524.278      0.042      0.039
    113     14     21    1645.068    573.219      0.042      0.039
    114     13     22    1716.111    625.283      0.041      0.039
    115     12     23    1718.650    679.796      0.044      0.041
    116     11     24    1766.105    736.283      0.046      0.044
    117     10     25     492.109    795.647      0.040      0.038
    118      9     26     137.173    856.897      0.035      0.032
    119      8     27      38.293    921.098      0.030      0.027
    120      7     28      10.728    987.739      0.025      0.022
    121      6     29       3.029   1059.973      0.019      0.016
    122      5     30       0.868   1140.068      0.014      0.011
    123      4     31       0.252   1225.958      0.010      0.007
    124      3     32       0.071   1322.721      0.006      0.004
    125      2     33       0.013   1416.083      0.003      0.002
    126      3     32       0.071   1322.721      0.006      0.004
    127      4     31       0.252   1225.958      0.010      0.007
    128      5     30       0.868   1140.068      0.014      0.011
    129      6     29       3.029   1059.973      0.019      0.016
    130      7     28      10.728    987.739      0.025      0.022
    131      8     27      38.293    921.098      0.030      0.027
    132      9     26     137.173    856.897      0.035      0.032
    133     10     25     492.109    795.647      0.040      0.038
    134     11     24    1766.105    736.283      0.046      0.044
    135     12     23    1722.316    679.796      0.044      0.042
    136     13     22    1705.893    625.283      0.041      0.038
    137     14     21    1642.936    573.219      0.040      0.037
    138     15     20    1547.908    524.278      0.039      0.037
    139     16     19    1398.821    477.980      0.040      0.037
    140     17     18    1256.204    433.695      0.040      0.037
    141     18     17    1107.492    391.764      0.038      0.036
    142     19     16     983.628    352.194      0.040      0.037
    143     20     15     881.940    315.033      0.037      0.035
    144     21     14     795.025    279.490      0.035      0.033
    145     22     13     700.610    246.519      0.036      0.033
    146     23     12     619.154    215.546      0.037      0.034
    147     24     11     545.148    186.125      0.041      0.039
    148     25     10     476.921     41.889      0.036      0.033
    149     26      9     410.722      9.428      0.031      0.028
    150     27      8     348.390      2.136      0.027      0.024
    151     28      7     290.872      0.496      0.023      0.020
    152     29      6     241.958      0.123      0.019      0.017
    153     30      5     198.472      0.035      0.014      0.011
    154     31      4     162.717      0.012      0.010      0.008
    155     32      3     132.191      0.005      0.007      0.005
    156     33      2     108.147      0.001      0.004      0.002
    157     32      3     132.191      0.005      0.007      0.005
    158     31      4     162.717      0.012      0.010      0.008
    159     30      5     198.472      0.035      0.014      0.011
    160     29      6     241.958      0.123      0.019      0.017
    161     28      7     290.872      0.496      0.023      0.020
    162     27      8     348.390      2.136      0.027      0.024
    163     26      9     410.722      9.428      0.031      0.028
    164     25     10     476.921     41.889      0.036      0.033
    165     24     11     545.148    186.125      0.041      0.039
    166     23     12     619.154    216.389      0.036      0.033
    167     22     13     700.610    247.312      0.035      0.033
    168     21     14     795.025    280.202      0.035      0.032
    169     20     15     881.940    315.614      0.038      0.035
    170     19     16     983.628    353.339      0.039      0.037
    171     18     17    1107.492    392.771      0.038      0.035
    172     17     18    1256.204    435.671      0.039      0.036