
% Iter, left* *right     MemuseL     MemuseR     MemuseLR   DavsonSpace
A_in = [...
      1      2     33         0.011    374.390    374.401       0.668
      2      3     32         0.041    469.819    469.860       0.792
      3      4     31         0.138    378.475    378.613       0.919
      4      5     30         0.492    473.904    474.396       1.073
      5      6     29         1.828    382.560    384.387       1.231
      6      7     28         6.938    477.989    484.926       1.419
      7      8     27        26.602    386.644    413.246       1.610
      8      9     26       102.572    482.074    584.645       1.835
      9     10     25       396.909    390.729    787.638       2.063
     10     11     24       403.327    486.158    889.485       2.076
     11     12     23       438.036    394.814    832.850       2.163
     12     13     22       450.868    490.243    941.111       2.232
     13     14     21       455.459    398.899    854.357       2.340
     14     15     20       451.801    494.328    946.129       2.461
     15     16     19       445.779    402.983    848.762       2.547
     16     17     18       439.251    498.413    937.664       2.713
     17     18     17       439.374    407.068    846.443       2.745
     18     19     16       442.503    502.497    945.000       2.858
     19     20     15       399.983    310.765    710.748       2.683
     20     21     14       359.970    220.519    580.489       2.490
     21     22     13       324.556    100.550    425.106       2.145
     22     23     12       282.153     65.453    347.606       1.935
     23     24     11       249.152     27.320    276.472       1.705
     24     25     10       219.097     15.813    234.910       1.483
     25     26      9       188.144      5.872    194.017       1.280
     26     27      8       162.052      2.880    164.932       1.060
     27     28      7       138.768      0.917    139.685       0.901
     28     29      6       118.082      0.359    118.441       0.682
     29     30      5       101.236      0.100    101.336       0.510
     30     31      4        87.092      0.034     87.126       0.369
     31     32      3        76.947      0.011     76.958       0.223
     32     33      2        68.879      0.005     68.884
     33     32      3        76.947      0.012     76.959
     34     31      4        87.092      0.035     87.127
     35     30      5       101.236      0.123    101.359
     36     29      6       118.082      0.496    118.578
     37     28      7       138.768      2.136    140.904
     38     27      8       162.052      9.428    171.480
     39     26      9       188.144     41.889    230.033
     40     25     10       219.097    186.125    405.222
     41     24     11       249.152    824.917   1074.069
     42     23     12       282.153    948.676   1230.830
     43     22     13       324.556   1074.876   1399.432
     44     21     14       359.970   1213.950   1573.920
     45     20     15       399.983   1358.162   1758.146
     46     19     16       442.503   1510.205   1952.708
     47     18     17       487.725   1673.972   2161.697
     48     17     18       538.917   1846.364   2385.281
     49     16     19       602.027   2026.804   2628.831
     50     15     20       669.126   2221.604   2890.729
     51     14     21       737.175   2423.352   3160.526
     52     13     22       795.086   2626.762   3421.847
     53     12     23       839.298   2846.777   3686.075
     54     11     24       837.821   3077.998   3915.818
     55     10     25       890.925   3313.113   4204.037
     56      9     26       247.948   3567.630   3815.578
     57      8     27        69.046   3818.414   3887.460
     58      7     28        19.261   4078.070   4097.332
     59      6     29         5.395   4345.697   4351.093
     60      5     30         1.525   4686.818   4688.343
     61      4     31         0.438   5017.883   5018.321
     62      3     32         0.128   5396.858   5396.986
     63      2     33         0.031   5769.310   5769.342
     64      3     32         0.128   5396.858   5396.986
     65      4     31         0.438   5017.883   5018.321
     66      5     30         1.525   4686.818   4688.343
     67      6     29         5.395   4345.697   4351.093
     68      7     28        19.261   4078.070   4097.332
     69      8     27        69.046   3818.414   3887.460
     70      9     26       247.948   3567.630   3815.578
     71     10     25       890.925   3313.113   4204.037
     72     11     24      3200.869   3077.998   6278.867
     73     12     23      3101.111   2846.777   5947.887
     74     13     22      3074.446   2626.762   5701.208
     75     14     21      2934.563   2423.352   5357.915
     76     15     20      2726.379   2221.604   4947.982
     77     16     19      2468.761   2026.804   4495.565
     78     17     18      2224.542   1846.364   4070.906
     79     18     17      1999.557   1673.972   3673.529
     80     19     16      1788.846   1510.205   3299.051
     81     20     15      1618.145   1358.162   2976.307
     82     21     14      1453.716   1213.950   2667.666
     83     22     13      1302.533   1074.876   2377.410
     84     23     12      1137.495    948.676   2086.171
     85     24     11       987.933    824.917   1812.850
     86     25     10       855.731    186.125   1041.856
     87     26      9       744.004     41.889    785.893
     88     27      8       634.441      9.428    643.869
     89     28      7       549.900      2.136    552.036
     90     29      6       468.387      0.496    468.883
     91     30      5       400.998      0.123    401.121
     92     31      4       348.187      0.035    348.222
     93     32      3       300.642      0.012    300.654
     94     33      2       265.457      0.005    265.461
     95     32      3       300.642      0.012    300.654
     96     31      4       348.187      0.035    348.222
     97     30      5       400.998      0.123    401.121
     98     29      6       468.387      0.496    468.883
     99     28      7       549.900      2.136    552.036
    100     27      8       634.441      9.428    643.869
    101     26      9       744.004     41.889    785.893
    102     25     10       855.731    186.125   1041.856
    103     24     11       987.933    824.917   1812.850
    104     23     12      1137.495    948.681   2086.175
    105     22     13      1302.533   1078.199   2380.732
    106     21     14      1453.716   1215.376   2669.093
    107     20     15      1618.145   1362.349   2980.494
    108     19     16      1788.846   1515.558   3304.405
    109     18     17      1999.557   1678.049   3677.606
    110     17     18      2224.542   1849.688   4074.230
    111     16     19      2468.761   2030.265   4499.026
    112     15     20      2726.379   2218.823   4945.202
    113     14     21      2934.563   2417.333   5351.896
    114     13     22      3074.446   2628.174   5702.621
    115     12     23      3101.111   2848.312   5949.422
    116     11     24      3200.869   3076.096   6276.965
    117     10     25       890.925   3314.901   4205.826
    118      9     26       247.948   3561.022   3808.970
    119      8     27        69.046   3818.416   3887.461
    120      7     28        19.261   4085.285   4104.546
    121      6     29         5.395   4374.911   4380.307
    122      5     30         1.525   4694.810   4696.335
    123      4     31         0.438   5037.754   5038.192
    124      3     32         0.128   5421.873   5422.001
    125      2     33         0.031   5791.694   5791.725
    126      3     32         0.128   5421.873   5422.001
    127      4     31         0.438   5037.754   5038.192
    128      5     30         1.525   4694.810   4696.335
    129      6     29         5.395   4374.911   4380.307
    130      7     28        19.261   4085.285   4104.546
    131      8     27        69.046   3818.416   3887.461
    132      9     26       247.948   3561.022   3808.970
    133     10     25       890.925   3314.901   4205.826
    134     11     24      3200.869   3076.096   6276.965
    135     12     23      3107.219   2848.312   5955.531
    136     13     22      3057.867   2628.174   5686.041
    137     14     21      2930.796   2417.333   5348.129
    138     15     20      2753.015   2218.823   4971.838
    139     16     19      2488.498   2030.265   4518.763
    140     17     18      2236.175   1849.688   4085.863
    141     18     17      1975.067   1678.049   3653.116
    142     19     16      1756.026   1515.558   3271.584
    143     20     15      1575.332   1362.349   2937.681
    144     21     14      1420.600   1215.376   2635.976
    145     22     13      1254.707   1078.199   2332.906
    146     23     12      1111.796    948.681   2060.477
    147     24     11       982.611    824.917   1807.528
    148     25     10       864.682    186.125   1050.807
    149     26      9       751.387     41.889    793.276
    150     27      8       645.833      9.428    655.261
    151     28      7       549.495      2.136    551.631
    152     29      6       469.144      0.496    469.640
    153     30      5       399.215      0.123    399.338
    154     31      4       344.237      0.035    344.272
    155     32      3       299.765      0.012    299.777
    156     33      2       268.845      0.005    268.850
    157     32      3       299.765      0.012    299.777
    158     31      4       344.237      0.035    344.272
    159     30      5       399.215      0.123    399.338
    160     29      6       469.144      0.496    469.640
    161     28      7       549.495      2.136    551.631
    162     27      8       645.833      9.428    655.261
    163     26      9       751.387     41.889    793.276
    164     25     10       864.682    186.125   1050.807
    165     24     11       982.611    824.917   1807.528
    166     23     12      1111.796    952.074   2063.871
    167     22     13      1254.707   1081.274   2335.981
    168     21     14      1420.600   1218.073   2638.672
    169     20     15      1575.332   1364.487   2939.819
    170     19     16      1756.026   1519.852   3275.878
    171     18     17      1975.067   1681.721   3656.788
    172     17     18      2236.175   1857.072   4093.247