%Lattice      Model       Dmrg       SBlock     SBlockLR    STORAGE
A_in = [...
    1         7.79        12.53         0.04        93.93         0.09         0.00%Lattice      Model       Dmrg       SBlock     SBlockLR    STORAGE
A_in = [...
    1         7.79        13.45         0.04        94.00       374.71         0.00%Lattice      Model       Dmrg       SBlock     SBlockLR    STORAGE
A_in = [...
    1         7.79        13.45         0.04        94.00       374.71         0.00%Lattice      Model       Dmrg       SBlock     SBlockLR    STORAGE
A_in = [...
    1         7.79        13.45         0.04         0.80         0.20         0.00%Lattice      Model       Dmrg       SBlock     SBlockLR    STORAGE
A_in = [...
    1         7.79        13.45         0.04         0.82         0.20         0.00
    2         7.79        13.45         0.04        94.36         0.09         0.00
    2         7.79        13.70         0.04        94.41       470.19         0.00
    2         7.79        13.70         0.04        94.41       470.19         0.00
    2         7.79        13.70         0.04         0.87         0.20         0.00
    2         7.79        13.70         0.04         0.98         0.20         0.00
    3         7.79        13.70         0.04        94.76         0.09         0.00
    3         7.79        14.00         0.04        94.84       378.96         0.00
    3         7.79        14.00         0.04        94.84       378.96         0.00
    3         7.79        14.00         0.04         1.12         0.21         0.00
    3         7.79        14.00         0.04         1.44         0.21         0.00
    4         7.79        14.00         0.04        95.47         0.09         0.00
    4         7.79        14.35         0.04        95.66       474.76         0.00
    4         7.79        14.35         0.04        95.66       474.76         0.00
    4         7.79        14.35         0.04         1.87         0.22         0.00
    4         7.79        14.35         0.04         2.97         0.22         0.00
    5         7.79        14.35         0.04        97.25         0.09         0.00
    5         7.79        14.75         0.04        97.83       384.76         0.00
    5         7.79        14.75         0.04        97.83       384.76         0.00
    5         7.79        14.75         0.04         4.42         0.23         0.00
    5         7.79        14.75         0.04         8.31         0.23         0.00
    6         7.79        14.75         0.04       102.85         0.09         0.00
    6         7.79        15.22         0.04       104.88       485.32         0.00
    6         7.79        15.22         0.04       104.88       485.32         0.00
    6         7.79        15.22         0.04        13.50         0.25         0.00
    6         7.79        15.22         0.04        27.40         0.25         0.00
    7         7.79        15.22         0.04       122.19         0.09         0.00
    7         7.79        15.74         0.04       129.75       413.67         0.00
    7         7.79        15.74         0.04       129.75       413.67         0.00
    7         7.79        15.74         0.04        46.22         0.26         0.00
    7         7.79        15.74         0.04        96.11         0.26         0.00
    8         7.79        15.74         0.04       191.14         0.09         0.00
    8         7.79        16.34         0.04       219.92       585.11         0.00
    8         7.79        16.34         0.04       219.92       585.11         0.00
    8         7.79        16.34         0.04       164.83         0.30         0.00
    8         7.79        16.34         0.04       344.07         0.30         0.00
    9         7.79        16.34         0.04       439.35         0.09         0.00
    9         7.79        17.01         0.04       549.86       788.16         0.00
    9         7.79        17.01         0.04       549.86       788.16         0.00
    9         7.79        17.01         0.04       595.92         0.35         0.00
    9         7.79        17.01         0.04       582.45         0.35         0.00
   10         7.79        17.01         0.04       677.99         0.09         0.00
   10         7.79        17.76         0.04       790.01       890.00         0.00
   10         7.79        17.76         0.04       790.01       890.00         0.00
   10         7.79        17.76         0.04       569.90         0.35         0.00
   10         7.79        17.76         0.04       572.73         0.35         0.00
   11         7.79        17.76         0.04       668.52         0.09         0.00
   11         7.79        18.59         0.04       790.56       833.36         0.00
   11         7.79        18.59         0.04       790.56       833.36         0.00
   11         7.79        18.59         0.04       584.31         0.35         0.00
   11         7.79        18.59         0.04       573.03         0.35         0.00
   12         7.79        18.59         0.04       669.07         0.09         0.00
   12         7.79        19.51         0.04       794.47       941.61         0.00
   12         7.79        19.51         0.04       794.47       941.61         0.00
   12         7.79        19.51         0.04       564.57         0.35         0.00
   12         7.79        19.51         0.04       549.04         0.35         0.00
   13         7.79        19.51         0.04       645.33         0.09         0.00
   13         7.79        20.52         0.04       771.69       854.86         0.00
   13         7.79        20.52         0.04       771.69       854.86         0.00
   13         7.79        20.52         0.04       534.34         0.35         0.00
   13         7.79        20.52         0.04       515.43         0.35         0.00
   14         7.79        20.52         0.04       611.97         0.09         0.00
   14         7.79        21.63         0.04       736.79       946.64         0.00
   14         7.79        21.63         0.04       736.79       946.64         0.00
   14         7.79        21.63         0.04       495.18         0.36         0.00
   14         7.79        21.63         0.04       476.26         0.36         0.00
   15         7.79        21.63         0.04       573.05         0.09         0.00
   15         7.79        22.85         0.04       695.56       849.27         0.00
   15         7.79        22.85         0.04       695.56       849.27         0.00
   15         7.79        22.85         0.04       455.33         0.36         0.00
   15         7.79        22.85         0.04       437.60         0.36         0.00
   16         7.79        22.85         0.04       534.64         0.09         0.00
   16         7.79        24.18         0.04       654.79       938.18         0.00
   16         7.79        24.18         0.04       654.79       938.18         0.00
   16         7.79        24.18         0.04       417.88         0.36         0.00
   16         7.79        24.18         0.04       403.70         0.36         0.00
   17         7.79        24.18         0.04       500.98         0.09         0.00
   17         7.79        25.63         0.04       620.71       846.96         0.00
   17         7.79        25.63         0.04       620.71       846.96         0.00
   17         7.79        25.63         0.04       389.18         0.37         0.00
   17         7.79        25.63         0.04       376.79         0.37         0.00
   18         7.79        25.63         0.04       474.33         0.09         0.00
   18         7.79        27.20         0.04       594.55       945.52         0.00
   18         7.79        27.20         0.04       594.55       945.52         0.00
   18         7.79        27.20         0.04       364.83         0.37         0.00
   18         7.79        27.20         0.04       353.17         0.37         0.00
   19         7.79        27.20         0.04       426.47         0.09         0.00
   19         7.79        27.13         0.04       534.57       711.25         0.00
   19         7.79        27.13         0.04       534.57       711.25         0.00
   19         7.79        27.13         0.04       330.07         0.36         0.00
   19         7.79        27.13         0.04       319.06         0.36         0.00
   20         7.79        27.13         0.04       360.40         0.09         0.00
   20         7.79        27.02         0.04       457.05       580.98         0.00
   20         7.79        27.02         0.04       457.05       580.98         0.00
   20         7.79        27.02         0.04       297.31         0.34         0.00
   20         7.79        27.02         0.04       287.61         0.34         0.00
   21         7.79        27.02         0.04       310.02         0.09         0.00
   21         7.79        26.89         0.04       396.39       425.57         0.00
   21         7.79        26.89         0.04       396.39       425.57         0.00
   21         7.79        26.89         0.04       268.19         0.31         0.00
   21         7.79        26.89         0.04       256.07         0.31         0.00
   22         7.79        26.89         0.04       267.73         0.09         0.00
   22         7.79        26.74         0.04       341.82       348.05         0.00
   22         7.79        26.74         0.04       341.82       348.05         0.00
   22         7.79        26.74         0.04       232.67         0.29         0.00
   22         7.79        26.74         0.04       223.38         0.29         0.00
   23         7.79        26.74         0.04       229.17         0.09         0.00
   23         7.79        26.56         0.04       293.57       276.90         0.00
   23         7.79        26.56         0.04       293.57       276.90         0.00
   23         7.79        26.56         0.04       205.15         0.27         0.00
   23         7.79        26.56         0.04       196.69         0.27         0.00
   24         7.79        26.56         0.04       199.43         0.09         0.00
   24         7.79        26.36         0.04       254.90       235.33         0.00
   24         7.79        26.36         0.04       254.90       235.33         0.00
   24         7.79        26.36         0.04       180.01         0.26         0.00
   24         7.79        26.36         0.04       171.07         0.26         0.00
   25         7.79        26.36         0.04       172.30         0.09         0.00
   25         7.79        26.15         0.04       218.60       194.42         0.00
   25         7.79        26.15         0.04       218.60       194.42         0.00
   25         7.79        26.15         0.04       153.83         0.25         0.00
   25         7.79        26.15         0.04       146.28         0.25         0.00
   26         7.79        26.15         0.04       146.82         0.09         0.00
   26         7.79        25.93         0.04       185.22       165.33         0.00
   26         7.79        25.93         0.04       185.22       165.33         0.00
   26         7.79        25.93         0.04       131.63         0.23         0.00
   26         7.79        25.93         0.04       124.82         0.23         0.00
   27         7.79        25.93         0.04       125.06         0.09         0.00
   27         7.79        25.70         0.04       156.33       140.08         0.00
   27         7.79        25.70         0.04       156.33       140.08         0.00
   27         7.79        25.70         0.04       111.66         0.22         0.00
   27         7.79        25.70         0.04       105.52         0.22         0.00
   28         7.79        25.70         0.04       105.64         0.09         0.00
   28         7.79        25.48         0.04       130.44       118.82         0.00
   28         7.79        25.48         0.04       130.44       118.82         0.00
   28         7.79        25.48         0.04        93.69         0.21         0.00
   28         7.79        25.48         0.04        88.63         0.21         0.00
   29         7.79        25.48         0.04        88.71         0.09         0.00
   29         7.79        25.26         0.04       108.01       101.71         0.00
   29         7.79        25.26         0.04       108.01       101.71         0.00
   29         7.79        25.26         0.04        78.79         0.21         0.00
   29         7.79        25.26         0.04        74.46         0.21         0.00
   30         7.79        25.26         0.04        74.53         0.09         0.00
   30         7.79        25.06         0.04        88.99        87.50         0.00
   30         7.79        25.06         0.04        88.99        87.50         0.00
   30         7.79        25.06         0.04        66.02         0.20         0.00
   30         7.79        25.06         0.04        62.82         0.20         0.00
   31         7.79        25.06         0.04        62.88         0.09         0.00
   31         7.79        24.88         0.04        73.35        77.32         0.00
   31         7.79        24.88         0.04        73.35        77.32         0.00
   31         7.79        24.88         0.04        56.28         0.19         0.00
   31         7.79        24.88         0.04        53.60         0.19         0.00
   32         7.79        24.88         0.04        53.65         0.09         0.00
   32         7.79        24.74         0.04        60.61        69.23         0.00
   32         7.79        24.74         0.04        60.61        69.23         0.00
   32         7.79        24.74         0.04        32.64         0.19         0.00
   32         7.79        24.74         0.04        32.66         0.19         0.00
   33         7.79        24.74         0.04        56.33         0.09         0.00
   33         7.79        24.88         0.04        66.82        77.32         0.00
   33         7.79        24.88         0.04        66.82        77.32         0.00
   33         7.79        24.88         0.04        32.63         0.19         0.00
   33         7.79        24.88         0.04        32.65         0.19         0.00
   34         7.79        24.88         0.04        59.56         0.09         0.00
   34         7.79        25.06         0.04        74.04        87.50         0.00
   34         7.79        25.06         0.04        74.04        87.50         0.00
   34         7.79        25.06         0.04        32.65         0.20         0.00
   34         7.79        25.06         0.04        32.68         0.20         0.00
   35         7.79        25.06         0.04        63.94         0.09         0.00
   35         7.79        25.26         0.04        83.25       101.74         0.00
   35         7.79        25.26         0.04        83.25       101.74         0.00
   35         7.79        25.26         0.04        32.69         0.21         0.00
   35         7.79        25.26         0.04        32.79         0.21         0.00
   36         7.79        25.26         0.04        69.11         0.09         0.00
   36         7.79        25.48         0.04        93.93       118.98         0.00
   36         7.79        25.48         0.04        93.93       118.98         0.00
   36         7.79        25.48         0.04        32.82         0.22         0.00
   36         7.79        25.48         0.04        33.21         0.22         0.00
   37         7.79        25.48         0.04        75.66         0.09         0.00
   37         7.79        25.70         0.04       106.95       141.32         0.00
   37         7.79        25.70         0.04       106.95       141.32         0.00
   37         7.79        25.70         0.04        33.23         0.23         0.00
   37         7.79        25.70         0.04        34.91         0.23         0.00
   38         7.79        25.70         0.04        84.17         0.09         0.00
   38         7.79        25.93         0.04       122.60       171.92         0.00
   38         7.79        25.93         0.04       122.60       171.92         0.00
   38         7.79        25.93         0.04        34.93         0.25         0.00
   38         7.79        25.93         0.04        42.33         0.25         0.00
   39         7.79        25.93         0.04        99.14         0.09         0.00
   39         7.79        26.15         0.04       145.46       230.51         0.00
   39         7.79        26.15         0.04       145.46       230.51         0.00
   39         7.79        26.15         0.04        42.36         0.28         0.00
   39         7.79        26.15         0.04        75.16         0.28         0.00
   40         7.79        26.15         0.04       140.89         0.09         0.00
   40         7.79        26.36         0.04       196.39       405.76         0.00
   40         7.79        26.36         0.04       196.39       405.76         0.00
   40         7.79        26.36         0.04        75.17         0.33         0.00
   40         7.79        26.36         0.04       220.58         0.33         0.00
   41         7.79        26.36         0.04       294.78         0.09         0.00
   41         7.79        26.56         0.04       359.20      1074.70         0.00
   41         7.79        26.56         0.04       359.20      1074.70         0.00
   41         7.79        26.56         0.04       220.59         0.43         0.00
   41         7.79        26.56         0.04       251.47         0.43         0.00
   42         7.79        26.56         0.04       334.97         0.09         0.00
   42         7.79        26.74         0.04       409.06      1231.46         0.00
   42         7.79        26.74         0.04       409.06      1231.46         0.00
   42         7.79        26.74         0.04       251.48         0.42         0.00
   42         7.79        26.74         0.04       281.68         0.42         0.00
   43         7.79        26.74         0.04       377.27         0.09         0.00
   43         7.79        26.89         0.04       463.66      1400.06         0.00
   43         7.79        26.89         0.04       463.66      1400.06         0.00
   43         7.79        26.89         0.04       281.68         0.42         0.00
   43         7.79        26.89         0.04       315.11         0.42         0.00
   44         7.79        26.89         0.04       420.41         0.09         0.00
   44         7.79        27.02         0.04       517.07      1574.55         0.00
   44         7.79        27.02         0.04       517.07      1574.55         0.00
   44         7.79        27.02         0.04       315.09         0.42         0.00
   44         7.79        27.02         0.04       349.98         0.42         0.00
   45         7.79        27.02         0.04       466.30         0.09         0.00
   45         7.79        27.13         0.04       574.40      1758.77         0.00
   45         7.79        27.13         0.04       574.40      1758.77         0.00
   45         7.79        27.13         0.04       349.97         0.42         0.00
   45         7.79        27.13         0.04       386.78         0.42         0.00
   46         7.79        27.13         0.04       514.77         0.09         0.00
   46         7.79        27.20         0.04       634.99      1953.34         0.00
   46         7.79        27.20         0.04       634.99      1953.34         0.00
   46         7.79        27.20         0.04       386.78         0.42         0.00
   46         7.79        27.20         0.04       426.71         0.42         0.00
   47         7.79        27.20         0.04       567.10         0.09         0.00
   47         7.79        27.24         0.04       700.13      2162.33         0.00
   47         7.79        27.24         0.04       700.13      2162.33         0.00
   47         7.79        27.24         0.04       426.71         0.42         0.00
   47         7.79        27.24         0.04       468.80         0.42         0.00
   48         7.79        27.24         0.04       623.37         0.09         0.00
   48         7.79        27.25         0.04       770.92      2385.91         0.00
   48         7.79        27.25         0.04       770.92      2385.91         0.00
   48         7.79        27.25         0.04       468.82         0.42         0.00
   48         7.79        27.25         0.04       513.06         0.42         0.00
   49         7.79        27.25         0.04       685.33         0.09         0.00
   49         7.79        27.23         0.04       850.80      2629.46         0.00
   49         7.79        27.23         0.04       850.80      2629.46         0.00
   49         7.79        27.23         0.04       513.09         0.42         0.00
   49         7.79        27.23         0.04       560.98         0.42         0.00
   50         7.79        27.23         0.04       752.13         0.09         0.00
   50         7.79        27.18         0.04       936.76      2891.36         0.00
   50         7.79        27.18         0.04       936.76      2891.36         0.00
   50         7.79        27.18         0.04       560.99         0.42         0.00
   50         7.79        27.18         0.04       610.77         0.42         0.00
   51         7.79        27.18         0.04       820.82         0.09         0.00
   51         7.79        27.09         0.04      1024.69      3161.15         0.00
   51         7.79        27.09         0.04      1024.69      3161.15         0.00
   51         7.79        27.09         0.04       610.76         0.42         0.00
   51         7.79        27.09         0.04       660.88         0.42         0.00
   52         7.79        27.09         0.04       886.48         0.09         0.00
   52         7.79        26.98         0.04      1106.36      3422.47         0.00
   52         7.79        26.98         0.04      1106.36      3422.47         0.00
   52         7.79        26.98         0.04       660.85         0.42         0.00
   52         7.79        26.98         0.04       715.35         0.42         0.00
   53         7.79        26.98         0.04       952.24         0.09         0.00
   53         7.79        26.83         0.04      1184.10      3686.71         0.00
   53         7.79        26.83         0.04      1184.10      3686.71         0.00
   53         7.79        26.83         0.04       715.26         0.42         0.00
   53         7.79        26.83         0.04       772.63         0.42         0.00
   54         7.79        26.83         0.04      1006.79         0.09         0.00
   54         7.79        26.67         0.04      1236.70      3916.47         0.00
   54         7.79        26.67         0.04      1236.70      3916.47         0.00
   54         7.79        26.67         0.04       772.61         0.42         0.00
   54         7.79        26.67         0.04       831.00         0.42         0.00
   55         7.79        26.67         0.04      1078.66         0.09         0.00
   55         7.79        26.48         0.04      1322.88      4204.69         0.00
   55         7.79        26.48         0.04      1322.88      4204.69         0.00
   55         7.79        26.48         0.04       830.60         0.43         0.00
   55         7.79        26.48         0.04       894.05         0.43         0.00
   56         7.79        26.48         0.04       962.88         0.09         0.00
   56         7.79        26.28         0.04      1031.05      3816.17         0.00
   56         7.79        26.28         0.04      1031.05      3816.17         0.00
   56         7.79        26.28         0.04       893.70         0.37         0.00
   56         7.79        26.28         0.04       956.22         0.37         0.00
   57         7.79        26.28         0.04       975.48         0.09         0.00
   57         7.79        26.06         0.04       994.55      3888.02         0.00
   57         7.79        26.06         0.04       994.55      3888.02         0.00
   57         7.79        26.06         0.04       956.10         0.34         0.00
   57         7.79        26.06         0.04      1020.77         0.34         0.00
   58         7.79        26.06         0.04      1026.23         0.09         0.00
   58         7.79        25.83         0.04      1031.59      4097.86         0.00
   58         7.79        25.83         0.04      1031.59      4097.86         0.00
   58         7.79        25.83         0.04      1020.72         0.33         0.00
   58         7.79        25.83         0.04      1087.64         0.33         0.00
   59         7.79        25.83         0.04      1089.24         0.09         0.00
   59         7.79        25.61         0.04      1090.77      4351.60         0.00
   59         7.79        25.61         0.04      1090.77      4351.60         0.00
   59         7.79        25.61         0.04      1087.61         0.31         0.00
   59         7.79        25.61         0.04      1172.72         0.31         0.00
   60         7.79        25.61         0.04      1173.22         0.09         0.00
   60         7.79        25.38         0.04      1173.67      4688.83         0.00
   60         7.79        25.38         0.04      1173.67      4688.83         0.00
   60         7.79        25.38         0.04      1172.69         0.30         0.00
   60         7.79        25.38         0.04      1255.76         0.30         0.00
   61         7.79        25.38         0.04      1255.95         0.09         0.00
   61         7.79        25.17         0.04      1256.09      5018.79         0.00
   61         7.79        25.17         0.04      1256.09      5018.79         0.00
   61         7.79        25.17         0.04      1255.74         0.29         0.00
   61         7.79        25.17         0.04      1351.14         0.29         0.00
   62         7.79        25.17         0.04      1351.23         0.09         0.00
   62         7.79        24.97         0.04      1351.28      5397.44         0.00
   62         7.79        24.97         0.04      1351.28      5397.44         0.00
   62         7.79        24.97         0.04      1351.12         0.28         0.00
   62         7.79        24.97         0.04      1445.45         0.28         0.00
   63         7.79        24.97         0.04      1445.49         0.09         0.00
   63         7.79        24.80         0.04      1445.51      5769.79         0.00
   63         7.79        24.80         0.04      1445.51      5769.79         0.00
   63         7.79        24.80         0.04        34.92         0.27         0.00
   63         7.79        24.80         0.04        34.95         0.27         0.00
   64         7.79        24.80         0.04      1351.21         0.09         0.00
   64         7.79        24.97         0.04      1351.28      5397.44         0.00
   64         7.79        24.97         0.04      1351.28      5397.44         0.00
   64         7.79        24.97         0.04        34.94         0.28         0.00
   64         7.79        24.97         0.04        34.98         0.28         0.00
   65         7.79        24.97         0.04      1255.92         0.09         0.00
   65         7.79        25.17         0.04      1256.08      5018.79         0.00
   65         7.79        25.17         0.04      1256.08      5018.79         0.00
   65         7.79        25.17         0.04        35.14         0.29         0.00
   65         7.79        25.17         0.04        35.31         0.29         0.00
   66         7.79        25.17         0.04      1173.18         0.09         0.00
   66         7.79        25.38         0.04      1173.66      4688.83         0.00
   66         7.79        25.38         0.04      1173.66      4688.83         0.00
   66         7.79        25.38         0.04        35.73         0.30         0.00
   66         7.79        25.38         0.04        36.36         0.30         0.00
   67         7.79        25.38         0.04      1089.20         0.09         0.00
   67         7.79        25.61         0.04      1090.76      4351.60         0.00
   67         7.79        25.61         0.04      1090.76      4351.60         0.00
   67         7.79        25.61         0.04        37.95         0.31         0.00
   67         7.79        25.61         0.04        40.30         0.31         0.00
   68         7.79        25.61         0.04      1026.20         0.09         0.00
   68         7.79        25.83         0.04      1031.59      4097.86         0.00
   68         7.79        25.83         0.04      1031.59      4097.86         0.00
   68         7.79        25.83         0.04        45.68         0.33         0.00
   68         7.79        25.83         0.04        54.21         0.33         0.00
   69         7.79        25.83         0.04       975.45         0.09         0.00
   69         7.79        26.06         0.04       994.54      3888.02         0.00
   69         7.79        26.06         0.04       994.54      3888.02         0.00
   69         7.79        26.06         0.04        73.34         0.34         0.00
   69         7.79        26.06         0.04       104.15         0.34         0.00
   70         7.79        26.06         0.04       962.84         0.09         0.00
   70         7.79        26.28         0.04      1031.04      3816.17         0.00
   70         7.79        26.28         0.04      1031.04      3816.17         0.00
   70         7.79        26.28         0.04       172.33         0.37         0.00
   70         7.79        26.28         0.04       283.38         0.37         0.00
   71         7.79        26.28         0.04      1078.64         0.09         0.00
   71         7.79        26.48         0.04      1322.88      4204.69         0.00
   71         7.79        26.48         0.04      1322.88      4204.69         0.00
   71         7.79        26.48         0.04       527.64         0.43         0.00
   71         7.79        26.48         0.04       927.57         0.43         0.00
   72         7.79        26.48         0.04      1664.42         0.09         0.00
   72         7.79        26.67         0.04      2539.68      6279.62         0.00
   72         7.79        26.67         0.04      2539.68      6279.62         0.00
   72         7.79        26.67         0.04      1802.82         0.52         0.00
   72         7.79        26.67         0.04       906.57         0.52         0.00
   73         7.79        26.67         0.04      1586.06         0.09         0.00
   73         7.79        26.83         0.04      2436.37      5948.63         0.00
   73         7.79        26.83         0.04      2436.37      5948.63         0.00
   73         7.79        26.83         0.04      1756.90         0.51         0.00
   73         7.79        26.83         0.04       907.19         0.51         0.00
   74         7.79        26.83         0.04      1532.17         0.09         0.00
   74         7.79        26.98         0.04      2379.51      5701.94         0.00
   74         7.79        26.98         0.04      2379.51      5701.94         0.00
   74         7.79        26.98         0.04      1754.52         0.51         0.00
   74         7.79        26.98         0.04       873.37         0.51         0.00
   75         7.79        26.98         0.04      1448.24         0.09         0.00
   75         7.79        27.09         0.04      2258.68      5358.64         0.00
   75         7.79        27.09         0.04      2258.68      5358.64         0.00
   75         7.79        27.09         0.04      1683.85         0.51         0.00
   75         7.79        27.09         0.04       817.83         0.51         0.00
   76         7.79        27.09         0.04      1342.88         0.09         0.00
   76         7.79        27.18         0.04      2095.46      4948.70         0.00
   76         7.79        27.18         0.04      2095.46      4948.70         0.00
   76         7.79        27.18         0.04      1570.38         0.51         0.00
   76         7.79        27.18         0.04       746.07         0.51         0.00
   77         7.79        27.18         0.04      1223.26         0.09         0.00
   77         7.79        27.23         0.04      1902.76      4496.29         0.00
   77         7.79        27.23         0.04      1902.76      4496.29         0.00
   77         7.79        27.23         0.04      1425.59         0.51         0.00
   77         7.79        27.23         0.04       677.82         0.51         0.00
   78         7.79        27.23         0.04      1110.75         0.09         0.00
   78         7.79        27.25         0.04      1720.91      4071.63         0.00
   78         7.79        27.25         0.04      1720.91      4071.63         0.00
   78         7.79        27.25         0.04      1287.96         0.51         0.00
   78         7.79        27.25         0.04       614.99         0.51         0.00
   79         7.79        27.25         0.04      1005.85         0.09         0.00
   79         7.79        27.24         0.04      1552.00      3674.25         0.00
   79         7.79        27.24         0.04      1552.00      3674.25         0.00
   79         7.79        27.24         0.04      1161.16         0.51         0.00
   79         7.79        27.24         0.04       556.03         0.51         0.00
   80         7.79        27.24         0.04       906.94         0.09         0.00
   80         7.79        27.20         0.04      1393.02      3299.77         0.00
   80         7.79        27.20         0.04      1393.02      3299.77         0.00
   80         7.79        27.20         0.04      1042.09         0.50         0.00
   80         7.79        27.20         0.04       509.05         0.50         0.00
   81         7.79        27.20         0.04       823.16         0.09         0.00
   81         7.79        27.13         0.04      1260.49      2977.02         0.00
   81         7.79        27.13         0.04      1260.49      2977.02         0.00
   81         7.79        27.13         0.04       946.40         0.50         0.00
   81         7.79        27.13         0.04       463.66         0.50         0.00
   82         7.79        27.13         0.04       742.86         0.09         0.00
   82         7.79        27.02         0.04      1133.01      2668.38         0.00
   82         7.79        27.02         0.04      1133.01      2668.38         0.00
   82         7.79        27.02         0.04       853.77         0.50         0.00
   82         7.79        27.02         0.04       421.78         0.50         0.00
   83         7.79        27.02         0.04       667.58         0.09         0.00
   83         7.79        26.89         0.04      1013.97      2378.12         0.00
   83         7.79        26.89         0.04      1013.97      2378.12         0.00
   83         7.79        26.89         0.04       768.16         0.50         0.00
   83         7.79        26.89         0.04       374.83         0.50         0.00
   84         7.79        26.89         0.04       590.44         0.09         0.00
   84         7.79        26.74         0.04       888.99      2086.89         0.00
   84         7.79        26.74         0.04       888.99      2086.89         0.00
   84         7.79        26.74         0.04       673.35         0.50         0.00
   84         7.79        26.74         0.04       332.02         0.50         0.00
   85         7.79        26.74         0.04       516.79         0.09         0.00
   85         7.79        26.56         0.04       771.77      1813.57         0.00
   85         7.79        26.56         0.04       771.77      1813.57         0.00
   85         7.79        26.56         0.04       585.54         0.50         0.00
   85         7.79        26.56         0.04       292.72         0.50         0.00
   86         7.79        26.56         0.04       333.54         0.09         0.00
   86         7.79        26.36         0.04       549.66      1042.48         0.00
   86         7.79        26.36         0.04       549.66      1042.48         0.00
   86         7.79        26.36         0.04       507.67         0.41         0.00
   86         7.79        26.36         0.04       259.64         0.41         0.00
   87         7.79        26.36         0.04       268.83         0.09         0.00
   87         7.79        26.15         0.04       451.55       786.47         0.00
   87         7.79        26.15         0.04       451.55       786.47         0.00
   87         7.79        26.15         0.04       442.03         0.36         0.00
   87         7.79        26.15         0.04       227.44         0.36         0.00
   88         7.79        26.15         0.04       229.57         0.09         0.00
   88         7.79        25.93         0.04       379.59       644.41         0.00
   88         7.79        25.93         0.04       379.59       644.41         0.00
   88         7.79        25.93         0.04       377.37         0.34         0.00
   88         7.79        25.93         0.04       202.90         0.34         0.00
   89         7.79        25.93         0.04       203.44         0.09         0.00
   89         7.79        25.70         0.04       327.06       552.55         0.00
   89         7.79        25.70         0.04       327.06       552.55         0.00
   89         7.79        25.70         0.04       326.48         0.32         0.00
   89         7.79        25.70         0.04       178.77         0.32         0.00
   90         7.79        25.70         0.04       178.94         0.09         0.00
   90         7.79        25.48         0.04       277.13       469.38         0.00
   90         7.79        25.48         0.04       277.13       469.38         0.00
   90         7.79        25.48         0.04       276.93         0.30         0.00
   90         7.79        25.48         0.04       158.51         0.30         0.00
   91         7.79        25.48         0.04       158.60         0.09         0.00
   91         7.79        25.26         0.04       234.84       401.60         0.00
   91         7.79        25.26         0.04       234.84       401.60         0.00
   91         7.79        25.26         0.04       234.74         0.29         0.00
   91         7.79        25.26         0.04       142.40         0.29         0.00
   92         7.79        25.26         0.04       142.46         0.09         0.00
   92         7.79        25.06         0.04       200.10       348.69         0.00
   92         7.79        25.06         0.04       200.10       348.69         0.00
   92         7.79        25.06         0.04       200.03         0.28         0.00
   92         7.79        25.06         0.04       127.32         0.28         0.00
   93         7.79        25.06         0.04       127.36         0.09         0.00
   93         7.79        24.88         0.04       168.09       301.11         0.00
   93         7.79        24.88         0.04       168.09       301.11         0.00
   93         7.79        24.88         0.04       168.04         0.28         0.00
   93         7.79        24.88         0.04       115.53         0.28         0.00
   94         7.79        24.88         0.04       115.56         0.09         0.00
   94         7.79        24.74         0.04       142.23       265.91         0.00
   94         7.79        24.74         0.04       142.23       265.91         0.00
   94         7.79        24.74         0.04        35.31         0.27         0.00
   94         7.79        24.74         0.04        35.33         0.27         0.00
   95         7.79        24.74         0.04       127.34         0.09         0.00
   95         7.79        24.88         0.04       168.09       301.11         0.00
   95         7.79        24.88         0.04       168.09       301.11         0.00
   95         7.79        24.88         0.04        35.30         0.28         0.00
   95         7.79        24.88         0.04        35.32         0.28         0.00
   96         7.79        24.88         0.04       142.43         0.09         0.00
   96         7.79        25.06         0.04       200.10       348.69         0.00
   96         7.79        25.06         0.04       200.10       348.69         0.00
   96         7.79        25.06         0.04        35.27         0.28         0.00
   96         7.79        25.06         0.04        35.31         0.28         0.00
   97         7.79        25.06         0.04       158.57         0.09         0.00
   97         7.79        25.26         0.04       234.84       401.60         0.00
   97         7.79        25.26         0.04       234.84       401.60         0.00
   97         7.79        25.26         0.04        35.28         0.29         0.00
   97         7.79        25.26         0.04        35.38         0.29         0.00
   98         7.79        25.26         0.04       178.91         0.09         0.00
   98         7.79        25.48         0.04       277.12       469.38         0.00
   98         7.79        25.48         0.04       277.12       469.38         0.00
   98         7.79        25.48         0.04        35.41         0.30         0.00
   98         7.79        25.48         0.04        35.81         0.30         0.00
   99         7.79        25.48         0.04       203.41         0.09         0.00
   99         7.79        25.70         0.04       327.05       552.55         0.00
   99         7.79        25.70         0.04       327.05       552.55         0.00
   99         7.79        25.70         0.04        35.79         0.32         0.00
   99         7.79        25.70         0.04        37.47         0.32         0.00
  100         7.79        25.70         0.04       229.54         0.09         0.00
  100         7.79        25.93         0.04       379.59       644.41         0.00
  100         7.79        25.93         0.04       379.59       644.41         0.00
  100         7.79        25.93         0.04        37.52         0.34         0.00
  100         7.79        25.93         0.04        44.92         0.34         0.00
  101         7.79        25.93         0.04       268.80         0.09         0.00
  101         7.79        26.15         0.04       451.54       786.47         0.00
  101         7.79        26.15         0.04       451.54       786.47         0.00
  101         7.79        26.15         0.04        44.95         0.36         0.00
  101         7.79        26.15         0.04        77.74         0.36         0.00
  102         7.79        26.15         0.04       333.50         0.09         0.00
  102         7.79        26.36         0.04       549.65      1042.48         0.00
  102         7.79        26.36         0.04       549.65      1042.48         0.00
  102         7.79        26.36         0.04        77.80         0.41         0.00
  102         7.79        26.36         0.04       223.21         0.41         0.00
  103         7.79        26.36         0.04       516.78         0.09         0.00
  103         7.79        26.56         0.04       771.77      1813.57         0.00
  103         7.79        26.56         0.04       771.77      1813.57         0.00
  103         7.79        26.56         0.04       223.30         0.50         0.00
  103         7.79        26.56         0.04       254.18         0.50         0.00
  104         7.79        26.56         0.04       590.46         0.09         0.00
  104         7.79        26.74         0.04       889.00      2086.89         0.00
  104         7.79        26.74         0.04       889.00      2086.89         0.00
  104         7.79        26.74         0.04       254.27         0.50         0.00
  104         7.79        26.74         0.04       285.29         0.50         0.00
  105         7.79        26.74         0.04       668.40         0.09         0.00
  105         7.79        26.89         0.04      1014.79      2381.45         0.00
  105         7.79        26.89         0.04      1014.79      2381.45         0.00
  105         7.79        26.89         0.04       285.28         0.50         0.00
  105         7.79        26.89         0.04       318.27         0.50         0.00
  106         7.79        26.89         0.04       743.22         0.09         0.00
  106         7.79        27.02         0.04      1133.38      2669.81         0.00
  106         7.79        27.02         0.04      1133.38      2669.81         0.00
  106         7.79        27.02         0.04       318.23         0.50         0.00
  106         7.79        27.02         0.04       353.81         0.50         0.00
  107         7.79        27.02         0.04       824.20         0.09         0.00
  107         7.79        27.13         0.04      1261.54      2981.21         0.00
  107         7.79        27.13         0.04      1261.54      2981.21         0.00
  107         7.79        27.13         0.04       353.78         0.50         0.00
  107         7.79        27.13         0.04       390.93         0.50         0.00
  108         7.79        27.13         0.04       908.31         0.09         0.00
  108         7.79        27.20         0.04      1394.40      3305.12         0.00
  108         7.79        27.20         0.04      1394.40      3305.12         0.00
  108         7.79        27.20         0.04       390.96         0.50         0.00
  108         7.79        27.20         0.04       430.55         0.50         0.00
  109         7.79        27.20         0.04      1006.88         0.09         0.00
  109         7.79        27.24         0.04      1553.04      3678.33         0.00
  109         7.79        27.24         0.04      1553.04      3678.33         0.00
  109         7.79        27.24         0.04       430.62         0.51         0.00
  109         7.79        27.24         0.04       472.52         0.51         0.00
  110         7.79        27.24         0.04      1111.61         0.09         0.00
  110         7.79        27.25         0.04      1721.77      4074.95         0.00
  110         7.79        27.25         0.04      1721.77      4074.95         0.00
  110         7.79        27.25         0.04       472.55         0.51         0.00
  110         7.79        27.25         0.04       516.85         0.51         0.00
  111         7.79        27.25         0.04      1224.20         0.09         0.00
  111         7.79        27.23         0.04      1903.69      4499.75         0.00
  111         7.79        27.23         0.04      1903.69      4499.75         0.00
  111         7.79        27.23         0.04       516.96         0.51         0.00
  111         7.79        27.23         0.04       563.23         0.51         0.00
  112         7.79        27.23         0.04      1342.18         0.09         0.00
  112         7.79        27.18         0.04      2094.77      4945.92         0.00
  112         7.79        27.18         0.04      2094.77      4945.92         0.00
  112         7.79        27.18         0.04       563.18         0.51         0.00
  112         7.79        27.18         0.04       612.14         0.51         0.00
  113         7.79        27.18         0.04      1446.72         0.09         0.00
  113         7.79        27.09         0.04      2257.16      5352.62         0.00
  113         7.79        27.09         0.04      2257.16      5352.62         0.00
  113         7.79        27.09         0.04       611.93         0.51         0.00
  113         7.79        27.09         0.04       663.97         0.51         0.00
  114         7.79        27.09         0.04      1532.55         0.09         0.00
  114         7.79        26.98         0.04      2379.90      5703.35         0.00
  114         7.79        26.98         0.04      2379.90      5703.35         0.00
  114         7.79        26.98         0.04       663.62         0.51         0.00
  114         7.79        26.98         0.04       718.15         0.51         0.00
  115         7.79        26.98         0.04      1586.47         0.09         0.00
  115         7.79        26.83         0.04      2436.79      5950.16         0.00
  115         7.79        26.83         0.04      2436.79      5950.16         0.00
  115         7.79        26.83         0.04       717.96         0.51         0.00
  115         7.79        26.83         0.04       774.43         0.51         0.00
  116         7.79        26.83         0.04      1663.96         0.09         0.00
  116         7.79        26.67         0.04      2539.21      6277.71         0.00
  116         7.79        26.67         0.04      2539.21      6277.71         0.00
  116         7.79        26.67         0.04       772.92         0.52         0.00
  116         7.79        26.67         0.04       832.30         0.52         0.00
  117         7.79        26.67         0.04      1079.20         0.09         0.00
  117         7.79        26.48         0.04      1323.40      4206.48         0.00
  117         7.79        26.48         0.04      1323.40      4206.48         0.00
  117         7.79        26.48         0.04       831.11         0.43         0.00
  117         7.79        26.48         0.04       892.34         0.43         0.00
  118         7.79        26.48         0.04       961.17         0.09         0.00
  118         7.79        26.28         0.04      1029.33      3809.56         0.00
  118         7.79        26.28         0.04      1029.33      3809.56         0.00
  118         7.79        26.28         0.04       891.99         0.38         0.00
  118         7.79        26.28         0.04       956.21         0.38         0.00
  119         7.79        26.28         0.04       975.47         0.09         0.00
  119         7.79        26.06         0.04       994.54      3888.02         0.00
  119         7.79        26.06         0.04       994.54      3888.02         0.00
  119         7.79        26.06         0.04       956.09         0.34         0.00
  119         7.79        26.06         0.04      1022.71         0.34         0.00
  120         7.79        26.06         0.04      1028.16         0.09         0.00
  120         7.79        25.83         0.04      1033.53      4105.08         0.00
  120         7.79        25.83         0.04      1033.53      4105.08         0.00
  120         7.79        25.83         0.04      1022.66         0.32         0.00
  120         7.79        25.83         0.04      1094.92         0.32         0.00
  121         7.79        25.83         0.04      1096.51         0.09         0.00
  121         7.79        25.61         0.04      1098.04      4380.81         0.00
  121         7.79        25.61         0.04      1098.04      4380.81         0.00
  121         7.79        25.61         0.04      1094.88         0.31         0.00
  121         7.79        25.61         0.04      1174.97         0.31         0.00
  122         7.79        25.61         0.04      1175.48         0.09         0.00
  122         7.79        25.38         0.04      1175.93      4696.82         0.00
  122         7.79        25.38         0.04      1175.93      4696.82         0.00
  122         7.79        25.38         0.04      1174.94         0.30         0.00
  122         7.79        25.38         0.04      1260.89         0.30         0.00
  123         7.79        25.38         0.04      1261.08         0.09         0.00
  123         7.79        25.17         0.04      1261.22      5038.66         0.00
  123         7.79        25.17         0.04      1261.22      5038.66         0.00
  123         7.79        25.17         0.04      1260.87         0.29         0.00
  123         7.79        25.17         0.04      1357.65         0.29         0.00
  124         7.79        25.17         0.04      1357.74         0.09         0.00
  124         7.79        24.97         0.04      1357.79      5422.46         0.00
  124         7.79        24.97         0.04      1357.79      5422.46         0.00
  124         7.79        24.97         0.04      1357.63         0.28         0.00
  124         7.79        24.97         0.04      1451.07         0.28         0.00
  125         7.79        24.97         0.04      1451.12         0.09         0.00
  125         7.79        24.80         0.04      1451.14      5792.17         0.00
  125         7.79        24.80         0.04      1451.14      5792.17         0.00
  125         7.79        24.80         0.04        34.94         0.27         0.00
  125         7.79        24.80         0.04        34.97         0.27         0.00
  126         7.79        24.80         0.04      1357.71         0.09         0.00
  126         7.79        24.97         0.04      1357.79      5422.46         0.00
  126         7.79        24.97         0.04      1357.79      5422.46         0.00
  126         7.79        24.97         0.04        34.96         0.28         0.00
  126         7.79        24.97         0.04        35.00         0.28         0.00
  127         7.79        24.97         0.04      1261.05         0.09         0.00
  127         7.79        25.17         0.04      1261.22      5038.66         0.00
  127         7.79        25.17         0.04      1261.22      5038.66         0.00
  127         7.79        25.17         0.04        35.16         0.29         0.00
  127         7.79        25.17         0.04        35.32         0.29         0.00
  128         7.79        25.17         0.04      1175.44         0.09         0.00
  128         7.79        25.38         0.04      1175.92      4696.82         0.00
  128         7.79        25.38         0.04      1175.92      4696.82         0.00
  128         7.79        25.38         0.04        35.75         0.30         0.00
  128         7.79        25.38         0.04        36.39         0.30         0.00
  129         7.79        25.38         0.04      1096.47         0.09         0.00
  129         7.79        25.61         0.04      1098.03      4380.81         0.00
  129         7.79        25.61         0.04      1098.03      4380.81         0.00
  129         7.79        25.61         0.04        37.96         0.31         0.00
  129         7.79        25.61         0.04        40.30         0.31         0.00
  130         7.79        25.61         0.04      1028.13         0.09         0.00
  130         7.79        25.83         0.04      1033.52      4105.08         0.00
  130         7.79        25.83         0.04      1033.52      4105.08         0.00
  130         7.79        25.83         0.04        45.68         0.32         0.00
  130         7.79        25.83         0.04        54.21         0.32         0.00
  131         7.79        25.83         0.04       975.44         0.09         0.00
  131         7.79        26.06         0.04       994.53      3888.02         0.00
  131         7.79        26.06         0.04       994.53      3888.02         0.00
  131         7.79        26.06         0.04        73.33         0.34         0.00
  131         7.79        26.06         0.04       104.14         0.34         0.00
  132         7.79        26.06         0.04       961.13         0.09         0.00
  132         7.79        26.28         0.04      1029.32      3809.56         0.00
  132         7.79        26.28         0.04      1029.32      3809.56         0.00
  132         7.79        26.28         0.04       172.32         0.38         0.00
  132         7.79        26.28         0.04       283.38         0.38         0.00
  133         7.79        26.28         0.04      1079.15         0.09         0.00
  133         7.79        26.48         0.04      1323.39      4206.48         0.00
  133         7.79        26.48         0.04      1323.39      4206.48         0.00
  133         7.79        26.48         0.04       527.64         0.43         0.00
  133         7.79        26.48         0.04       927.57         0.43         0.00
  134         7.79        26.48         0.04      1663.94         0.09         0.00
  134         7.79        26.67         0.04      2539.21      6277.71         0.00
  134         7.79        26.67         0.04      2539.21      6277.71         0.00
  134         7.79        26.67         0.04      1802.82         0.52         0.00
  134         7.79        26.67         0.04       908.42         0.52         0.00
  135         7.79        26.67         0.04      1588.35         0.09         0.00
  135         7.79        26.83         0.04      2440.46      5956.27         0.00
  135         7.79        26.83         0.04      2440.46      5956.27         0.00
  135         7.79        26.83         0.04      1760.56         0.51         0.00
  135         7.79        26.83         0.04       902.01         0.51         0.00
  136         7.79        26.83         0.04      1527.38         0.09         0.00
  136         7.79        26.98         0.04      2369.70      5686.77         0.00
  136         7.79        26.98         0.04      2369.70      5686.77         0.00
  136         7.79        26.98         0.04      1744.30         0.51         0.00
  136         7.79        26.98         0.04       872.25         0.51         0.00
  137         7.79        26.98         0.04      1445.60         0.09         0.00
  137         7.79        27.09         0.04      2255.00      5348.85         0.00
  137         7.79        27.09         0.04      2255.00      5348.85         0.00
  137         7.79        27.09         0.04      1681.68         0.51         0.00
  137         7.79        27.09         0.04       826.26         0.51         0.00
  138         7.79        27.09         0.04      1350.63         0.09         0.00
  138         7.79        27.18         0.04      2111.27      4972.56         0.00
  138         7.79        27.18         0.04      2111.27      4972.56         0.00
  138         7.79        27.18         0.04      1586.89         0.50         0.00
  138         7.79        27.18         0.04       752.43         0.50         0.00
  139         7.79        27.18         0.04      1230.55         0.09         0.00
  139         7.79        27.23         0.04      1916.02      4519.48         0.00
  139         7.79        27.23         0.04      1916.02      4519.48         0.00
  139         7.79        27.23         0.04      1437.93         0.50         0.00
  139         7.79        27.23         0.04       681.55         0.50         0.00
  140         7.79        27.23         0.04      1115.34         0.09         0.00
  140         7.79        27.25         0.04      1728.96      4086.58         0.00
  140         7.79        27.25         0.04      1728.96      4086.58         0.00
  140         7.79        27.25         0.04      1295.16         0.50         0.00
  140         7.79        27.25         0.04       607.36         0.50         0.00
  141         7.79        27.25         0.04       999.26         0.09         0.00
  141         7.79        27.24         0.04      1538.27      3653.83         0.00
  141         7.79        27.24         0.04      1538.27      3653.83         0.00
  141         7.79        27.24         0.04      1146.40         0.50         0.00
  141         7.79        27.24         0.04       545.75         0.50         0.00
  142         7.79        27.24         0.04       898.03         0.09         0.00
  142         7.79        27.20         0.04      1374.66      3272.30         0.00
  142         7.79        27.20         0.04      1374.66      3272.30         0.00
  142         7.79        27.20         0.04      1022.36         0.50         0.00
  142         7.79        27.20         0.04       495.52         0.50         0.00
  143         7.79        27.20         0.04       810.67         0.09         0.00
  143         7.79        27.13         0.04      1235.75      2938.40         0.00
  143         7.79        27.13         0.04      1235.75      2938.40         0.00
  143         7.79        27.13         0.04       920.61         0.50         0.00
  143         7.79        27.13         0.04       453.00         0.50         0.00
  144         7.79        27.13         0.04       732.56         0.09         0.00
  144         7.79        27.02         0.04      1113.26      2636.69         0.00
  144         7.79        27.02         0.04      1113.26      2636.69         0.00
  144         7.79        27.02         0.04       833.66         0.50         0.00
  144         7.79        27.02         0.04       406.35         0.50         0.00
  145         7.79        27.02         0.04       652.96         0.09         0.00
  145         7.79        26.89         0.04       985.88      2333.62         0.00
  145         7.79        26.89         0.04       985.88      2333.62         0.00
  145         7.79        26.89         0.04       739.25         0.50         0.00
  145         7.79        26.89         0.04       366.36         0.50         0.00
  146         7.79        26.89         0.04       581.97         0.09         0.00
  146         7.79        26.74         0.04       873.37      2061.20         0.00
  146         7.79        26.74         0.04       873.37      2061.20         0.00
  146         7.79        26.74         0.04       657.72         0.50         0.00
  146         7.79        26.74         0.04       330.20         0.50         0.00
  147         7.79        26.74         0.04       514.97         0.09         0.00
  147         7.79        26.56         0.04       768.51      1808.25         0.00
  147         7.79        26.56         0.04       768.51      1808.25         0.00
  147         7.79        26.56         0.04       582.28         0.51         0.00
  147         7.79        26.56         0.04       295.61         0.51         0.00
  148         7.79        26.56         0.04       336.43         0.09         0.00
  148         7.79        26.36         0.04       554.90      1051.43         0.00
  148         7.79        26.36         0.04       554.90      1051.43         0.00
  148         7.79        26.36         0.04       512.90         0.41         0.00
  148         7.79        26.36         0.04       262.13         0.41         0.00
  149         7.79        26.36         0.04       271.32         0.09         0.00
  149         7.79        26.15         0.04       455.92       793.84         0.00
  149         7.79        26.15         0.04       455.92       793.84         0.00
  149         7.79        26.15         0.04       446.40         0.36         0.00
  149         7.79        26.15         0.04       231.24         0.36         0.00
  150         7.79        26.15         0.04       233.36         0.09         0.00
  150         7.79        25.93         0.04       386.16       655.80         0.00
  150         7.79        25.93         0.04       386.16       655.80         0.00
  150         7.79        25.93         0.04       383.93         0.34         0.00
  150         7.79        25.93         0.04       202.85         0.34         0.00
  151         7.79        25.93         0.04       203.39         0.09         0.00
  151         7.79        25.70         0.04       326.91       552.14         0.00
  151         7.79        25.70         0.04       326.91       552.14         0.00
  151         7.79        25.70         0.04       326.33         0.32         0.00
  151         7.79        25.70         0.04       179.02         0.32         0.00
  152         7.79        25.70         0.04       179.20         0.09         0.00
  152         7.79        25.48         0.04       277.53       470.13         0.00
  152         7.79        25.48         0.04       277.53       470.13         0.00
  152         7.79        25.48         0.04       277.34         0.30         0.00
  152         7.79        25.48         0.04       157.95         0.30         0.00
  153         7.79        25.48         0.04       158.04         0.09         0.00
  153         7.79        25.26         0.04       233.95       399.82         0.00
  153         7.79        25.26         0.04       233.95       399.82         0.00
  153         7.79        25.26         0.04       233.84         0.29         0.00
  153         7.79        25.26         0.04       141.08         0.29         0.00
  154         7.79        25.26         0.04       141.14         0.09         0.00
  154         7.79        25.06         0.04       198.13       344.74         0.00
  154         7.79        25.06         0.04       198.13       344.74         0.00
  154         7.79        25.06         0.04       198.06         0.28         0.00
  154         7.79        25.06         0.04       126.98         0.28         0.00
  155         7.79        25.06         0.04       127.02         0.09         0.00
  155         7.79        24.88         0.04       167.63       300.23         0.00
  155         7.79        24.88         0.04       167.63       300.23         0.00
  155         7.79        24.88         0.04       167.57         0.28         0.00
  155         7.79        24.88         0.04       116.61         0.28         0.00
  156         7.79        24.88         0.04       116.64         0.09         0.00
  156         7.79        24.74         0.04       143.64       269.29         0.00
  156         7.79        24.74         0.04       143.64       269.29         0.00
  156         7.79        24.74         0.04        35.32         0.27         0.00
  156         7.79        24.74         0.04        35.34         0.27         0.00
  157         7.79        24.74         0.04       127.00         0.09         0.00
  157         7.79        24.88         0.04       167.63       300.23         0.00
  157         7.79        24.88         0.04       167.63       300.23         0.00
  157         7.79        24.88         0.04        35.27         0.28         0.00
  157         7.79        24.88         0.04        35.29         0.28         0.00
  158         7.79        24.88         0.04       141.11         0.09         0.00
  158         7.79        25.06         0.04       198.13       344.74         0.00
  158         7.79        25.06         0.04       198.13       344.74         0.00
  158         7.79        25.06         0.04        35.24         0.28         0.00
  158         7.79        25.06         0.04        35.28         0.28         0.00
  159         7.79        25.06         0.04       158.01         0.09         0.00
  159         7.79        25.26         0.04       233.94       399.82         0.00
  159         7.79        25.26         0.04       233.94       399.82         0.00
  159         7.79        25.26         0.04        35.30         0.29         0.00
  159         7.79        25.26         0.04        35.40         0.29         0.00
  160         7.79        25.26         0.04       179.17         0.09         0.00
  160         7.79        25.48         0.04       277.53       470.13         0.00
  160         7.79        25.48         0.04       277.53       470.13         0.00
  160         7.79        25.48         0.04        35.41         0.30         0.00
  160         7.79        25.48         0.04        35.80         0.30         0.00
  161         7.79        25.48         0.04       203.36         0.09         0.00
  161         7.79        25.70         0.04       326.90       552.14         0.00
  161         7.79        25.70         0.04       326.90       552.14         0.00
  161         7.79        25.70         0.04        35.87         0.32         0.00
  161         7.79        25.70         0.04        37.55         0.32         0.00
  162         7.79        25.70         0.04       233.33         0.09         0.00
  162         7.79        25.93         0.04       386.15       655.80         0.00
  162         7.79        25.93         0.04       386.15       655.80         0.00
  162         7.79        25.93         0.04        37.60         0.34         0.00
  162         7.79        25.93         0.04        45.00         0.34         0.00
  163         7.79        25.93         0.04       271.28         0.09         0.00
  163         7.79        26.15         0.04       455.91       793.84         0.00
  163         7.79        26.15         0.04       455.91       793.84         0.00
  163         7.79        26.15         0.04        45.03         0.36         0.00
  163         7.79        26.15         0.04        77.82         0.36         0.00
  164         7.79        26.15         0.04       336.39         0.09         0.00
  164         7.79        26.36         0.04       554.89      1051.43         0.00
  164         7.79        26.36         0.04       554.89      1051.43         0.00
  164         7.79        26.36         0.04        77.81         0.41         0.00
  164         7.79        26.36         0.04       223.22         0.41         0.00
  165         7.79        26.36         0.04       514.96         0.09         0.00
  165         7.79        26.56         0.04       768.51      1808.25         0.00
  165         7.79        26.56         0.04       768.51      1808.25         0.00
  165         7.79        26.56         0.04       223.20         0.51         0.00
  165         7.79        26.56         0.04       254.93         0.51         0.00
  166         7.79        26.56         0.04       582.83         0.09         0.00
  166         7.79        26.74         0.04       874.22      2064.59         0.00
  166         7.79        26.74         0.04       874.22      2064.59         0.00
  166         7.79        26.74         0.04       254.90         0.50         0.00
  166         7.79        26.74         0.04       285.88         0.50         0.00
  167         7.79        26.74         0.04       653.78         0.09         0.00
  167         7.79        26.89         0.04       986.69      2336.70         0.00
  167         7.79        26.89         0.04       986.69      2336.70         0.00
  167         7.79        26.89         0.04       285.91         0.50         0.00
  167         7.79        26.89         0.04       318.81         0.50         0.00
  168         7.79        26.89         0.04       733.28         0.09         0.00
  168         7.79        27.02         0.04      1113.98      2639.39         0.00
  168         7.79        27.02         0.04      1113.98      2639.39         0.00
  168         7.79        27.02         0.04       318.80         0.50         0.00
  168         7.79        27.02         0.04       354.24         0.50         0.00
  169         7.79        27.02         0.04       811.26         0.09         0.00
  169         7.79        27.13         0.04      1236.34      2940.54         0.00
  169         7.79        27.13         0.04      1236.34      2940.54         0.00
  169         7.79        27.13         0.04       354.24         0.50         0.00
  169         7.79        27.13         0.04       391.95         0.50         0.00
  170         7.79        27.13         0.04       899.19         0.09         0.00
  170         7.79        27.20         0.04      1375.82      3276.60         0.00
  170         7.79        27.20         0.04      1375.82      3276.60         0.00
  170         7.79        27.20         0.04       392.03         0.50         0.00
  170         7.79        27.20         0.04       431.48         0.50         0.00
  171         7.79        27.20         0.04      1000.28         0.09         0.00
  171         7.79        27.24         0.04      1539.29      3657.51         0.00
  171         7.79        27.24         0.04      1539.29      3657.51         0.00
  171         7.79        27.24         0.04       431.63         0.50         0.00
  171         7.79        27.24         0.04       474.50         0.50         0.00
  172         7.79        27.24         0.04      1117.32         0.09         0.00
  172         7.79        27.25         0.04      1730.95      4093.97         0.00
  172         7.79        27.25         0.04      1730.95      4093.97         0.00
  172         7.79        27.25         0.04       474.58         0.50         0.00
  172         7.79        27.25         0.04       474.58         0.50         0.00
  172         7.79        27.25         0.04        38.81         0.50         0.00