\BOOKMARK [1][-]{section.1}{\376\377\000P\000a\000t\000h\000\040\000I\000n\000t\000e\000g\000r\000a\000l\000\040\000F\000o\000r\000m\000a\000l\000i\000s\000m\000\040\000\050\000i\000n\000t\000r\000o\000d\000u\000c\000t\000i\000o\000n\000\051}{}% 1
\BOOKMARK [1][-]{section.2}{\376\377\000W\000i\000g\000n\000e\000r\000\040\000C\000r\000y\000s\000t\000a\000l\000s}{}% 2
\BOOKMARK [1][-]{section.3}{\376\377\000I\000n\000s\000t\000a\000n\000t\000o\000n\000\040\000F\000o\000r\000m\000a\000l\000i\000s\000m}{}% 3
\BOOKMARK [2][-]{subsection.3.1}{\376\377\000F\000r\000e\000e\000\040\000P\000a\000r\000t\000i\000c\000l\000e}{section.3}% 4
\BOOKMARK [2][-]{subsection.3.2}{\376\377\000H\000a\000r\000m\000o\000n\000i\000c\000\040\000O\000s\000c\000i\000l\000l\000a\000t\000o\000r}{section.3}% 5
\BOOKMARK [2][-]{subsection.3.3}{\376\377\000O\000n\000e\000\040\000p\000a\000r\000t\000i\000c\000l\000e\000\040\000t\000u\000n\000n\000e\000l\000i\000n\000g}{section.3}% 6
\BOOKMARK [3][-]{subsubsection.3.3.1}{\376\377\000O\000n\000e\000\040\000P\000a\000r\000t\000i\000c\000l\000e\000\040\000H\000a\000m\000i\000l\000t\000o\000n\000i\000a\000n}{subsection.3.3}% 7
\BOOKMARK [3][-]{subsubsection.3.3.2}{\376\377\000A\000c\000t\000i\000o\000n\000\040\000I\000n\000t\000e\000g\000r\000a\000l\000\040\000C\000a\000l\000c\000u\000l\000a\000t\000i\000o\000n}{subsection.3.3}% 8
\BOOKMARK [3][-]{subsubsection.3.3.3}{\376\377\000T\000u\000n\000n\000e\000l\000i\000n\000g\000\040\000c\000a\000l\000c\000u\000l\000a\000t\000i\000o\000n\000\040\000i\000n\000\040\000q\000u\000a\000r\000t\000i\000c\000\040\000p\000o\000t\000e\000n\000t\000i\000a\000l\000s}{subsection.3.3}% 9
\BOOKMARK [1][-]{section.4}{\376\377\000E\000x\000p\000e\000r\000i\000m\000e\000n\000t\000a\000l\000\040\000C\000o\000n\000s\000i\000d\000e\000r\000a\000t\000i\000o\000n\000s}{}% 10
\BOOKMARK [2][-]{subsection.4.1}{\376\377\000M\000o\000d\000e\000l\000i\000n\000g\000\040\000t\000h\000e\000\040\000P\000o\000t\000e\000n\000t\000i\000a\000l\000\040\000a\000n\000d\000\040\000F\000i\000t\000t\000i\000n\000g}{section.4}% 11
\BOOKMARK [2][-]{subsection.4.2}{\376\377\000P\000o\000l\000a\000r\000i\000z\000a\000t\000i\000o\000n\000\040\000d\000a\000t\000a}{section.4}% 12
\BOOKMARK [2][-]{subsection.4.3}{\376\377\000S\000c\000a\000l\000i\000n\000g}{section.4}% 13
\BOOKMARK [1][-]{section.5}{\376\377\000M\000a\000n\000y\000\040\000B\000o\000d\000y\000\040\000T\000u\000n\000n\000e\000l\000i\000n\000g\000\040\000C\000a\000l\000c\000u\000l\000a\000t\000i\000o\000n\000s\000\040\000-\000\040\000I\000n\000s\000t\000a\000n\000t\000o\000n}{}% 14
\BOOKMARK [2][-]{subsection.5.1}{\376\377\000Q\000u\000a\000r\000t\000i\000c\000\040\000H\000a\000m\000i\000l\000t\000o\000n\000i\000a\000n\000\040\000m\000o\000d\000e\000l}{section.5}% 15
\BOOKMARK [3][-]{subsubsection.5.1.1}{\376\377\000R\000e\000s\000c\000a\000l\000i\000n\000g\000\040\000a\000n\000d\000\040\000D\000i\000m\000e\000n\000s\000i\000o\000n\000l\000e\000s\000s\000\040\000H\000a\000m\000i\000l\000t\000o\000n\000i\000a\000n}{subsection.5.1}% 16
\BOOKMARK [2][-]{subsection.5.2}{\376\377\000M\000i\000l\000n\000i\000k\000o\000v\000\040\000m\000e\000t\000h\000o\000d}{section.5}% 17
\BOOKMARK [2][-]{subsection.5.3}{\376\377\000C\000l\000a\000s\000s\000i\000c\000a\000l\000\040\000E\000q\000u\000i\000l\000i\000b\000r\000i\000u\000m\000\040\000P\000o\000s\000i\000t\000i\000o\000n\000s}{section.5}% 18
\BOOKMARK [2][-]{subsection.5.4}{\376\377\000H\000a\000r\000m\000o\000n\000i\000c\000\040\000O\000s\000c\000i\000l\000l\000a\000t\000o\000r\000\040\000E\000i\000g\000e\000n\000f\000r\000e\000q\000u\000e\000n\000c\000i\000e\000s\000\040\000a\000d\000n\000\040\000E\000i\000g\000e\000n\000m\000o\000d\000e\000s}{section.5}% 19
\BOOKMARK [2][-]{subsection.5.5}{\376\377\000T\000r\000a\000j\000e\000c\000t\000o\000r\000y\000\040\000C\000a\000l\000c\000u\000l\000a\000t\000i\000o\000n}{section.5}% 20
\BOOKMARK [2][-]{subsection.5.6}{\376\377\000A\000r\000c\000\040\000L\000e\000n\000g\000t\000\040\000P\000a\000r\000a\000m\000t\000e\000r\000i\000z\000a\000t\000i\000o\000n}{section.5}% 21
\BOOKMARK [2][-]{subsection.5.7}{\376\377\000E\000g\000z\000a\000c\000t\000\040\000D\000i\000a\000g\000o\000n\000a\000l\000i\000z\000a\000t\000i\000o\000n\000\040\000\050\000E\000D\000\051}{section.5}% 22
\BOOKMARK [1][-]{section.6}{\376\377\000P\000o\000l\000a\000r\000i\000z\000a\000t\000i\000o\000n}{}% 23
\BOOKMARK [2][-]{subsection.6.1}{\376\377\000C\000l\000a\000s\000s\000i\000c\000a\000l\000\040\000P\000o\000l\000a\000r\000i\000z\000a\000t\000i\000o\000n\000\040\000C\000a\000l\000c\000u\000l\000a\000t\000i\000o\000n}{section.6}% 24
\BOOKMARK [2][-]{subsection.6.2}{\376\377\000P\000o\000l\000a\000r\000i\000z\000a\000t\000i\000o\000n\000\040\000u\000s\000i\000n\000g\000\040\000E\000D}{section.6}% 25
\BOOKMARK [1][-]{section.7}{\376\377\000O\000p\000e\000n\000\040\000Q\000u\000e\000s\000t\000i\000o\000n\000s}{}% 26
\BOOKMARK [1][-]{appendix.A}{\376\377\000M\000a\000t\000h\000e\000m\000a\000t\000i\000c\000s}{}% 27
\BOOKMARK [2][-]{subsection.A.1}{\376\377\000G\000a\000u\000s\000s\000i\000a\000n\000\040\000I\000n\000t\000e\000g\000r\000a\000l\000s}{appendix.A}% 28
\BOOKMARK [2][-]{subsection.A.2}{\376\377\000B\000e\000s\000e\000l\000\040\000P\000r\000o\000b\000l\000e\000m}{appendix.A}% 29
\BOOKMARK [1][-]{appendix.B}{\376\377\000A\000l\000g\000o\000r\000i\000t\000h\000m\000s\000\040\000a\000n\000d\000\040\000M\000e\000t\000h\000o\000d\000s}{}% 30
\BOOKMARK [2][-]{subsection.B.1}{\376\377\000M\000o\000n\000t\000e\000\040\000C\000a\000r\000l\000o\000\040\000a\000n\000d\000\040\000S\000i\000m\000u\000l\000a\000t\000e\000d\000\040\000A\000n\000n\000e\000a\000l\000i\000n\000g}{appendix.B}% 31
\BOOKMARK [2][-]{subsection.B.2}{\376\377\000M\000i\000n\000i\000m\000a\000l\000i\000z\000a\000t\000i\000o\000n\000\040\000b\000y\000\040\000N\000e\000l\000d\000e\000r\000-\000M\000e\000a\000d\000\040\000a\000l\000g\000o\000r\000i\000t\000h\000m}{appendix.B}% 32
\BOOKMARK [1][-]{appendix.C}{\376\377\000L\000i\000n\000k\000s\000,\000\040\000D\000a\000t\000a\000\040\000a\000n\000d\000\040\000o\000t\000h\000e\000r\000\040\000s\000t\000u\000f\000f}{}% 33
