
% ----------------------------------------------------------------------
% Date             23-Aug-2022
% Computer type    GLNXA64
% Input file:      model.input.wc_spinless
% Level Lattice.ordering:  
%   1   2   3   4   5   6   7   8   9  10  11  12  13  14  15  16  17  18  19  20  21  22  23  24  25  26  27  28  29  30  31  32  33  34  35
% Dmrg configuration: B_l * * B_r contracted to B_L B_R so below are the corresponding Hamiltonians
% E_tot is the total energy of the superblock calculated previously and H_LR = E_tot - H_L - H_R
% ----------------------------------------------------------------------

% Iter    HL                HL_rel       HR                  HR_rel     H_LR               H_LR_rel       E_TOT              E_TOT_rel
 A_in = [...
  1      0.00002276497993  2.42e-06      9.41800540608360  1.00e+00     -0.00004539069459 -4.82e-06      9.41798278036895  1.00e+00
  2      0.00031071370107  3.30e-05      9.41829126635360  1.00e+00     -0.00061928214806 -6.58e-05      9.41798269790661  1.00e+00
  3      0.00011536788127  1.23e-05      9.41746478394184  1.00e+00     -0.00022997594847 -2.44e-05      9.41735017587464  1.00e+00
  4      0.00095567881093  1.01e-04      9.41829803125781  1.00e+00     -0.00190380360779 -2.02e-04      9.41734990646095  1.00e+00
  5      0.00033890441783  3.60e-05      9.41635620137406  1.00e+00     -0.00067536042680 -7.17e-05      9.41601974536509  1.00e+00
  6      0.00234263905477  2.49e-04      9.41833970750661  1.00e+00     -0.00466333982078 -4.95e-04      9.41601900674060  1.00e+00
  7      0.00075725161155  8.04e-05      9.41416032078401  1.00e+00     -0.00150837465960 -1.60e-04      9.41340919773596  1.00e+00
  8      0.00516699599964  5.49e-04      9.41851433816916  1.00e+00     -0.01027406591875 -1.09e-03      9.41340726825005  1.00e+00
  9      0.00141302077996  1.50e-04      9.40966026799817  1.00e+00     -0.00281297817806 -2.99e-04      9.40826031060007  1.00e+00
 10      0.01105987125761  1.18e-03      9.41914695615306  1.00e+00     -0.02195172730040 -2.33e-03      9.40825510011028  1.00e+00
 11      0.00223641682452  2.38e-04      9.39966237655722  1.00e+00     -0.00444916598188 -4.73e-04      9.39744962739987  1.00e+00
 12      0.02448222641267  2.61e-03      9.42139513069716  1.00e+00     -0.04844331791798 -5.15e-03      9.39743403919185  1.00e+00
 13      0.00273214101610  2.92e-04      9.37463558264120  1.00e+00     -0.00543450333957 -5.80e-04      9.37193322031774  1.00e+00
 14      0.06016141150118  6.42e-03      9.43010266832868  1.01e+00     -0.11838665306160 -1.26e-02      9.37187742676826  1.00e+00
 15      0.00162170746852  1.74e-04      9.30089001460042  1.00e+00     -0.00323458681497 -3.48e-04      9.29927713525397  1.00e+00
 16      0.18271080413171  1.96e-02      9.47205867099822  1.02e+00     -0.35576221428414 -3.83e-02      9.29900726084579  1.00e+00
 17      0.00955716758408  1.05e-03      9.07506958993419  1.00e+00     -0.01822809338068 -2.01e-03      9.06639866413758  1.00e+00
 18      0.75965927749540  8.38e-02      9.75383041015976  1.08e+00     -1.45342002735366 -1.60e-01      9.06006966030151  1.00e+00
 19      1.08709257293553  1.68e-01      7.47102941733065  1.16e+00     -2.09964154208979 -3.25e-01      6.45848044817639  1.00e+00
 20      4.43828695197153  4.69e-01     13.29200070225248  1.41e+00     -8.26994182583501 -8.74e-01      9.46034582838901  1.00e+00
 21      4.54844296756396  4.81e-01     13.31048812792278  1.41e+00     -8.40914798938381 -8.90e-01      9.44978310610293  1.00e+00
 22     26.37968839285582  2.67e+00     25.94365422066359  2.63e+00    -42.44439009730765 -4.30e+00      9.87895251621175  1.00e+00
 23      8.89709182974480  1.02e+00      8.04474640947960  9.19e-01     -8.18345522997270 -9.34e-01      8.75838300925170  1.00e+00
 24     -0.54909033751617 -6.42e-02      1.88998739119790  2.21e-01      7.21386910060327  8.43e-01      8.55476615428500  1.00e+00
 25      2.01190463563516  2.50e-01      2.56005838372094  3.19e-01      3.46038401738514  4.31e-01      8.03234703674124  1.00e+00
 26      3.49600028603599  4.50e-01      2.48933502149404  3.20e-01      1.78532182699624  2.30e-01      7.77065713452627  1.00e+00
 27      7.43516815920981  1.01e+00      3.92954067697507  5.33e-01     -3.99011871905185 -5.41e-01      7.37459011713303  1.00e+00
 28      7.11415301473252  9.59e-01      2.54572712104167  3.43e-01     -2.24316759469714 -3.02e-01      7.41671254107705  1.00e+00
 29      7.69289546278147  1.04e+00      0.74348917883820  1.01e-01     -1.05214121231189 -1.42e-01      7.38424342930778  1.00e+00
 30      7.76970630305954  1.05e+00      0.69051189037581  9.35e-02     -1.07536187645950 -1.46e-01      7.38485631697585  1.00e+00
 31      7.44200540739421  1.01e+00      0.04878907697422  6.61e-03     -0.10533935062319 -1.43e-02      7.38545513374524  1.00e+00
 32      7.41846765476410  1.00e+00      0.02377716992715  3.22e-03     -0.05575208666598 -7.55e-03      7.38649273802527  1.00e+00
 33      7.44219936513108  1.01e+00      0.04746484233173  6.43e-03     -0.10318059224068 -1.40e-02      7.38648361522213  1.00e+00
 34      7.76032066209576  1.05e+00      0.68715993531498  9.30e-02     -1.06117349635112 -1.44e-01      7.38630710105962  1.00e+00
 35      7.71187426974725  1.04e+00      0.74457738562991  1.01e-01     -1.07141327172867 -1.45e-01      7.38503838364849  1.00e+00
 36      6.81623379036096  9.24e-01      2.51929978080383  3.41e-01     -1.95616230766512 -2.65e-01      7.37937126349968  1.00e+00
 37      6.52818032959100  8.86e-01      3.68985100160641  5.01e-01     -2.84676096965558 -3.86e-01      7.37127036154184  1.00e+00
 38      2.92760280875838  3.99e-01      3.07535017001777  4.19e-01      1.32993531875490  1.81e-01      7.33288829753105  1.00e+00
 39      1.88413251148608  2.61e-01      3.84914173148694  5.34e-01      1.48115429888436  2.05e-01      7.21442854185738  1.00e+00
 40      3.66175524574063  5.09e-01      5.09842228397731  7.08e-01     -1.56327329025522 -2.17e-01      7.19690423946272  1.00e+00
 41     12.02587929979516  2.05e+00     15.25559734958033  2.60e+00    -21.40613775390777 -3.64e+00      5.87533889546772  1.00e+00
 42     15.63915065608031  2.65e+00     18.77965906694565  3.18e+00    -28.51109518511828 -4.83e+00      5.90771453790768  1.00e+00
 43     20.78669810541867  3.63e+00     23.30072448947404  4.07e+00    -38.36327282757422 -6.70e+00      5.72414976731849  1.00e+00
 44     12.28047115928170  2.13e+00     17.38240004283010  3.02e+00    -23.90773648405985 -4.15e+00      5.75513471805195  1.00e+00
 45      4.18585242303867  7.21e-01      9.54489747511426  1.64e+00     -7.92652812093092 -1.37e+00      5.80422177722201  1.00e+00
 46      2.04701487428998  3.52e-01      7.72842974101076  1.33e+00     -3.96735569872537 -6.83e-01      5.80808891657537  1.00e+00
 47      0.15738228067916  2.71e-02      5.95835583449266  1.02e+00     -0.30243307933064 -5.20e-02      5.81330503584119  1.00e+00
 48      0.07258708487232  1.25e-02      5.88174182006493  1.01e+00     -0.14091115808477 -2.42e-02      5.81341774685248  1.00e+00
 49      0.00212796507621  3.66e-04      5.81557513929316  1.00e+00     -0.00415789257558 -7.15e-04      5.81354521179379  1.00e+00
 50      0.00098891073179  1.70e-04      5.81449820287898  1.00e+00     -0.00194090016372 -3.34e-04      5.81354621344705  1.00e+00
 51      0.00003774499107  6.49e-06      5.81358485750036  1.00e+00     -0.00007532657805 -1.30e-05      5.81354727591339  1.00e+00
 52      0.00002944112669  5.06e-06      5.81357661071067  1.00e+00     -0.00005876870811 -1.01e-05      5.81354728312925  1.00e+00
 53      0.00002558129697  4.40e-06      5.81357274202939  1.00e+00     -0.00005103354761 -8.78e-06      5.81354728977875  1.00e+00
 54      0.00001774892163  3.05e-06      5.81356495168170  1.00e+00     -0.00003540705140 -6.09e-06      5.81354729355194  1.00e+00
 55      0.00001181301209  2.03e-06      5.81355905653311  1.00e+00     -0.00002357204640 -4.05e-06      5.81354729749879  1.00e+00
 56      0.00000790627205  1.36e-06      5.81355516809888  1.00e+00     -0.00001577525212 -2.71e-06      5.81354729911882  1.00e+00
 57      0.00000493848236  8.49e-07      5.81355221825372  1.00e+00     -0.00000985599278 -1.70e-06      5.81354730074330  1.00e+00
 58      0.00000313106045  5.39e-07      5.81355041852978  1.00e+00     -0.00000624820750 -1.07e-06      5.81354730138273  1.00e+00
 59      0.00000174835400  3.01e-07      5.81354904348317  1.00e+00     -0.00000348982654 -6.00e-07      5.81354730201063  1.00e+00
 60      0.00000102624890  1.77e-07      5.81354832413826  1.00e+00     -0.00000204814593 -3.52e-07      5.81354730224124  1.00e+00
 61      0.00000047125701  8.11e-08      5.81354777199145  1.00e+00     -0.00000094078534 -1.62e-07      5.81354730246311  1.00e+00
 62      0.00000024658981  4.24e-08      5.81354754809887  1.00e+00     -0.00000049215961 -8.47e-08      5.81354730252906  1.00e+00
 63      0.00000007336917  1.26e-08      5.81354737572753  1.00e+00     -0.00000014649358 -2.52e-08      5.81354730260312  1.00e+00
 64      0.00000024658983  4.24e-08      5.81354754809903  1.00e+00     -0.00000049215980 -8.47e-08      5.81354730252906  1.00e+00
 65      0.00000047126433  8.11e-08      5.81354777199415  1.00e+00     -0.00000094079536 -1.62e-07      5.81354730246312  1.00e+00
 66      0.00000102624321  1.77e-07      5.81354832413712  1.00e+00     -0.00000204813908 -3.52e-07      5.81354730224124  1.00e+00
 67      0.00000174834416  3.01e-07      5.81354904348375  1.00e+00     -0.00000348981728 -6.00e-07      5.81354730201063  1.00e+00
 68      0.00000313107617  5.39e-07      5.81355041855454  1.00e+00     -0.00000624824798 -1.07e-06      5.81354730138273  1.00e+00
 69      0.00000493845033  8.49e-07      5.81355221826746  1.00e+00     -0.00000985597448 -1.70e-06      5.81354730074330  1.00e+00
 70      0.00000790630217  1.36e-06      5.81355516813150  1.00e+00     -0.00001577531486 -2.71e-06      5.81354729911882  1.00e+00
 71      0.00001181305858  2.03e-06      5.81355905659574  1.00e+00     -0.00002357215553 -4.05e-06      5.81354729749879  1.00e+00
 72      0.00001774915717  3.05e-06      5.81356495170510  1.00e+00     -0.00003540749070 -6.09e-06      5.81354729337157  1.00e+00
 73      0.00002558172744  4.40e-06      5.81357274209704  1.00e+00     -0.00005103443216 -8.78e-06      5.81354728939232  1.00e+00
 74      0.00002944225788  5.06e-06      5.81357661074019  1.00e+00     -0.00005877099177 -1.01e-05      5.81354728200630  1.00e+00
 75      0.00003774655666  6.49e-06      5.81358485728464  1.00e+00     -0.00007532979054 -1.30e-05      5.81354727405076  1.00e+00
 76      0.00098891780862  1.70e-04      5.81449820380011  1.00e+00     -0.00194091223370 -3.34e-04      5.81354620937503  1.00e+00
 77      0.00212797123410  3.66e-04      5.81557513724815  1.00e+00     -0.00415790278408 -7.15e-04      5.81354520569817  1.00e+00
 78      0.07258693360804  1.25e-02      5.88174173090868  1.01e+00     -0.14091093207880 -2.42e-02      5.81341773243793  1.00e+00
 79      0.15738219581172  2.71e-02      5.95835575058036  1.02e+00     -0.30243293725643 -5.20e-02      5.81330500913566  1.00e+00
 80      2.04701965687342  3.52e-01      7.72843306258856  1.33e+00     -3.96736422029633 -6.83e-01      5.80808849916565  1.00e+00
 81      4.18585851659173  7.21e-01      9.54490097298105  1.64e+00     -7.92653848927668 -1.37e+00      5.80422100029610  1.00e+00
 82     12.28149944336081  2.13e+00     17.38280533031364  3.02e+00    -23.90931739410772 -4.15e+00      5.75498737956674  1.00e+00
 83     20.78738883957900  3.63e+00     23.30083847342918  4.07e+00    -38.36426169260345 -6.70e+00      5.72396562040473  1.00e+00
 84     16.16099957118682  2.85e+00     18.83129586991073  3.32e+00    -29.32669480915269 -5.18e+00      5.66560063194486  1.00e+00
 85      9.62786424730946  1.71e+00     13.08745542151637  2.33e+00    -17.09611115796874 -3.04e+00      5.61920851085709  1.00e+00
 86      3.04831789420311  5.43e-01      7.07948236460323  1.26e+00     -4.51476841707901 -8.04e-01      5.61303184172732  1.00e+00
 87     -4.44331308294802 -7.91e-01      1.24971739738943  2.23e-01      8.80853163743415  1.57e+00      5.61493595187556  1.00e+00
 88     -3.75757273587161 -6.69e-01      1.26564058665819  2.25e-01      8.10719599400378  1.44e+00      5.61526384479035  1.00e+00
 89      2.47131557717974  4.40e-01      3.68582483888395  6.56e-01     -0.54224735670902 -9.66e-02      5.61489305935467  1.00e+00
 90      2.37484355722228  4.23e-01      2.91456693935471  5.19e-01      0.32567280776271  5.80e-02      5.61508330433971  1.00e+00
 91      6.12259552678473  1.09e+00      1.54823313704316  2.76e-01     -2.05575310707298 -3.66e-01      5.61507555675491  1.00e+00
 92      6.11082446639873  1.09e+00      1.49765993795067  2.67e-01     -1.99339459451275 -3.55e-01      5.61508980983666  1.00e+00
 93      5.65438561941035  1.01e+00      0.02970099649292  5.29e-03     -0.06899015207471 -1.23e-02      5.61509646382856  1.00e+00
 94      5.63974708827262  1.00e+00      0.01739076655617  3.10e-03     -0.04204144677079 -7.49e-03      5.61509640805800  1.00e+00
 95      5.65438564724577  1.01e+00      0.02970096755879  5.29e-03     -0.06899015097603 -1.23e-02      5.61509646382854  1.00e+00
 96      6.11082578679113  1.09e+00      1.49765971921417  2.67e-01     -1.99339569616875 -3.55e-01      5.61508980983655  1.00e+00
 97      6.12259531139919  1.09e+00      1.54823265241779  2.76e-01     -2.05575240706209 -3.66e-01      5.61507555675488  1.00e+00
 98      2.37483622293259  4.23e-01      2.91456605648344  5.19e-01      0.32568102492364  5.80e-02      5.61508330433966  1.00e+00
 99      2.47130714440583  4.40e-01      3.68582331113359  6.56e-01     -0.54223739618472 -9.66e-02      5.61489305935470  1.00e+00
100     -3.75757394587208 -6.69e-01      1.26564069689655  2.25e-01      8.10719709376580  1.44e+00      5.61526384479027  1.00e+00
101     -4.44331594298619 -7.91e-01      1.24971599915406  2.23e-01      8.80853589570747  1.57e+00      5.61493595187535  1.00e+00
102      3.04831683972544  5.43e-01      7.07948182263241  1.26e+00     -4.51476682063035 -8.04e-01      5.61303184172751  1.00e+00
103      9.62786406683589  1.71e+00     13.08745567539582  2.33e+00    -17.09611123137475 -3.04e+00      5.61920851085695  1.00e+00
104     16.17276895894042  2.85e+00     18.83356817950434  3.32e+00    -29.34148299687917 -5.18e+00      5.66485414156560  1.00e+00
105     20.91140739007270  3.65e+00     23.40986461803896  4.09e+00    -38.59973670996946 -6.75e+00      5.72153529814220  1.00e+00
106     12.36281037812595  2.15e+00     17.46289358775359  3.04e+00    -24.07307843091778 -4.18e+00      5.75262553496175  1.00e+00
107      4.21373233178966  7.26e-01      9.56939380785168  1.65e+00     -7.98085471852721 -1.38e+00      5.80227142111413  1.00e+00
108      2.06587598588048  3.56e-01      7.74516398131045  1.33e+00     -4.00491028114204 -6.90e-01      5.80612968604889  1.00e+00
109      0.15783598238616  2.72e-02      5.95686998666055  1.03e+00     -0.30332000595080 -5.22e-02      5.81138596309592  1.00e+00
110      0.07264145997756  1.25e-02      5.87986864800486  1.01e+00     -0.14101126824962 -2.43e-02      5.81149883973280  1.00e+00
111      0.00214878524577  3.70e-04      5.81367756911874  1.00e+00     -0.00419955427090 -7.23e-04      5.81162680009361  1.00e+00
112      0.00102410987885  1.76e-04      5.81261447269074  1.00e+00     -0.00201079746798 -3.46e-04      5.81162778510162  1.00e+00
113      0.00004200469779  7.23e-06      5.81167056718203  1.00e+00     -0.00008369228314 -1.44e-05      5.81162887959668  1.00e+00
114      0.00003282073294  5.65e-06      5.81166150931444  1.00e+00     -0.00006544322635 -1.13e-05      5.81162888682104  1.00e+00
115      0.00002797109633  4.81e-06      5.81165667822926  1.00e+00     -0.00005575313837 -9.59e-06      5.81162889618722  1.00e+00
116      0.00001993917738  3.43e-06      5.81164870697096  1.00e+00     -0.00003974635082 -6.84e-06      5.81162889979752  1.00e+00
117      0.00001295836125  2.23e-06      5.81164178370747  1.00e+00     -0.00002583733579 -4.45e-06      5.81162890473293  1.00e+00
118      0.00000892646157  1.54e-06      5.81163777832724  1.00e+00     -0.00001779853284 -3.06e-06      5.81162890625597  1.00e+00
119      0.00000542280903  9.33e-07      5.81163430027612  1.00e+00     -0.00001081493120 -1.86e-06      5.81162890815395  1.00e+00
120      0.00000355474431  6.12e-07      5.81163244321797  1.00e+00     -0.00000708918686 -1.22e-06      5.81162890877541  1.00e+00
121      0.00000192151306  3.31e-07      5.81163082093999  1.00e+00     -0.00000383294769 -6.60e-07      5.81162890950537  1.00e+00
122      0.00000117393266  2.02e-07      5.81163007731607  1.00e+00     -0.00000234151652 -4.03e-07      5.81162890973222  1.00e+00
123      0.00000051817701  8.92e-08      5.81162942560157  1.00e+00     -0.00000103379075 -1.78e-07      5.81162890998783  1.00e+00
124      0.00000028540627  4.91e-08      5.81162919397254  1.00e+00     -0.00000056932538 -9.80e-08      5.81162891005343  1.00e+00
125      0.00000008069101  1.39e-08      5.81162899046670  1.00e+00     -0.00000016101693 -2.77e-08      5.81162891014077  1.00e+00
126      0.00000028540841  4.91e-08      5.81162919397279  1.00e+00     -0.00000056932777 -9.80e-08      5.81162891005343  1.00e+00
127      0.00000051818796  8.92e-08      5.81162942560657  1.00e+00     -0.00000103380671 -1.78e-07      5.81162890998783  1.00e+00
128      0.00000117393207  2.02e-07      5.81163007732067  1.00e+00     -0.00000234152052 -4.03e-07      5.81162890973222  1.00e+00
129      0.00000192154963  3.31e-07      5.81163082095526  1.00e+00     -0.00000383299954 -6.60e-07      5.81162890950535  1.00e+00
130      0.00000355470233  6.12e-07      5.81163244321166  1.00e+00     -0.00000708913856 -1.22e-06      5.81162890877543  1.00e+00
131      0.00000542282981  9.33e-07      5.81163430031707  1.00e+00     -0.00001081499294 -1.86e-06      5.81162890815394  1.00e+00
132      0.00000892637165  1.54e-06      5.81163777830235  1.00e+00     -0.00001779841802 -3.06e-06      5.81162890625598  1.00e+00
133      0.00001295833880  2.23e-06      5.81164178373078  1.00e+00     -0.00002583733666 -4.45e-06      5.81162890473293  1.00e+00
134      0.00001993897520  3.43e-06      5.81164870686303  1.00e+00     -0.00003974604069 -6.84e-06      5.81162889979754  1.00e+00
135      0.00002797055228  4.81e-06      5.81165667784804  1.00e+00     -0.00005575221273 -9.59e-06      5.81162889618759  1.00e+00
136      0.00003282073697  5.65e-06      5.81166150931473  1.00e+00     -0.00006544323094 -1.13e-05      5.81162888682076  1.00e+00
137      0.00004200468838  7.23e-06      5.81167056719661  1.00e+00     -0.00008369228913 -1.44e-05      5.81162887959585  1.00e+00
138      0.00102411098056  1.76e-04      5.81261447265336  1.00e+00     -0.00201079853805 -3.46e-04      5.81162778509588  1.00e+00
139      0.00214879465384  3.70e-04      5.81367757363062  1.00e+00     -0.00419956818387 -7.23e-04      5.81162680010058  1.00e+00
140      0.07264153332380  1.25e-02      5.87986871430184  1.01e+00     -0.14101140789730 -2.43e-02      5.81149883972834  1.00e+00
141      0.15783577357159  2.72e-02      5.95686982779146  1.03e+00     -0.30331963741116 -5.22e-02      5.81138596395188  1.00e+00
142      2.06587555952081  3.56e-01      7.74516377646838  1.33e+00     -4.00490964899667 -6.90e-01      5.80612968699252  1.00e+00
143      4.21373397085623  7.26e-01      9.56939501070233  1.65e+00     -7.98085756087457 -1.38e+00      5.80227142068399  1.00e+00
144     12.36281056454809  2.15e+00     17.46289489754547  3.04e+00    -24.07307992944930 -4.18e+00      5.75262553264426  1.00e+00
145     20.91142528344513  3.65e+00     23.40987723320480  4.09e+00    -38.59976724969476 -6.75e+00      5.72153526695518  1.00e+00
146     16.17281096871836  2.85e+00     18.83363769594236  3.32e+00    -29.34159439960979 -5.18e+00      5.66485426505093  1.00e+00
147      9.62695352350840  1.71e+00     13.08652532721416  2.33e+00    -17.09427238548888 -3.04e+00      5.61920646523368  1.00e+00
148      3.04741769962485  5.43e-01      7.07870004507900  1.26e+00     -4.51308704559630 -8.04e-01      5.61303069910754  1.00e+00
149     -4.44318615559107 -7.91e-01      1.24978710722672  2.23e-01      8.80833411100757  1.57e+00      5.61493506264323  1.00e+00
150     -3.75753578849664 -6.69e-01      1.26555227850620  2.25e-01      8.10724662189949  1.44e+00      5.61526311190905  1.00e+00
151      2.47143323893368  4.40e-01      3.68582256293826  6.56e-01     -0.54236332493806 -9.66e-02      5.61489247693389  1.00e+00
152      2.37483683244688  4.23e-01      2.91462812597038  5.19e-01      0.32561767559817  5.80e-02      5.61508263401543  1.00e+00
153      6.12252347234406  1.09e+00      1.54814661007625  2.76e-01     -2.05559518567655 -3.66e-01      5.61507489674376  1.00e+00
154      6.11073230452403  1.09e+00      1.49756084712335  2.67e-01     -1.99320400653316 -3.55e-01      5.61508914511422  1.00e+00
155      5.65436842031949  1.01e+00      0.02968995015175  5.29e-03     -0.06896256853855 -1.23e-02      5.61509580193269  1.00e+00
156      5.63973567915483  1.00e+00      0.01738518083950  3.10e-03     -0.04202511384897 -7.48e-03      5.61509574614536  1.00e+00
157      5.65436843610680  1.01e+00      0.02968997141493  5.29e-03     -0.06896260558907 -1.23e-02      5.61509580193267  1.00e+00
158      6.11073404830694  1.09e+00      1.49755983501720  2.67e-01     -1.99320473820998 -3.55e-01      5.61508914511416  1.00e+00
159      6.12252342294479  1.09e+00      1.54814562095986  2.76e-01     -2.05559414716062 -3.66e-01      5.61507489674402  1.00e+00
160      2.37482623937493  4.23e-01      2.91462597786494  5.19e-01      0.32563041677513  5.80e-02      5.61508263401500  1.00e+00
161      2.47142532615559  4.40e-01      3.68582131324897  6.56e-01     -0.54235416247043 -9.66e-02      5.61489247693414  1.00e+00
162     -3.75753695034273 -6.69e-01      1.26555235985076  2.25e-01      8.10724770240099  1.44e+00      5.61526311190903  1.00e+00
163     -4.44318849714401 -7.91e-01      1.24978597641662  2.23e-01      8.80833758337058  1.57e+00      5.61493506264319  1.00e+00
164      3.04741655612100  5.43e-01      7.07869948614004  1.26e+00     -4.51308534315321 -8.04e-01      5.61303069910783  1.00e+00
165      9.62695751307128  1.71e+00     13.08652978437883  2.33e+00    -17.09428083221660 -3.04e+00      5.61920646523350  1.00e+00
166     16.16898397991734  2.85e+00     18.83238312416743  3.32e+00    -29.33650007862343 -5.18e+00      5.66486702546133  1.00e+00
167     20.91648237402665  3.66e+00     23.41436715565613  4.09e+00    -38.60931070096917 -6.75e+00      5.72153882871360  1.00e+00
168     12.37353484509259  2.15e+00     17.47307787935835  3.04e+00    -24.09397760024680 -4.19e+00      5.75263512420415  1.00e+00
169      4.21869620313758  7.27e-01      9.57379423388144  1.65e+00     -7.99022106018509 -1.38e+00      5.80226937683394  1.00e+00
170      2.06412785835593  3.56e-01      7.74338894607107  1.33e+00     -4.00137286124857 -6.89e-01      5.80614394317843  1.00e+00
171      0.15791959019983  2.72e-02      5.95691603729412  1.03e+00     -0.30343426032436 -5.22e-02      5.81140136716960  1.00e+00
172      0.07265948770010  1.25e-02      5.87989465377980  1.01e+00     -0.14103954547752 -2.43e-02      5.81151459600237  1.00e+00
