
% Iter, left* *right     Memusel     Memuser     Psi_ind_SB    XMs    DavsonSpace
A_in = [...
      1      2     33       0.010     93.226      0.017      0.015
      2      3     32       0.048     93.476      0.021      0.018
      3      4     31       0.168     93.726      0.025      0.022
      4      5     30       0.582     93.976      0.028      0.026
      5      6     29       2.050     94.226      0.032      0.030
      6      7     28       7.367     94.477      0.037      0.034
      7      8     27      26.756     94.727      0.042      0.039
      8      9     26      97.752     94.977      0.047      0.045
      9     10     25     358.374     95.227      0.053      0.051
     10     11     24     356.921     95.478      0.054      0.051
     11     12     23     359.705     95.728      0.055      0.053
     12     13     22     349.963     95.978      0.058      0.055
     13     14     21     336.895     96.228      0.060      0.058
     14     15     20     314.765     96.478      0.063      0.060
     15     16     19     294.879     96.729      0.066      0.063
     16     17     18     278.078     96.979      0.068      0.066
     17     18     17     262.626     97.229      0.071      0.068
     18     19     16     249.946     97.479      0.074      0.071
     19     20     15     224.066     73.248      0.069      0.067
     20     21     14     200.492     41.282      0.063      0.060
     21     22     13     177.067     22.359      0.057      0.055
     22     23     12     156.990     11.603      0.051      0.048
     23     24     11     140.615      5.730      0.044      0.041
     24     25     10     121.679      2.680      0.038      0.035
     25     26      9     104.943      1.180      0.033      0.030
     26     27      8      87.482      0.484      0.028      0.026
     27     28      7      73.037      0.187      0.024      0.022
     28     29      6      60.507      0.068      0.019      0.017
     29     30      5      51.336      0.026      0.013      0.011
     30     31      4      42.630      0.011      0.009      0.007
     31     32      3      34.471      0.004      0.006      0.004
     32     33      2      28.081      0.002      0.004      0.003
     33     32      3      34.471      0.005      0.006      0.004
     34     31      4      42.630      0.012      0.009      0.007
     35     30      5      51.336      0.035      0.013      0.011
     36     29      6      60.507      0.123      0.019      0.017
     37     28      7      73.037      0.496      0.024      0.022
     38     27      8      87.482      2.136      0.028      0.026
     39     26      9     104.943      9.428      0.033      0.030
     40     25     10     121.679     41.889      0.038      0.035
     41     24     11     140.615    186.125      0.044      0.041
     42     23     12     156.990    215.260      0.042      0.039
     43     22     13     177.067    245.874      0.041      0.038
     44     21     14     200.492    278.956      0.039      0.036
     45     20     15     224.066    313.989      0.039      0.037
     46     19     16     249.946    351.983      0.038      0.036
     47     18     17     276.065    390.990      0.040      0.037
     48     17     18     305.825    432.291      0.040      0.037
     49     16     19     337.886    477.052      0.040      0.037
     50     15     20     374.380    523.266      0.039      0.037
     51     14     21     414.551    574.360      0.038      0.035
     52     13     22     444.231    624.080      0.039      0.036
     53     12     23     469.771    678.490      0.038      0.035
     54     11     24     478.492    737.794      0.038      0.035
     55     10     25     492.109    795.670      0.040      0.038
     56      9     26     137.173    857.461      0.035      0.032
     57      8     27      38.293    918.721      0.030      0.028
     58      7     28      10.728    983.897      0.026      0.023
     59      6     29       3.029   1058.153      0.020      0.017
     60      5     30       0.868   1137.838      0.014      0.012
     61      4     31       0.252   1222.266      0.010      0.008
     62      3     32       0.071   1322.128      0.006      0.004
     63      2     33       0.013   1415.720      0.004      0.002
     64      3     32       0.071   1322.128      0.006      0.004
     65      4     31       0.252   1222.266      0.010      0.008
     66      5     30       0.868   1137.838      0.014      0.012
     67      6     29       3.029   1058.153      0.020      0.017
     68      7     28      10.728    983.897      0.026      0.023
     69      8     27      38.293    918.721      0.030      0.028
     70      9     26     137.173    857.461      0.035      0.032
     71     10     25     492.109    795.670      0.040      0.038
     72     11     24    1766.105    737.794      0.046      0.043
     73     12     23    1725.849    678.490      0.043      0.040
     74     13     22    1715.747    624.080      0.041      0.038
     75     14     21    1631.587    574.360      0.041      0.038
     76     15     20    1535.497    523.266      0.042      0.039
     77     16     19    1387.878    477.052      0.041      0.038
     78     17     18    1253.793    432.291      0.041      0.038
     79     18     17    1115.514    390.990      0.039      0.037
     80     19     16    1008.730    351.983      0.038      0.035
     81     20     15     895.916    313.989      0.037      0.034
     82     21     14     799.429    278.956      0.036      0.034
     83     22     13     704.674    245.874      0.037      0.034
     84     23     12     628.318    215.260      0.037      0.034
     85     24     11     551.165    186.125      0.040      0.038
     86     25     10     477.809     41.889      0.035      0.033
     87     26      9     409.334      9.428      0.030      0.028
     88     27      8     347.410      2.136      0.026      0.023
     89     28      7     290.832      0.496      0.022      0.019
     90     29      6     241.054      0.123      0.018      0.015
     91     30      5     198.047      0.035      0.013      0.010
     92     31      4     161.847      0.012      0.010      0.007
     93     32      3     131.895      0.005      0.007      0.005
     94     33      2     107.126      0.001      0.004      0.002
     95     32      3     131.895      0.005      0.007      0.005
     96     31      4     161.847      0.012      0.010      0.007
     97     30      5     198.047      0.035      0.013      0.010
     98     29      6     241.054      0.123      0.018      0.015
     99     28      7     290.832      0.496      0.022      0.019
    100     27      8     347.410      2.136      0.026      0.023
    101     26      9     409.334      9.428      0.030      0.028
    102     25     10     477.809     41.889      0.035      0.033
    103     24     11     551.165    186.125      0.040      0.038
    104     23     12     628.318    216.797      0.035      0.033
    105     22     13     704.674    247.616      0.036      0.033
    106     21     14     799.429    280.734      0.036      0.033
    107     20     15     895.916    315.390      0.037      0.034
    108     19     16    1008.730    353.551      0.038      0.035
    109     18     17    1115.514    393.277      0.039      0.036
    110     17     18    1253.793    435.399      0.040      0.037
    111     16     19    1387.878    478.987      0.041      0.039
    112     15     20    1535.497    527.717      0.041      0.038
    113     14     21    1631.587    576.260      0.041      0.039
    114     13     22    1715.747    628.975      0.040      0.037
    115     12     23    1725.849    682.962      0.042      0.039
    116     11     24    1766.105    739.724      0.046      0.044
    117     10     25     492.109    797.825      0.041      0.038
    118      9     26     137.173    857.539      0.036      0.033
    119      8     27      38.293    922.406      0.030      0.028
    120      7     28      10.728    987.224      0.026      0.023
    121      6     29       3.029   1060.824      0.020      0.017
    122      5     30       0.868   1136.955      0.015      0.013
    123      4     31       0.252   1230.089      0.010      0.007
    124      3     32       0.071   1323.013      0.007      0.005
    125      2     33       0.013   1422.707      0.004      0.002
    126      3     32       0.071   1323.013      0.007      0.005
    127      4     31       0.252   1230.089      0.010      0.007
    128      5     30       0.868   1136.955      0.015      0.013
    129      6     29       3.029   1060.824      0.020      0.017
    130      7     28      10.728    987.224      0.026      0.023
    131      8     27      38.293    922.406      0.030      0.028
    132      9     26     137.173    857.539      0.036      0.033
    133     10     25     492.109    797.825      0.041      0.038
    134     11     24    1766.105    739.724      0.046      0.044
    135     12     23    1720.618    682.962      0.043      0.040
    136     13     22    1729.050    628.975      0.040      0.037
    137     14     21    1631.855    576.260      0.041      0.039
    138     15     20    1531.417    527.717      0.041      0.038
    139     16     19    1389.078    478.987      0.041      0.039
    140     17     18    1263.698    435.399      0.040      0.038
    141     18     17    1121.925    393.277      0.038      0.035
    142     19     16    1010.201    353.551      0.038      0.035
    143     20     15     900.292    315.390      0.037      0.034
    144     21     14     801.441    280.734      0.035      0.032
    145     22     13     708.045    247.616      0.033      0.031
    146     23     12     624.594    216.797      0.033      0.031
    147     24     11     544.770    186.125      0.039      0.036
    148     25     10     474.301     41.889      0.034      0.032
    149     26      9     408.572      9.428      0.029      0.026
    150     27      8     348.171      2.136      0.024      0.022
    151     28      7     291.464      0.496      0.021      0.018
    152     29      6     242.421      0.123      0.016      0.014
    153     30      5     200.456      0.035      0.012      0.010
    154     31      4     163.737      0.012      0.009      0.007
    155     32      3     132.446      0.005      0.006      0.004
    156     33      2     107.274      0.001      0.003      0.002
    157     32      3     132.446      0.005      0.006      0.004
    158     31      4     163.737      0.012      0.009      0.007
    159     30      5     200.456      0.035      0.012      0.010
    160     29      6     242.421      0.123      0.016      0.014
    161     28      7     291.464      0.496      0.021      0.018
    162     27      8     348.171      2.136      0.024      0.022
    163     26      9     408.572      9.428      0.029      0.026
    164     25     10     474.301     41.889      0.034      0.032
    165     24     11     544.770    186.125      0.039      0.036
    166     23     12     624.594    216.653      0.034      0.031
    167     22     13     708.045    248.109      0.033      0.030
    168     21     14     801.441    280.739      0.036      0.033
    169     20     15     900.292    316.233      0.036      0.034
    170     19     16    1010.201    352.901      0.039      0.036
    171     18     17    1121.925    393.103      0.039      0.036
    172     17     18    1263.698    435.740      0.041      0.038