This is pdfTeX, Version 3.141592653-2.6-1.40.24 (MiKTeX 23.1) (preloaded format=pdflatex 2023.1.30)  16 FEB 2023 10:13
entering extended mode
 restricted \write18 enabled.
 %&-line parsing enabled.
**./WCCT_v4.tex
(WCCT_v4.tex
LaTeX2e <2022-11-01> patch level 1
L3 programming layer <2023-01-24>
(C:\Installs 1\MikTex\tex/latex/revtex\revtex4-2.cls
Document Class: revtex4-2 2020/10/03 4.2e (https://journals.aps.org/revtex/ for
 documentation)
 Copyright (c) 2019 American Physical Society.
 mailto:revtex@aps.org
 Licensed under the LPPL:
http://www.ctan.org/tex-archive/macros/latex/base/lppl.txt
 Arthur Ogawa <arthur_ogawa at sbcglobal dot net>
 Based on work by David Carlisle <david at dcarlisle.demon.co.uk>
 Version (4.2d,4.2e): Modified by Mark Doyle and Phelype Oleinik
 .
ltxutil[2020/10/03 4.2e utilities package (portions licensed from W. E. Baxter 
web at superscript.com)]
LaTeX Info: Redefining \@centercr on input line 356.
Class revtex4-2 Info: Repairing hyperref-unfriendly LaTeX definition of \mpfoot
note on input line 481.
Class revtex4-2 Info: Repairing broken LateX \@sect on input line 803.
\intertabularlinepenalty=\count185
\@tbpen=\count186
\@arstrutbox@hline=\box51
Class revtex4-2 Info: Repairing broken LaTeX \@xbitor on input line 1834.
Class revtex4-2 Info: Making \typeout \long on input line 2099.
ltxfront[2020/10/03 4.2e frontmatter package (AO,DPC,MD)]
\c@affil=\count187
\c@collab=\count188
\absbox=\box52
ltxgrid[2020/10/03 4.2e page grid package (portions licensed from W. E. Baxter 
web at superscript.com)]
\c@linecount=\count189
\output@latex=\toks16
\box@size@1=\box53
\box@size@2=\box54
\@protection@box=\box55
\@topmark@saved=\toks17
\footins@saved=\box56
\footins@recovered=\box57
\column@recovered=\box58
\pagesofar=\box59
\footsofar=\box60
\pagegrid@col=\count190
Class revtex4-2 Info: Overriding \@vspace, \@vspacer, \@no@pgbk, \@newline, and
 \\  on input line 5665.
\c@part=\count191
\c@section=\count192
\c@subsection=\count193
\c@subsubsection=\count194
\c@paragraph=\count195
\c@subparagraph=\count196
\abovecaptionskip=\skip48
\belowcaptionskip=\skip49
\c@figure=\count197
\fbox@1=\box61
\c@table=\count198
\fbox@2=\box62
\c@video=\count199
\fbox@4=\box63
\@bibdataout=\write3
\widetext@top=\box64
\widetext@bot=\box65

Class revtex4-2 Warning: No Society specified, using default society aps.

(C:\Installs 1\MikTex\tex/latex/revtex\aps4-2.rtx
File: aps4-2 2020/10/03 4.2e (https://journals.aps.org/revtex/ for documentatio
n)
Class revtex4-2 Info: RevTeX society APS selected on input line 40.
)
Class revtex4-2 Info: Selecting journal prb on input line 7660.
Class revtex4-2 Info: APS journal PRB selected on input line 7661.


Class revtex4-2 Warning: No type size specified, using default 10.

(C:\Installs 1\MikTex\tex/latex/revtex\aps10pt4-2.rtx
File: aps10pt4-2 2020/10/03 4.2e (https://journals.aps.org/revtex/ for document
ation)
Class revtex4-2 Info: RevTeX pointsize 10pt selected on input line 39.
)
(C:\Installs 1\MikTex\tex/latex/textcase\textcase.sty
Package: textcase 2022/07/10 v1.03 Text only upper/lower case changing (DPC)
Package textcase Info: Defining Legacy names on input line 20.
)
(C:\Installs 1\MikTex\tex/latex/amsfonts\amssymb.sty
Package: amssymb 2013/01/14 v3.01 AMS font symbols

(C:\Installs 1\MikTex\tex/latex/amsfonts\amsfonts.sty
Package: amsfonts 2013/01/14 v3.01 Basic AMSFonts support
\@emptytoks=\toks18
\symAMSa=\mathgroup4
\symAMSb=\mathgroup5
LaTeX Font Info:    Redeclaring math symbol \hbar on input line 98.
LaTeX Font Info:    Overwriting math alphabet `\mathfrak' in version `bold'
(Font)                  U/euf/m/n --> U/euf/b/n on input line 106.
))
(C:\Installs 1\MikTex\tex/latex/amsmath\amsmath.sty
Package: amsmath 2022/04/08 v2.17n AMS math features
\@mathmargin=\skip50

For additional information on amsmath, use the `?' option.
(C:\Installs 1\MikTex\tex/latex/amsmath\amstext.sty
Package: amstext 2021/08/26 v2.01 AMS text

(C:\Installs 1\MikTex\tex/latex/amsmath\amsgen.sty
File: amsgen.sty 1999/11/30 v2.0 generic functions
\@emptytoks=\toks19
\ex@=\dimen140
)
LaTeX Info: Redefining \text on input line 28.
)
(C:\Installs 1\MikTex\tex/latex/amsmath\amsbsy.sty
Package: amsbsy 1999/11/29 v1.2d Bold Symbols
\pmbraise@=\dimen141
)
(C:\Installs 1\MikTex\tex/latex/amsmath\amsopn.sty
Package: amsopn 2022/04/08 v2.04 operator names
)
\inf@bad=\count266
LaTeX Info: Redefining \frac on input line 234.
\uproot@=\count267
\leftroot@=\count268
LaTeX Info: Redefining \overline on input line 399.
LaTeX Info: Redefining \colon on input line 410.
\classnum@=\count269
\DOTSCASE@=\count270
LaTeX Info: Redefining \ldots on input line 496.
LaTeX Info: Redefining \dots on input line 499.
LaTeX Info: Redefining \cdots on input line 620.
\Mathstrutbox@=\box66
\strutbox@=\box67
LaTeX Info: Redefining \big on input line 722.
LaTeX Info: Redefining \Big on input line 723.
LaTeX Info: Redefining \bigg on input line 724.
LaTeX Info: Redefining \Bigg on input line 725.
\big@size=\dimen142
LaTeX Font Info:    Redeclaring font encoding OML on input line 743.
LaTeX Font Info:    Redeclaring font encoding OMS on input line 744.
\macc@depth=\count271
LaTeX Info: Redefining \bmod on input line 905.
LaTeX Info: Redefining \pmod on input line 910.
LaTeX Info: Redefining \smash on input line 940.
LaTeX Info: Redefining \relbar on input line 970.
LaTeX Info: Redefining \Relbar on input line 971.
\c@MaxMatrixCols=\count272
\dotsspace@=\muskip16
\c@parentequation=\count273
\dspbrk@lvl=\count274
\tag@help=\toks20
\row@=\count275
\column@=\count276
\maxfields@=\count277
\andhelp@=\toks21
\eqnshift@=\dimen143
\alignsep@=\dimen144
\tagshift@=\dimen145
\tagwidth@=\dimen146
\totwidth@=\dimen147
\lineht@=\dimen148
\@envbody=\toks22
\multlinegap=\skip51
\multlinetaggap=\skip52
\mathdisplay@stack=\toks23
LaTeX Info: Redefining \[ on input line 2953.
LaTeX Info: Redefining \] on input line 2954.
)
(C:\Installs 1\MikTex\tex/latex/url\url.sty
\Urlmuskip=\muskip17
Package: url 2013/09/16  ver 3.4  Verb mode for urls, etc.
)
(C:\Installs 1\MikTex\tex/latex/natbib\natbib.sty
Package: natbib 2010/09/13 8.31b (PWD, AO)
\bibhang=\skip53
\bibsep=\skip54
LaTeX Info: Redefining \cite on input line 694.
\c@NAT@ctr=\count278
)
Class revtex4-2 Info: Repairing natbib's \BibitemShut on input line 7665.

(C:\Installs 1\MikTex\tex/latex/revtex\revsymb4-2.sty
Package: revsymb4-2 2020/10/03 4.2e (https://journals.aps.org/revtex/ for docum
entation)
LaTeX Info: Redefining \frak on input line 104.
LaTeX Info: Redefining \Bbb on input line 120.
LaTeX Info: Redefining \REV@mathfrak on input line 128.
))
(C:\Installs 1\MikTex\tex/latex/graphics\graphicx.sty
Package: graphicx 2021/09/16 v1.2d Enhanced LaTeX Graphics (DPC,SPQR)

(C:\Installs 1\MikTex\tex/latex/graphics\keyval.sty
Package: keyval 2022/05/29 v1.15 key=value parser (DPC)
\KV@toks@=\toks24
)
(C:\Installs 1\MikTex\tex/latex/graphics\graphics.sty
Package: graphics 2022/03/10 v1.4e Standard LaTeX Graphics (DPC,SPQR)

(C:\Installs 1\MikTex\tex/latex/graphics\trig.sty
Package: trig 2021/08/11 v1.11 sin cos tan (DPC)
)
(C:\Installs 1\MikTex\tex/latex/graphics-cfg\graphics.cfg
File: graphics.cfg 2016/06/04 v1.11 sample graphics configuration
)
Package graphics Info: Driver file: pdftex.def on input line 107.

(C:\Installs 1\MikTex\tex/latex/graphics-def\pdftex.def
File: pdftex.def 2022/09/22 v1.2b Graphics/color driver for pdftex
))
\Gin@req@height=\dimen149
\Gin@req@width=\dimen150
)
(C:\Installs 1\MikTex\tex/latex/tools\verbatim.sty
Package: verbatim 2020-07-07 v1.5u LaTeX2e package for verbatim enhancements
\every@verbatim=\toks25
\verbatim@line=\toks26
\verbatim@in@stream=\read2
)
(C:\Installs 1\MikTex\tex/latex/graphics\color.sty
Package: color 2022/01/06 v1.3d Standard LaTeX Color (DPC)

(C:\Installs 1\MikTex\tex/latex/graphics-cfg\color.cfg
File: color.cfg 2016/01/02 v1.6 sample color configuration
)
Package color Info: Driver file: pdftex.def on input line 149.

(C:\Installs 1\MikTex\tex/latex/graphics\mathcolor.ltx))
(C:\Installs 1\MikTex\tex/latex/hyperref\hyperref.sty
Package: hyperref 2022-11-13 v7.00u Hypertext links for LaTeX

(C:\Installs 1\MikTex\tex/generic/ltxcmds\ltxcmds.sty
Package: ltxcmds 2020-05-10 v1.25 LaTeX kernel commands for general use (HO)
)
(C:\Installs 1\MikTex\tex/generic/iftex\iftex.sty
Package: iftex 2022/02/03 v1.0f TeX engine tests
)
(C:\Installs 1\MikTex\tex/generic/pdftexcmds\pdftexcmds.sty
Package: pdftexcmds 2020-06-27 v0.33 Utility functions of pdfTeX for LuaTeX (HO
)

(C:\Installs 1\MikTex\tex/generic/infwarerr\infwarerr.sty
Package: infwarerr 2019/12/03 v1.5 Providing info/warning/error messages (HO)
)
Package pdftexcmds Info: \pdf@primitive is available.
Package pdftexcmds Info: \pdf@ifprimitive is available.
Package pdftexcmds Info: \pdfdraftmode found.
)
(C:\Installs 1\MikTex\tex/latex/kvsetkeys\kvsetkeys.sty
Package: kvsetkeys 2022-10-05 v1.19 Key value parser (HO)
)
(C:\Installs 1\MikTex\tex/generic/kvdefinekeys\kvdefinekeys.sty
Package: kvdefinekeys 2019-12-19 v1.6 Define keys (HO)
)
(C:\Installs 1\MikTex\tex/generic/pdfescape\pdfescape.sty
Package: pdfescape 2019/12/09 v1.15 Implements pdfTeX's escape features (HO)
)
(C:\Installs 1\MikTex\tex/latex/hycolor\hycolor.sty
Package: hycolor 2020-01-27 v1.10 Color options for hyperref/bookmark (HO)
)
(C:\Installs 1\MikTex\tex/latex/letltxmacro\letltxmacro.sty
Package: letltxmacro 2019/12/03 v1.6 Let assignment for LaTeX macros (HO)
)
(C:\Installs 1\MikTex\tex/latex/auxhook\auxhook.sty
Package: auxhook 2019-12-17 v1.6 Hooks for auxiliary files (HO)
)
(C:\Installs 1\MikTex\tex/latex/hyperref\nameref.sty
Package: nameref 2022-05-17 v2.50 Cross-referencing by name of section

(C:\Installs 1\MikTex\tex/latex/refcount\refcount.sty
Package: refcount 2019/12/15 v3.6 Data extraction from label references (HO)
)
(C:\Installs 1\MikTex\tex/generic/gettitlestring\gettitlestring.sty
Package: gettitlestring 2019/12/15 v1.6 Cleanup title references (HO)

(C:\Installs 1\MikTex\tex/latex/kvoptions\kvoptions.sty
Package: kvoptions 2022-06-15 v3.15 Key value format for package options (HO)
))
\c@section@level=\count279
)
\@linkdim=\dimen151
\Hy@linkcounter=\count280
\Hy@pagecounter=\count281

(C:\Installs 1\MikTex\tex/latex/hyperref\pd1enc.def
File: pd1enc.def 2022-11-13 v7.00u Hyperref: PDFDocEncoding definition (HO)
Now handling font encoding PD1 ...
... no UTF-8 mapping file for font encoding PD1
)
(C:\Installs 1\MikTex\tex/generic/intcalc\intcalc.sty
Package: intcalc 2019/12/15 v1.3 Expandable calculations with integers (HO)
)
(C:\Installs 1\MikTex\tex/generic/etexcmds\etexcmds.sty
Package: etexcmds 2019/12/15 v1.7 Avoid name clashes with e-TeX commands (HO)
)
\Hy@SavedSpaceFactor=\count282

(C:\Installs 1\MikTex\tex/latex/hyperref\puenc.def
File: puenc.def 2022-11-13 v7.00u Hyperref: PDF Unicode definition (HO)
Now handling font encoding PU ...
... no UTF-8 mapping file for font encoding PU
)
Package hyperref Info: Hyper figures OFF on input line 4162.
Package hyperref Info: Link nesting OFF on input line 4167.
Package hyperref Info: Hyper index ON on input line 4170.
Package hyperref Info: Plain pages OFF on input line 4177.
Package hyperref Info: Backreferencing OFF on input line 4182.
Package hyperref Info: Implicit mode ON; LaTeX internals redefined.
Package hyperref Info: Bookmarks ON on input line 4410.
LaTeX Info: Redefining \href on input line 4659.
\c@Hy@tempcnt=\count283
LaTeX Info: Redefining \url on input line 4748.
\XeTeXLinkMargin=\dimen152

(C:\Installs 1\MikTex\tex/generic/bitset\bitset.sty
Package: bitset 2019/12/09 v1.3 Handle bit-vector datatype (HO)

(C:\Installs 1\MikTex\tex/generic/bigintcalc\bigintcalc.sty
Package: bigintcalc 2019/12/15 v1.5 Expandable calculations on big integers (HO
)
))
\Fld@menulength=\count284
\Field@Width=\dimen153
\Fld@charsize=\dimen154
Package hyperref Info: Hyper figures OFF on input line 6027.
Package hyperref Info: Link nesting OFF on input line 6032.
Package hyperref Info: Hyper index ON on input line 6035.
Package hyperref Info: backreferencing OFF on input line 6042.
Package hyperref Info: Link coloring OFF on input line 6047.
Package hyperref Info: Link coloring with OCG OFF on input line 6052.
Package hyperref Info: PDF/A mode OFF on input line 6057.

(C:\Installs 1\MikTex\tex/latex/base\atbegshi-ltx.sty
Package: atbegshi-ltx 2021/01/10 v1.0c Emulation of the original atbegshi
package with kernel methods
)
\Hy@abspage=\count285
\c@Item=\count286
\c@Hfootnote=\count287
)
Package hyperref Info: Driver (autodetected): hpdftex.

(C:\Installs 1\MikTex\tex/latex/hyperref\hpdftex.def
File: hpdftex.def 2022-11-13 v7.00u Hyperref driver for pdfTeX

(C:\Installs 1\MikTex\tex/latex/base\atveryend-ltx.sty
Package: atveryend-ltx 2020/08/19 v1.0a Emulation of the original atveryend pac
kage
with kernel methods
)
\Fld@listcount=\count288
\c@bookmark@seq@number=\count289

(C:\Installs 1\MikTex\tex/latex/rerunfilecheck\rerunfilecheck.sty
Package: rerunfilecheck 2022-07-10 v1.10 Rerun checks for auxiliary files (HO)

(C:\Installs 1\MikTex\tex/generic/uniquecounter\uniquecounter.sty
Package: uniquecounter 2019/12/15 v1.4 Provide unlimited unique counter (HO)
)
Package uniquecounter Info: New unique counter `rerunfilecheck' on input line 2
85.
)
\Hy@SectionHShift=\skip55
)
(C:\Installs 1\MikTex\tex/latex/ulem\ulem.sty
\UL@box=\box68
\UL@hyphenbox=\box69
\UL@skip=\skip56
\UL@hook=\toks27
\UL@height=\dimen155
\UL@pe=\count290
\UL@pixel=\dimen156
\ULC@box=\box70
Package: ulem 2019/11/18
\ULdepth=\dimen157
)
(C:\Installs 1\MikTex\tex/latex/fixmath\fixmath.sty
Package: fixmath 2022/10/06 v0.9.1 (WaS)
LaTeX Font Info:    Redeclaring math symbol \Gamma on input line 27.
LaTeX Font Info:    Redeclaring math symbol \Delta on input line 28.
LaTeX Font Info:    Redeclaring math symbol \Theta on input line 29.
LaTeX Font Info:    Redeclaring math symbol \Lambda on input line 30.
LaTeX Font Info:    Redeclaring math symbol \Xi on input line 31.
LaTeX Font Info:    Redeclaring math symbol \Pi on input line 32.
LaTeX Font Info:    Redeclaring math symbol \Sigma on input line 33.
LaTeX Font Info:    Redeclaring math symbol \Upsilon on input line 34.
LaTeX Font Info:    Redeclaring math symbol \Phi on input line 35.
LaTeX Font Info:    Redeclaring math symbol \Psi on input line 36.
LaTeX Font Info:    Redeclaring math symbol \Omega on input line 37.
LaTeX Font Info:    Redeclaring math symbol \alpha on input line 38.
LaTeX Font Info:    Redeclaring math symbol \beta on input line 39.
LaTeX Font Info:    Redeclaring math symbol \gamma on input line 40.
LaTeX Font Info:    Redeclaring math symbol \delta on input line 41.
LaTeX Font Info:    Redeclaring math symbol \epsilon on input line 42.
LaTeX Font Info:    Redeclaring math symbol \zeta on input line 43.
LaTeX Font Info:    Redeclaring math symbol \eta on input line 44.
LaTeX Font Info:    Redeclaring math symbol \theta on input line 45.
LaTeX Font Info:    Redeclaring math symbol \iota on input line 46.
LaTeX Font Info:    Redeclaring math symbol \kappa on input line 47.
LaTeX Font Info:    Redeclaring math symbol \lambda on input line 48.
LaTeX Font Info:    Redeclaring math symbol \mu on input line 49.
LaTeX Font Info:    Redeclaring math symbol \nu on input line 50.
LaTeX Font Info:    Redeclaring math symbol \xi on input line 51.
LaTeX Font Info:    Redeclaring math symbol \pi on input line 52.
LaTeX Font Info:    Redeclaring math symbol \rho on input line 53.
LaTeX Font Info:    Redeclaring math symbol \sigma on input line 54.
LaTeX Font Info:    Redeclaring math symbol \tau on input line 55.
LaTeX Font Info:    Redeclaring math symbol \upsilon on input line 56.
LaTeX Font Info:    Redeclaring math symbol \phi on input line 57.
LaTeX Font Info:    Redeclaring math symbol \chi on input line 58.
LaTeX Font Info:    Redeclaring math symbol \psi on input line 59.
LaTeX Font Info:    Redeclaring math symbol \omega on input line 60.
LaTeX Font Info:    Redeclaring math symbol \varepsilon on input line 61.
LaTeX Font Info:    Redeclaring math symbol \vartheta on input line 62.
LaTeX Font Info:    Redeclaring math symbol \varpi on input line 63.
LaTeX Font Info:    Redeclaring math symbol \varphi on input line 64.
LaTeX Font Info:    Redeclaring math symbol \varrho on input line 65.
LaTeX Font Info:    Redeclaring math symbol \varsigma on input line 66.
)
(C:\Installs 1\MikTex\tex/latex/enumitem\enumitem.sty
Package: enumitem 2019/06/20 v3.9 Customized lists
\labelindent=\skip57
\enit@outerparindent=\dimen158
\enit@toks=\toks28
\enit@inbox=\box71
\enit@count@id=\count291
\enitdp@description=\count292
)
(C:\Installs 1\MikTex\tex/latex/doublestroke\dsfont.sty
Package: dsfont 1995/08/01 v0.1 Double stroke roman fonts
)
(C:\Installs 1\MikTex\tex/latex/caption\subcaption.sty
Package: subcaption 2022/01/07 v1.5 Sub-captions (AR)

(C:\Installs 1\MikTex\tex/latex/caption\caption.sty
Package: caption 2022/03/01 v3.6b Customizing captions (AR)

(C:\Installs 1\MikTex\tex/latex/caption\caption3.sty
Package: caption3 2022/03/17 v2.3b caption3 kernel (AR)
\caption@tempdima=\dimen159
\captionmargin=\dimen160
\caption@leftmargin=\dimen161
\caption@rightmargin=\dimen162
\caption@width=\dimen163
\caption@indent=\dimen164
\caption@parindent=\dimen165
\caption@hangindent=\dimen166
Package caption Info: Unknown document class (or package),
(caption)             standard defaults will be used.
Package caption Info: \@makecaption = \long macro:#1#2->\par \vskip \abovecapti
onskip \begingroup \small \rmfamily \sbox \@tempboxa {\let \\\heading@cr \@make
@capt@title {#1}{#2}}\@ifdim {\wd \@tempboxa >\hsize }{\begingroup \samepage \f
lushing \let \footnote \@footnotemark@gobble \@make@capt@title {#1}{#2}\par \en
dgroup }{\global \@minipagefalse \hb@xt@ \hsize {\hfil \unhbox \@tempboxa \hfil
 }}\endgroup \vskip \belowcaptionskip  on input line 1176.
)

Package caption Warning: Unknown document class (or package),
(caption)                standard defaults will be used.
See the caption package documentation for explanation.

\c@caption@flags=\count293
\c@continuedfloat=\count294
Package caption Info: hyperref package is loaded.
)
\c@subfigure=\count295
\c@subtable=\count296
)
Package hyperref Info: Option `colorlinks' set `true' on input line 25.
Class revtex4-2 Info: Unrecognized LaTeX tabular. Please update this document c
lass! (Proceeding with fingers crossed.) on input line 145.
Class revtex4-2 Info: cite was not loaded (OK!) on input line 145.
Class revtex4-2 Info: mcite was not loaded (OK!) on input line 145.
Class revtex4-2 Info: multicol was not loaded (OK!) on input line 145.
 (C:\Installs 1\MikTex\tex/latex/l3backend\l3backend-pdftex.def
File: l3backend-pdftex.def 2023-01-16 L3 backend support: PDF output (pdfTeX)
\l__color_backend_stack_int=\count297
\l__pdf_internal_box=\box72
) (WCCT_v4.aux

LaTeX Warning: Label `fig:experimental_setup' multiply defined.


LaTeX Warning: Label `fig:experimental_setup' multiply defined.


LaTeX Warning: Label `fig:experimental_setup' multiply defined.

)
\openout1 = `WCCT_v4.aux'.

LaTeX Font Info:    Checking defaults for OML/cmm/m/it on input line 145.
LaTeX Font Info:    ... okay on input line 145.
LaTeX Font Info:    Checking defaults for OMS/cmsy/m/n on input line 145.
LaTeX Font Info:    ... okay on input line 145.
LaTeX Font Info:    Checking defaults for OT1/cmr/m/n on input line 145.
LaTeX Font Info:    ... okay on input line 145.
LaTeX Font Info:    Checking defaults for T1/cmr/m/n on input line 145.
LaTeX Font Info:    ... okay on input line 145.
LaTeX Font Info:    Checking defaults for TS1/cmr/m/n on input line 145.
LaTeX Font Info:    ... okay on input line 145.
LaTeX Font Info:    Checking defaults for OMX/cmex/m/n on input line 145.
LaTeX Font Info:    ... okay on input line 145.
LaTeX Font Info:    Checking defaults for U/cmr/m/n on input line 145.
LaTeX Font Info:    ... okay on input line 145.
LaTeX Font Info:    Checking defaults for PD1/pdf/m/n on input line 145.
LaTeX Font Info:    ... okay on input line 145.
LaTeX Font Info:    Checking defaults for PU/pdf/m/n on input line 145.
LaTeX Font Info:    ... okay on input line 145.
 (C:\Installs 1\MikTex\tex/context/base/mkii\supp-pdf.mkii
[Loading MPS to PDF converter (version 2006.09.02).]
\scratchcounter=\count298
\scratchdimen=\dimen167
\scratchbox=\box73
\nofMPsegments=\count299
\nofMParguments=\count300
\everyMPshowfont=\toks29
\MPscratchCnt=\count301
\MPscratchDim=\dimen168
\MPnumerator=\count302
\makeMPintoPDFobject=\count303
\everyMPtoPDFconversion=\toks30
) (C:\Installs 1\MikTex\tex/latex/epstopdf-pkg\epstopdf-base.sty
Package: epstopdf-base 2020-01-24 v2.11 Base part for package epstopdf
Package epstopdf-base Info: Redefining graphics rule for `.eps' on input line 4
85.

(C:\Installs 1\MikTex\tex/latex/00miktex\epstopdf-sys.cfg
File: epstopdf-sys.cfg 2021/03/18 v2.0 Configuration of epstopdf for MiKTeX
))
Package hyperref Info: Link coloring ON on input line 145.
 (WCCT_v4.out)
(WCCT_v4.out)
\@outlinefile=\write4
\openout4 = `WCCT_v4.out'.

Package caption Info: Begin \AtBeginDocument code.
Package caption Info: End \AtBeginDocument code.
Class revtex4-2 Info: Taking \maketitle back from hyperref on input line 145.
\openout3 = `WCCT_v4Notes.bib'.

LaTeX Font Info:    Trying to load font information for U+msa on input line 168
.
 (C:\Installs 1\MikTex\tex/latex/amsfonts\umsa.fd
File: umsa.fd 2013/01/14 v3.01 AMS symbols A
)
LaTeX Font Info:    Trying to load font information for U+msb on input line 168
.

(C:\Installs 1\MikTex\tex/latex/amsfonts\umsb.fd
File: umsb.fd 2013/01/14 v3.01 AMS symbols B
)
<Experimental_Setup.png, id=47, 554.82281pt x 271.0125pt>
File: Experimental_Setup.png Graphic file (type png)
<use Experimental_Setup.png>
Package pdftex.def Info: Experimental_Setup.png  used on input line 179.
(pdftex.def)             Requested size: 172.19925pt x 84.11224pt.
<Fig_WaveFunction_Potential_NegEps_v1.pdf, id=49, 505.89pt x 289.08pt>
File: Fig_WaveFunction_Potential_NegEps_v1.pdf Graphic file (type pdf)
<use Fig_WaveFunction_Potential_NegEps_v1.pdf>
Package pdftex.def Info: Fig_WaveFunction_Potential_NegEps_v1.pdf  used on inpu
t line 181.
(pdftex.def)             Requested size: 120.54135pt x 68.87776pt.
<Fig_WaveFunction_Potential_PosEps.pdf, id=50, 505.89pt x 289.08pt>
File: Fig_WaveFunction_Potential_PosEps.pdf Graphic file (type pdf)
<use Fig_WaveFunction_Potential_PosEps.pdf>
Package pdftex.def Info: Fig_WaveFunction_Potential_PosEps.pdf  used on input l
ine 182.
(pdftex.def)             Requested size: 120.54135pt x 68.87776pt.
<Fig_3Particle_Trajectory.pdf, id=51, 578.16pt x 433.62pt>
File: Fig_3Particle_Trajectory.pdf Graphic file (type pdf)
<use Fig_3Particle_Trajectory.pdf>
Package pdftex.def Info: Fig_3Particle_Trajectory.pdf  used on input line 194.
(pdftex.def)             Requested size: 120.54135pt x 90.40123pt.
<SupMatFig_Freqs.pdf, id=52, 578.16pt x 433.62pt>
File: SupMatFig_Freqs.pdf Graphic file (type pdf)
<use SupMatFig_Freqs.pdf>
Package pdftex.def Info: SupMatFig_Freqs.pdf  used on input line 195.
(pdftex.def)             Requested size: 120.54135pt x 90.40123pt.


LaTeX Warning: `!h' float specifier changed to `!ht'.

<Fig_spectral_gap_exp_fitted_lin.pdf, id=53, 578.16pt x 289.08pt>
File: Fig_spectral_gap_exp_fitted_lin.pdf Graphic file (type pdf)
<use Fig_spectral_gap_exp_fitted_lin.pdf>
Package pdftex.def Info: Fig_spectral_gap_exp_fitted_lin.pdf  used on input lin
e 205.
(pdftex.def)             Requested size: 246.0pt x 122.9963pt.
<Fig_perpfactors.pdf, id=54, 578.16pt x 289.08pt>
File: Fig_perpfactors.pdf Graphic file (type pdf)
<use Fig_perpfactors.pdf>
Package pdftex.def Info: Fig_perpfactors.pdf  used on input line 206.
(pdftex.def)             Requested size: 246.0pt x 122.9963pt.
<Fig_spectral_gap_exp_fitted_log.pdf, id=55, 578.16pt x 289.08pt>
File: Fig_spectral_gap_exp_fitted_log.pdf Graphic file (type pdf)
<use Fig_spectral_gap_exp_fitted_log.pdf>
Package pdftex.def Info: Fig_spectral_gap_exp_fitted_log.pdf  used on input lin
e 207.
(pdftex.def)             Requested size: 246.0pt x 122.9963pt.
<Fig_spectral_gap_exp_log_lin_shahal_scaling_log.pdf, id=56, 578.16pt x 289.08p
t>
File: Fig_spectral_gap_exp_log_lin_shahal_scaling_log.pdf Graphic file (type pd
f)
<use Fig_spectral_gap_exp_log_lin_shahal_scaling_log.pdf>
Package pdftex.def Info: Fig_spectral_gap_exp_log_lin_shahal_scaling_log.pdf  u
sed on input line 208.
(pdftex.def)             Requested size: 246.0pt x 122.9963pt.

Class revtex4-2 Warning: Float cannot be placed.

[1{C:/Users/szomb/AppData/Local/MiKTeX/fonts/map/pdftex/pdftex.map} <./Experime
ntal_Setup.png> <./Fig_WaveFunction_Potential_NegEps_v1.pdf> <./Fig_WaveFunctio
n_Potential_PosEps.pdf> <./Fig_3Particle_Trajectory.pdf> <./SupMatFig_Freqs.pdf
>]

LaTeX Warning: A float is stuck (cannot be placed); try class option [floatfix]
 on input line 254.

<Fig_Polarization_2D.pdf, id=105, 505.89pt x 433.62pt>
File: Fig_Polarization_2D.pdf Graphic file (type pdf)
<use Fig_Polarization_2D.pdf>
Package pdftex.def Info: Fig_Polarization_2D.pdf  used on input line 281.
(pdftex.def)             Requested size: 246.0pt x 210.86124pt.
<Fig_Polarization_3D_theor.pdf, id=106, 505.89pt x 433.62pt>
File: Fig_Polarization_3D_theor.pdf Graphic file (type pdf)
<use Fig_Polarization_3D_theor.pdf>
Package pdftex.def Info: Fig_Polarization_3D_theor.pdf  used on input line 282.

(pdftex.def)             Requested size: 246.0pt x 210.86124pt.

LaTeX Warning: `!h' float specifier changed to `!ht'.

<SupMatFig_EffectivePotential.pdf, id=107, 578.16pt x 433.62pt>
File: SupMatFig_EffectivePotential.pdf Graphic file (type pdf)
<use SupMatFig_EffectivePotential.pdf>
Package pdftex.def Info: SupMatFig_EffectivePotential.pdf  used on input line 3
15.
(pdftex.def)             Requested size: 221.3985pt x 166.04767pt.

LaTeX Warning: `!h' float specifier changed to `!ht'.

<SupMatFig_DensitySeries.pdf, id=108, 1084.05pt x 794.97pt>
File: SupMatFig_DensitySeries.pdf Graphic file (type pdf)
<use SupMatFig_DensitySeries.pdf>
Package pdftex.def Info: SupMatFig_DensitySeries.pdf  used on input line 324.
(pdftex.def)             Requested size: 492.0pt x 360.80215pt.

Overfull \hbox (246.0pt too wide) in paragraph at lines 324--325
 [] 
 []


LaTeX Warning: `!h' float specifier changed to `!ht'.

No file WCCT_v4.bbl.
[2] [3 <./Fig_spectral_gap_exp_fitted_lin.pdf> <./Fig_perpfactors.pdf> <./Fig_s
pectral_gap_exp_fitted_log.pdf> <./Fig_spectral_gap_exp_log_lin_shahal_scaling_
log.pdf>] [4 <./Fig_Polarization_2D.pdf> <./Fig_Polarization_3D_theor.pdf>]
[5 <./SupMatFig_EffectivePotential.pdf> <./SupMatFig_DensitySeries.pdf>]
(WCCT_v4.aux)

LaTeX Warning: There were multiply-defined labels.

Package rerunfilecheck Info: File `WCCT_v4.out' has not changed.
(rerunfilecheck)             Checksum: 6B74050F581327660A89639A9A71D4E8;1723.
 ) 
Here is how much of TeX's memory you used:
 13481 strings out of 476375
 212221 string characters out of 5800197
 1881299 words of memory out of 5000000
 33670 multiletter control sequences out of 15000+600000
 518787 words of font info for 58 fonts, out of 8000000 for 9000
 1141 hyphenation exceptions out of 8191
 75i,11n,77p,899b,561s stack positions out of 10000i,1000n,20000p,200000b,200000s
 <C:\Users\szomb\AppData\Local\MiKTeX\fonts/pk/ljfour/jknappen/ec/dpi600\tcrm
1000.pk><C:/Installs 1/MikTex/fonts/type1/public/amsfonts/cm/cmbx12.pfb><C:/Ins
talls 1/MikTex/fonts/type1/public/amsfonts/cm/cmbx9.pfb><C:/Installs 1/MikTex/f
onts/type1/public/amsfonts/cm/cmex10.pfb><C:/Installs 1/MikTex/fonts/type1/publ
ic/amsfonts/cm/cmmi10.pfb><C:/Installs 1/MikTex/fonts/type1/public/amsfonts/cm/
cmmi7.pfb><C:/Installs 1/MikTex/fonts/type1/public/amsfonts/cm/cmr10.pfb><C:/In
stalls 1/MikTex/fonts/type1/public/amsfonts/cm/cmr6.pfb><C:/Installs 1/MikTex/f
onts/type1/public/amsfonts/cm/cmr7.pfb><C:/Installs 1/MikTex/fonts/type1/public
/amsfonts/cm/cmr9.pfb><C:/Installs 1/MikTex/fonts/type1/public/amsfonts/cm/cmsy
10.pfb><C:/Installs 1/MikTex/fonts/type1/public/amsfonts/cm/cmsy7.pfb><C:/Insta
lls 1/MikTex/fonts/type1/public/amsfonts/cm/cmti9.pfb><C:/Installs 1/MikTex/fon
ts/type1/public/amsfonts/symbols/msbm10.pfb>
Output written on WCCT_v4.pdf (5 pages, 7048994 bytes).
PDF statistics:
 1547 PDF objects out of 1728 (max. 8388607)
 32 named destinations out of 1000 (max. 500000)
 154 words of extra memory for PDF output out of 10000 (max. 10000000)

